[2024-05-08T20:29:54.707+0000] {taskinstance.py:1165} INFO - Dependencies all met for <TaskInstance: user_processing.transform_users scheduled__2024-05-07T00:00:00+00:00 [queued]>
[2024-05-08T20:29:54.736+0000] {taskinstance.py:1165} INFO - Dependencies all met for <TaskInstance: user_processing.transform_users scheduled__2024-05-07T00:00:00+00:00 [queued]>
[2024-05-08T20:29:54.739+0000] {taskinstance.py:1362} INFO - 
--------------------------------------------------------------------------------
[2024-05-08T20:29:54.740+0000] {taskinstance.py:1363} INFO - Starting attempt 1 of 1
[2024-05-08T20:29:54.751+0000] {taskinstance.py:1364} INFO - 
--------------------------------------------------------------------------------
[2024-05-08T20:29:54.782+0000] {taskinstance.py:1383} INFO - Executing <Task(PythonOperator): transform_users> on 2024-05-07 00:00:00+00:00
[2024-05-08T20:29:54.797+0000] {standard_task_runner.py:55} INFO - Started process 121 to run task
[2024-05-08T20:29:54.804+0000] {standard_task_runner.py:82} INFO - Running: ['***', 'tasks', 'run', 'user_processing', 'transform_users', 'scheduled__2024-05-07T00:00:00+00:00', '--job-id', '111', '--raw', '--subdir', 'DAGS_FOLDER/user_processing.py', '--cfg-path', '/tmp/tmpm_80_six']
[2024-05-08T20:29:54.808+0000] {standard_task_runner.py:83} INFO - Job 111: Subtask transform_users
[2024-05-08T20:29:54.941+0000] {task_command.py:376} INFO - Running <TaskInstance: user_processing.transform_users scheduled__2024-05-07T00:00:00+00:00 [running]> on host 639acdafcb82
[2024-05-08T20:29:55.082+0000] {taskinstance.py:1592} INFO - Exporting the following env vars:
AIRFLOW_CTX_DAG_OWNER=***
AIRFLOW_CTX_DAG_ID=user_processing
AIRFLOW_CTX_TASK_ID=transform_users
AIRFLOW_CTX_EXECUTION_DATE=2024-05-07T00:00:00+00:00
AIRFLOW_CTX_TRY_NUMBER=1
AIRFLOW_CTX_DAG_RUN_ID=scheduled__2024-05-07T00:00:00+00:00
[2024-05-08T20:29:55.109+0000] {base.py:71} INFO - Using connection ID 'postgres' for task execution.
[2024-05-08T20:29:55.156+0000] {python.py:177} INFO - Done. Returned value was: None
[2024-05-08T20:29:55.180+0000] {taskinstance.py:1406} INFO - Marking task as SUCCESS. dag_id=user_processing, task_id=transform_users, execution_date=20240507T000000, start_date=20240508T202954, end_date=20240508T202955
[2024-05-08T20:29:55.232+0000] {local_task_job.py:164} INFO - Task exited with return code 0
[2024-05-08T20:29:55.267+0000] {local_task_job.py:273} INFO - 0 downstream tasks scheduled from follow-on schedule check
