[2024-05-03T00:00:10.987+0000] {taskinstance.py:1165} INFO - Dependencies all met for <TaskInstance: user_processing.transform_users scheduled__2024-05-02T00:00:00+00:00 [queued]>
[2024-05-03T00:00:10.997+0000] {taskinstance.py:1165} INFO - Dependencies all met for <TaskInstance: user_processing.transform_users scheduled__2024-05-02T00:00:00+00:00 [queued]>
[2024-05-03T00:00:10.998+0000] {taskinstance.py:1362} INFO - 
--------------------------------------------------------------------------------
[2024-05-03T00:00:10.998+0000] {taskinstance.py:1363} INFO - Starting attempt 1 of 1
[2024-05-03T00:00:10.999+0000] {taskinstance.py:1364} INFO - 
--------------------------------------------------------------------------------
[2024-05-03T00:00:11.012+0000] {taskinstance.py:1383} INFO - Executing <Task(PythonOperator): transform_users> on 2024-05-02 00:00:00+00:00
[2024-05-03T00:00:11.019+0000] {standard_task_runner.py:55} INFO - Started process 4083 to run task
[2024-05-03T00:00:11.022+0000] {standard_task_runner.py:82} INFO - Running: ['***', 'tasks', 'run', 'user_processing', 'transform_users', 'scheduled__2024-05-02T00:00:00+00:00', '--job-id', '60', '--raw', '--subdir', 'DAGS_FOLDER/user_processing.py', '--cfg-path', '/tmp/tmpne7qd3yg']
[2024-05-03T00:00:11.025+0000] {standard_task_runner.py:83} INFO - Job 60: Subtask transform_users
[2024-05-03T00:00:11.094+0000] {task_command.py:376} INFO - Running <TaskInstance: user_processing.transform_users scheduled__2024-05-02T00:00:00+00:00 [running]> on host c3fc1e142c14
[2024-05-03T00:00:11.141+0000] {taskinstance.py:1592} INFO - Exporting the following env vars:
AIRFLOW_CTX_DAG_OWNER=***
AIRFLOW_CTX_DAG_ID=user_processing
AIRFLOW_CTX_TASK_ID=transform_users
AIRFLOW_CTX_EXECUTION_DATE=2024-05-02T00:00:00+00:00
AIRFLOW_CTX_TRY_NUMBER=1
AIRFLOW_CTX_DAG_RUN_ID=scheduled__2024-05-02T00:00:00+00:00
[2024-05-03T00:00:11.150+0000] {base.py:71} INFO - Using connection ID 'postgres' for task execution.
[2024-05-03T00:00:11.157+0000] {python.py:177} INFO - Done. Returned value was: None
[2024-05-03T00:00:11.166+0000] {taskinstance.py:1406} INFO - Marking task as SUCCESS. dag_id=user_processing, task_id=transform_users, execution_date=20240502T000000, start_date=20240503T000010, end_date=20240503T000011
[2024-05-03T00:00:11.195+0000] {local_task_job.py:164} INFO - Task exited with return code 0
[2024-05-03T00:00:11.210+0000] {local_task_job.py:273} INFO - 0 downstream tasks scheduled from follow-on schedule check
