[2024-05-02T00:00:08.166+0000] {taskinstance.py:1165} INFO - Dependencies all met for <TaskInstance: user_processing.process_user scheduled__2024-05-01T00:00:00+00:00 [queued]>
[2024-05-02T00:00:08.173+0000] {taskinstance.py:1165} INFO - Dependencies all met for <TaskInstance: user_processing.process_user scheduled__2024-05-01T00:00:00+00:00 [queued]>
[2024-05-02T00:00:08.174+0000] {taskinstance.py:1362} INFO - 
--------------------------------------------------------------------------------
[2024-05-02T00:00:08.174+0000] {taskinstance.py:1363} INFO - Starting attempt 1 of 1
[2024-05-02T00:00:08.175+0000] {taskinstance.py:1364} INFO - 
--------------------------------------------------------------------------------
[2024-05-02T00:00:08.182+0000] {taskinstance.py:1383} INFO - Executing <Task(PythonOperator): process_user> on 2024-05-01 00:00:00+00:00
[2024-05-02T00:00:08.190+0000] {standard_task_runner.py:55} INFO - Started process 7266 to run task
[2024-05-02T00:00:08.194+0000] {standard_task_runner.py:82} INFO - Running: ['***', 'tasks', 'run', 'user_processing', 'process_user', 'scheduled__2024-05-01T00:00:00+00:00', '--job-id', '47', '--raw', '--subdir', 'DAGS_FOLDER/user_processing.py', '--cfg-path', '/tmp/tmpam_3ag9f']
[2024-05-02T00:00:08.196+0000] {standard_task_runner.py:83} INFO - Job 47: Subtask process_user
[2024-05-02T00:00:08.263+0000] {task_command.py:376} INFO - Running <TaskInstance: user_processing.process_user scheduled__2024-05-01T00:00:00+00:00 [running]> on host afb728eaa59a
[2024-05-02T00:00:08.335+0000] {taskinstance.py:1592} INFO - Exporting the following env vars:
AIRFLOW_CTX_DAG_OWNER=***
AIRFLOW_CTX_DAG_ID=user_processing
AIRFLOW_CTX_TASK_ID=process_user
AIRFLOW_CTX_EXECUTION_DATE=2024-05-01T00:00:00+00:00
AIRFLOW_CTX_TRY_NUMBER=1
AIRFLOW_CTX_DAG_RUN_ID=scheduled__2024-05-01T00:00:00+00:00
[2024-05-02T00:00:08.371+0000] {python.py:177} INFO - Done. Returned value was: None
[2024-05-02T00:00:08.382+0000] {taskinstance.py:1406} INFO - Marking task as SUCCESS. dag_id=user_processing, task_id=process_user, execution_date=20240501T000000, start_date=20240502T000008, end_date=20240502T000008
[2024-05-02T00:00:08.448+0000] {local_task_job.py:164} INFO - Task exited with return code 0
[2024-05-02T00:00:08.472+0000] {local_task_job.py:273} INFO - 1 downstream tasks scheduled from follow-on schedule check
