[2024-05-03T22:44:46.747+0000] {taskinstance.py:1165} INFO - Dependencies all met for <TaskInstance: covid_analytics_dag.extract_data manual__2024-05-03T22:44:41.245571+00:00 [queued]>
[2024-05-03T22:44:46.764+0000] {taskinstance.py:1165} INFO - Dependencies all met for <TaskInstance: covid_analytics_dag.extract_data manual__2024-05-03T22:44:41.245571+00:00 [queued]>
[2024-05-03T22:44:46.766+0000] {taskinstance.py:1362} INFO - 
--------------------------------------------------------------------------------
[2024-05-03T22:44:46.767+0000] {taskinstance.py:1363} INFO - Starting attempt 1 of 2
[2024-05-03T22:44:46.774+0000] {taskinstance.py:1364} INFO - 
--------------------------------------------------------------------------------
[2024-05-03T22:44:46.798+0000] {taskinstance.py:1383} INFO - Executing <Task(PythonOperator): extract_data> on 2024-05-03 22:44:41.245571+00:00
[2024-05-03T22:44:46.808+0000] {standard_task_runner.py:55} INFO - Started process 1854 to run task
[2024-05-03T22:44:46.821+0000] {standard_task_runner.py:82} INFO - Running: ['***', 'tasks', 'run', 'covid_analytics_dag', 'extract_data', 'manual__2024-05-03T22:44:41.245571+00:00', '--job-id', '70', '--raw', '--subdir', 'DAGS_FOLDER/covid_analytics.py', '--cfg-path', '/tmp/tmpe53pgdoj']
[2024-05-03T22:44:46.828+0000] {standard_task_runner.py:83} INFO - Job 70: Subtask extract_data
[2024-05-03T22:44:46.970+0000] {task_command.py:376} INFO - Running <TaskInstance: covid_analytics_dag.extract_data manual__2024-05-03T22:44:41.245571+00:00 [running]> on host 2cb8e808f114
[2024-05-03T22:44:47.151+0000] {taskinstance.py:1592} INFO - Exporting the following env vars:
AIRFLOW_CTX_DAG_OWNER=Diego Munera
AIRFLOW_CTX_DAG_ID=covid_analytics_dag
AIRFLOW_CTX_TASK_ID=extract_data
AIRFLOW_CTX_EXECUTION_DATE=2024-05-03T22:44:41.245571+00:00
AIRFLOW_CTX_TRY_NUMBER=1
AIRFLOW_CTX_DAG_RUN_ID=manual__2024-05-03T22:44:41.245571+00:00
[2024-05-03T22:44:47.166+0000] {credentials.py:1180} INFO - Found credentials in environment variables.
[2024-05-03T22:44:55.018+0000] {logging_mixin.py:120} INFO - {'ResponseMetadata': {'RequestId': '035d3cbb-88c7-4fbc-b3a9-98db562ad21a', 'HTTPStatusCode': 200, 'HTTPHeaders': {'date': 'Fri, 03 May 2024 22:44:54 GMT', 'content-type': 'application/json', 'content-length': '114', 'connection': 'keep-alive', 'x-amzn-requestid': '035d3cbb-88c7-4fbc-b3a9-98db562ad21a', 'x-amzn-remapped-content-length': '0', 'x-amz-executed-version': '$LATEST', 'x-amzn-trace-id': 'root=1-663568df-5aaa219a5a36f70f53702615;parent=2defe29996ea5bf5;sampled=0;lineage=0b9b4e04:0'}, 'RetryAttempts': 0}, 'StatusCode': 200, 'ExecutedVersion': '$LATEST', 'Payload': <botocore.response.StreamingBody object at 0xffff886e2910>} ESTE ES EL RESPONSE++++++++++
[2024-05-03T22:44:55.042+0000] {python.py:177} INFO - Done. Returned value was: None
[2024-05-03T22:44:55.090+0000] {taskinstance.py:1406} INFO - Marking task as SUCCESS. dag_id=covid_analytics_dag, task_id=extract_data, execution_date=20240503T224441, start_date=20240503T224446, end_date=20240503T224455
[2024-05-03T22:44:55.190+0000] {local_task_job.py:164} INFO - Task exited with return code 0
[2024-05-03T22:44:55.221+0000] {local_task_job.py:273} INFO - 0 downstream tasks scheduled from follow-on schedule check
