[2024-05-13T23:29:36.168+0000] {taskinstance.py:1165} INFO - Dependencies all met for <TaskInstance: covid_analytics_dag.extract_data scheduled__2024-05-12T23:29:33.108383+00:00 [queued]>
[2024-05-13T23:29:36.196+0000] {taskinstance.py:1165} INFO - Dependencies all met for <TaskInstance: covid_analytics_dag.extract_data scheduled__2024-05-12T23:29:33.108383+00:00 [queued]>
[2024-05-13T23:29:36.197+0000] {taskinstance.py:1362} INFO - 
--------------------------------------------------------------------------------
[2024-05-13T23:29:36.198+0000] {taskinstance.py:1363} INFO - Starting attempt 1 of 2
[2024-05-13T23:29:36.199+0000] {taskinstance.py:1364} INFO - 
--------------------------------------------------------------------------------
[2024-05-13T23:29:36.216+0000] {taskinstance.py:1383} INFO - Executing <Task(PythonOperator): extract_data> on 2024-05-12 23:29:33.108383+00:00
[2024-05-13T23:29:36.243+0000] {standard_task_runner.py:55} INFO - Started process 87 to run task
[2024-05-13T23:29:36.267+0000] {standard_task_runner.py:82} INFO - Running: ['***', 'tasks', 'run', 'covid_analytics_dag', 'extract_data', 'scheduled__2024-05-12T23:29:33.108383+00:00', '--job-id', '122', '--raw', '--subdir', 'DAGS_FOLDER/covid_analytics.py', '--cfg-path', '/tmp/tmp7vwhrk3c']
[2024-05-13T23:29:36.269+0000] {standard_task_runner.py:83} INFO - Job 122: Subtask extract_data
[2024-05-13T23:29:36.395+0000] {task_command.py:376} INFO - Running <TaskInstance: covid_analytics_dag.extract_data scheduled__2024-05-12T23:29:33.108383+00:00 [running]> on host 639acdafcb82
[2024-05-13T23:29:36.494+0000] {taskinstance.py:1592} INFO - Exporting the following env vars:
AIRFLOW_CTX_DAG_OWNER=Diego Munera
AIRFLOW_CTX_DAG_ID=covid_analytics_dag
AIRFLOW_CTX_TASK_ID=extract_data
AIRFLOW_CTX_EXECUTION_DATE=2024-05-12T23:29:33.108383+00:00
AIRFLOW_CTX_TRY_NUMBER=1
AIRFLOW_CTX_DAG_RUN_ID=scheduled__2024-05-12T23:29:33.108383+00:00
[2024-05-13T23:29:36.527+0000] {credentials.py:1180} INFO - Found credentials in environment variables.
[2024-05-13T23:29:38.803+0000] {python.py:177} INFO - Done. Returned value was: None
[2024-05-13T23:29:38.851+0000] {taskinstance.py:1406} INFO - Marking task as SUCCESS. dag_id=covid_analytics_dag, task_id=extract_data, execution_date=20240512T232933, start_date=20240513T232936, end_date=20240513T232938
[2024-05-13T23:29:39.029+0000] {local_task_job.py:164} INFO - Task exited with return code 0
[2024-05-13T23:29:39.221+0000] {local_task_job.py:273} INFO - 1 downstream tasks scheduled from follow-on schedule check
