[2024-04-30T17:08:47.046+0000] {taskinstance.py:1165} INFO - Dependencies all met for <TaskInstance: user_processing.store_user manual__2024-04-30T17:08:40.688376+00:00 [queued]>
[2024-04-30T17:08:47.051+0000] {taskinstance.py:1165} INFO - Dependencies all met for <TaskInstance: user_processing.store_user manual__2024-04-30T17:08:40.688376+00:00 [queued]>
[2024-04-30T17:08:47.052+0000] {taskinstance.py:1362} INFO - 
--------------------------------------------------------------------------------
[2024-04-30T17:08:47.052+0000] {taskinstance.py:1363} INFO - Starting attempt 1 of 1
[2024-04-30T17:08:47.052+0000] {taskinstance.py:1364} INFO - 
--------------------------------------------------------------------------------
[2024-04-30T17:08:47.059+0000] {taskinstance.py:1383} INFO - Executing <Task(PythonOperator): store_user> on 2024-04-30 17:08:40.688376+00:00
[2024-04-30T17:08:47.064+0000] {standard_task_runner.py:55} INFO - Started process 1328 to run task
[2024-04-30T17:08:47.067+0000] {standard_task_runner.py:82} INFO - Running: ['***', 'tasks', 'run', 'user_processing', 'store_user', 'manual__2024-04-30T17:08:40.688376+00:00', '--job-id', '24', '--raw', '--subdir', 'DAGS_FOLDER/user_processing.py', '--cfg-path', '/tmp/tmpivwicmrg']
[2024-04-30T17:08:47.069+0000] {standard_task_runner.py:83} INFO - Job 24: Subtask store_user
[2024-04-30T17:08:47.118+0000] {task_command.py:376} INFO - Running <TaskInstance: user_processing.store_user manual__2024-04-30T17:08:40.688376+00:00 [running]> on host ec0cac6d8211
[2024-04-30T17:08:47.162+0000] {taskinstance.py:1592} INFO - Exporting the following env vars:
AIRFLOW_CTX_DAG_OWNER=***
AIRFLOW_CTX_DAG_ID=user_processing
AIRFLOW_CTX_TASK_ID=store_user
AIRFLOW_CTX_EXECUTION_DATE=2024-04-30T17:08:40.688376+00:00
AIRFLOW_CTX_TRY_NUMBER=1
AIRFLOW_CTX_DAG_RUN_ID=manual__2024-04-30T17:08:40.688376+00:00
[2024-04-30T17:08:47.163+0000] {postgres.py:129} INFO - Running copy expert: COPY users FROM stdin WITH DELIMITER as ',', filename: /tmp/processed_user.csv
[2024-04-30T17:08:47.171+0000] {base.py:71} INFO - Using connection ID 'postgres' for task execution.
[2024-04-30T17:08:47.178+0000] {python.py:177} INFO - Done. Returned value was: None
[2024-04-30T17:08:47.186+0000] {taskinstance.py:1406} INFO - Marking task as SUCCESS. dag_id=user_processing, task_id=store_user, execution_date=20240430T170840, start_date=20240430T170847, end_date=20240430T170847
[2024-04-30T17:08:47.242+0000] {local_task_job.py:164} INFO - Task exited with return code 0
[2024-04-30T17:08:47.260+0000] {local_task_job.py:273} INFO - 1 downstream tasks scheduled from follow-on schedule check
