[2024-05-02T00:00:11.037+0000] {taskinstance.py:1165} INFO - Dependencies all met for <TaskInstance: user_processing.transform_users scheduled__2024-05-01T00:00:00+00:00 [queued]>
[2024-05-02T00:00:11.044+0000] {taskinstance.py:1165} INFO - Dependencies all met for <TaskInstance: user_processing.transform_users scheduled__2024-05-01T00:00:00+00:00 [queued]>
[2024-05-02T00:00:11.045+0000] {taskinstance.py:1362} INFO - 
--------------------------------------------------------------------------------
[2024-05-02T00:00:11.045+0000] {taskinstance.py:1363} INFO - Starting attempt 1 of 1
[2024-05-02T00:00:11.046+0000] {taskinstance.py:1364} INFO - 
--------------------------------------------------------------------------------
[2024-05-02T00:00:11.054+0000] {taskinstance.py:1383} INFO - Executing <Task(PythonOperator): transform_users> on 2024-05-01 00:00:00+00:00
[2024-05-02T00:00:11.062+0000] {standard_task_runner.py:55} INFO - Started process 7272 to run task
[2024-05-02T00:00:11.066+0000] {standard_task_runner.py:82} INFO - Running: ['***', 'tasks', 'run', 'user_processing', 'transform_users', 'scheduled__2024-05-01T00:00:00+00:00', '--job-id', '49', '--raw', '--subdir', 'DAGS_FOLDER/user_processing.py', '--cfg-path', '/tmp/tmp6565ef55']
[2024-05-02T00:00:11.070+0000] {standard_task_runner.py:83} INFO - Job 49: Subtask transform_users
[2024-05-02T00:00:11.156+0000] {task_command.py:376} INFO - Running <TaskInstance: user_processing.transform_users scheduled__2024-05-01T00:00:00+00:00 [running]> on host afb728eaa59a
[2024-05-02T00:00:11.206+0000] {taskinstance.py:1592} INFO - Exporting the following env vars:
AIRFLOW_CTX_DAG_OWNER=***
AIRFLOW_CTX_DAG_ID=user_processing
AIRFLOW_CTX_TASK_ID=transform_users
AIRFLOW_CTX_EXECUTION_DATE=2024-05-01T00:00:00+00:00
AIRFLOW_CTX_TRY_NUMBER=1
AIRFLOW_CTX_DAG_RUN_ID=scheduled__2024-05-01T00:00:00+00:00
[2024-05-02T00:00:11.216+0000] {base.py:71} INFO - Using connection ID 'postgres' for task execution.
[2024-05-02T00:00:11.224+0000] {python.py:177} INFO - Done. Returned value was: None
[2024-05-02T00:00:11.232+0000] {taskinstance.py:1406} INFO - Marking task as SUCCESS. dag_id=user_processing, task_id=transform_users, execution_date=20240501T000000, start_date=20240502T000011, end_date=20240502T000011
[2024-05-02T00:00:11.283+0000] {local_task_job.py:164} INFO - Task exited with return code 0
[2024-05-02T00:00:11.304+0000] {local_task_job.py:273} INFO - 0 downstream tasks scheduled from follow-on schedule check
