[2024-04-30T16:53:46.157+0000] {taskinstance.py:1165} INFO - Dependencies all met for <TaskInstance: user_processing.create_table scheduled__2024-04-29T00:00:00+00:00 [queued]>
[2024-04-30T16:53:46.166+0000] {taskinstance.py:1165} INFO - Dependencies all met for <TaskInstance: user_processing.create_table scheduled__2024-04-29T00:00:00+00:00 [queued]>
[2024-04-30T16:53:46.167+0000] {taskinstance.py:1362} INFO - 
--------------------------------------------------------------------------------
[2024-04-30T16:53:46.167+0000] {taskinstance.py:1363} INFO - Starting attempt 1 of 1
[2024-04-30T16:53:46.167+0000] {taskinstance.py:1364} INFO - 
--------------------------------------------------------------------------------
[2024-04-30T16:53:46.176+0000] {taskinstance.py:1383} INFO - Executing <Task(PostgresOperator): create_table> on 2024-04-29 00:00:00+00:00
[2024-04-30T16:53:46.185+0000] {standard_task_runner.py:55} INFO - Started process 598 to run task
[2024-04-30T16:53:46.206+0000] {standard_task_runner.py:82} INFO - Running: ['***', 'tasks', 'run', 'user_processing', 'create_table', 'scheduled__2024-04-29T00:00:00+00:00', '--job-id', '5', '--raw', '--subdir', 'DAGS_FOLDER/user_processing.py', '--cfg-path', '/tmp/tmp78n4h0rg']
[2024-04-30T16:53:46.213+0000] {standard_task_runner.py:83} INFO - Job 5: Subtask create_table
[2024-04-30T16:53:46.349+0000] {task_command.py:376} INFO - Running <TaskInstance: user_processing.create_table scheduled__2024-04-29T00:00:00+00:00 [running]> on host ec0cac6d8211
[2024-04-30T16:53:46.508+0000] {taskinstance.py:1592} INFO - Exporting the following env vars:
AIRFLOW_CTX_DAG_OWNER=***
AIRFLOW_CTX_DAG_ID=user_processing
AIRFLOW_CTX_TASK_ID=create_table
AIRFLOW_CTX_EXECUTION_DATE=2024-04-29T00:00:00+00:00
AIRFLOW_CTX_TRY_NUMBER=1
AIRFLOW_CTX_DAG_RUN_ID=scheduled__2024-04-29T00:00:00+00:00
[2024-04-30T16:53:46.520+0000] {base.py:71} INFO - Using connection ID 'postgres' for task execution.
[2024-04-30T16:53:46.526+0000] {sql.py:315} INFO - Running statement: 
            CREATE TABLE IF NOT EXISTS users (
                firstname TEXT NOT NULL,
                lastname TEXT NOT NULL,
                country TEXT NOT NULL,
                username TEXT NOT NULL,
                password TEXT NOT NULL,
                email TEXT NOT NULL
            );
        , parameters: None
[2024-04-30T16:53:46.557+0000] {taskinstance.py:1406} INFO - Marking task as SUCCESS. dag_id=user_processing, task_id=create_table, execution_date=20240429T000000, start_date=20240430T165346, end_date=20240430T165346
[2024-04-30T16:53:46.603+0000] {local_task_job.py:164} INFO - Task exited with return code 0
[2024-04-30T16:53:46.749+0000] {local_task_job.py:273} INFO - 1 downstream tasks scheduled from follow-on schedule check
