[2024-05-04T02:45:47.122+0000] {taskinstance.py:1165} INFO - Dependencies all met for <TaskInstance: user_processing.is_api_available scheduled__2024-05-03T00:00:00+00:00 [queued]>
[2024-05-04T02:45:47.143+0000] {taskinstance.py:1165} INFO - Dependencies all met for <TaskInstance: user_processing.is_api_available scheduled__2024-05-03T00:00:00+00:00 [queued]>
[2024-05-04T02:45:47.144+0000] {taskinstance.py:1362} INFO - 
--------------------------------------------------------------------------------
[2024-05-04T02:45:47.146+0000] {taskinstance.py:1363} INFO - Starting attempt 1 of 1
[2024-05-04T02:45:47.146+0000] {taskinstance.py:1364} INFO - 
--------------------------------------------------------------------------------
[2024-05-04T02:45:47.160+0000] {taskinstance.py:1383} INFO - Executing <Task(HttpSensor): is_api_available> on 2024-05-03 00:00:00+00:00
[2024-05-04T02:45:47.199+0000] {standard_task_runner.py:55} INFO - Started process 75 to run task
[2024-05-04T02:45:47.222+0000] {standard_task_runner.py:82} INFO - Running: ['***', 'tasks', 'run', 'user_processing', 'is_api_available', 'scheduled__2024-05-03T00:00:00+00:00', '--job-id', '85', '--raw', '--subdir', 'DAGS_FOLDER/user_processing.py', '--cfg-path', '/tmp/tmpcnakdczz']
[2024-05-04T02:45:47.236+0000] {standard_task_runner.py:83} INFO - Job 85: Subtask is_api_available
[2024-05-04T02:45:47.479+0000] {task_command.py:376} INFO - Running <TaskInstance: user_processing.is_api_available scheduled__2024-05-03T00:00:00+00:00 [running]> on host da20c7caeb7d
[2024-05-04T02:45:47.602+0000] {taskinstance.py:1592} INFO - Exporting the following env vars:
AIRFLOW_CTX_DAG_OWNER=***
AIRFLOW_CTX_DAG_ID=user_processing
AIRFLOW_CTX_TASK_ID=is_api_available
AIRFLOW_CTX_EXECUTION_DATE=2024-05-03T00:00:00+00:00
AIRFLOW_CTX_TRY_NUMBER=1
AIRFLOW_CTX_DAG_RUN_ID=scheduled__2024-05-03T00:00:00+00:00
[2024-05-04T02:45:47.605+0000] {http.py:120} INFO - Poking: api/
[2024-05-04T02:45:47.627+0000] {base.py:71} INFO - Using connection ID 'user_api' for task execution.
[2024-05-04T02:45:47.632+0000] {http.py:148} INFO - Sending 'GET' to url: https://randomuser.me/api/
[2024-05-04T02:45:48.178+0000] {base.py:213} INFO - Success criteria met. Exiting.
[2024-05-04T02:45:48.253+0000] {taskinstance.py:1406} INFO - Marking task as SUCCESS. dag_id=user_processing, task_id=is_api_available, execution_date=20240503T000000, start_date=20240504T024547, end_date=20240504T024548
[2024-05-04T02:45:48.355+0000] {local_task_job.py:164} INFO - Task exited with return code 0
[2024-05-04T02:45:48.424+0000] {local_task_job.py:273} INFO - 1 downstream tasks scheduled from follow-on schedule check
