[2024-05-03T00:00:04.617+0000] {taskinstance.py:1165} INFO - Dependencies all met for <TaskInstance: user_processing.is_api_available scheduled__2024-05-02T00:00:00+00:00 [queued]>
[2024-05-03T00:00:04.624+0000] {taskinstance.py:1165} INFO - Dependencies all met for <TaskInstance: user_processing.is_api_available scheduled__2024-05-02T00:00:00+00:00 [queued]>
[2024-05-03T00:00:04.625+0000] {taskinstance.py:1362} INFO - 
--------------------------------------------------------------------------------
[2024-05-03T00:00:04.625+0000] {taskinstance.py:1363} INFO - Starting attempt 1 of 1
[2024-05-03T00:00:04.626+0000] {taskinstance.py:1364} INFO - 
--------------------------------------------------------------------------------
[2024-05-03T00:00:04.633+0000] {taskinstance.py:1383} INFO - Executing <Task(HttpSensor): is_api_available> on 2024-05-02 00:00:00+00:00
[2024-05-03T00:00:04.641+0000] {standard_task_runner.py:55} INFO - Started process 4071 to run task
[2024-05-03T00:00:04.654+0000] {standard_task_runner.py:82} INFO - Running: ['***', 'tasks', 'run', 'user_processing', 'is_api_available', 'scheduled__2024-05-02T00:00:00+00:00', '--job-id', '56', '--raw', '--subdir', 'DAGS_FOLDER/user_processing.py', '--cfg-path', '/tmp/tmpqmmzeia0']
[2024-05-03T00:00:04.669+0000] {standard_task_runner.py:83} INFO - Job 56: Subtask is_api_available
[2024-05-03T00:00:04.750+0000] {task_command.py:376} INFO - Running <TaskInstance: user_processing.is_api_available scheduled__2024-05-02T00:00:00+00:00 [running]> on host c3fc1e142c14
[2024-05-03T00:00:04.814+0000] {taskinstance.py:1592} INFO - Exporting the following env vars:
AIRFLOW_CTX_DAG_OWNER=***
AIRFLOW_CTX_DAG_ID=user_processing
AIRFLOW_CTX_TASK_ID=is_api_available
AIRFLOW_CTX_EXECUTION_DATE=2024-05-02T00:00:00+00:00
AIRFLOW_CTX_TRY_NUMBER=1
AIRFLOW_CTX_DAG_RUN_ID=scheduled__2024-05-02T00:00:00+00:00
[2024-05-03T00:00:04.816+0000] {http.py:120} INFO - Poking: api/
[2024-05-03T00:00:04.831+0000] {base.py:71} INFO - Using connection ID 'user_api' for task execution.
[2024-05-03T00:00:04.837+0000] {http.py:148} INFO - Sending 'GET' to url: https://randomuser.me/api/
[2024-05-03T00:00:06.444+0000] {base.py:213} INFO - Success criteria met. Exiting.
[2024-05-03T00:00:06.467+0000] {taskinstance.py:1406} INFO - Marking task as SUCCESS. dag_id=user_processing, task_id=is_api_available, execution_date=20240502T000000, start_date=20240503T000004, end_date=20240503T000006
[2024-05-03T00:00:06.553+0000] {local_task_job.py:164} INFO - Task exited with return code 0
[2024-05-03T00:00:06.603+0000] {local_task_job.py:273} INFO - 1 downstream tasks scheduled from follow-on schedule check
