[2024-05-13T23:28:38.822+0000] {processor.py:154} INFO - Started process (PID=41) to work on /opt/airflow/dags/covid_analytics.py
[2024-05-13T23:28:38.828+0000] {processor.py:756} INFO - Processing file /opt/airflow/dags/covid_analytics.py for tasks to queue
[2024-05-13T23:28:38.829+0000] {logging_mixin.py:120} INFO - [2024-05-13T23:28:38.829+0000] {dagbag.py:537} INFO - Filling up the DagBag from /opt/airflow/dags/covid_analytics.py
[2024-05-13T23:28:39.181+0000] {processor.py:766} INFO - DAG(s) dict_keys(['covid_analytics_dag']) retrieved from /opt/airflow/dags/covid_analytics.py
[2024-05-13T23:28:39.351+0000] {logging_mixin.py:120} INFO - [2024-05-13T23:28:39.351+0000] {dag.py:2585} INFO - Sync 1 DAGs
[2024-05-13T23:28:39.462+0000] {logging_mixin.py:120} INFO - [2024-05-13T23:28:39.462+0000] {dag.py:3340} INFO - Setting next_dagrun for covid_analytics_dag to 2024-05-13T23:28:38.865211+00:00, run_after=2024-05-14T23:28:38.865211+00:00
[2024-05-13T23:28:39.529+0000] {processor.py:176} INFO - Processing /opt/airflow/dags/covid_analytics.py took 0.719 seconds
[2024-05-13T23:29:10.563+0000] {processor.py:154} INFO - Started process (PID=60) to work on /opt/airflow/dags/covid_analytics.py
[2024-05-13T23:29:10.586+0000] {processor.py:756} INFO - Processing file /opt/airflow/dags/covid_analytics.py for tasks to queue
[2024-05-13T23:29:10.598+0000] {logging_mixin.py:120} INFO - [2024-05-13T23:29:10.597+0000] {dagbag.py:537} INFO - Filling up the DagBag from /opt/airflow/dags/covid_analytics.py
[2024-05-13T23:29:11.696+0000] {processor.py:766} INFO - DAG(s) dict_keys(['covid_analytics_dag']) retrieved from /opt/airflow/dags/covid_analytics.py
[2024-05-13T23:29:12.233+0000] {logging_mixin.py:120} INFO - [2024-05-13T23:29:12.232+0000] {dag.py:2585} INFO - Sync 1 DAGs
[2024-05-13T23:29:12.675+0000] {logging_mixin.py:120} INFO - [2024-05-13T23:29:12.673+0000] {dag.py:3340} INFO - Setting next_dagrun for covid_analytics_dag to 2024-05-13T23:28:38.865211+00:00, run_after=2024-05-14T23:28:38.865211+00:00
[2024-05-13T23:29:12.898+0000] {processor.py:176} INFO - Processing /opt/airflow/dags/covid_analytics.py took 2.383 seconds
[2024-05-13T23:29:43.168+0000] {processor.py:154} INFO - Started process (PID=83) to work on /opt/airflow/dags/covid_analytics.py
[2024-05-13T23:29:43.173+0000] {processor.py:756} INFO - Processing file /opt/airflow/dags/covid_analytics.py for tasks to queue
[2024-05-13T23:29:43.178+0000] {logging_mixin.py:120} INFO - [2024-05-13T23:29:43.178+0000] {dagbag.py:537} INFO - Filling up the DagBag from /opt/airflow/dags/covid_analytics.py
[2024-05-13T23:29:43.645+0000] {processor.py:766} INFO - DAG(s) dict_keys(['covid_analytics_dag']) retrieved from /opt/airflow/dags/covid_analytics.py
[2024-05-13T23:29:44.440+0000] {logging_mixin.py:120} INFO - [2024-05-13T23:29:44.439+0000] {dag.py:2585} INFO - Sync 1 DAGs
[2024-05-13T23:29:44.750+0000] {logging_mixin.py:120} INFO - [2024-05-13T23:29:44.750+0000] {dag.py:3340} INFO - Setting next_dagrun for covid_analytics_dag to 2024-05-13T23:29:33.108383+00:00, run_after=2024-05-14T23:29:33.108383+00:00
[2024-05-13T23:29:44.952+0000] {processor.py:176} INFO - Processing /opt/airflow/dags/covid_analytics.py took 1.798 seconds
[2024-05-13T23:30:16.294+0000] {processor.py:154} INFO - Started process (PID=111) to work on /opt/airflow/dags/covid_analytics.py
[2024-05-13T23:30:16.299+0000] {processor.py:756} INFO - Processing file /opt/airflow/dags/covid_analytics.py for tasks to queue
[2024-05-13T23:30:16.369+0000] {logging_mixin.py:120} INFO - [2024-05-13T23:30:16.368+0000] {dagbag.py:537} INFO - Filling up the DagBag from /opt/airflow/dags/covid_analytics.py
[2024-05-13T23:30:18.417+0000] {processor.py:766} INFO - DAG(s) dict_keys(['covid_analytics_dag']) retrieved from /opt/airflow/dags/covid_analytics.py
[2024-05-13T23:30:18.919+0000] {logging_mixin.py:120} INFO - [2024-05-13T23:30:18.918+0000] {dag.py:2585} INFO - Sync 1 DAGs
[2024-05-13T23:30:19.060+0000] {logging_mixin.py:120} INFO - [2024-05-13T23:30:19.060+0000] {dag.py:3340} INFO - Setting next_dagrun for covid_analytics_dag to 2024-05-13T23:29:33.108383+00:00, run_after=2024-05-14T23:29:33.108383+00:00
[2024-05-13T23:30:19.090+0000] {processor.py:176} INFO - Processing /opt/airflow/dags/covid_analytics.py took 2.825 seconds
[2024-05-13T23:30:49.989+0000] {processor.py:154} INFO - Started process (PID=140) to work on /opt/airflow/dags/covid_analytics.py
[2024-05-13T23:30:50.001+0000] {processor.py:756} INFO - Processing file /opt/airflow/dags/covid_analytics.py for tasks to queue
[2024-05-13T23:30:50.013+0000] {logging_mixin.py:120} INFO - [2024-05-13T23:30:50.012+0000] {dagbag.py:537} INFO - Filling up the DagBag from /opt/airflow/dags/covid_analytics.py
[2024-05-13T23:30:53.842+0000] {processor.py:766} INFO - DAG(s) dict_keys(['covid_analytics_dag']) retrieved from /opt/airflow/dags/covid_analytics.py
[2024-05-13T23:30:55.418+0000] {logging_mixin.py:120} INFO - [2024-05-13T23:30:55.415+0000] {dag.py:2585} INFO - Sync 1 DAGs
[2024-05-13T23:30:55.858+0000] {logging_mixin.py:120} INFO - [2024-05-13T23:30:55.858+0000] {dag.py:3340} INFO - Setting next_dagrun for covid_analytics_dag to 2024-05-13T23:29:33.108383+00:00, run_after=2024-05-14T23:29:33.108383+00:00
[2024-05-13T23:30:55.989+0000] {processor.py:176} INFO - Processing /opt/airflow/dags/covid_analytics.py took 5.980 seconds
[2024-05-13T23:31:26.390+0000] {processor.py:154} INFO - Started process (PID=158) to work on /opt/airflow/dags/covid_analytics.py
[2024-05-13T23:31:26.405+0000] {processor.py:756} INFO - Processing file /opt/airflow/dags/covid_analytics.py for tasks to queue
[2024-05-13T23:31:26.422+0000] {logging_mixin.py:120} INFO - [2024-05-13T23:31:26.421+0000] {dagbag.py:537} INFO - Filling up the DagBag from /opt/airflow/dags/covid_analytics.py
[2024-05-13T23:31:27.228+0000] {processor.py:766} INFO - DAG(s) dict_keys(['covid_analytics_dag']) retrieved from /opt/airflow/dags/covid_analytics.py
[2024-05-13T23:31:27.555+0000] {logging_mixin.py:120} INFO - [2024-05-13T23:31:27.554+0000] {dag.py:2585} INFO - Sync 1 DAGs
[2024-05-13T23:31:27.679+0000] {logging_mixin.py:120} INFO - [2024-05-13T23:31:27.677+0000] {dag.py:3340} INFO - Setting next_dagrun for covid_analytics_dag to 2024-05-13T23:29:33.108383+00:00, run_after=2024-05-14T23:29:33.108383+00:00
[2024-05-13T23:31:27.880+0000] {processor.py:176} INFO - Processing /opt/airflow/dags/covid_analytics.py took 1.560 seconds
[2024-05-13T23:31:58.894+0000] {processor.py:154} INFO - Started process (PID=176) to work on /opt/airflow/dags/covid_analytics.py
[2024-05-13T23:31:58.904+0000] {processor.py:756} INFO - Processing file /opt/airflow/dags/covid_analytics.py for tasks to queue
[2024-05-13T23:31:58.915+0000] {logging_mixin.py:120} INFO - [2024-05-13T23:31:58.915+0000] {dagbag.py:537} INFO - Filling up the DagBag from /opt/airflow/dags/covid_analytics.py
[2024-05-13T23:32:00.015+0000] {processor.py:766} INFO - DAG(s) dict_keys(['covid_analytics_dag']) retrieved from /opt/airflow/dags/covid_analytics.py
[2024-05-13T23:32:00.519+0000] {logging_mixin.py:120} INFO - [2024-05-13T23:32:00.515+0000] {dag.py:2585} INFO - Sync 1 DAGs
[2024-05-13T23:32:00.676+0000] {logging_mixin.py:120} INFO - [2024-05-13T23:32:00.675+0000] {dag.py:3340} INFO - Setting next_dagrun for covid_analytics_dag to 2024-05-13T23:29:33.108383+00:00, run_after=2024-05-14T23:29:33.108383+00:00
[2024-05-13T23:32:00.751+0000] {processor.py:176} INFO - Processing /opt/airflow/dags/covid_analytics.py took 1.877 seconds
[2024-05-13T23:32:31.814+0000] {processor.py:154} INFO - Started process (PID=204) to work on /opt/airflow/dags/covid_analytics.py
[2024-05-13T23:32:31.823+0000] {processor.py:756} INFO - Processing file /opt/airflow/dags/covid_analytics.py for tasks to queue
[2024-05-13T23:32:31.827+0000] {logging_mixin.py:120} INFO - [2024-05-13T23:32:31.827+0000] {dagbag.py:537} INFO - Filling up the DagBag from /opt/airflow/dags/covid_analytics.py
[2024-05-13T23:32:32.393+0000] {processor.py:766} INFO - DAG(s) dict_keys(['covid_analytics_dag']) retrieved from /opt/airflow/dags/covid_analytics.py
[2024-05-13T23:32:32.756+0000] {logging_mixin.py:120} INFO - [2024-05-13T23:32:32.755+0000] {dag.py:2585} INFO - Sync 1 DAGs
[2024-05-13T23:32:32.959+0000] {logging_mixin.py:120} INFO - [2024-05-13T23:32:32.957+0000] {dag.py:3340} INFO - Setting next_dagrun for covid_analytics_dag to 2024-05-13T23:29:33.108383+00:00, run_after=2024-05-14T23:29:33.108383+00:00
[2024-05-13T23:32:33.251+0000] {processor.py:176} INFO - Processing /opt/airflow/dags/covid_analytics.py took 1.472 seconds
[2024-05-13T23:33:03.852+0000] {processor.py:154} INFO - Started process (PID=223) to work on /opt/airflow/dags/covid_analytics.py
[2024-05-13T23:33:03.856+0000] {processor.py:756} INFO - Processing file /opt/airflow/dags/covid_analytics.py for tasks to queue
[2024-05-13T23:33:03.858+0000] {logging_mixin.py:120} INFO - [2024-05-13T23:33:03.858+0000] {dagbag.py:537} INFO - Filling up the DagBag from /opt/airflow/dags/covid_analytics.py
[2024-05-13T23:33:04.014+0000] {processor.py:766} INFO - DAG(s) dict_keys(['covid_analytics_dag']) retrieved from /opt/airflow/dags/covid_analytics.py
[2024-05-13T23:33:04.093+0000] {logging_mixin.py:120} INFO - [2024-05-13T23:33:04.093+0000] {dag.py:2585} INFO - Sync 1 DAGs
[2024-05-13T23:33:04.117+0000] {logging_mixin.py:120} INFO - [2024-05-13T23:33:04.117+0000] {dag.py:3340} INFO - Setting next_dagrun for covid_analytics_dag to 2024-05-13T23:29:33.108383+00:00, run_after=2024-05-14T23:29:33.108383+00:00
[2024-05-13T23:33:04.130+0000] {processor.py:176} INFO - Processing /opt/airflow/dags/covid_analytics.py took 0.291 seconds
[2024-05-13T23:33:34.492+0000] {processor.py:154} INFO - Started process (PID=252) to work on /opt/airflow/dags/covid_analytics.py
[2024-05-13T23:33:34.495+0000] {processor.py:756} INFO - Processing file /opt/airflow/dags/covid_analytics.py for tasks to queue
[2024-05-13T23:33:34.497+0000] {logging_mixin.py:120} INFO - [2024-05-13T23:33:34.497+0000] {dagbag.py:537} INFO - Filling up the DagBag from /opt/airflow/dags/covid_analytics.py
[2024-05-13T23:33:34.596+0000] {processor.py:766} INFO - DAG(s) dict_keys(['covid_analytics_dag']) retrieved from /opt/airflow/dags/covid_analytics.py
[2024-05-13T23:33:34.659+0000] {logging_mixin.py:120} INFO - [2024-05-13T23:33:34.658+0000] {dag.py:2585} INFO - Sync 1 DAGs
[2024-05-13T23:33:34.680+0000] {logging_mixin.py:120} INFO - [2024-05-13T23:33:34.680+0000] {dag.py:3340} INFO - Setting next_dagrun for covid_analytics_dag to 2024-05-13T23:29:33.108383+00:00, run_after=2024-05-14T23:29:33.108383+00:00
[2024-05-13T23:33:34.692+0000] {processor.py:176} INFO - Processing /opt/airflow/dags/covid_analytics.py took 0.213 seconds
[2024-05-13T23:34:04.937+0000] {processor.py:154} INFO - Started process (PID=280) to work on /opt/airflow/dags/covid_analytics.py
[2024-05-13T23:34:04.940+0000] {processor.py:756} INFO - Processing file /opt/airflow/dags/covid_analytics.py for tasks to queue
[2024-05-13T23:34:04.942+0000] {logging_mixin.py:120} INFO - [2024-05-13T23:34:04.942+0000] {dagbag.py:537} INFO - Filling up the DagBag from /opt/airflow/dags/covid_analytics.py
[2024-05-13T23:34:05.037+0000] {processor.py:766} INFO - DAG(s) dict_keys(['covid_analytics_dag']) retrieved from /opt/airflow/dags/covid_analytics.py
[2024-05-13T23:34:05.087+0000] {logging_mixin.py:120} INFO - [2024-05-13T23:34:05.087+0000] {dag.py:2585} INFO - Sync 1 DAGs
[2024-05-13T23:34:05.107+0000] {logging_mixin.py:120} INFO - [2024-05-13T23:34:05.107+0000] {dag.py:3340} INFO - Setting next_dagrun for covid_analytics_dag to 2024-05-13T23:29:33.108383+00:00, run_after=2024-05-14T23:29:33.108383+00:00
[2024-05-13T23:34:05.119+0000] {processor.py:176} INFO - Processing /opt/airflow/dags/covid_analytics.py took 0.189 seconds
[2024-05-13T23:34:35.278+0000] {processor.py:154} INFO - Started process (PID=308) to work on /opt/airflow/dags/covid_analytics.py
[2024-05-13T23:34:35.280+0000] {processor.py:756} INFO - Processing file /opt/airflow/dags/covid_analytics.py for tasks to queue
[2024-05-13T23:34:35.282+0000] {logging_mixin.py:120} INFO - [2024-05-13T23:34:35.282+0000] {dagbag.py:537} INFO - Filling up the DagBag from /opt/airflow/dags/covid_analytics.py
[2024-05-13T23:34:35.410+0000] {processor.py:766} INFO - DAG(s) dict_keys(['covid_analytics_dag']) retrieved from /opt/airflow/dags/covid_analytics.py
[2024-05-13T23:34:35.510+0000] {logging_mixin.py:120} INFO - [2024-05-13T23:34:35.510+0000] {dag.py:2585} INFO - Sync 1 DAGs
[2024-05-13T23:34:35.535+0000] {logging_mixin.py:120} INFO - [2024-05-13T23:34:35.535+0000] {dag.py:3340} INFO - Setting next_dagrun for covid_analytics_dag to 2024-05-13T23:29:33.108383+00:00, run_after=2024-05-14T23:29:33.108383+00:00
[2024-05-13T23:34:35.546+0000] {processor.py:176} INFO - Processing /opt/airflow/dags/covid_analytics.py took 0.274 seconds
[2024-05-13T23:35:05.825+0000] {processor.py:154} INFO - Started process (PID=327) to work on /opt/airflow/dags/covid_analytics.py
[2024-05-13T23:35:05.828+0000] {processor.py:756} INFO - Processing file /opt/airflow/dags/covid_analytics.py for tasks to queue
[2024-05-13T23:35:05.830+0000] {logging_mixin.py:120} INFO - [2024-05-13T23:35:05.830+0000] {dagbag.py:537} INFO - Filling up the DagBag from /opt/airflow/dags/covid_analytics.py
[2024-05-13T23:35:05.958+0000] {processor.py:766} INFO - DAG(s) dict_keys(['covid_analytics_dag']) retrieved from /opt/airflow/dags/covid_analytics.py
[2024-05-13T23:35:06.005+0000] {logging_mixin.py:120} INFO - [2024-05-13T23:35:06.005+0000] {dag.py:2585} INFO - Sync 1 DAGs
[2024-05-13T23:35:06.027+0000] {logging_mixin.py:120} INFO - [2024-05-13T23:35:06.027+0000] {dag.py:3340} INFO - Setting next_dagrun for covid_analytics_dag to 2024-05-13T23:29:33.108383+00:00, run_after=2024-05-14T23:29:33.108383+00:00
[2024-05-13T23:35:06.045+0000] {processor.py:176} INFO - Processing /opt/airflow/dags/covid_analytics.py took 0.229 seconds
[2024-05-13T23:35:36.232+0000] {processor.py:154} INFO - Started process (PID=356) to work on /opt/airflow/dags/covid_analytics.py
[2024-05-13T23:35:36.235+0000] {processor.py:756} INFO - Processing file /opt/airflow/dags/covid_analytics.py for tasks to queue
[2024-05-13T23:35:36.237+0000] {logging_mixin.py:120} INFO - [2024-05-13T23:35:36.237+0000] {dagbag.py:537} INFO - Filling up the DagBag from /opt/airflow/dags/covid_analytics.py
[2024-05-13T23:35:36.332+0000] {processor.py:766} INFO - DAG(s) dict_keys(['covid_analytics_dag']) retrieved from /opt/airflow/dags/covid_analytics.py
[2024-05-13T23:35:36.381+0000] {logging_mixin.py:120} INFO - [2024-05-13T23:35:36.381+0000] {dag.py:2585} INFO - Sync 1 DAGs
[2024-05-13T23:35:36.419+0000] {logging_mixin.py:120} INFO - [2024-05-13T23:35:36.419+0000] {dag.py:3340} INFO - Setting next_dagrun for covid_analytics_dag to 2024-05-13T23:29:33.108383+00:00, run_after=2024-05-14T23:29:33.108383+00:00
[2024-05-13T23:35:36.435+0000] {processor.py:176} INFO - Processing /opt/airflow/dags/covid_analytics.py took 0.209 seconds
[2024-05-13T23:36:06.914+0000] {processor.py:154} INFO - Started process (PID=385) to work on /opt/airflow/dags/covid_analytics.py
[2024-05-13T23:36:06.916+0000] {processor.py:756} INFO - Processing file /opt/airflow/dags/covid_analytics.py for tasks to queue
[2024-05-13T23:36:06.918+0000] {logging_mixin.py:120} INFO - [2024-05-13T23:36:06.918+0000] {dagbag.py:537} INFO - Filling up the DagBag from /opt/airflow/dags/covid_analytics.py
[2024-05-13T23:36:07.065+0000] {processor.py:766} INFO - DAG(s) dict_keys(['covid_analytics_dag']) retrieved from /opt/airflow/dags/covid_analytics.py
[2024-05-13T23:36:07.143+0000] {logging_mixin.py:120} INFO - [2024-05-13T23:36:07.143+0000] {dag.py:2585} INFO - Sync 1 DAGs
[2024-05-13T23:36:07.171+0000] {logging_mixin.py:120} INFO - [2024-05-13T23:36:07.171+0000] {dag.py:3340} INFO - Setting next_dagrun for covid_analytics_dag to 2024-05-13T23:29:33.108383+00:00, run_after=2024-05-14T23:29:33.108383+00:00
[2024-05-13T23:36:07.186+0000] {processor.py:176} INFO - Processing /opt/airflow/dags/covid_analytics.py took 0.280 seconds
[2024-05-13T23:36:37.300+0000] {processor.py:154} INFO - Started process (PID=413) to work on /opt/airflow/dags/covid_analytics.py
[2024-05-13T23:36:37.302+0000] {processor.py:756} INFO - Processing file /opt/airflow/dags/covid_analytics.py for tasks to queue
[2024-05-13T23:36:37.303+0000] {logging_mixin.py:120} INFO - [2024-05-13T23:36:37.303+0000] {dagbag.py:537} INFO - Filling up the DagBag from /opt/airflow/dags/covid_analytics.py
[2024-05-13T23:36:37.359+0000] {processor.py:766} INFO - DAG(s) dict_keys(['covid_analytics_dag']) retrieved from /opt/airflow/dags/covid_analytics.py
[2024-05-13T23:36:37.391+0000] {logging_mixin.py:120} INFO - [2024-05-13T23:36:37.391+0000] {dag.py:2585} INFO - Sync 1 DAGs
[2024-05-13T23:36:37.410+0000] {logging_mixin.py:120} INFO - [2024-05-13T23:36:37.410+0000] {dag.py:3340} INFO - Setting next_dagrun for covid_analytics_dag to 2024-05-13T23:29:33.108383+00:00, run_after=2024-05-14T23:29:33.108383+00:00
[2024-05-13T23:36:37.423+0000] {processor.py:176} INFO - Processing /opt/airflow/dags/covid_analytics.py took 0.127 seconds
[2024-05-13T23:37:07.759+0000] {processor.py:154} INFO - Started process (PID=432) to work on /opt/airflow/dags/covid_analytics.py
[2024-05-13T23:37:07.763+0000] {processor.py:756} INFO - Processing file /opt/airflow/dags/covid_analytics.py for tasks to queue
[2024-05-13T23:37:07.765+0000] {logging_mixin.py:120} INFO - [2024-05-13T23:37:07.765+0000] {dagbag.py:537} INFO - Filling up the DagBag from /opt/airflow/dags/covid_analytics.py
[2024-05-13T23:37:07.865+0000] {processor.py:766} INFO - DAG(s) dict_keys(['covid_analytics_dag']) retrieved from /opt/airflow/dags/covid_analytics.py
[2024-05-13T23:37:07.934+0000] {logging_mixin.py:120} INFO - [2024-05-13T23:37:07.934+0000] {dag.py:2585} INFO - Sync 1 DAGs
[2024-05-13T23:37:07.955+0000] {logging_mixin.py:120} INFO - [2024-05-13T23:37:07.955+0000] {dag.py:3340} INFO - Setting next_dagrun for covid_analytics_dag to 2024-05-13T23:29:33.108383+00:00, run_after=2024-05-14T23:29:33.108383+00:00
[2024-05-13T23:37:07.966+0000] {processor.py:176} INFO - Processing /opt/airflow/dags/covid_analytics.py took 0.217 seconds
[2024-05-13T23:37:38.247+0000] {processor.py:154} INFO - Started process (PID=460) to work on /opt/airflow/dags/covid_analytics.py
[2024-05-13T23:37:38.252+0000] {processor.py:756} INFO - Processing file /opt/airflow/dags/covid_analytics.py for tasks to queue
[2024-05-13T23:37:38.259+0000] {logging_mixin.py:120} INFO - [2024-05-13T23:37:38.259+0000] {dagbag.py:537} INFO - Filling up the DagBag from /opt/airflow/dags/covid_analytics.py
[2024-05-13T23:37:38.354+0000] {processor.py:766} INFO - DAG(s) dict_keys(['covid_analytics_dag']) retrieved from /opt/airflow/dags/covid_analytics.py
[2024-05-13T23:37:38.428+0000] {logging_mixin.py:120} INFO - [2024-05-13T23:37:38.428+0000] {dag.py:2585} INFO - Sync 1 DAGs
[2024-05-13T23:37:38.454+0000] {logging_mixin.py:120} INFO - [2024-05-13T23:37:38.454+0000] {dag.py:3340} INFO - Setting next_dagrun for covid_analytics_dag to 2024-05-13T23:29:33.108383+00:00, run_after=2024-05-14T23:29:33.108383+00:00
[2024-05-13T23:37:38.467+0000] {processor.py:176} INFO - Processing /opt/airflow/dags/covid_analytics.py took 0.225 seconds
[2024-05-13T23:38:08.663+0000] {processor.py:154} INFO - Started process (PID=488) to work on /opt/airflow/dags/covid_analytics.py
[2024-05-13T23:38:08.667+0000] {processor.py:756} INFO - Processing file /opt/airflow/dags/covid_analytics.py for tasks to queue
[2024-05-13T23:38:08.668+0000] {logging_mixin.py:120} INFO - [2024-05-13T23:38:08.668+0000] {dagbag.py:537} INFO - Filling up the DagBag from /opt/airflow/dags/covid_analytics.py
[2024-05-13T23:38:08.819+0000] {processor.py:766} INFO - DAG(s) dict_keys(['covid_analytics_dag']) retrieved from /opt/airflow/dags/covid_analytics.py
[2024-05-13T23:38:08.907+0000] {logging_mixin.py:120} INFO - [2024-05-13T23:38:08.907+0000] {dag.py:2585} INFO - Sync 1 DAGs
[2024-05-13T23:38:08.955+0000] {logging_mixin.py:120} INFO - [2024-05-13T23:38:08.954+0000] {dag.py:3340} INFO - Setting next_dagrun for covid_analytics_dag to 2024-05-13T23:29:33.108383+00:00, run_after=2024-05-14T23:29:33.108383+00:00
[2024-05-13T23:38:08.971+0000] {processor.py:176} INFO - Processing /opt/airflow/dags/covid_analytics.py took 0.317 seconds
[2024-05-13T23:38:39.035+0000] {processor.py:154} INFO - Started process (PID=516) to work on /opt/airflow/dags/covid_analytics.py
[2024-05-13T23:38:39.038+0000] {processor.py:756} INFO - Processing file /opt/airflow/dags/covid_analytics.py for tasks to queue
[2024-05-13T23:38:39.041+0000] {logging_mixin.py:120} INFO - [2024-05-13T23:38:39.040+0000] {dagbag.py:537} INFO - Filling up the DagBag from /opt/airflow/dags/covid_analytics.py
[2024-05-13T23:38:39.172+0000] {processor.py:766} INFO - DAG(s) dict_keys(['covid_analytics_dag']) retrieved from /opt/airflow/dags/covid_analytics.py
[2024-05-13T23:38:39.256+0000] {logging_mixin.py:120} INFO - [2024-05-13T23:38:39.256+0000] {dag.py:2585} INFO - Sync 1 DAGs
[2024-05-13T23:38:39.293+0000] {logging_mixin.py:120} INFO - [2024-05-13T23:38:39.293+0000] {dag.py:3340} INFO - Setting next_dagrun for covid_analytics_dag to 2024-05-13T23:29:33.108383+00:00, run_after=2024-05-14T23:29:33.108383+00:00
[2024-05-13T23:38:39.312+0000] {processor.py:176} INFO - Processing /opt/airflow/dags/covid_analytics.py took 0.283 seconds
[2024-05-13T23:39:09.781+0000] {processor.py:154} INFO - Started process (PID=535) to work on /opt/airflow/dags/covid_analytics.py
[2024-05-13T23:39:09.784+0000] {processor.py:756} INFO - Processing file /opt/airflow/dags/covid_analytics.py for tasks to queue
[2024-05-13T23:39:09.785+0000] {logging_mixin.py:120} INFO - [2024-05-13T23:39:09.785+0000] {dagbag.py:537} INFO - Filling up the DagBag from /opt/airflow/dags/covid_analytics.py
[2024-05-13T23:39:09.862+0000] {processor.py:766} INFO - DAG(s) dict_keys(['covid_analytics_dag']) retrieved from /opt/airflow/dags/covid_analytics.py
[2024-05-13T23:39:09.900+0000] {logging_mixin.py:120} INFO - [2024-05-13T23:39:09.900+0000] {dag.py:2585} INFO - Sync 1 DAGs
[2024-05-13T23:39:09.917+0000] {logging_mixin.py:120} INFO - [2024-05-13T23:39:09.917+0000] {dag.py:3340} INFO - Setting next_dagrun for covid_analytics_dag to 2024-05-13T23:29:33.108383+00:00, run_after=2024-05-14T23:29:33.108383+00:00
[2024-05-13T23:39:09.929+0000] {processor.py:176} INFO - Processing /opt/airflow/dags/covid_analytics.py took 0.155 seconds
[2024-05-13T23:39:40.170+0000] {processor.py:154} INFO - Started process (PID=563) to work on /opt/airflow/dags/covid_analytics.py
[2024-05-13T23:39:40.173+0000] {processor.py:756} INFO - Processing file /opt/airflow/dags/covid_analytics.py for tasks to queue
[2024-05-13T23:39:40.175+0000] {logging_mixin.py:120} INFO - [2024-05-13T23:39:40.175+0000] {dagbag.py:537} INFO - Filling up the DagBag from /opt/airflow/dags/covid_analytics.py
[2024-05-13T23:39:40.242+0000] {processor.py:766} INFO - DAG(s) dict_keys(['covid_analytics_dag']) retrieved from /opt/airflow/dags/covid_analytics.py
[2024-05-13T23:39:40.277+0000] {logging_mixin.py:120} INFO - [2024-05-13T23:39:40.277+0000] {dag.py:2585} INFO - Sync 1 DAGs
[2024-05-13T23:39:40.295+0000] {logging_mixin.py:120} INFO - [2024-05-13T23:39:40.294+0000] {dag.py:3340} INFO - Setting next_dagrun for covid_analytics_dag to 2024-05-13T23:29:33.108383+00:00, run_after=2024-05-14T23:29:33.108383+00:00
[2024-05-13T23:39:40.305+0000] {processor.py:176} INFO - Processing /opt/airflow/dags/covid_analytics.py took 0.142 seconds
[2024-05-13T23:40:10.526+0000] {processor.py:154} INFO - Started process (PID=590) to work on /opt/airflow/dags/covid_analytics.py
[2024-05-13T23:40:10.530+0000] {processor.py:756} INFO - Processing file /opt/airflow/dags/covid_analytics.py for tasks to queue
[2024-05-13T23:40:10.532+0000] {logging_mixin.py:120} INFO - [2024-05-13T23:40:10.532+0000] {dagbag.py:537} INFO - Filling up the DagBag from /opt/airflow/dags/covid_analytics.py
[2024-05-13T23:40:10.606+0000] {processor.py:766} INFO - DAG(s) dict_keys(['covid_analytics_dag']) retrieved from /opt/airflow/dags/covid_analytics.py
[2024-05-13T23:40:10.646+0000] {logging_mixin.py:120} INFO - [2024-05-13T23:40:10.646+0000] {dag.py:2585} INFO - Sync 1 DAGs
[2024-05-13T23:40:10.685+0000] {logging_mixin.py:120} INFO - [2024-05-13T23:40:10.685+0000] {dag.py:3340} INFO - Setting next_dagrun for covid_analytics_dag to 2024-05-13T23:29:33.108383+00:00, run_after=2024-05-14T23:29:33.108383+00:00
[2024-05-13T23:40:10.698+0000] {processor.py:176} INFO - Processing /opt/airflow/dags/covid_analytics.py took 0.181 seconds
[2024-05-13T23:40:40.926+0000] {processor.py:154} INFO - Started process (PID=618) to work on /opt/airflow/dags/covid_analytics.py
[2024-05-13T23:40:40.930+0000] {processor.py:756} INFO - Processing file /opt/airflow/dags/covid_analytics.py for tasks to queue
[2024-05-13T23:40:40.931+0000] {logging_mixin.py:120} INFO - [2024-05-13T23:40:40.931+0000] {dagbag.py:537} INFO - Filling up the DagBag from /opt/airflow/dags/covid_analytics.py
[2024-05-13T23:40:40.985+0000] {processor.py:766} INFO - DAG(s) dict_keys(['covid_analytics_dag']) retrieved from /opt/airflow/dags/covid_analytics.py
[2024-05-13T23:40:41.029+0000] {logging_mixin.py:120} INFO - [2024-05-13T23:40:41.029+0000] {dag.py:2585} INFO - Sync 1 DAGs
[2024-05-13T23:40:41.049+0000] {logging_mixin.py:120} INFO - [2024-05-13T23:40:41.049+0000] {dag.py:3340} INFO - Setting next_dagrun for covid_analytics_dag to 2024-05-13T23:29:33.108383+00:00, run_after=2024-05-14T23:29:33.108383+00:00
[2024-05-13T23:40:41.060+0000] {processor.py:176} INFO - Processing /opt/airflow/dags/covid_analytics.py took 0.139 seconds
[2024-05-13T23:41:11.438+0000] {processor.py:154} INFO - Started process (PID=637) to work on /opt/airflow/dags/covid_analytics.py
[2024-05-13T23:41:11.441+0000] {processor.py:756} INFO - Processing file /opt/airflow/dags/covid_analytics.py for tasks to queue
[2024-05-13T23:41:11.443+0000] {logging_mixin.py:120} INFO - [2024-05-13T23:41:11.443+0000] {dagbag.py:537} INFO - Filling up the DagBag from /opt/airflow/dags/covid_analytics.py
[2024-05-13T23:41:11.530+0000] {processor.py:766} INFO - DAG(s) dict_keys(['covid_analytics_dag']) retrieved from /opt/airflow/dags/covid_analytics.py
[2024-05-13T23:41:11.595+0000] {logging_mixin.py:120} INFO - [2024-05-13T23:41:11.595+0000] {dag.py:2585} INFO - Sync 1 DAGs
[2024-05-13T23:41:11.617+0000] {logging_mixin.py:120} INFO - [2024-05-13T23:41:11.616+0000] {dag.py:3340} INFO - Setting next_dagrun for covid_analytics_dag to 2024-05-13T23:29:33.108383+00:00, run_after=2024-05-14T23:29:33.108383+00:00
[2024-05-13T23:41:11.628+0000] {processor.py:176} INFO - Processing /opt/airflow/dags/covid_analytics.py took 0.200 seconds
[2024-05-13T23:41:41.824+0000] {processor.py:154} INFO - Started process (PID=665) to work on /opt/airflow/dags/covid_analytics.py
[2024-05-13T23:41:41.827+0000] {processor.py:756} INFO - Processing file /opt/airflow/dags/covid_analytics.py for tasks to queue
[2024-05-13T23:41:41.829+0000] {logging_mixin.py:120} INFO - [2024-05-13T23:41:41.829+0000] {dagbag.py:537} INFO - Filling up the DagBag from /opt/airflow/dags/covid_analytics.py
[2024-05-13T23:41:41.928+0000] {processor.py:766} INFO - DAG(s) dict_keys(['covid_analytics_dag']) retrieved from /opt/airflow/dags/covid_analytics.py
[2024-05-13T23:41:42.049+0000] {logging_mixin.py:120} INFO - [2024-05-13T23:41:42.049+0000] {dag.py:2585} INFO - Sync 1 DAGs
[2024-05-13T23:41:42.077+0000] {logging_mixin.py:120} INFO - [2024-05-13T23:41:42.077+0000] {dag.py:3340} INFO - Setting next_dagrun for covid_analytics_dag to 2024-05-13T23:29:33.108383+00:00, run_after=2024-05-14T23:29:33.108383+00:00
[2024-05-13T23:41:42.096+0000] {processor.py:176} INFO - Processing /opt/airflow/dags/covid_analytics.py took 0.280 seconds
[2024-05-13T23:42:12.264+0000] {processor.py:154} INFO - Started process (PID=693) to work on /opt/airflow/dags/covid_analytics.py
[2024-05-13T23:42:12.268+0000] {processor.py:756} INFO - Processing file /opt/airflow/dags/covid_analytics.py for tasks to queue
[2024-05-13T23:42:12.270+0000] {logging_mixin.py:120} INFO - [2024-05-13T23:42:12.270+0000] {dagbag.py:537} INFO - Filling up the DagBag from /opt/airflow/dags/covid_analytics.py
[2024-05-13T23:42:12.353+0000] {processor.py:766} INFO - DAG(s) dict_keys(['covid_analytics_dag']) retrieved from /opt/airflow/dags/covid_analytics.py
[2024-05-13T23:42:12.397+0000] {logging_mixin.py:120} INFO - [2024-05-13T23:42:12.397+0000] {dag.py:2585} INFO - Sync 1 DAGs
[2024-05-13T23:42:12.417+0000] {logging_mixin.py:120} INFO - [2024-05-13T23:42:12.417+0000] {dag.py:3340} INFO - Setting next_dagrun for covid_analytics_dag to 2024-05-13T23:29:33.108383+00:00, run_after=2024-05-14T23:29:33.108383+00:00
[2024-05-13T23:42:12.427+0000] {processor.py:176} INFO - Processing /opt/airflow/dags/covid_analytics.py took 0.173 seconds
[2024-05-13T23:42:42.702+0000] {processor.py:154} INFO - Started process (PID=721) to work on /opt/airflow/dags/covid_analytics.py
[2024-05-13T23:42:42.704+0000] {processor.py:756} INFO - Processing file /opt/airflow/dags/covid_analytics.py for tasks to queue
[2024-05-13T23:42:42.706+0000] {logging_mixin.py:120} INFO - [2024-05-13T23:42:42.706+0000] {dagbag.py:537} INFO - Filling up the DagBag from /opt/airflow/dags/covid_analytics.py
[2024-05-13T23:42:42.862+0000] {processor.py:766} INFO - DAG(s) dict_keys(['covid_analytics_dag']) retrieved from /opt/airflow/dags/covid_analytics.py
[2024-05-13T23:42:42.926+0000] {logging_mixin.py:120} INFO - [2024-05-13T23:42:42.925+0000] {dag.py:2585} INFO - Sync 1 DAGs
[2024-05-13T23:42:42.966+0000] {logging_mixin.py:120} INFO - [2024-05-13T23:42:42.965+0000] {dag.py:3340} INFO - Setting next_dagrun for covid_analytics_dag to 2024-05-13T23:29:33.108383+00:00, run_after=2024-05-14T23:29:33.108383+00:00
[2024-05-13T23:42:42.983+0000] {processor.py:176} INFO - Processing /opt/airflow/dags/covid_analytics.py took 0.286 seconds
[2024-05-13T23:43:13.366+0000] {processor.py:154} INFO - Started process (PID=740) to work on /opt/airflow/dags/covid_analytics.py
[2024-05-13T23:43:13.377+0000] {processor.py:756} INFO - Processing file /opt/airflow/dags/covid_analytics.py for tasks to queue
[2024-05-13T23:43:13.381+0000] {logging_mixin.py:120} INFO - [2024-05-13T23:43:13.381+0000] {dagbag.py:537} INFO - Filling up the DagBag from /opt/airflow/dags/covid_analytics.py
[2024-05-13T23:43:13.471+0000] {processor.py:766} INFO - DAG(s) dict_keys(['covid_analytics_dag']) retrieved from /opt/airflow/dags/covid_analytics.py
[2024-05-13T23:43:13.521+0000] {logging_mixin.py:120} INFO - [2024-05-13T23:43:13.521+0000] {dag.py:2585} INFO - Sync 1 DAGs
[2024-05-13T23:43:13.544+0000] {logging_mixin.py:120} INFO - [2024-05-13T23:43:13.544+0000] {dag.py:3340} INFO - Setting next_dagrun for covid_analytics_dag to 2024-05-13T23:29:33.108383+00:00, run_after=2024-05-14T23:29:33.108383+00:00
[2024-05-13T23:43:13.557+0000] {processor.py:176} INFO - Processing /opt/airflow/dags/covid_analytics.py took 0.204 seconds
[2024-05-13T23:43:43.748+0000] {processor.py:154} INFO - Started process (PID=768) to work on /opt/airflow/dags/covid_analytics.py
[2024-05-13T23:43:43.754+0000] {processor.py:756} INFO - Processing file /opt/airflow/dags/covid_analytics.py for tasks to queue
[2024-05-13T23:43:43.760+0000] {logging_mixin.py:120} INFO - [2024-05-13T23:43:43.760+0000] {dagbag.py:537} INFO - Filling up the DagBag from /opt/airflow/dags/covid_analytics.py
[2024-05-13T23:43:43.850+0000] {processor.py:766} INFO - DAG(s) dict_keys(['covid_analytics_dag']) retrieved from /opt/airflow/dags/covid_analytics.py
[2024-05-13T23:43:43.900+0000] {logging_mixin.py:120} INFO - [2024-05-13T23:43:43.900+0000] {dag.py:2585} INFO - Sync 1 DAGs
[2024-05-13T23:43:43.921+0000] {logging_mixin.py:120} INFO - [2024-05-13T23:43:43.921+0000] {dag.py:3340} INFO - Setting next_dagrun for covid_analytics_dag to 2024-05-13T23:29:33.108383+00:00, run_after=2024-05-14T23:29:33.108383+00:00
[2024-05-13T23:43:43.934+0000] {processor.py:176} INFO - Processing /opt/airflow/dags/covid_analytics.py took 0.192 seconds
[2024-05-13T23:44:14.067+0000] {processor.py:154} INFO - Started process (PID=795) to work on /opt/airflow/dags/covid_analytics.py
[2024-05-13T23:44:14.071+0000] {processor.py:756} INFO - Processing file /opt/airflow/dags/covid_analytics.py for tasks to queue
[2024-05-13T23:44:14.073+0000] {logging_mixin.py:120} INFO - [2024-05-13T23:44:14.073+0000] {dagbag.py:537} INFO - Filling up the DagBag from /opt/airflow/dags/covid_analytics.py
[2024-05-13T23:44:14.163+0000] {processor.py:766} INFO - DAG(s) dict_keys(['covid_analytics_dag']) retrieved from /opt/airflow/dags/covid_analytics.py
[2024-05-13T23:44:14.201+0000] {logging_mixin.py:120} INFO - [2024-05-13T23:44:14.201+0000] {dag.py:2585} INFO - Sync 1 DAGs
[2024-05-13T23:44:14.218+0000] {logging_mixin.py:120} INFO - [2024-05-13T23:44:14.218+0000] {dag.py:3340} INFO - Setting next_dagrun for covid_analytics_dag to 2024-05-13T23:29:33.108383+00:00, run_after=2024-05-14T23:29:33.108383+00:00
[2024-05-13T23:44:14.230+0000] {processor.py:176} INFO - Processing /opt/airflow/dags/covid_analytics.py took 0.171 seconds
[2024-05-13T23:44:44.732+0000] {processor.py:154} INFO - Started process (PID=814) to work on /opt/airflow/dags/covid_analytics.py
[2024-05-13T23:44:44.735+0000] {processor.py:756} INFO - Processing file /opt/airflow/dags/covid_analytics.py for tasks to queue
[2024-05-13T23:44:44.737+0000] {logging_mixin.py:120} INFO - [2024-05-13T23:44:44.737+0000] {dagbag.py:537} INFO - Filling up the DagBag from /opt/airflow/dags/covid_analytics.py
[2024-05-13T23:44:44.887+0000] {processor.py:766} INFO - DAG(s) dict_keys(['covid_analytics_dag']) retrieved from /opt/airflow/dags/covid_analytics.py
[2024-05-13T23:44:44.934+0000] {logging_mixin.py:120} INFO - [2024-05-13T23:44:44.933+0000] {dag.py:2585} INFO - Sync 1 DAGs
[2024-05-13T23:44:44.958+0000] {logging_mixin.py:120} INFO - [2024-05-13T23:44:44.958+0000] {dag.py:3340} INFO - Setting next_dagrun for covid_analytics_dag to 2024-05-13T23:29:33.108383+00:00, run_after=2024-05-14T23:29:33.108383+00:00
[2024-05-13T23:44:44.974+0000] {processor.py:176} INFO - Processing /opt/airflow/dags/covid_analytics.py took 0.250 seconds
[2024-05-13T23:45:15.103+0000] {processor.py:154} INFO - Started process (PID=841) to work on /opt/airflow/dags/covid_analytics.py
[2024-05-13T23:45:15.106+0000] {processor.py:756} INFO - Processing file /opt/airflow/dags/covid_analytics.py for tasks to queue
[2024-05-13T23:45:15.107+0000] {logging_mixin.py:120} INFO - [2024-05-13T23:45:15.107+0000] {dagbag.py:537} INFO - Filling up the DagBag from /opt/airflow/dags/covid_analytics.py
[2024-05-13T23:45:15.189+0000] {processor.py:766} INFO - DAG(s) dict_keys(['covid_analytics_dag']) retrieved from /opt/airflow/dags/covid_analytics.py
[2024-05-13T23:45:15.230+0000] {logging_mixin.py:120} INFO - [2024-05-13T23:45:15.230+0000] {dag.py:2585} INFO - Sync 1 DAGs
[2024-05-13T23:45:15.250+0000] {logging_mixin.py:120} INFO - [2024-05-13T23:45:15.250+0000] {dag.py:3340} INFO - Setting next_dagrun for covid_analytics_dag to 2024-05-13T23:29:33.108383+00:00, run_after=2024-05-14T23:29:33.108383+00:00
[2024-05-13T23:45:15.262+0000] {processor.py:176} INFO - Processing /opt/airflow/dags/covid_analytics.py took 0.165 seconds
[2024-05-13T23:45:45.711+0000] {processor.py:154} INFO - Started process (PID=870) to work on /opt/airflow/dags/covid_analytics.py
[2024-05-13T23:45:45.714+0000] {processor.py:756} INFO - Processing file /opt/airflow/dags/covid_analytics.py for tasks to queue
[2024-05-13T23:45:45.716+0000] {logging_mixin.py:120} INFO - [2024-05-13T23:45:45.716+0000] {dagbag.py:537} INFO - Filling up the DagBag from /opt/airflow/dags/covid_analytics.py
[2024-05-13T23:45:45.797+0000] {processor.py:766} INFO - DAG(s) dict_keys(['covid_analytics_dag']) retrieved from /opt/airflow/dags/covid_analytics.py
[2024-05-13T23:45:45.841+0000] {logging_mixin.py:120} INFO - [2024-05-13T23:45:45.841+0000] {dag.py:2585} INFO - Sync 1 DAGs
[2024-05-13T23:45:45.865+0000] {logging_mixin.py:120} INFO - [2024-05-13T23:45:45.865+0000] {dag.py:3340} INFO - Setting next_dagrun for covid_analytics_dag to 2024-05-13T23:29:33.108383+00:00, run_after=2024-05-14T23:29:33.108383+00:00
[2024-05-13T23:45:45.876+0000] {processor.py:176} INFO - Processing /opt/airflow/dags/covid_analytics.py took 0.172 seconds
[2024-05-13T23:46:16.120+0000] {processor.py:154} INFO - Started process (PID=899) to work on /opt/airflow/dags/covid_analytics.py
[2024-05-13T23:46:16.124+0000] {processor.py:756} INFO - Processing file /opt/airflow/dags/covid_analytics.py for tasks to queue
[2024-05-13T23:46:16.126+0000] {logging_mixin.py:120} INFO - [2024-05-13T23:46:16.126+0000] {dagbag.py:537} INFO - Filling up the DagBag from /opt/airflow/dags/covid_analytics.py
[2024-05-13T23:46:16.199+0000] {processor.py:766} INFO - DAG(s) dict_keys(['covid_analytics_dag']) retrieved from /opt/airflow/dags/covid_analytics.py
[2024-05-13T23:46:16.232+0000] {logging_mixin.py:120} INFO - [2024-05-13T23:46:16.232+0000] {dag.py:2585} INFO - Sync 1 DAGs
[2024-05-13T23:46:16.249+0000] {logging_mixin.py:120} INFO - [2024-05-13T23:46:16.249+0000] {dag.py:3340} INFO - Setting next_dagrun for covid_analytics_dag to 2024-05-13T23:29:33.108383+00:00, run_after=2024-05-14T23:29:33.108383+00:00
[2024-05-13T23:46:16.260+0000] {processor.py:176} INFO - Processing /opt/airflow/dags/covid_analytics.py took 0.150 seconds
[2024-05-13T23:46:46.512+0000] {processor.py:154} INFO - Started process (PID=925) to work on /opt/airflow/dags/covid_analytics.py
[2024-05-13T23:46:46.514+0000] {processor.py:756} INFO - Processing file /opt/airflow/dags/covid_analytics.py for tasks to queue
[2024-05-13T23:46:46.515+0000] {logging_mixin.py:120} INFO - [2024-05-13T23:46:46.515+0000] {dagbag.py:537} INFO - Filling up the DagBag from /opt/airflow/dags/covid_analytics.py
[2024-05-13T23:46:46.588+0000] {processor.py:766} INFO - DAG(s) dict_keys(['covid_analytics_dag']) retrieved from /opt/airflow/dags/covid_analytics.py
[2024-05-13T23:46:46.625+0000] {logging_mixin.py:120} INFO - [2024-05-13T23:46:46.625+0000] {dag.py:2585} INFO - Sync 1 DAGs
[2024-05-13T23:46:46.646+0000] {logging_mixin.py:120} INFO - [2024-05-13T23:46:46.646+0000] {dag.py:3340} INFO - Setting next_dagrun for covid_analytics_dag to 2024-05-13T23:29:33.108383+00:00, run_after=2024-05-14T23:29:33.108383+00:00
[2024-05-13T23:46:46.661+0000] {processor.py:176} INFO - Processing /opt/airflow/dags/covid_analytics.py took 0.153 seconds
[2024-05-13T23:47:16.847+0000] {processor.py:154} INFO - Started process (PID=945) to work on /opt/airflow/dags/covid_analytics.py
[2024-05-13T23:47:16.848+0000] {processor.py:756} INFO - Processing file /opt/airflow/dags/covid_analytics.py for tasks to queue
[2024-05-13T23:47:16.850+0000] {logging_mixin.py:120} INFO - [2024-05-13T23:47:16.849+0000] {dagbag.py:537} INFO - Filling up the DagBag from /opt/airflow/dags/covid_analytics.py
[2024-05-13T23:47:16.969+0000] {processor.py:766} INFO - DAG(s) dict_keys(['covid_analytics_dag']) retrieved from /opt/airflow/dags/covid_analytics.py
[2024-05-13T23:47:17.009+0000] {logging_mixin.py:120} INFO - [2024-05-13T23:47:17.009+0000] {dag.py:2585} INFO - Sync 1 DAGs
[2024-05-13T23:47:17.051+0000] {logging_mixin.py:120} INFO - [2024-05-13T23:47:17.050+0000] {dag.py:3340} INFO - Setting next_dagrun for covid_analytics_dag to 2024-05-13T23:29:33.108383+00:00, run_after=2024-05-14T23:29:33.108383+00:00
[2024-05-13T23:47:17.064+0000] {processor.py:176} INFO - Processing /opt/airflow/dags/covid_analytics.py took 0.221 seconds
[2024-05-13T23:47:47.294+0000] {processor.py:154} INFO - Started process (PID=973) to work on /opt/airflow/dags/covid_analytics.py
[2024-05-13T23:47:47.299+0000] {processor.py:756} INFO - Processing file /opt/airflow/dags/covid_analytics.py for tasks to queue
[2024-05-13T23:47:47.302+0000] {logging_mixin.py:120} INFO - [2024-05-13T23:47:47.301+0000] {dagbag.py:537} INFO - Filling up the DagBag from /opt/airflow/dags/covid_analytics.py
[2024-05-13T23:47:47.381+0000] {processor.py:766} INFO - DAG(s) dict_keys(['covid_analytics_dag']) retrieved from /opt/airflow/dags/covid_analytics.py
[2024-05-13T23:47:47.443+0000] {logging_mixin.py:120} INFO - [2024-05-13T23:47:47.442+0000] {dag.py:2585} INFO - Sync 1 DAGs
[2024-05-13T23:47:47.466+0000] {logging_mixin.py:120} INFO - [2024-05-13T23:47:47.466+0000] {dag.py:3340} INFO - Setting next_dagrun for covid_analytics_dag to 2024-05-13T23:29:33.108383+00:00, run_after=2024-05-14T23:29:33.108383+00:00
[2024-05-13T23:47:47.478+0000] {processor.py:176} INFO - Processing /opt/airflow/dags/covid_analytics.py took 0.193 seconds
[2024-05-13T23:48:17.808+0000] {processor.py:154} INFO - Started process (PID=1001) to work on /opt/airflow/dags/covid_analytics.py
[2024-05-13T23:48:17.814+0000] {processor.py:756} INFO - Processing file /opt/airflow/dags/covid_analytics.py for tasks to queue
[2024-05-13T23:48:17.816+0000] {logging_mixin.py:120} INFO - [2024-05-13T23:48:17.816+0000] {dagbag.py:537} INFO - Filling up the DagBag from /opt/airflow/dags/covid_analytics.py
[2024-05-13T23:48:17.938+0000] {processor.py:766} INFO - DAG(s) dict_keys(['covid_analytics_dag']) retrieved from /opt/airflow/dags/covid_analytics.py
[2024-05-13T23:48:17.989+0000] {logging_mixin.py:120} INFO - [2024-05-13T23:48:17.989+0000] {dag.py:2585} INFO - Sync 1 DAGs
[2024-05-13T23:48:18.012+0000] {logging_mixin.py:120} INFO - [2024-05-13T23:48:18.012+0000] {dag.py:3340} INFO - Setting next_dagrun for covid_analytics_dag to 2024-05-13T23:29:33.108383+00:00, run_after=2024-05-14T23:29:33.108383+00:00
[2024-05-13T23:48:18.026+0000] {processor.py:176} INFO - Processing /opt/airflow/dags/covid_analytics.py took 0.227 seconds
[2024-05-13T23:48:48.238+0000] {processor.py:154} INFO - Started process (PID=1029) to work on /opt/airflow/dags/covid_analytics.py
[2024-05-13T23:48:48.241+0000] {processor.py:756} INFO - Processing file /opt/airflow/dags/covid_analytics.py for tasks to queue
[2024-05-13T23:48:48.243+0000] {logging_mixin.py:120} INFO - [2024-05-13T23:48:48.243+0000] {dagbag.py:537} INFO - Filling up the DagBag from /opt/airflow/dags/covid_analytics.py
[2024-05-13T23:48:48.393+0000] {processor.py:766} INFO - DAG(s) dict_keys(['covid_analytics_dag']) retrieved from /opt/airflow/dags/covid_analytics.py
[2024-05-13T23:48:48.476+0000] {logging_mixin.py:120} INFO - [2024-05-13T23:48:48.476+0000] {dag.py:2585} INFO - Sync 1 DAGs
[2024-05-13T23:48:48.512+0000] {logging_mixin.py:120} INFO - [2024-05-13T23:48:48.512+0000] {dag.py:3340} INFO - Setting next_dagrun for covid_analytics_dag to 2024-05-13T23:29:33.108383+00:00, run_after=2024-05-14T23:29:33.108383+00:00
[2024-05-13T23:48:48.556+0000] {processor.py:176} INFO - Processing /opt/airflow/dags/covid_analytics.py took 0.331 seconds
[2024-05-13T23:49:18.672+0000] {processor.py:154} INFO - Started process (PID=1048) to work on /opt/airflow/dags/covid_analytics.py
[2024-05-13T23:49:18.675+0000] {processor.py:756} INFO - Processing file /opt/airflow/dags/covid_analytics.py for tasks to queue
[2024-05-13T23:49:18.677+0000] {logging_mixin.py:120} INFO - [2024-05-13T23:49:18.677+0000] {dagbag.py:537} INFO - Filling up the DagBag from /opt/airflow/dags/covid_analytics.py
[2024-05-13T23:49:18.815+0000] {processor.py:766} INFO - DAG(s) dict_keys(['covid_analytics_dag']) retrieved from /opt/airflow/dags/covid_analytics.py
[2024-05-13T23:49:18.905+0000] {logging_mixin.py:120} INFO - [2024-05-13T23:49:18.905+0000] {dag.py:2585} INFO - Sync 1 DAGs
[2024-05-13T23:49:18.928+0000] {logging_mixin.py:120} INFO - [2024-05-13T23:49:18.928+0000] {dag.py:3340} INFO - Setting next_dagrun for covid_analytics_dag to 2024-05-13T23:29:33.108383+00:00, run_after=2024-05-14T23:29:33.108383+00:00
[2024-05-13T23:49:18.940+0000] {processor.py:176} INFO - Processing /opt/airflow/dags/covid_analytics.py took 0.278 seconds
[2024-05-13T23:49:49.604+0000] {processor.py:154} INFO - Started process (PID=1077) to work on /opt/airflow/dags/covid_analytics.py
[2024-05-13T23:49:49.614+0000] {processor.py:756} INFO - Processing file /opt/airflow/dags/covid_analytics.py for tasks to queue
[2024-05-13T23:49:49.615+0000] {logging_mixin.py:120} INFO - [2024-05-13T23:49:49.615+0000] {dagbag.py:537} INFO - Filling up the DagBag from /opt/airflow/dags/covid_analytics.py
[2024-05-13T23:49:49.718+0000] {processor.py:766} INFO - DAG(s) dict_keys(['covid_analytics_dag']) retrieved from /opt/airflow/dags/covid_analytics.py
[2024-05-13T23:49:49.770+0000] {logging_mixin.py:120} INFO - [2024-05-13T23:49:49.770+0000] {dag.py:2585} INFO - Sync 1 DAGs
[2024-05-13T23:49:49.794+0000] {logging_mixin.py:120} INFO - [2024-05-13T23:49:49.794+0000] {dag.py:3340} INFO - Setting next_dagrun for covid_analytics_dag to 2024-05-13T23:29:33.108383+00:00, run_after=2024-05-14T23:29:33.108383+00:00
[2024-05-13T23:49:49.813+0000] {processor.py:176} INFO - Processing /opt/airflow/dags/covid_analytics.py took 0.227 seconds
[2024-05-13T23:50:20.055+0000] {processor.py:154} INFO - Started process (PID=1106) to work on /opt/airflow/dags/covid_analytics.py
[2024-05-13T23:50:20.059+0000] {processor.py:756} INFO - Processing file /opt/airflow/dags/covid_analytics.py for tasks to queue
[2024-05-13T23:50:20.061+0000] {logging_mixin.py:120} INFO - [2024-05-13T23:50:20.060+0000] {dagbag.py:537} INFO - Filling up the DagBag from /opt/airflow/dags/covid_analytics.py
[2024-05-13T23:50:20.127+0000] {processor.py:766} INFO - DAG(s) dict_keys(['covid_analytics_dag']) retrieved from /opt/airflow/dags/covid_analytics.py
[2024-05-13T23:50:20.160+0000] {logging_mixin.py:120} INFO - [2024-05-13T23:50:20.160+0000] {dag.py:2585} INFO - Sync 1 DAGs
[2024-05-13T23:50:20.178+0000] {logging_mixin.py:120} INFO - [2024-05-13T23:50:20.178+0000] {dag.py:3340} INFO - Setting next_dagrun for covid_analytics_dag to 2024-05-13T23:29:33.108383+00:00, run_after=2024-05-14T23:29:33.108383+00:00
[2024-05-13T23:50:20.189+0000] {processor.py:176} INFO - Processing /opt/airflow/dags/covid_analytics.py took 0.141 seconds
[2024-05-13T23:50:50.593+0000] {processor.py:154} INFO - Started process (PID=1125) to work on /opt/airflow/dags/covid_analytics.py
[2024-05-13T23:50:50.596+0000] {processor.py:756} INFO - Processing file /opt/airflow/dags/covid_analytics.py for tasks to queue
[2024-05-13T23:50:50.598+0000] {logging_mixin.py:120} INFO - [2024-05-13T23:50:50.598+0000] {dagbag.py:537} INFO - Filling up the DagBag from /opt/airflow/dags/covid_analytics.py
[2024-05-13T23:50:50.738+0000] {processor.py:766} INFO - DAG(s) dict_keys(['covid_analytics_dag']) retrieved from /opt/airflow/dags/covid_analytics.py
[2024-05-13T23:50:50.812+0000] {logging_mixin.py:120} INFO - [2024-05-13T23:50:50.812+0000] {dag.py:2585} INFO - Sync 1 DAGs
[2024-05-13T23:50:50.835+0000] {logging_mixin.py:120} INFO - [2024-05-13T23:50:50.835+0000] {dag.py:3340} INFO - Setting next_dagrun for covid_analytics_dag to 2024-05-13T23:29:33.108383+00:00, run_after=2024-05-14T23:29:33.108383+00:00
[2024-05-13T23:50:50.863+0000] {processor.py:176} INFO - Processing /opt/airflow/dags/covid_analytics.py took 0.299 seconds
[2024-05-13T23:51:20.968+0000] {processor.py:154} INFO - Started process (PID=1152) to work on /opt/airflow/dags/covid_analytics.py
[2024-05-13T23:51:20.971+0000] {processor.py:756} INFO - Processing file /opt/airflow/dags/covid_analytics.py for tasks to queue
[2024-05-13T23:51:20.974+0000] {logging_mixin.py:120} INFO - [2024-05-13T23:51:20.973+0000] {dagbag.py:537} INFO - Filling up the DagBag from /opt/airflow/dags/covid_analytics.py
[2024-05-13T23:51:21.063+0000] {processor.py:766} INFO - DAG(s) dict_keys(['covid_analytics_dag']) retrieved from /opt/airflow/dags/covid_analytics.py
[2024-05-13T23:51:21.127+0000] {logging_mixin.py:120} INFO - [2024-05-13T23:51:21.127+0000] {dag.py:2585} INFO - Sync 1 DAGs
[2024-05-13T23:51:21.150+0000] {logging_mixin.py:120} INFO - [2024-05-13T23:51:21.150+0000] {dag.py:3340} INFO - Setting next_dagrun for covid_analytics_dag to 2024-05-13T23:29:33.108383+00:00, run_after=2024-05-14T23:29:33.108383+00:00
[2024-05-13T23:51:21.162+0000] {processor.py:176} INFO - Processing /opt/airflow/dags/covid_analytics.py took 0.201 seconds
[2024-05-13T23:51:51.424+0000] {processor.py:154} INFO - Started process (PID=1180) to work on /opt/airflow/dags/covid_analytics.py
[2024-05-13T23:51:51.427+0000] {processor.py:756} INFO - Processing file /opt/airflow/dags/covid_analytics.py for tasks to queue
[2024-05-13T23:51:51.428+0000] {logging_mixin.py:120} INFO - [2024-05-13T23:51:51.428+0000] {dagbag.py:537} INFO - Filling up the DagBag from /opt/airflow/dags/covid_analytics.py
[2024-05-13T23:51:51.534+0000] {processor.py:766} INFO - DAG(s) dict_keys(['covid_analytics_dag']) retrieved from /opt/airflow/dags/covid_analytics.py
[2024-05-13T23:51:51.591+0000] {logging_mixin.py:120} INFO - [2024-05-13T23:51:51.591+0000] {dag.py:2585} INFO - Sync 1 DAGs
[2024-05-13T23:51:51.613+0000] {logging_mixin.py:120} INFO - [2024-05-13T23:51:51.613+0000] {dag.py:3340} INFO - Setting next_dagrun for covid_analytics_dag to 2024-05-13T23:29:33.108383+00:00, run_after=2024-05-14T23:29:33.108383+00:00
[2024-05-13T23:51:51.626+0000] {processor.py:176} INFO - Processing /opt/airflow/dags/covid_analytics.py took 0.213 seconds
[2024-05-13T23:52:21.714+0000] {processor.py:154} INFO - Started process (PID=1208) to work on /opt/airflow/dags/covid_analytics.py
[2024-05-13T23:52:21.717+0000] {processor.py:756} INFO - Processing file /opt/airflow/dags/covid_analytics.py for tasks to queue
[2024-05-13T23:52:21.719+0000] {logging_mixin.py:120} INFO - [2024-05-13T23:52:21.718+0000] {dagbag.py:537} INFO - Filling up the DagBag from /opt/airflow/dags/covid_analytics.py
[2024-05-13T23:52:21.784+0000] {processor.py:766} INFO - DAG(s) dict_keys(['covid_analytics_dag']) retrieved from /opt/airflow/dags/covid_analytics.py
[2024-05-13T23:52:21.826+0000] {logging_mixin.py:120} INFO - [2024-05-13T23:52:21.825+0000] {dag.py:2585} INFO - Sync 1 DAGs
[2024-05-13T23:52:21.844+0000] {logging_mixin.py:120} INFO - [2024-05-13T23:52:21.843+0000] {dag.py:3340} INFO - Setting next_dagrun for covid_analytics_dag to 2024-05-13T23:29:33.108383+00:00, run_after=2024-05-14T23:29:33.108383+00:00
[2024-05-13T23:52:21.855+0000] {processor.py:176} INFO - Processing /opt/airflow/dags/covid_analytics.py took 0.149 seconds
[2024-05-13T23:52:52.040+0000] {processor.py:154} INFO - Started process (PID=1227) to work on /opt/airflow/dags/covid_analytics.py
[2024-05-13T23:52:52.043+0000] {processor.py:756} INFO - Processing file /opt/airflow/dags/covid_analytics.py for tasks to queue
[2024-05-13T23:52:52.045+0000] {logging_mixin.py:120} INFO - [2024-05-13T23:52:52.045+0000] {dagbag.py:537} INFO - Filling up the DagBag from /opt/airflow/dags/covid_analytics.py
[2024-05-13T23:52:52.129+0000] {processor.py:766} INFO - DAG(s) dict_keys(['covid_analytics_dag']) retrieved from /opt/airflow/dags/covid_analytics.py
[2024-05-13T23:52:52.169+0000] {logging_mixin.py:120} INFO - [2024-05-13T23:52:52.168+0000] {dag.py:2585} INFO - Sync 1 DAGs
[2024-05-13T23:52:52.188+0000] {logging_mixin.py:120} INFO - [2024-05-13T23:52:52.188+0000] {dag.py:3340} INFO - Setting next_dagrun for covid_analytics_dag to 2024-05-13T23:29:33.108383+00:00, run_after=2024-05-14T23:29:33.108383+00:00
[2024-05-13T23:52:52.201+0000] {processor.py:176} INFO - Processing /opt/airflow/dags/covid_analytics.py took 0.167 seconds
[2024-05-13T23:53:22.603+0000] {processor.py:154} INFO - Started process (PID=1255) to work on /opt/airflow/dags/covid_analytics.py
[2024-05-13T23:53:22.606+0000] {processor.py:756} INFO - Processing file /opt/airflow/dags/covid_analytics.py for tasks to queue
[2024-05-13T23:53:22.608+0000] {logging_mixin.py:120} INFO - [2024-05-13T23:53:22.608+0000] {dagbag.py:537} INFO - Filling up the DagBag from /opt/airflow/dags/covid_analytics.py
[2024-05-13T23:53:22.708+0000] {processor.py:766} INFO - DAG(s) dict_keys(['covid_analytics_dag']) retrieved from /opt/airflow/dags/covid_analytics.py
[2024-05-13T23:53:22.770+0000] {logging_mixin.py:120} INFO - [2024-05-13T23:53:22.770+0000] {dag.py:2585} INFO - Sync 1 DAGs
[2024-05-13T23:53:22.792+0000] {logging_mixin.py:120} INFO - [2024-05-13T23:53:22.792+0000] {dag.py:3340} INFO - Setting next_dagrun for covid_analytics_dag to 2024-05-13T23:29:33.108383+00:00, run_after=2024-05-14T23:29:33.108383+00:00
[2024-05-13T23:53:22.804+0000] {processor.py:176} INFO - Processing /opt/airflow/dags/covid_analytics.py took 0.209 seconds
[2024-05-13T23:53:53.182+0000] {processor.py:154} INFO - Started process (PID=1283) to work on /opt/airflow/dags/covid_analytics.py
[2024-05-13T23:53:53.183+0000] {processor.py:756} INFO - Processing file /opt/airflow/dags/covid_analytics.py for tasks to queue
[2024-05-13T23:53:53.184+0000] {logging_mixin.py:120} INFO - [2024-05-13T23:53:53.184+0000] {dagbag.py:537} INFO - Filling up the DagBag from /opt/airflow/dags/covid_analytics.py
[2024-05-13T23:53:53.242+0000] {processor.py:766} INFO - DAG(s) dict_keys(['covid_analytics_dag']) retrieved from /opt/airflow/dags/covid_analytics.py
[2024-05-13T23:53:53.289+0000] {logging_mixin.py:120} INFO - [2024-05-13T23:53:53.289+0000] {dag.py:2585} INFO - Sync 1 DAGs
[2024-05-13T23:53:53.308+0000] {logging_mixin.py:120} INFO - [2024-05-13T23:53:53.308+0000] {dag.py:3340} INFO - Setting next_dagrun for covid_analytics_dag to 2024-05-13T23:29:33.108383+00:00, run_after=2024-05-14T23:29:33.108383+00:00
[2024-05-13T23:53:53.319+0000] {processor.py:176} INFO - Processing /opt/airflow/dags/covid_analytics.py took 0.142 seconds
[2024-05-13T23:54:23.599+0000] {processor.py:154} INFO - Started process (PID=1311) to work on /opt/airflow/dags/covid_analytics.py
[2024-05-13T23:54:23.603+0000] {processor.py:756} INFO - Processing file /opt/airflow/dags/covid_analytics.py for tasks to queue
[2024-05-13T23:54:23.604+0000] {logging_mixin.py:120} INFO - [2024-05-13T23:54:23.604+0000] {dagbag.py:537} INFO - Filling up the DagBag from /opt/airflow/dags/covid_analytics.py
[2024-05-13T23:54:23.664+0000] {processor.py:766} INFO - DAG(s) dict_keys(['covid_analytics_dag']) retrieved from /opt/airflow/dags/covid_analytics.py
[2024-05-13T23:54:23.694+0000] {logging_mixin.py:120} INFO - [2024-05-13T23:54:23.694+0000] {dag.py:2585} INFO - Sync 1 DAGs
[2024-05-13T23:54:23.710+0000] {logging_mixin.py:120} INFO - [2024-05-13T23:54:23.710+0000] {dag.py:3340} INFO - Setting next_dagrun for covid_analytics_dag to 2024-05-13T23:29:33.108383+00:00, run_after=2024-05-14T23:29:33.108383+00:00
[2024-05-13T23:54:23.720+0000] {processor.py:176} INFO - Processing /opt/airflow/dags/covid_analytics.py took 0.127 seconds
[2024-05-13T23:54:54.022+0000] {processor.py:154} INFO - Started process (PID=1330) to work on /opt/airflow/dags/covid_analytics.py
[2024-05-13T23:54:54.024+0000] {processor.py:756} INFO - Processing file /opt/airflow/dags/covid_analytics.py for tasks to queue
[2024-05-13T23:54:54.026+0000] {logging_mixin.py:120} INFO - [2024-05-13T23:54:54.026+0000] {dagbag.py:537} INFO - Filling up the DagBag from /opt/airflow/dags/covid_analytics.py
[2024-05-13T23:54:54.109+0000] {processor.py:766} INFO - DAG(s) dict_keys(['covid_analytics_dag']) retrieved from /opt/airflow/dags/covid_analytics.py
[2024-05-13T23:54:54.149+0000] {logging_mixin.py:120} INFO - [2024-05-13T23:54:54.148+0000] {dag.py:2585} INFO - Sync 1 DAGs
[2024-05-13T23:54:54.168+0000] {logging_mixin.py:120} INFO - [2024-05-13T23:54:54.168+0000] {dag.py:3340} INFO - Setting next_dagrun for covid_analytics_dag to 2024-05-13T23:29:33.108383+00:00, run_after=2024-05-14T23:29:33.108383+00:00
[2024-05-13T23:54:54.180+0000] {processor.py:176} INFO - Processing /opt/airflow/dags/covid_analytics.py took 0.165 seconds
[2024-05-13T23:55:24.430+0000] {processor.py:154} INFO - Started process (PID=1358) to work on /opt/airflow/dags/covid_analytics.py
[2024-05-13T23:55:24.435+0000] {processor.py:756} INFO - Processing file /opt/airflow/dags/covid_analytics.py for tasks to queue
[2024-05-13T23:55:24.437+0000] {logging_mixin.py:120} INFO - [2024-05-13T23:55:24.437+0000] {dagbag.py:537} INFO - Filling up the DagBag from /opt/airflow/dags/covid_analytics.py
[2024-05-13T23:55:24.545+0000] {processor.py:766} INFO - DAG(s) dict_keys(['covid_analytics_dag']) retrieved from /opt/airflow/dags/covid_analytics.py
[2024-05-13T23:55:24.615+0000] {logging_mixin.py:120} INFO - [2024-05-13T23:55:24.615+0000] {dag.py:2585} INFO - Sync 1 DAGs
[2024-05-13T23:55:24.643+0000] {logging_mixin.py:120} INFO - [2024-05-13T23:55:24.643+0000] {dag.py:3340} INFO - Setting next_dagrun for covid_analytics_dag to 2024-05-13T23:29:33.108383+00:00, run_after=2024-05-14T23:29:33.108383+00:00
[2024-05-13T23:55:24.656+0000] {processor.py:176} INFO - Processing /opt/airflow/dags/covid_analytics.py took 0.238 seconds
[2024-05-13T23:55:54.817+0000] {processor.py:154} INFO - Started process (PID=1385) to work on /opt/airflow/dags/covid_analytics.py
[2024-05-13T23:55:54.820+0000] {processor.py:756} INFO - Processing file /opt/airflow/dags/covid_analytics.py for tasks to queue
[2024-05-13T23:55:54.823+0000] {logging_mixin.py:120} INFO - [2024-05-13T23:55:54.822+0000] {dagbag.py:537} INFO - Filling up the DagBag from /opt/airflow/dags/covid_analytics.py
[2024-05-13T23:55:54.917+0000] {processor.py:766} INFO - DAG(s) dict_keys(['covid_analytics_dag']) retrieved from /opt/airflow/dags/covid_analytics.py
[2024-05-13T23:55:54.952+0000] {logging_mixin.py:120} INFO - [2024-05-13T23:55:54.952+0000] {dag.py:2585} INFO - Sync 1 DAGs
[2024-05-13T23:55:54.970+0000] {logging_mixin.py:120} INFO - [2024-05-13T23:55:54.970+0000] {dag.py:3340} INFO - Setting next_dagrun for covid_analytics_dag to 2024-05-13T23:29:33.108383+00:00, run_after=2024-05-14T23:29:33.108383+00:00
[2024-05-13T23:55:54.994+0000] {processor.py:176} INFO - Processing /opt/airflow/dags/covid_analytics.py took 0.186 seconds
[2024-05-13T23:56:25.292+0000] {processor.py:154} INFO - Started process (PID=1412) to work on /opt/airflow/dags/covid_analytics.py
[2024-05-13T23:56:25.296+0000] {processor.py:756} INFO - Processing file /opt/airflow/dags/covid_analytics.py for tasks to queue
[2024-05-13T23:56:25.298+0000] {logging_mixin.py:120} INFO - [2024-05-13T23:56:25.297+0000] {dagbag.py:537} INFO - Filling up the DagBag from /opt/airflow/dags/covid_analytics.py
[2024-05-13T23:56:25.363+0000] {processor.py:766} INFO - DAG(s) dict_keys(['covid_analytics_dag']) retrieved from /opt/airflow/dags/covid_analytics.py
[2024-05-13T23:56:25.397+0000] {logging_mixin.py:120} INFO - [2024-05-13T23:56:25.396+0000] {dag.py:2585} INFO - Sync 1 DAGs
[2024-05-13T23:56:25.414+0000] {logging_mixin.py:120} INFO - [2024-05-13T23:56:25.414+0000] {dag.py:3340} INFO - Setting next_dagrun for covid_analytics_dag to 2024-05-13T23:29:33.108383+00:00, run_after=2024-05-14T23:29:33.108383+00:00
[2024-05-13T23:56:25.424+0000] {processor.py:176} INFO - Processing /opt/airflow/dags/covid_analytics.py took 0.138 seconds
[2024-05-13T23:56:55.639+0000] {processor.py:154} INFO - Started process (PID=1440) to work on /opt/airflow/dags/covid_analytics.py
[2024-05-13T23:56:55.642+0000] {processor.py:756} INFO - Processing file /opt/airflow/dags/covid_analytics.py for tasks to queue
[2024-05-13T23:56:55.643+0000] {logging_mixin.py:120} INFO - [2024-05-13T23:56:55.643+0000] {dagbag.py:537} INFO - Filling up the DagBag from /opt/airflow/dags/covid_analytics.py
[2024-05-13T23:56:55.726+0000] {processor.py:766} INFO - DAG(s) dict_keys(['covid_analytics_dag']) retrieved from /opt/airflow/dags/covid_analytics.py
[2024-05-13T23:56:55.795+0000] {logging_mixin.py:120} INFO - [2024-05-13T23:56:55.795+0000] {dag.py:2585} INFO - Sync 1 DAGs
[2024-05-13T23:56:55.848+0000] {logging_mixin.py:120} INFO - [2024-05-13T23:56:55.846+0000] {dag.py:3340} INFO - Setting next_dagrun for covid_analytics_dag to 2024-05-13T23:29:33.108383+00:00, run_after=2024-05-14T23:29:33.108383+00:00
[2024-05-13T23:56:55.866+0000] {processor.py:176} INFO - Processing /opt/airflow/dags/covid_analytics.py took 0.232 seconds
[2024-05-13T23:57:26.067+0000] {processor.py:154} INFO - Started process (PID=1458) to work on /opt/airflow/dags/covid_analytics.py
[2024-05-13T23:57:26.071+0000] {processor.py:756} INFO - Processing file /opt/airflow/dags/covid_analytics.py for tasks to queue
[2024-05-13T23:57:26.073+0000] {logging_mixin.py:120} INFO - [2024-05-13T23:57:26.073+0000] {dagbag.py:537} INFO - Filling up the DagBag from /opt/airflow/dags/covid_analytics.py
[2024-05-13T23:57:26.149+0000] {processor.py:766} INFO - DAG(s) dict_keys(['covid_analytics_dag']) retrieved from /opt/airflow/dags/covid_analytics.py
[2024-05-13T23:57:26.187+0000] {logging_mixin.py:120} INFO - [2024-05-13T23:57:26.187+0000] {dag.py:2585} INFO - Sync 1 DAGs
[2024-05-13T23:57:26.205+0000] {logging_mixin.py:120} INFO - [2024-05-13T23:57:26.205+0000] {dag.py:3340} INFO - Setting next_dagrun for covid_analytics_dag to 2024-05-13T23:29:33.108383+00:00, run_after=2024-05-14T23:29:33.108383+00:00
[2024-05-13T23:57:26.217+0000] {processor.py:176} INFO - Processing /opt/airflow/dags/covid_analytics.py took 0.160 seconds
[2024-05-13T23:57:56.511+0000] {processor.py:154} INFO - Started process (PID=1486) to work on /opt/airflow/dags/covid_analytics.py
[2024-05-13T23:57:56.514+0000] {processor.py:756} INFO - Processing file /opt/airflow/dags/covid_analytics.py for tasks to queue
[2024-05-13T23:57:56.515+0000] {logging_mixin.py:120} INFO - [2024-05-13T23:57:56.515+0000] {dagbag.py:537} INFO - Filling up the DagBag from /opt/airflow/dags/covid_analytics.py
[2024-05-13T23:57:56.583+0000] {processor.py:766} INFO - DAG(s) dict_keys(['covid_analytics_dag']) retrieved from /opt/airflow/dags/covid_analytics.py
[2024-05-13T23:57:56.616+0000] {logging_mixin.py:120} INFO - [2024-05-13T23:57:56.616+0000] {dag.py:2585} INFO - Sync 1 DAGs
[2024-05-13T23:57:56.633+0000] {logging_mixin.py:120} INFO - [2024-05-13T23:57:56.633+0000] {dag.py:3340} INFO - Setting next_dagrun for covid_analytics_dag to 2024-05-13T23:29:33.108383+00:00, run_after=2024-05-14T23:29:33.108383+00:00
[2024-05-13T23:57:56.644+0000] {processor.py:176} INFO - Processing /opt/airflow/dags/covid_analytics.py took 0.139 seconds
[2024-05-13T23:58:26.862+0000] {processor.py:154} INFO - Started process (PID=1515) to work on /opt/airflow/dags/covid_analytics.py
[2024-05-13T23:58:26.865+0000] {processor.py:756} INFO - Processing file /opt/airflow/dags/covid_analytics.py for tasks to queue
[2024-05-13T23:58:26.867+0000] {logging_mixin.py:120} INFO - [2024-05-13T23:58:26.867+0000] {dagbag.py:537} INFO - Filling up the DagBag from /opt/airflow/dags/covid_analytics.py
[2024-05-13T23:58:26.934+0000] {processor.py:766} INFO - DAG(s) dict_keys(['covid_analytics_dag']) retrieved from /opt/airflow/dags/covid_analytics.py
[2024-05-13T23:58:26.964+0000] {logging_mixin.py:120} INFO - [2024-05-13T23:58:26.964+0000] {dag.py:2585} INFO - Sync 1 DAGs
[2024-05-13T23:58:26.979+0000] {logging_mixin.py:120} INFO - [2024-05-13T23:58:26.979+0000] {dag.py:3340} INFO - Setting next_dagrun for covid_analytics_dag to 2024-05-13T23:29:33.108383+00:00, run_after=2024-05-14T23:29:33.108383+00:00
[2024-05-13T23:58:26.990+0000] {processor.py:176} INFO - Processing /opt/airflow/dags/covid_analytics.py took 0.136 seconds
[2024-05-13T23:58:57.363+0000] {processor.py:154} INFO - Started process (PID=1543) to work on /opt/airflow/dags/covid_analytics.py
[2024-05-13T23:58:57.367+0000] {processor.py:756} INFO - Processing file /opt/airflow/dags/covid_analytics.py for tasks to queue
[2024-05-13T23:58:57.370+0000] {logging_mixin.py:120} INFO - [2024-05-13T23:58:57.369+0000] {dagbag.py:537} INFO - Filling up the DagBag from /opt/airflow/dags/covid_analytics.py
[2024-05-13T23:58:57.457+0000] {processor.py:766} INFO - DAG(s) dict_keys(['covid_analytics_dag']) retrieved from /opt/airflow/dags/covid_analytics.py
[2024-05-13T23:58:57.507+0000] {logging_mixin.py:120} INFO - [2024-05-13T23:58:57.507+0000] {dag.py:2585} INFO - Sync 1 DAGs
[2024-05-13T23:58:57.525+0000] {logging_mixin.py:120} INFO - [2024-05-13T23:58:57.525+0000] {dag.py:3340} INFO - Setting next_dagrun for covid_analytics_dag to 2024-05-13T23:29:33.108383+00:00, run_after=2024-05-14T23:29:33.108383+00:00
[2024-05-13T23:58:57.538+0000] {processor.py:176} INFO - Processing /opt/airflow/dags/covid_analytics.py took 0.182 seconds
[2024-05-13T23:59:27.716+0000] {processor.py:154} INFO - Started process (PID=1562) to work on /opt/airflow/dags/covid_analytics.py
[2024-05-13T23:59:27.720+0000] {processor.py:756} INFO - Processing file /opt/airflow/dags/covid_analytics.py for tasks to queue
[2024-05-13T23:59:27.722+0000] {logging_mixin.py:120} INFO - [2024-05-13T23:59:27.722+0000] {dagbag.py:537} INFO - Filling up the DagBag from /opt/airflow/dags/covid_analytics.py
[2024-05-13T23:59:27.799+0000] {processor.py:766} INFO - DAG(s) dict_keys(['covid_analytics_dag']) retrieved from /opt/airflow/dags/covid_analytics.py
[2024-05-13T23:59:27.840+0000] {logging_mixin.py:120} INFO - [2024-05-13T23:59:27.840+0000] {dag.py:2585} INFO - Sync 1 DAGs
[2024-05-13T23:59:27.861+0000] {logging_mixin.py:120} INFO - [2024-05-13T23:59:27.861+0000] {dag.py:3340} INFO - Setting next_dagrun for covid_analytics_dag to 2024-05-13T23:29:33.108383+00:00, run_after=2024-05-14T23:29:33.108383+00:00
[2024-05-13T23:59:27.872+0000] {processor.py:176} INFO - Processing /opt/airflow/dags/covid_analytics.py took 0.167 seconds
[2024-05-13T23:59:58.155+0000] {processor.py:154} INFO - Started process (PID=1590) to work on /opt/airflow/dags/covid_analytics.py
[2024-05-13T23:59:58.158+0000] {processor.py:756} INFO - Processing file /opt/airflow/dags/covid_analytics.py for tasks to queue
[2024-05-13T23:59:58.159+0000] {logging_mixin.py:120} INFO - [2024-05-13T23:59:58.159+0000] {dagbag.py:537} INFO - Filling up the DagBag from /opt/airflow/dags/covid_analytics.py
[2024-05-13T23:59:58.240+0000] {processor.py:766} INFO - DAG(s) dict_keys(['covid_analytics_dag']) retrieved from /opt/airflow/dags/covid_analytics.py
[2024-05-13T23:59:58.283+0000] {logging_mixin.py:120} INFO - [2024-05-13T23:59:58.283+0000] {dag.py:2585} INFO - Sync 1 DAGs
[2024-05-13T23:59:58.304+0000] {logging_mixin.py:120} INFO - [2024-05-13T23:59:58.304+0000] {dag.py:3340} INFO - Setting next_dagrun for covid_analytics_dag to 2024-05-13T23:29:33.108383+00:00, run_after=2024-05-14T23:29:33.108383+00:00
[2024-05-13T23:59:58.316+0000] {processor.py:176} INFO - Processing /opt/airflow/dags/covid_analytics.py took 0.169 seconds
