[2024-05-04T03:05:30.702+0000] {taskinstance.py:1165} INFO - Dependencies all met for <TaskInstance: covid_analytics_dag.transform_data manual__2024-05-04T03:05:18.712336+00:00 [queued]>
[2024-05-04T03:05:30.709+0000] {taskinstance.py:1165} INFO - Dependencies all met for <TaskInstance: covid_analytics_dag.transform_data manual__2024-05-04T03:05:18.712336+00:00 [queued]>
[2024-05-04T03:05:30.710+0000] {taskinstance.py:1362} INFO - 
--------------------------------------------------------------------------------
[2024-05-04T03:05:30.710+0000] {taskinstance.py:1363} INFO - Starting attempt 1 of 2
[2024-05-04T03:05:30.711+0000] {taskinstance.py:1364} INFO - 
--------------------------------------------------------------------------------
[2024-05-04T03:05:30.719+0000] {taskinstance.py:1383} INFO - Executing <Task(PythonOperator): transform_data> on 2024-05-04 03:05:18.712336+00:00
[2024-05-04T03:05:30.724+0000] {standard_task_runner.py:55} INFO - Started process 98 to run task
[2024-05-04T03:05:30.729+0000] {standard_task_runner.py:82} INFO - Running: ['***', 'tasks', 'run', 'covid_analytics_dag', 'transform_data', 'manual__2024-05-04T03:05:18.712336+00:00', '--job-id', '97', '--raw', '--subdir', 'DAGS_FOLDER/covid_analytics.py', '--cfg-path', '/tmp/tmpap7qxqw7']
[2024-05-04T03:05:30.730+0000] {standard_task_runner.py:83} INFO - Job 97: Subtask transform_data
[2024-05-04T03:05:30.809+0000] {task_command.py:376} INFO - Running <TaskInstance: covid_analytics_dag.transform_data manual__2024-05-04T03:05:18.712336+00:00 [running]> on host e6a897f1fb86
[2024-05-04T03:05:30.867+0000] {taskinstance.py:1592} INFO - Exporting the following env vars:
AIRFLOW_CTX_DAG_OWNER=Diego Munera
AIRFLOW_CTX_DAG_ID=covid_analytics_dag
AIRFLOW_CTX_TASK_ID=transform_data
AIRFLOW_CTX_EXECUTION_DATE=2024-05-04T03:05:18.712336+00:00
AIRFLOW_CTX_TRY_NUMBER=1
AIRFLOW_CTX_DAG_RUN_ID=manual__2024-05-04T03:05:18.712336+00:00
[2024-05-04T03:05:30.878+0000] {credentials.py:1180} INFO - Found credentials in environment variables.
[2024-05-04T03:05:39.647+0000] {python.py:177} INFO - Done. Returned value was: None
[2024-05-04T03:05:39.673+0000] {taskinstance.py:1406} INFO - Marking task as SUCCESS. dag_id=covid_analytics_dag, task_id=transform_data, execution_date=20240504T030518, start_date=20240504T030530, end_date=20240504T030539
[2024-05-04T03:05:39.755+0000] {local_task_job.py:164} INFO - Task exited with return code 0
[2024-05-04T03:05:39.786+0000] {local_task_job.py:273} INFO - 0 downstream tasks scheduled from follow-on schedule check
