[2024-04-30T16:53:52.825+0000] {taskinstance.py:1165} INFO - Dependencies all met for <TaskInstance: user_processing.process_user manual__2024-04-30T16:53:43.073401+00:00 [queued]>
[2024-04-30T16:53:52.832+0000] {taskinstance.py:1165} INFO - Dependencies all met for <TaskInstance: user_processing.process_user manual__2024-04-30T16:53:43.073401+00:00 [queued]>
[2024-04-30T16:53:52.833+0000] {taskinstance.py:1362} INFO - 
--------------------------------------------------------------------------------
[2024-04-30T16:53:52.834+0000] {taskinstance.py:1363} INFO - Starting attempt 1 of 1
[2024-04-30T16:53:52.834+0000] {taskinstance.py:1364} INFO - 
--------------------------------------------------------------------------------
[2024-04-30T16:53:52.843+0000] {taskinstance.py:1383} INFO - Executing <Task(PythonOperator): process_user> on 2024-04-30 16:53:43.073401+00:00
[2024-04-30T16:53:52.850+0000] {standard_task_runner.py:55} INFO - Started process 624 to run task
[2024-04-30T16:53:52.859+0000] {standard_task_runner.py:82} INFO - Running: ['***', 'tasks', 'run', 'user_processing', 'process_user', 'manual__2024-04-30T16:53:43.073401+00:00', '--job-id', '12', '--raw', '--subdir', 'DAGS_FOLDER/user_processing.py', '--cfg-path', '/tmp/tmp30c9_0k5']
[2024-04-30T16:53:52.861+0000] {standard_task_runner.py:83} INFO - Job 12: Subtask process_user
[2024-04-30T16:53:52.970+0000] {task_command.py:376} INFO - Running <TaskInstance: user_processing.process_user manual__2024-04-30T16:53:43.073401+00:00 [running]> on host ec0cac6d8211
[2024-04-30T16:53:53.029+0000] {taskinstance.py:1592} INFO - Exporting the following env vars:
AIRFLOW_CTX_DAG_OWNER=***
AIRFLOW_CTX_DAG_ID=user_processing
AIRFLOW_CTX_TASK_ID=process_user
AIRFLOW_CTX_EXECUTION_DATE=2024-04-30T16:53:43.073401+00:00
AIRFLOW_CTX_TRY_NUMBER=1
AIRFLOW_CTX_DAG_RUN_ID=manual__2024-04-30T16:53:43.073401+00:00
[2024-04-30T16:53:53.086+0000] {python.py:177} INFO - Done. Returned value was: None
[2024-04-30T16:53:53.105+0000] {taskinstance.py:1406} INFO - Marking task as SUCCESS. dag_id=user_processing, task_id=process_user, execution_date=20240430T165343, start_date=20240430T165352, end_date=20240430T165353
[2024-04-30T16:53:53.148+0000] {local_task_job.py:164} INFO - Task exited with return code 0
[2024-04-30T16:53:53.186+0000] {local_task_job.py:273} INFO - 1 downstream tasks scheduled from follow-on schedule check
