[2024-05-13T23:29:20.169+0000] {taskinstance.py:1165} INFO - Dependencies all met for <TaskInstance: covid_analytics_dag.transform_data scheduled__2024-05-12T23:28:38.865211+00:00 [queued]>
[2024-05-13T23:29:20.440+0000] {taskinstance.py:1165} INFO - Dependencies all met for <TaskInstance: covid_analytics_dag.transform_data scheduled__2024-05-12T23:28:38.865211+00:00 [queued]>
[2024-05-13T23:29:20.459+0000] {taskinstance.py:1362} INFO - 
--------------------------------------------------------------------------------
[2024-05-13T23:29:20.477+0000] {taskinstance.py:1363} INFO - Starting attempt 1 of 2
[2024-05-13T23:29:20.487+0000] {taskinstance.py:1364} INFO - 
--------------------------------------------------------------------------------
[2024-05-13T23:29:20.606+0000] {taskinstance.py:1383} INFO - Executing <Task(PythonOperator): transform_data> on 2024-05-12 23:28:38.865211+00:00
[2024-05-13T23:29:20.682+0000] {standard_task_runner.py:55} INFO - Started process 77 to run task
[2024-05-13T23:29:20.723+0000] {standard_task_runner.py:82} INFO - Running: ['***', 'tasks', 'run', 'covid_analytics_dag', 'transform_data', 'scheduled__2024-05-12T23:28:38.865211+00:00', '--job-id', '120', '--raw', '--subdir', 'DAGS_FOLDER/covid_analytics.py', '--cfg-path', '/tmp/tmpf8dnjjk6']
[2024-05-13T23:29:20.725+0000] {standard_task_runner.py:83} INFO - Job 120: Subtask transform_data
[2024-05-13T23:29:20.886+0000] {task_command.py:376} INFO - Running <TaskInstance: covid_analytics_dag.transform_data scheduled__2024-05-12T23:28:38.865211+00:00 [running]> on host 639acdafcb82
[2024-05-13T23:29:21.000+0000] {taskinstance.py:1592} INFO - Exporting the following env vars:
AIRFLOW_CTX_DAG_OWNER=Diego Munera
AIRFLOW_CTX_DAG_ID=covid_analytics_dag
AIRFLOW_CTX_TASK_ID=transform_data
AIRFLOW_CTX_EXECUTION_DATE=2024-05-12T23:28:38.865211+00:00
AIRFLOW_CTX_TRY_NUMBER=1
AIRFLOW_CTX_DAG_RUN_ID=scheduled__2024-05-12T23:28:38.865211+00:00
[2024-05-13T23:29:21.327+0000] {credentials.py:1180} INFO - Found credentials in environment variables.
[2024-05-13T23:29:30.969+0000] {python.py:177} INFO - Done. Returned value was: None
[2024-05-13T23:29:31.276+0000] {taskinstance.py:1406} INFO - Marking task as SUCCESS. dag_id=covid_analytics_dag, task_id=transform_data, execution_date=20240512T232838, start_date=20240513T232920, end_date=20240513T232931
[2024-05-13T23:29:31.964+0000] {local_task_job.py:164} INFO - Task exited with return code 0
[2024-05-13T23:29:32.071+0000] {local_task_job.py:273} INFO - 0 downstream tasks scheduled from follow-on schedule check
