[2024-05-08T20:35:05.744+0000] {taskinstance.py:1165} INFO - Dependencies all met for <TaskInstance: covid_analytics_dag.extract_data manual__2024-05-08T20:35:03.051546+00:00 [queued]>
[2024-05-08T20:35:05.762+0000] {taskinstance.py:1165} INFO - Dependencies all met for <TaskInstance: covid_analytics_dag.extract_data manual__2024-05-08T20:35:03.051546+00:00 [queued]>
[2024-05-08T20:35:05.763+0000] {taskinstance.py:1362} INFO - 
--------------------------------------------------------------------------------
[2024-05-08T20:35:05.764+0000] {taskinstance.py:1363} INFO - Starting attempt 1 of 2
[2024-05-08T20:35:05.765+0000] {taskinstance.py:1364} INFO - 
--------------------------------------------------------------------------------
[2024-05-08T20:35:05.802+0000] {taskinstance.py:1383} INFO - Executing <Task(PythonOperator): extract_data> on 2024-05-08 20:35:03.051546+00:00
[2024-05-08T20:35:05.836+0000] {standard_task_runner.py:55} INFO - Started process 365 to run task
[2024-05-08T20:35:05.846+0000] {standard_task_runner.py:82} INFO - Running: ['***', 'tasks', 'run', 'covid_analytics_dag', 'extract_data', 'manual__2024-05-08T20:35:03.051546+00:00', '--job-id', '112', '--raw', '--subdir', 'DAGS_FOLDER/covid_analytics.py', '--cfg-path', '/tmp/tmpavqvdl9b']
[2024-05-08T20:35:05.847+0000] {standard_task_runner.py:83} INFO - Job 112: Subtask extract_data
[2024-05-08T20:35:06.003+0000] {task_command.py:376} INFO - Running <TaskInstance: covid_analytics_dag.extract_data manual__2024-05-08T20:35:03.051546+00:00 [running]> on host 639acdafcb82
[2024-05-08T20:35:06.183+0000] {taskinstance.py:1592} INFO - Exporting the following env vars:
AIRFLOW_CTX_DAG_OWNER=Diego Munera
AIRFLOW_CTX_DAG_ID=covid_analytics_dag
AIRFLOW_CTX_TASK_ID=extract_data
AIRFLOW_CTX_EXECUTION_DATE=2024-05-08T20:35:03.051546+00:00
AIRFLOW_CTX_TRY_NUMBER=1
AIRFLOW_CTX_DAG_RUN_ID=manual__2024-05-08T20:35:03.051546+00:00
[2024-05-08T20:35:06.230+0000] {credentials.py:1180} INFO - Found credentials in environment variables.
[2024-05-08T20:35:15.355+0000] {python.py:177} INFO - Done. Returned value was: None
[2024-05-08T20:35:15.377+0000] {taskinstance.py:1406} INFO - Marking task as SUCCESS. dag_id=covid_analytics_dag, task_id=extract_data, execution_date=20240508T203503, start_date=20240508T203505, end_date=20240508T203515
[2024-05-08T20:35:15.443+0000] {local_task_job.py:164} INFO - Task exited with return code 0
[2024-05-08T20:35:15.475+0000] {local_task_job.py:273} INFO - 1 downstream tasks scheduled from follow-on schedule check
