[2024-05-02T00:00:28.368+0000] {processor.py:154} INFO - Started process (PID=8306) to work on /opt/airflow/dags/redfin_analytics.py
[2024-05-02T00:00:28.370+0000] {processor.py:756} INFO - Processing file /opt/airflow/dags/redfin_analytics.py for tasks to queue
[2024-05-02T00:00:28.372+0000] {logging_mixin.py:120} INFO - [2024-05-02T00:00:28.372+0000] {dagbag.py:537} INFO - Filling up the DagBag from /opt/airflow/dags/redfin_analytics.py
[2024-05-02T00:00:29.137+0000] {processor.py:766} INFO - DAG(s) dict_keys(['redfin_analytics_dag']) retrieved from /opt/airflow/dags/redfin_analytics.py
[2024-05-02T00:00:29.174+0000] {logging_mixin.py:120} INFO - [2024-05-02T00:00:29.174+0000] {dag.py:2585} INFO - Sync 1 DAGs
[2024-05-02T00:00:29.194+0000] {logging_mixin.py:120} INFO - [2024-05-02T00:00:29.194+0000] {dag.py:3340} INFO - Setting next_dagrun for redfin_analytics_dag to 2024-05-01T00:00:29.194103+00:00, run_after=2024-05-02T00:00:29.194103+00:00
[2024-05-02T00:00:29.208+0000] {processor.py:176} INFO - Processing /opt/airflow/dags/redfin_analytics.py took 0.848 seconds
[2024-05-02T00:00:59.839+0000] {processor.py:154} INFO - Started process (PID=8336) to work on /opt/airflow/dags/redfin_analytics.py
[2024-05-02T00:00:59.842+0000] {processor.py:756} INFO - Processing file /opt/airflow/dags/redfin_analytics.py for tasks to queue
[2024-05-02T00:00:59.843+0000] {logging_mixin.py:120} INFO - [2024-05-02T00:00:59.843+0000] {dagbag.py:537} INFO - Filling up the DagBag from /opt/airflow/dags/redfin_analytics.py
[2024-05-02T00:01:00.578+0000] {processor.py:766} INFO - DAG(s) dict_keys(['redfin_analytics_dag']) retrieved from /opt/airflow/dags/redfin_analytics.py
[2024-05-02T00:01:00.618+0000] {logging_mixin.py:120} INFO - [2024-05-02T00:01:00.618+0000] {dag.py:2585} INFO - Sync 1 DAGs
[2024-05-02T00:01:00.638+0000] {logging_mixin.py:120} INFO - [2024-05-02T00:01:00.638+0000] {dag.py:3340} INFO - Setting next_dagrun for redfin_analytics_dag to 2024-05-01T00:01:00.638190+00:00, run_after=2024-05-02T00:01:00.638190+00:00
[2024-05-02T00:01:00.658+0000] {processor.py:176} INFO - Processing /opt/airflow/dags/redfin_analytics.py took 0.825 seconds
[2024-05-02T00:01:31.297+0000] {processor.py:154} INFO - Started process (PID=8368) to work on /opt/airflow/dags/redfin_analytics.py
[2024-05-02T00:01:31.299+0000] {processor.py:756} INFO - Processing file /opt/airflow/dags/redfin_analytics.py for tasks to queue
[2024-05-02T00:01:31.301+0000] {logging_mixin.py:120} INFO - [2024-05-02T00:01:31.301+0000] {dagbag.py:537} INFO - Filling up the DagBag from /opt/airflow/dags/redfin_analytics.py
[2024-05-02T00:01:32.122+0000] {processor.py:766} INFO - DAG(s) dict_keys(['redfin_analytics_dag']) retrieved from /opt/airflow/dags/redfin_analytics.py
[2024-05-02T00:01:32.235+0000] {logging_mixin.py:120} INFO - [2024-05-02T00:01:32.235+0000] {dag.py:2585} INFO - Sync 1 DAGs
[2024-05-02T00:01:32.299+0000] {logging_mixin.py:120} INFO - [2024-05-02T00:01:32.299+0000] {dag.py:3340} INFO - Setting next_dagrun for redfin_analytics_dag to 2024-05-01T00:01:32.297261+00:00, run_after=2024-05-02T00:01:32.297261+00:00
[2024-05-02T00:01:32.338+0000] {processor.py:176} INFO - Processing /opt/airflow/dags/redfin_analytics.py took 1.071 seconds
[2024-05-02T00:02:03.110+0000] {processor.py:154} INFO - Started process (PID=8399) to work on /opt/airflow/dags/redfin_analytics.py
[2024-05-02T00:02:03.115+0000] {processor.py:756} INFO - Processing file /opt/airflow/dags/redfin_analytics.py for tasks to queue
[2024-05-02T00:02:03.116+0000] {logging_mixin.py:120} INFO - [2024-05-02T00:02:03.116+0000] {dagbag.py:537} INFO - Filling up the DagBag from /opt/airflow/dags/redfin_analytics.py
[2024-05-02T00:02:03.842+0000] {processor.py:766} INFO - DAG(s) dict_keys(['redfin_analytics_dag']) retrieved from /opt/airflow/dags/redfin_analytics.py
[2024-05-02T00:02:03.894+0000] {logging_mixin.py:120} INFO - [2024-05-02T00:02:03.893+0000] {dag.py:2585} INFO - Sync 1 DAGs
[2024-05-02T00:02:03.911+0000] {logging_mixin.py:120} INFO - [2024-05-02T00:02:03.911+0000] {dag.py:3340} INFO - Setting next_dagrun for redfin_analytics_dag to 2024-05-01T00:02:03.910902+00:00, run_after=2024-05-02T00:02:03.910902+00:00
[2024-05-02T00:02:03.924+0000] {processor.py:176} INFO - Processing /opt/airflow/dags/redfin_analytics.py took 0.832 seconds
[2024-05-02T00:02:34.575+0000] {processor.py:154} INFO - Started process (PID=8430) to work on /opt/airflow/dags/redfin_analytics.py
[2024-05-02T00:02:34.579+0000] {processor.py:756} INFO - Processing file /opt/airflow/dags/redfin_analytics.py for tasks to queue
[2024-05-02T00:02:34.582+0000] {logging_mixin.py:120} INFO - [2024-05-02T00:02:34.582+0000] {dagbag.py:537} INFO - Filling up the DagBag from /opt/airflow/dags/redfin_analytics.py
[2024-05-02T00:02:35.167+0000] {processor.py:766} INFO - DAG(s) dict_keys(['redfin_analytics_dag']) retrieved from /opt/airflow/dags/redfin_analytics.py
[2024-05-02T00:02:35.219+0000] {logging_mixin.py:120} INFO - [2024-05-02T00:02:35.218+0000] {dag.py:2585} INFO - Sync 1 DAGs
[2024-05-02T00:02:35.244+0000] {logging_mixin.py:120} INFO - [2024-05-02T00:02:35.244+0000] {dag.py:3340} INFO - Setting next_dagrun for redfin_analytics_dag to 2024-05-01T00:02:35.244453+00:00, run_after=2024-05-02T00:02:35.244453+00:00
[2024-05-02T00:02:35.257+0000] {processor.py:176} INFO - Processing /opt/airflow/dags/redfin_analytics.py took 0.692 seconds
[2024-05-02T00:03:05.887+0000] {processor.py:154} INFO - Started process (PID=8461) to work on /opt/airflow/dags/redfin_analytics.py
[2024-05-02T00:03:05.891+0000] {processor.py:756} INFO - Processing file /opt/airflow/dags/redfin_analytics.py for tasks to queue
[2024-05-02T00:03:05.893+0000] {logging_mixin.py:120} INFO - [2024-05-02T00:03:05.893+0000] {dagbag.py:537} INFO - Filling up the DagBag from /opt/airflow/dags/redfin_analytics.py
[2024-05-02T00:03:07.797+0000] {processor.py:766} INFO - DAG(s) dict_keys(['redfin_analytics_dag']) retrieved from /opt/airflow/dags/redfin_analytics.py
[2024-05-02T00:03:07.867+0000] {logging_mixin.py:120} INFO - [2024-05-02T00:03:07.866+0000] {dag.py:2585} INFO - Sync 1 DAGs
[2024-05-02T00:03:07.896+0000] {logging_mixin.py:120} INFO - [2024-05-02T00:03:07.896+0000] {dag.py:3340} INFO - Setting next_dagrun for redfin_analytics_dag to 2024-05-01T00:03:07.896305+00:00, run_after=2024-05-02T00:03:07.896305+00:00
[2024-05-02T00:03:07.914+0000] {processor.py:176} INFO - Processing /opt/airflow/dags/redfin_analytics.py took 2.033 seconds
[2024-05-02T00:03:38.631+0000] {processor.py:154} INFO - Started process (PID=8483) to work on /opt/airflow/dags/redfin_analytics.py
[2024-05-02T00:03:38.636+0000] {processor.py:756} INFO - Processing file /opt/airflow/dags/redfin_analytics.py for tasks to queue
[2024-05-02T00:03:38.640+0000] {logging_mixin.py:120} INFO - [2024-05-02T00:03:38.640+0000] {dagbag.py:537} INFO - Filling up the DagBag from /opt/airflow/dags/redfin_analytics.py
[2024-05-02T00:03:41.140+0000] {processor.py:766} INFO - DAG(s) dict_keys(['redfin_analytics_dag']) retrieved from /opt/airflow/dags/redfin_analytics.py
[2024-05-02T00:03:41.274+0000] {logging_mixin.py:120} INFO - [2024-05-02T00:03:41.273+0000] {dag.py:2585} INFO - Sync 1 DAGs
[2024-05-02T00:03:41.329+0000] {logging_mixin.py:120} INFO - [2024-05-02T00:03:41.329+0000] {dag.py:3340} INFO - Setting next_dagrun for redfin_analytics_dag to 2024-05-01T00:03:41.328864+00:00, run_after=2024-05-02T00:03:41.328864+00:00
[2024-05-02T00:03:41.386+0000] {processor.py:176} INFO - Processing /opt/airflow/dags/redfin_analytics.py took 2.809 seconds
[2024-05-02T00:04:12.094+0000] {processor.py:154} INFO - Started process (PID=8513) to work on /opt/airflow/dags/redfin_analytics.py
[2024-05-02T00:04:12.098+0000] {processor.py:756} INFO - Processing file /opt/airflow/dags/redfin_analytics.py for tasks to queue
[2024-05-02T00:04:12.100+0000] {logging_mixin.py:120} INFO - [2024-05-02T00:04:12.100+0000] {dagbag.py:537} INFO - Filling up the DagBag from /opt/airflow/dags/redfin_analytics.py
[2024-05-02T00:04:13.049+0000] {processor.py:766} INFO - DAG(s) dict_keys(['redfin_analytics_dag']) retrieved from /opt/airflow/dags/redfin_analytics.py
[2024-05-02T00:04:13.112+0000] {logging_mixin.py:120} INFO - [2024-05-02T00:04:13.111+0000] {dag.py:2585} INFO - Sync 1 DAGs
[2024-05-02T00:04:13.133+0000] {logging_mixin.py:120} INFO - [2024-05-02T00:04:13.133+0000] {dag.py:3340} INFO - Setting next_dagrun for redfin_analytics_dag to 2024-05-01T00:04:13.133192+00:00, run_after=2024-05-02T00:04:13.133192+00:00
[2024-05-02T00:04:13.145+0000] {processor.py:176} INFO - Processing /opt/airflow/dags/redfin_analytics.py took 1.085 seconds
[2024-05-02T00:04:43.763+0000] {processor.py:154} INFO - Started process (PID=8544) to work on /opt/airflow/dags/redfin_analytics.py
[2024-05-02T00:04:43.766+0000] {processor.py:756} INFO - Processing file /opt/airflow/dags/redfin_analytics.py for tasks to queue
[2024-05-02T00:04:43.767+0000] {logging_mixin.py:120} INFO - [2024-05-02T00:04:43.767+0000] {dagbag.py:537} INFO - Filling up the DagBag from /opt/airflow/dags/redfin_analytics.py
[2024-05-02T00:04:44.400+0000] {processor.py:766} INFO - DAG(s) dict_keys(['redfin_analytics_dag']) retrieved from /opt/airflow/dags/redfin_analytics.py
[2024-05-02T00:04:44.430+0000] {logging_mixin.py:120} INFO - [2024-05-02T00:04:44.429+0000] {dag.py:2585} INFO - Sync 1 DAGs
[2024-05-02T00:04:44.458+0000] {logging_mixin.py:120} INFO - [2024-05-02T00:04:44.458+0000] {dag.py:3340} INFO - Setting next_dagrun for redfin_analytics_dag to 2024-05-01T00:04:44.458091+00:00, run_after=2024-05-02T00:04:44.458091+00:00
[2024-05-02T00:04:44.472+0000] {processor.py:176} INFO - Processing /opt/airflow/dags/redfin_analytics.py took 0.715 seconds
[2024-05-02T00:05:14.931+0000] {processor.py:154} INFO - Started process (PID=8575) to work on /opt/airflow/dags/redfin_analytics.py
[2024-05-02T00:05:14.934+0000] {processor.py:756} INFO - Processing file /opt/airflow/dags/redfin_analytics.py for tasks to queue
[2024-05-02T00:05:14.936+0000] {logging_mixin.py:120} INFO - [2024-05-02T00:05:14.936+0000] {dagbag.py:537} INFO - Filling up the DagBag from /opt/airflow/dags/redfin_analytics.py
[2024-05-02T00:05:15.644+0000] {processor.py:766} INFO - DAG(s) dict_keys(['redfin_analytics_dag']) retrieved from /opt/airflow/dags/redfin_analytics.py
[2024-05-02T00:05:15.685+0000] {logging_mixin.py:120} INFO - [2024-05-02T00:05:15.685+0000] {dag.py:2585} INFO - Sync 1 DAGs
[2024-05-02T00:05:15.703+0000] {logging_mixin.py:120} INFO - [2024-05-02T00:05:15.703+0000] {dag.py:3340} INFO - Setting next_dagrun for redfin_analytics_dag to 2024-05-01T00:05:15.703127+00:00, run_after=2024-05-02T00:05:15.703127+00:00
[2024-05-02T00:05:15.714+0000] {processor.py:176} INFO - Processing /opt/airflow/dags/redfin_analytics.py took 0.792 seconds
[2024-05-02T00:05:46.194+0000] {processor.py:154} INFO - Started process (PID=8606) to work on /opt/airflow/dags/redfin_analytics.py
[2024-05-02T00:05:46.198+0000] {processor.py:756} INFO - Processing file /opt/airflow/dags/redfin_analytics.py for tasks to queue
[2024-05-02T00:05:46.200+0000] {logging_mixin.py:120} INFO - [2024-05-02T00:05:46.200+0000] {dagbag.py:537} INFO - Filling up the DagBag from /opt/airflow/dags/redfin_analytics.py
[2024-05-02T00:05:46.810+0000] {processor.py:766} INFO - DAG(s) dict_keys(['redfin_analytics_dag']) retrieved from /opt/airflow/dags/redfin_analytics.py
[2024-05-02T00:05:46.851+0000] {logging_mixin.py:120} INFO - [2024-05-02T00:05:46.851+0000] {dag.py:2585} INFO - Sync 1 DAGs
[2024-05-02T00:05:46.868+0000] {logging_mixin.py:120} INFO - [2024-05-02T00:05:46.868+0000] {dag.py:3340} INFO - Setting next_dagrun for redfin_analytics_dag to 2024-05-01T00:05:46.867812+00:00, run_after=2024-05-02T00:05:46.867812+00:00
[2024-05-02T00:05:46.883+0000] {processor.py:176} INFO - Processing /opt/airflow/dags/redfin_analytics.py took 0.706 seconds
[2024-05-02T00:06:17.360+0000] {processor.py:154} INFO - Started process (PID=8638) to work on /opt/airflow/dags/redfin_analytics.py
[2024-05-02T00:06:17.363+0000] {processor.py:756} INFO - Processing file /opt/airflow/dags/redfin_analytics.py for tasks to queue
[2024-05-02T00:06:17.364+0000] {logging_mixin.py:120} INFO - [2024-05-02T00:06:17.364+0000] {dagbag.py:537} INFO - Filling up the DagBag from /opt/airflow/dags/redfin_analytics.py
[2024-05-02T00:06:17.963+0000] {processor.py:766} INFO - DAG(s) dict_keys(['redfin_analytics_dag']) retrieved from /opt/airflow/dags/redfin_analytics.py
[2024-05-02T00:06:18.003+0000] {logging_mixin.py:120} INFO - [2024-05-02T00:06:18.003+0000] {dag.py:2585} INFO - Sync 1 DAGs
[2024-05-02T00:06:18.020+0000] {logging_mixin.py:120} INFO - [2024-05-02T00:06:18.020+0000] {dag.py:3340} INFO - Setting next_dagrun for redfin_analytics_dag to 2024-05-01T00:06:18.020442+00:00, run_after=2024-05-02T00:06:18.020442+00:00
[2024-05-02T00:06:18.033+0000] {processor.py:176} INFO - Processing /opt/airflow/dags/redfin_analytics.py took 0.681 seconds
[2024-05-02T00:06:48.515+0000] {processor.py:154} INFO - Started process (PID=8668) to work on /opt/airflow/dags/redfin_analytics.py
[2024-05-02T00:06:48.522+0000] {processor.py:756} INFO - Processing file /opt/airflow/dags/redfin_analytics.py for tasks to queue
[2024-05-02T00:06:48.524+0000] {logging_mixin.py:120} INFO - [2024-05-02T00:06:48.524+0000] {dagbag.py:537} INFO - Filling up the DagBag from /opt/airflow/dags/redfin_analytics.py
[2024-05-02T00:06:49.284+0000] {processor.py:766} INFO - DAG(s) dict_keys(['redfin_analytics_dag']) retrieved from /opt/airflow/dags/redfin_analytics.py
[2024-05-02T00:06:49.320+0000] {logging_mixin.py:120} INFO - [2024-05-02T00:06:49.320+0000] {dag.py:2585} INFO - Sync 1 DAGs
[2024-05-02T00:06:49.340+0000] {logging_mixin.py:120} INFO - [2024-05-02T00:06:49.340+0000] {dag.py:3340} INFO - Setting next_dagrun for redfin_analytics_dag to 2024-05-01T00:06:49.340562+00:00, run_after=2024-05-02T00:06:49.340562+00:00
[2024-05-02T00:06:49.355+0000] {processor.py:176} INFO - Processing /opt/airflow/dags/redfin_analytics.py took 0.870 seconds
[2024-05-02T00:07:19.862+0000] {processor.py:154} INFO - Started process (PID=8690) to work on /opt/airflow/dags/redfin_analytics.py
[2024-05-02T00:07:19.865+0000] {processor.py:756} INFO - Processing file /opt/airflow/dags/redfin_analytics.py for tasks to queue
[2024-05-02T00:07:19.867+0000] {logging_mixin.py:120} INFO - [2024-05-02T00:07:19.866+0000] {dagbag.py:537} INFO - Filling up the DagBag from /opt/airflow/dags/redfin_analytics.py
[2024-05-02T00:07:20.514+0000] {processor.py:766} INFO - DAG(s) dict_keys(['redfin_analytics_dag']) retrieved from /opt/airflow/dags/redfin_analytics.py
[2024-05-02T00:07:20.561+0000] {logging_mixin.py:120} INFO - [2024-05-02T00:07:20.560+0000] {dag.py:2585} INFO - Sync 1 DAGs
[2024-05-02T00:07:20.609+0000] {logging_mixin.py:120} INFO - [2024-05-02T00:07:20.608+0000] {dag.py:3340} INFO - Setting next_dagrun for redfin_analytics_dag to 2024-05-01T00:07:20.608537+00:00, run_after=2024-05-02T00:07:20.608537+00:00
[2024-05-02T00:07:20.632+0000] {processor.py:176} INFO - Processing /opt/airflow/dags/redfin_analytics.py took 0.777 seconds
[2024-05-02T00:07:51.148+0000] {processor.py:154} INFO - Started process (PID=8721) to work on /opt/airflow/dags/redfin_analytics.py
[2024-05-02T00:07:51.150+0000] {processor.py:756} INFO - Processing file /opt/airflow/dags/redfin_analytics.py for tasks to queue
[2024-05-02T00:07:51.152+0000] {logging_mixin.py:120} INFO - [2024-05-02T00:07:51.152+0000] {dagbag.py:537} INFO - Filling up the DagBag from /opt/airflow/dags/redfin_analytics.py
[2024-05-02T00:07:51.830+0000] {processor.py:766} INFO - DAG(s) dict_keys(['redfin_analytics_dag']) retrieved from /opt/airflow/dags/redfin_analytics.py
[2024-05-02T00:07:51.862+0000] {logging_mixin.py:120} INFO - [2024-05-02T00:07:51.861+0000] {dag.py:2585} INFO - Sync 1 DAGs
[2024-05-02T00:07:51.878+0000] {logging_mixin.py:120} INFO - [2024-05-02T00:07:51.878+0000] {dag.py:3340} INFO - Setting next_dagrun for redfin_analytics_dag to 2024-05-01T00:07:51.878419+00:00, run_after=2024-05-02T00:07:51.878419+00:00
[2024-05-02T00:07:51.889+0000] {processor.py:176} INFO - Processing /opt/airflow/dags/redfin_analytics.py took 0.749 seconds
[2024-05-02T00:08:22.450+0000] {processor.py:154} INFO - Started process (PID=8752) to work on /opt/airflow/dags/redfin_analytics.py
[2024-05-02T00:08:22.454+0000] {processor.py:756} INFO - Processing file /opt/airflow/dags/redfin_analytics.py for tasks to queue
[2024-05-02T00:08:22.456+0000] {logging_mixin.py:120} INFO - [2024-05-02T00:08:22.456+0000] {dagbag.py:537} INFO - Filling up the DagBag from /opt/airflow/dags/redfin_analytics.py
[2024-05-02T00:08:23.109+0000] {processor.py:766} INFO - DAG(s) dict_keys(['redfin_analytics_dag']) retrieved from /opt/airflow/dags/redfin_analytics.py
[2024-05-02T00:08:23.156+0000] {logging_mixin.py:120} INFO - [2024-05-02T00:08:23.155+0000] {dag.py:2585} INFO - Sync 1 DAGs
[2024-05-02T00:08:23.172+0000] {logging_mixin.py:120} INFO - [2024-05-02T00:08:23.172+0000] {dag.py:3340} INFO - Setting next_dagrun for redfin_analytics_dag to 2024-05-01T00:08:23.172180+00:00, run_after=2024-05-02T00:08:23.172180+00:00
[2024-05-02T00:08:23.183+0000] {processor.py:176} INFO - Processing /opt/airflow/dags/redfin_analytics.py took 0.742 seconds
[2024-05-02T00:08:53.659+0000] {processor.py:154} INFO - Started process (PID=8782) to work on /opt/airflow/dags/redfin_analytics.py
[2024-05-02T00:08:53.662+0000] {processor.py:756} INFO - Processing file /opt/airflow/dags/redfin_analytics.py for tasks to queue
[2024-05-02T00:08:53.664+0000] {logging_mixin.py:120} INFO - [2024-05-02T00:08:53.664+0000] {dagbag.py:537} INFO - Filling up the DagBag from /opt/airflow/dags/redfin_analytics.py
[2024-05-02T00:08:54.282+0000] {processor.py:766} INFO - DAG(s) dict_keys(['redfin_analytics_dag']) retrieved from /opt/airflow/dags/redfin_analytics.py
[2024-05-02T00:08:54.327+0000] {logging_mixin.py:120} INFO - [2024-05-02T00:08:54.327+0000] {dag.py:2585} INFO - Sync 1 DAGs
[2024-05-02T00:08:54.344+0000] {logging_mixin.py:120} INFO - [2024-05-02T00:08:54.344+0000] {dag.py:3340} INFO - Setting next_dagrun for redfin_analytics_dag to 2024-05-01T00:08:54.344090+00:00, run_after=2024-05-02T00:08:54.344090+00:00
[2024-05-02T00:08:54.367+0000] {processor.py:176} INFO - Processing /opt/airflow/dags/redfin_analytics.py took 0.718 seconds
[2024-05-02T00:09:24.797+0000] {processor.py:154} INFO - Started process (PID=8812) to work on /opt/airflow/dags/redfin_analytics.py
[2024-05-02T00:09:24.799+0000] {processor.py:756} INFO - Processing file /opt/airflow/dags/redfin_analytics.py for tasks to queue
[2024-05-02T00:09:24.800+0000] {logging_mixin.py:120} INFO - [2024-05-02T00:09:24.800+0000] {dagbag.py:537} INFO - Filling up the DagBag from /opt/airflow/dags/redfin_analytics.py
[2024-05-02T00:09:25.390+0000] {processor.py:766} INFO - DAG(s) dict_keys(['redfin_analytics_dag']) retrieved from /opt/airflow/dags/redfin_analytics.py
[2024-05-02T00:09:25.445+0000] {logging_mixin.py:120} INFO - [2024-05-02T00:09:25.445+0000] {dag.py:2585} INFO - Sync 1 DAGs
[2024-05-02T00:09:25.462+0000] {logging_mixin.py:120} INFO - [2024-05-02T00:09:25.462+0000] {dag.py:3340} INFO - Setting next_dagrun for redfin_analytics_dag to 2024-05-01T00:09:25.462488+00:00, run_after=2024-05-02T00:09:25.462488+00:00
[2024-05-02T00:09:25.474+0000] {processor.py:176} INFO - Processing /opt/airflow/dags/redfin_analytics.py took 0.686 seconds
[2024-05-02T00:09:56.084+0000] {processor.py:154} INFO - Started process (PID=8843) to work on /opt/airflow/dags/redfin_analytics.py
[2024-05-02T00:09:56.086+0000] {processor.py:756} INFO - Processing file /opt/airflow/dags/redfin_analytics.py for tasks to queue
[2024-05-02T00:09:56.087+0000] {logging_mixin.py:120} INFO - [2024-05-02T00:09:56.087+0000] {dagbag.py:537} INFO - Filling up the DagBag from /opt/airflow/dags/redfin_analytics.py
[2024-05-02T00:09:56.776+0000] {processor.py:766} INFO - DAG(s) dict_keys(['redfin_analytics_dag']) retrieved from /opt/airflow/dags/redfin_analytics.py
[2024-05-02T00:09:56.824+0000] {logging_mixin.py:120} INFO - [2024-05-02T00:09:56.823+0000] {dag.py:2585} INFO - Sync 1 DAGs
[2024-05-02T00:09:56.852+0000] {logging_mixin.py:120} INFO - [2024-05-02T00:09:56.851+0000] {dag.py:3340} INFO - Setting next_dagrun for redfin_analytics_dag to 2024-05-01T00:09:56.851572+00:00, run_after=2024-05-02T00:09:56.851572+00:00
[2024-05-02T00:09:56.865+0000] {processor.py:176} INFO - Processing /opt/airflow/dags/redfin_analytics.py took 0.786 seconds
[2024-05-02T00:10:27.527+0000] {processor.py:154} INFO - Started process (PID=8865) to work on /opt/airflow/dags/redfin_analytics.py
[2024-05-02T00:10:27.530+0000] {processor.py:756} INFO - Processing file /opt/airflow/dags/redfin_analytics.py for tasks to queue
[2024-05-02T00:10:27.531+0000] {logging_mixin.py:120} INFO - [2024-05-02T00:10:27.531+0000] {dagbag.py:537} INFO - Filling up the DagBag from /opt/airflow/dags/redfin_analytics.py
[2024-05-02T00:10:28.202+0000] {processor.py:766} INFO - DAG(s) dict_keys(['redfin_analytics_dag']) retrieved from /opt/airflow/dags/redfin_analytics.py
[2024-05-02T00:10:28.264+0000] {logging_mixin.py:120} INFO - [2024-05-02T00:10:28.263+0000] {dag.py:2585} INFO - Sync 1 DAGs
[2024-05-02T00:10:28.299+0000] {logging_mixin.py:120} INFO - [2024-05-02T00:10:28.299+0000] {dag.py:3340} INFO - Setting next_dagrun for redfin_analytics_dag to 2024-05-01T00:10:28.299226+00:00, run_after=2024-05-02T00:10:28.299226+00:00
[2024-05-02T00:10:28.314+0000] {processor.py:176} INFO - Processing /opt/airflow/dags/redfin_analytics.py took 0.794 seconds
[2024-05-02T00:10:58.789+0000] {processor.py:154} INFO - Started process (PID=8896) to work on /opt/airflow/dags/redfin_analytics.py
[2024-05-02T00:10:58.792+0000] {processor.py:756} INFO - Processing file /opt/airflow/dags/redfin_analytics.py for tasks to queue
[2024-05-02T00:10:58.794+0000] {logging_mixin.py:120} INFO - [2024-05-02T00:10:58.794+0000] {dagbag.py:537} INFO - Filling up the DagBag from /opt/airflow/dags/redfin_analytics.py
[2024-05-02T00:10:59.422+0000] {processor.py:766} INFO - DAG(s) dict_keys(['redfin_analytics_dag']) retrieved from /opt/airflow/dags/redfin_analytics.py
[2024-05-02T00:10:59.485+0000] {logging_mixin.py:120} INFO - [2024-05-02T00:10:59.484+0000] {dag.py:2585} INFO - Sync 1 DAGs
[2024-05-02T00:10:59.514+0000] {logging_mixin.py:120} INFO - [2024-05-02T00:10:59.513+0000] {dag.py:3340} INFO - Setting next_dagrun for redfin_analytics_dag to 2024-05-01T00:10:59.513576+00:00, run_after=2024-05-02T00:10:59.513576+00:00
[2024-05-02T00:10:59.546+0000] {processor.py:176} INFO - Processing /opt/airflow/dags/redfin_analytics.py took 0.765 seconds
[2024-05-02T00:11:30.210+0000] {processor.py:154} INFO - Started process (PID=8928) to work on /opt/airflow/dags/redfin_analytics.py
[2024-05-02T00:11:30.215+0000] {processor.py:756} INFO - Processing file /opt/airflow/dags/redfin_analytics.py for tasks to queue
[2024-05-02T00:11:30.217+0000] {logging_mixin.py:120} INFO - [2024-05-02T00:11:30.217+0000] {dagbag.py:537} INFO - Filling up the DagBag from /opt/airflow/dags/redfin_analytics.py
[2024-05-02T00:11:33.114+0000] {processor.py:766} INFO - DAG(s) dict_keys(['redfin_analytics_dag']) retrieved from /opt/airflow/dags/redfin_analytics.py
[2024-05-02T00:11:33.162+0000] {logging_mixin.py:120} INFO - [2024-05-02T00:11:33.162+0000] {dag.py:2585} INFO - Sync 1 DAGs
[2024-05-02T00:11:33.207+0000] {logging_mixin.py:120} INFO - [2024-05-02T00:11:33.207+0000] {dag.py:3340} INFO - Setting next_dagrun for redfin_analytics_dag to 2024-05-01T00:11:33.206568+00:00, run_after=2024-05-02T00:11:33.206568+00:00
[2024-05-02T00:11:33.226+0000] {processor.py:176} INFO - Processing /opt/airflow/dags/redfin_analytics.py took 3.031 seconds
[2024-05-02T22:37:57.178+0000] {processor.py:154} INFO - Started process (PID=42) to work on /opt/airflow/dags/redfin_analytics.py
[2024-05-02T22:37:57.189+0000] {processor.py:756} INFO - Processing file /opt/airflow/dags/redfin_analytics.py for tasks to queue
[2024-05-02T22:37:57.195+0000] {logging_mixin.py:120} INFO - [2024-05-02T22:37:57.195+0000] {dagbag.py:537} INFO - Filling up the DagBag from /opt/airflow/dags/redfin_analytics.py
[2024-05-02T22:38:00.671+0000] {processor.py:766} INFO - DAG(s) dict_keys(['redfin_analytics_dag']) retrieved from /opt/airflow/dags/redfin_analytics.py
[2024-05-02T22:38:00.898+0000] {logging_mixin.py:120} INFO - [2024-05-02T22:38:00.898+0000] {dag.py:2585} INFO - Sync 1 DAGs
[2024-05-02T22:38:00.972+0000] {logging_mixin.py:120} INFO - [2024-05-02T22:38:00.970+0000] {dag.py:3340} INFO - Setting next_dagrun for redfin_analytics_dag to 2024-05-01T22:38:00.968577+00:00, run_after=2024-05-02T22:38:00.968577+00:00
[2024-05-02T22:38:01.129+0000] {processor.py:176} INFO - Processing /opt/airflow/dags/redfin_analytics.py took 3.965 seconds
[2024-05-02T22:38:32.500+0000] {processor.py:154} INFO - Started process (PID=63) to work on /opt/airflow/dags/redfin_analytics.py
[2024-05-02T22:38:32.510+0000] {processor.py:756} INFO - Processing file /opt/airflow/dags/redfin_analytics.py for tasks to queue
[2024-05-02T22:38:32.524+0000] {logging_mixin.py:120} INFO - [2024-05-02T22:38:32.524+0000] {dagbag.py:537} INFO - Filling up the DagBag from /opt/airflow/dags/redfin_analytics.py
[2024-05-02T22:38:34.379+0000] {processor.py:766} INFO - DAG(s) dict_keys(['redfin_analytics_dag']) retrieved from /opt/airflow/dags/redfin_analytics.py
[2024-05-02T22:38:34.427+0000] {logging_mixin.py:120} INFO - [2024-05-02T22:38:34.427+0000] {dag.py:2585} INFO - Sync 1 DAGs
[2024-05-02T22:38:34.467+0000] {logging_mixin.py:120} INFO - [2024-05-02T22:38:34.467+0000] {dag.py:3340} INFO - Setting next_dagrun for redfin_analytics_dag to 2024-05-01T22:38:34.467027+00:00, run_after=2024-05-02T22:38:34.467027+00:00
[2024-05-02T22:38:34.483+0000] {processor.py:176} INFO - Processing /opt/airflow/dags/redfin_analytics.py took 2.057 seconds
[2024-05-02T22:39:04.995+0000] {processor.py:154} INFO - Started process (PID=94) to work on /opt/airflow/dags/redfin_analytics.py
[2024-05-02T22:39:04.997+0000] {processor.py:756} INFO - Processing file /opt/airflow/dags/redfin_analytics.py for tasks to queue
[2024-05-02T22:39:04.998+0000] {logging_mixin.py:120} INFO - [2024-05-02T22:39:04.998+0000] {dagbag.py:537} INFO - Filling up the DagBag from /opt/airflow/dags/redfin_analytics.py
[2024-05-02T22:39:05.770+0000] {processor.py:766} INFO - DAG(s) dict_keys(['redfin_analytics_dag']) retrieved from /opt/airflow/dags/redfin_analytics.py
[2024-05-02T22:39:05.825+0000] {logging_mixin.py:120} INFO - [2024-05-02T22:39:05.824+0000] {dag.py:2585} INFO - Sync 1 DAGs
[2024-05-02T22:39:05.846+0000] {logging_mixin.py:120} INFO - [2024-05-02T22:39:05.845+0000] {dag.py:3340} INFO - Setting next_dagrun for redfin_analytics_dag to 2024-05-01T22:39:05.845587+00:00, run_after=2024-05-02T22:39:05.845587+00:00
[2024-05-02T22:39:05.859+0000] {processor.py:176} INFO - Processing /opt/airflow/dags/redfin_analytics.py took 0.875 seconds
[2024-05-02T22:39:36.554+0000] {processor.py:154} INFO - Started process (PID=126) to work on /opt/airflow/dags/redfin_analytics.py
[2024-05-02T22:39:36.559+0000] {processor.py:756} INFO - Processing file /opt/airflow/dags/redfin_analytics.py for tasks to queue
[2024-05-02T22:39:36.560+0000] {logging_mixin.py:120} INFO - [2024-05-02T22:39:36.560+0000] {dagbag.py:537} INFO - Filling up the DagBag from /opt/airflow/dags/redfin_analytics.py
[2024-05-02T22:39:37.095+0000] {processor.py:766} INFO - DAG(s) dict_keys(['redfin_analytics_dag']) retrieved from /opt/airflow/dags/redfin_analytics.py
[2024-05-02T22:39:37.148+0000] {logging_mixin.py:120} INFO - [2024-05-02T22:39:37.148+0000] {dag.py:2585} INFO - Sync 1 DAGs
[2024-05-02T22:39:37.167+0000] {logging_mixin.py:120} INFO - [2024-05-02T22:39:37.167+0000] {dag.py:3340} INFO - Setting next_dagrun for redfin_analytics_dag to 2024-05-01T22:39:37.167141+00:00, run_after=2024-05-02T22:39:37.167141+00:00
[2024-05-02T22:39:37.178+0000] {processor.py:176} INFO - Processing /opt/airflow/dags/redfin_analytics.py took 0.640 seconds
[2024-05-02T22:40:07.646+0000] {processor.py:154} INFO - Started process (PID=157) to work on /opt/airflow/dags/redfin_analytics.py
[2024-05-02T22:40:07.648+0000] {processor.py:756} INFO - Processing file /opt/airflow/dags/redfin_analytics.py for tasks to queue
[2024-05-02T22:40:07.650+0000] {logging_mixin.py:120} INFO - [2024-05-02T22:40:07.650+0000] {dagbag.py:537} INFO - Filling up the DagBag from /opt/airflow/dags/redfin_analytics.py
[2024-05-02T22:40:08.382+0000] {processor.py:766} INFO - DAG(s) dict_keys(['redfin_analytics_dag']) retrieved from /opt/airflow/dags/redfin_analytics.py
[2024-05-02T22:40:08.417+0000] {logging_mixin.py:120} INFO - [2024-05-02T22:40:08.416+0000] {dag.py:2585} INFO - Sync 1 DAGs
[2024-05-02T22:40:08.462+0000] {logging_mixin.py:120} INFO - [2024-05-02T22:40:08.462+0000] {dag.py:3340} INFO - Setting next_dagrun for redfin_analytics_dag to 2024-05-01T22:40:08.461849+00:00, run_after=2024-05-02T22:40:08.461849+00:00
[2024-05-02T22:40:08.475+0000] {processor.py:176} INFO - Processing /opt/airflow/dags/redfin_analytics.py took 0.838 seconds
[2024-05-02T22:40:39.132+0000] {processor.py:154} INFO - Started process (PID=189) to work on /opt/airflow/dags/redfin_analytics.py
[2024-05-02T22:40:39.136+0000] {processor.py:756} INFO - Processing file /opt/airflow/dags/redfin_analytics.py for tasks to queue
[2024-05-02T22:40:39.147+0000] {logging_mixin.py:120} INFO - [2024-05-02T22:40:39.145+0000] {dagbag.py:537} INFO - Filling up the DagBag from /opt/airflow/dags/redfin_analytics.py
[2024-05-02T22:40:40.378+0000] {processor.py:766} INFO - DAG(s) dict_keys(['redfin_analytics_dag']) retrieved from /opt/airflow/dags/redfin_analytics.py
[2024-05-02T22:40:40.421+0000] {logging_mixin.py:120} INFO - [2024-05-02T22:40:40.420+0000] {dag.py:2585} INFO - Sync 1 DAGs
[2024-05-02T22:40:40.492+0000] {logging_mixin.py:120} INFO - [2024-05-02T22:40:40.492+0000] {dag.py:3340} INFO - Setting next_dagrun for redfin_analytics_dag to 2024-05-01T22:40:40.491021+00:00, run_after=2024-05-02T22:40:40.491021+00:00
[2024-05-02T22:40:40.541+0000] {processor.py:176} INFO - Processing /opt/airflow/dags/redfin_analytics.py took 1.414 seconds
[2024-05-02T22:41:11.086+0000] {processor.py:154} INFO - Started process (PID=212) to work on /opt/airflow/dags/redfin_analytics.py
[2024-05-02T22:41:11.090+0000] {processor.py:756} INFO - Processing file /opt/airflow/dags/redfin_analytics.py for tasks to queue
[2024-05-02T22:41:11.092+0000] {logging_mixin.py:120} INFO - [2024-05-02T22:41:11.092+0000] {dagbag.py:537} INFO - Filling up the DagBag from /opt/airflow/dags/redfin_analytics.py
[2024-05-02T22:41:11.654+0000] {processor.py:766} INFO - DAG(s) dict_keys(['redfin_analytics_dag']) retrieved from /opt/airflow/dags/redfin_analytics.py
[2024-05-02T22:41:11.703+0000] {logging_mixin.py:120} INFO - [2024-05-02T22:41:11.702+0000] {dag.py:2585} INFO - Sync 1 DAGs
[2024-05-02T22:41:11.720+0000] {logging_mixin.py:120} INFO - [2024-05-02T22:41:11.720+0000] {dag.py:3340} INFO - Setting next_dagrun for redfin_analytics_dag to 2024-05-01T22:41:11.720710+00:00, run_after=2024-05-02T22:41:11.720710+00:00
[2024-05-02T22:41:11.733+0000] {processor.py:176} INFO - Processing /opt/airflow/dags/redfin_analytics.py took 0.661 seconds
[2024-05-02T22:41:42.478+0000] {processor.py:154} INFO - Started process (PID=244) to work on /opt/airflow/dags/redfin_analytics.py
[2024-05-02T22:41:42.485+0000] {processor.py:756} INFO - Processing file /opt/airflow/dags/redfin_analytics.py for tasks to queue
[2024-05-02T22:41:42.489+0000] {logging_mixin.py:120} INFO - [2024-05-02T22:41:42.489+0000] {dagbag.py:537} INFO - Filling up the DagBag from /opt/airflow/dags/redfin_analytics.py
[2024-05-02T22:41:43.193+0000] {processor.py:766} INFO - DAG(s) dict_keys(['redfin_analytics_dag']) retrieved from /opt/airflow/dags/redfin_analytics.py
[2024-05-02T22:41:43.250+0000] {logging_mixin.py:120} INFO - [2024-05-02T22:41:43.250+0000] {dag.py:2585} INFO - Sync 1 DAGs
[2024-05-02T22:41:43.283+0000] {logging_mixin.py:120} INFO - [2024-05-02T22:41:43.283+0000] {dag.py:3340} INFO - Setting next_dagrun for redfin_analytics_dag to 2024-05-01T22:41:43.283596+00:00, run_after=2024-05-02T22:41:43.283596+00:00
[2024-05-02T22:41:43.297+0000] {processor.py:176} INFO - Processing /opt/airflow/dags/redfin_analytics.py took 0.829 seconds
[2024-05-02T22:42:13.901+0000] {processor.py:154} INFO - Started process (PID=275) to work on /opt/airflow/dags/redfin_analytics.py
[2024-05-02T22:42:13.905+0000] {processor.py:756} INFO - Processing file /opt/airflow/dags/redfin_analytics.py for tasks to queue
[2024-05-02T22:42:13.907+0000] {logging_mixin.py:120} INFO - [2024-05-02T22:42:13.907+0000] {dagbag.py:537} INFO - Filling up the DagBag from /opt/airflow/dags/redfin_analytics.py
[2024-05-02T22:42:14.594+0000] {processor.py:766} INFO - DAG(s) dict_keys(['redfin_analytics_dag']) retrieved from /opt/airflow/dags/redfin_analytics.py
[2024-05-02T22:42:14.638+0000] {logging_mixin.py:120} INFO - [2024-05-02T22:42:14.638+0000] {dag.py:2585} INFO - Sync 1 DAGs
[2024-05-02T22:42:14.661+0000] {logging_mixin.py:120} INFO - [2024-05-02T22:42:14.661+0000] {dag.py:3340} INFO - Setting next_dagrun for redfin_analytics_dag to 2024-05-01T22:42:14.661305+00:00, run_after=2024-05-02T22:42:14.661305+00:00
[2024-05-02T22:42:14.674+0000] {processor.py:176} INFO - Processing /opt/airflow/dags/redfin_analytics.py took 0.794 seconds
[2024-05-02T22:42:21.891+0000] {processor.py:154} INFO - Started process (PID=288) to work on /opt/airflow/dags/redfin_analytics.py
[2024-05-02T22:42:21.899+0000] {processor.py:756} INFO - Processing file /opt/airflow/dags/redfin_analytics.py for tasks to queue
[2024-05-02T22:42:21.906+0000] {logging_mixin.py:120} INFO - [2024-05-02T22:42:21.906+0000] {dagbag.py:537} INFO - Filling up the DagBag from /opt/airflow/dags/redfin_analytics.py
[2024-05-02T22:42:22.518+0000] {logging_mixin.py:120} INFO - [2024-05-02T22:42:22.511+0000] {dagbag.py:342} ERROR - Failed to import: /opt/airflow/dags/redfin_analytics.py
Traceback (most recent call last):
  File "/home/airflow/.local/lib/python3.7/site-packages/airflow/models/dagbag.py", line 338, in parse
    loader.exec_module(new_module)
  File "<frozen importlib._bootstrap_external>", line 728, in exec_module
  File "<frozen importlib._bootstrap>", line 219, in _call_with_frames_removed
  File "/opt/airflow/dags/redfin_analytics.py", line 60, in <module>
    python_callable= extract_redfin_data,
NameError: name 'extract_redfin_data' is not defined
[2024-05-02T22:42:22.519+0000] {processor.py:768} WARNING - No viable dags retrieved from /opt/airflow/dags/redfin_analytics.py
[2024-05-02T22:42:22.573+0000] {processor.py:176} INFO - Processing /opt/airflow/dags/redfin_analytics.py took 0.699 seconds
[2024-05-02T22:42:42.909+0000] {processor.py:154} INFO - Started process (PID=308) to work on /opt/airflow/dags/redfin_analytics.py
[2024-05-02T22:42:42.912+0000] {processor.py:756} INFO - Processing file /opt/airflow/dags/redfin_analytics.py for tasks to queue
[2024-05-02T22:42:42.914+0000] {logging_mixin.py:120} INFO - [2024-05-02T22:42:42.914+0000] {dagbag.py:537} INFO - Filling up the DagBag from /opt/airflow/dags/redfin_analytics.py
[2024-05-02T22:42:43.546+0000] {processor.py:766} INFO - DAG(s) dict_keys(['covid_analytics_dag']) retrieved from /opt/airflow/dags/redfin_analytics.py
[2024-05-02T22:42:43.685+0000] {logging_mixin.py:120} INFO - [2024-05-02T22:42:43.685+0000] {manager.py:507} INFO - Created Permission View: can read on DAG:covid_analytics_dag
[2024-05-02T22:42:43.692+0000] {logging_mixin.py:120} INFO - [2024-05-02T22:42:43.692+0000] {manager.py:507} INFO - Created Permission View: can delete on DAG:covid_analytics_dag
[2024-05-02T22:42:43.696+0000] {logging_mixin.py:120} INFO - [2024-05-02T22:42:43.696+0000] {manager.py:507} INFO - Created Permission View: can edit on DAG:covid_analytics_dag
[2024-05-02T22:42:43.697+0000] {logging_mixin.py:120} INFO - [2024-05-02T22:42:43.697+0000] {dag.py:2585} INFO - Sync 1 DAGs
[2024-05-02T22:42:43.705+0000] {logging_mixin.py:120} INFO - [2024-05-02T22:42:43.705+0000] {dag.py:2606} INFO - Creating ORM DAG for covid_analytics_dag
[2024-05-02T22:42:43.716+0000] {logging_mixin.py:120} INFO - [2024-05-02T22:42:43.715+0000] {dag.py:3340} INFO - Setting next_dagrun for covid_analytics_dag to 2024-05-01T22:42:43.714712+00:00, run_after=2024-05-02T22:42:43.714712+00:00
[2024-05-02T22:42:43.735+0000] {processor.py:176} INFO - Processing /opt/airflow/dags/redfin_analytics.py took 0.836 seconds
[2024-05-02T22:43:14.373+0000] {processor.py:154} INFO - Started process (PID=339) to work on /opt/airflow/dags/redfin_analytics.py
[2024-05-02T22:43:14.376+0000] {processor.py:756} INFO - Processing file /opt/airflow/dags/redfin_analytics.py for tasks to queue
[2024-05-02T22:43:14.378+0000] {logging_mixin.py:120} INFO - [2024-05-02T22:43:14.378+0000] {dagbag.py:537} INFO - Filling up the DagBag from /opt/airflow/dags/redfin_analytics.py
[2024-05-02T22:43:15.321+0000] {processor.py:766} INFO - DAG(s) dict_keys(['covid_analytics_dag']) retrieved from /opt/airflow/dags/redfin_analytics.py
[2024-05-02T22:43:15.358+0000] {logging_mixin.py:120} INFO - [2024-05-02T22:43:15.358+0000] {dag.py:2585} INFO - Sync 1 DAGs
[2024-05-02T22:43:15.375+0000] {logging_mixin.py:120} INFO - [2024-05-02T22:43:15.375+0000] {dag.py:3340} INFO - Setting next_dagrun for covid_analytics_dag to 2024-05-01T22:43:15.375399+00:00, run_after=2024-05-02T22:43:15.375399+00:00
[2024-05-02T22:43:15.385+0000] {processor.py:176} INFO - Processing /opt/airflow/dags/redfin_analytics.py took 1.020 seconds
[2024-05-02T22:43:43.475+0000] {processor.py:154} INFO - Started process (PID=360) to work on /opt/airflow/dags/redfin_analytics.py
[2024-05-02T22:43:43.477+0000] {processor.py:756} INFO - Processing file /opt/airflow/dags/redfin_analytics.py for tasks to queue
[2024-05-02T22:43:43.479+0000] {logging_mixin.py:120} INFO - [2024-05-02T22:43:43.479+0000] {dagbag.py:537} INFO - Filling up the DagBag from /opt/airflow/dags/redfin_analytics.py
[2024-05-02T22:43:44.134+0000] {processor.py:766} INFO - DAG(s) dict_keys(['covid_analytics_dag']) retrieved from /opt/airflow/dags/redfin_analytics.py
[2024-05-02T22:43:44.186+0000] {logging_mixin.py:120} INFO - [2024-05-02T22:43:44.186+0000] {dag.py:2585} INFO - Sync 1 DAGs
[2024-05-02T22:43:44.205+0000] {logging_mixin.py:120} INFO - [2024-05-02T22:43:44.205+0000] {dag.py:3340} INFO - Setting next_dagrun for covid_analytics_dag to 2024-05-01T22:43:44.204862+00:00, run_after=2024-05-02T22:43:44.204862+00:00
[2024-05-02T22:43:44.221+0000] {processor.py:176} INFO - Processing /opt/airflow/dags/redfin_analytics.py took 0.751 seconds
