[2024-04-30T17:08:46.009+0000] {taskinstance.py:1165} INFO - Dependencies all met for <TaskInstance: user_processing.process_user manual__2024-04-30T17:08:40.688376+00:00 [queued]>
[2024-04-30T17:08:46.014+0000] {taskinstance.py:1165} INFO - Dependencies all met for <TaskInstance: user_processing.process_user manual__2024-04-30T17:08:40.688376+00:00 [queued]>
[2024-04-30T17:08:46.015+0000] {taskinstance.py:1362} INFO - 
--------------------------------------------------------------------------------
[2024-04-30T17:08:46.015+0000] {taskinstance.py:1363} INFO - Starting attempt 1 of 1
[2024-04-30T17:08:46.016+0000] {taskinstance.py:1364} INFO - 
--------------------------------------------------------------------------------
[2024-04-30T17:08:46.023+0000] {taskinstance.py:1383} INFO - Executing <Task(PythonOperator): process_user> on 2024-04-30 17:08:40.688376+00:00
[2024-04-30T17:08:46.027+0000] {standard_task_runner.py:55} INFO - Started process 1325 to run task
[2024-04-30T17:08:46.032+0000] {standard_task_runner.py:82} INFO - Running: ['***', 'tasks', 'run', 'user_processing', 'process_user', 'manual__2024-04-30T17:08:40.688376+00:00', '--job-id', '23', '--raw', '--subdir', 'DAGS_FOLDER/user_processing.py', '--cfg-path', '/tmp/tmpyu0a8lex']
[2024-04-30T17:08:46.035+0000] {standard_task_runner.py:83} INFO - Job 23: Subtask process_user
[2024-04-30T17:08:46.101+0000] {task_command.py:376} INFO - Running <TaskInstance: user_processing.process_user manual__2024-04-30T17:08:40.688376+00:00 [running]> on host ec0cac6d8211
[2024-04-30T17:08:46.150+0000] {taskinstance.py:1592} INFO - Exporting the following env vars:
AIRFLOW_CTX_DAG_OWNER=***
AIRFLOW_CTX_DAG_ID=user_processing
AIRFLOW_CTX_TASK_ID=process_user
AIRFLOW_CTX_EXECUTION_DATE=2024-04-30T17:08:40.688376+00:00
AIRFLOW_CTX_TRY_NUMBER=1
AIRFLOW_CTX_DAG_RUN_ID=manual__2024-04-30T17:08:40.688376+00:00
[2024-04-30T17:08:46.167+0000] {python.py:177} INFO - Done. Returned value was: None
[2024-04-30T17:08:46.176+0000] {taskinstance.py:1406} INFO - Marking task as SUCCESS. dag_id=user_processing, task_id=process_user, execution_date=20240430T170840, start_date=20240430T170846, end_date=20240430T170846
[2024-04-30T17:08:46.204+0000] {local_task_job.py:164} INFO - Task exited with return code 0
[2024-04-30T17:08:46.224+0000] {local_task_job.py:273} INFO - 1 downstream tasks scheduled from follow-on schedule check
