[2024-05-03T22:48:18.625+0000] {taskinstance.py:1165} INFO - Dependencies all met for <TaskInstance: covid_analytics_dag.extract_data manual__2024-05-03T22:48:16.330438+00:00 [queued]>
[2024-05-03T22:48:18.640+0000] {taskinstance.py:1165} INFO - Dependencies all met for <TaskInstance: covid_analytics_dag.extract_data manual__2024-05-03T22:48:16.330438+00:00 [queued]>
[2024-05-03T22:48:18.643+0000] {taskinstance.py:1362} INFO - 
--------------------------------------------------------------------------------
[2024-05-03T22:48:18.645+0000] {taskinstance.py:1363} INFO - Starting attempt 1 of 2
[2024-05-03T22:48:18.650+0000] {taskinstance.py:1364} INFO - 
--------------------------------------------------------------------------------
[2024-05-03T22:48:18.666+0000] {taskinstance.py:1383} INFO - Executing <Task(PythonOperator): extract_data> on 2024-05-03 22:48:16.330438+00:00
[2024-05-03T22:48:18.678+0000] {standard_task_runner.py:55} INFO - Started process 2027 to run task
[2024-05-03T22:48:18.689+0000] {standard_task_runner.py:82} INFO - Running: ['***', 'tasks', 'run', 'covid_analytics_dag', 'extract_data', 'manual__2024-05-03T22:48:16.330438+00:00', '--job-id', '73', '--raw', '--subdir', 'DAGS_FOLDER/covid_analytics.py', '--cfg-path', '/tmp/tmp672tkuu_']
[2024-05-03T22:48:18.690+0000] {standard_task_runner.py:83} INFO - Job 73: Subtask extract_data
[2024-05-03T22:48:18.822+0000] {task_command.py:376} INFO - Running <TaskInstance: covid_analytics_dag.extract_data manual__2024-05-03T22:48:16.330438+00:00 [running]> on host 2cb8e808f114
[2024-05-03T22:48:18.954+0000] {taskinstance.py:1592} INFO - Exporting the following env vars:
AIRFLOW_CTX_DAG_OWNER=Diego Munera
AIRFLOW_CTX_DAG_ID=covid_analytics_dag
AIRFLOW_CTX_TASK_ID=extract_data
AIRFLOW_CTX_EXECUTION_DATE=2024-05-03T22:48:16.330438+00:00
AIRFLOW_CTX_TRY_NUMBER=1
AIRFLOW_CTX_DAG_RUN_ID=manual__2024-05-03T22:48:16.330438+00:00
[2024-05-03T22:48:18.996+0000] {credentials.py:1180} INFO - Found credentials in environment variables.
[2024-05-03T22:48:21.565+0000] {logging_mixin.py:120} INFO - {'output_file_path': '/tmp/users_data_03-05-2024-22-48-20.csv', 'file_name': 'users_data_03-05-2024-22-48-20.csv'} ESTE ES EL RESULT++++++++++
[2024-05-03T22:48:21.573+0000] {logging_mixin.py:120} INFO - {'ResponseMetadata': {'RequestId': '4461e401-4453-4e7d-9b4a-efa2c195d5bb', 'HTTPStatusCode': 200, 'HTTPHeaders': {'date': 'Fri, 03 May 2024 22:48:21 GMT', 'content-type': 'application/json', 'content-length': '114', 'connection': 'keep-alive', 'x-amzn-requestid': '4461e401-4453-4e7d-9b4a-efa2c195d5bb', 'x-amzn-remapped-content-length': '0', 'x-amz-executed-version': '$LATEST', 'x-amzn-trace-id': 'root=1-663569b3-5d3215b21f7d67734b71bb35;parent=162fc818a5c6b753;sampled=0;lineage=0b9b4e04:0'}, 'RetryAttempts': 0}, 'StatusCode': 200, 'ExecutedVersion': '$LATEST', 'Payload': <botocore.response.StreamingBody object at 0xffff886e8750>} ESTE ES EL RESPONSE++++++++++
[2024-05-03T22:48:21.592+0000] {python.py:177} INFO - Done. Returned value was: None
[2024-05-03T22:48:21.651+0000] {taskinstance.py:1406} INFO - Marking task as SUCCESS. dag_id=covid_analytics_dag, task_id=extract_data, execution_date=20240503T224816, start_date=20240503T224818, end_date=20240503T224821
[2024-05-03T22:48:21.745+0000] {local_task_job.py:164} INFO - Task exited with return code 0
[2024-05-03T22:48:21.782+0000] {local_task_job.py:273} INFO - 0 downstream tasks scheduled from follow-on schedule check
