[2024-05-04T02:45:18.405+0000] {processor.py:154} INFO - Started process (PID=42) to work on /opt/airflow/dags/user_processing.py
[2024-05-04T02:45:18.412+0000] {processor.py:756} INFO - Processing file /opt/airflow/dags/user_processing.py for tasks to queue
[2024-05-04T02:45:18.421+0000] {logging_mixin.py:120} INFO - [2024-05-04T02:45:18.420+0000] {dagbag.py:537} INFO - Filling up the DagBag from /opt/airflow/dags/user_processing.py
[2024-05-04T02:45:23.238+0000] {processor.py:766} INFO - DAG(s) dict_keys(['user_processing']) retrieved from /opt/airflow/dags/user_processing.py
[2024-05-04T02:45:23.772+0000] {logging_mixin.py:120} INFO - [2024-05-04T02:45:23.767+0000] {dag.py:2585} INFO - Sync 1 DAGs
[2024-05-04T02:45:23.900+0000] {logging_mixin.py:120} INFO - [2024-05-04T02:45:23.900+0000] {dag.py:3340} INFO - Setting next_dagrun for user_processing to 2024-05-03T00:00:00+00:00, run_after=2024-05-04T00:00:00+00:00
[2024-05-04T02:45:23.975+0000] {processor.py:176} INFO - Processing /opt/airflow/dags/user_processing.py took 5.603 seconds
[2024-05-04T02:45:54.425+0000] {processor.py:154} INFO - Started process (PID=63) to work on /opt/airflow/dags/user_processing.py
[2024-05-04T02:45:54.428+0000] {processor.py:756} INFO - Processing file /opt/airflow/dags/user_processing.py for tasks to queue
[2024-05-04T02:45:54.429+0000] {logging_mixin.py:120} INFO - [2024-05-04T02:45:54.429+0000] {dagbag.py:537} INFO - Filling up the DagBag from /opt/airflow/dags/user_processing.py
[2024-05-04T02:45:55.128+0000] {processor.py:766} INFO - DAG(s) dict_keys(['user_processing']) retrieved from /opt/airflow/dags/user_processing.py
[2024-05-04T02:45:55.234+0000] {logging_mixin.py:120} INFO - [2024-05-04T02:45:55.234+0000] {dag.py:2585} INFO - Sync 1 DAGs
[2024-05-04T02:45:55.262+0000] {logging_mixin.py:120} INFO - [2024-05-04T02:45:55.262+0000] {dag.py:3340} INFO - Setting next_dagrun for user_processing to 2024-05-04T00:00:00+00:00, run_after=2024-05-05T00:00:00+00:00
[2024-05-04T02:45:55.276+0000] {processor.py:176} INFO - Processing /opt/airflow/dags/user_processing.py took 0.858 seconds
[2024-05-04T02:46:25.825+0000] {processor.py:154} INFO - Started process (PID=93) to work on /opt/airflow/dags/user_processing.py
[2024-05-04T02:46:25.829+0000] {processor.py:756} INFO - Processing file /opt/airflow/dags/user_processing.py for tasks to queue
[2024-05-04T02:46:25.831+0000] {logging_mixin.py:120} INFO - [2024-05-04T02:46:25.831+0000] {dagbag.py:537} INFO - Filling up the DagBag from /opt/airflow/dags/user_processing.py
[2024-05-04T02:46:26.931+0000] {processor.py:766} INFO - DAG(s) dict_keys(['user_processing']) retrieved from /opt/airflow/dags/user_processing.py
[2024-05-04T02:46:27.212+0000] {logging_mixin.py:120} INFO - [2024-05-04T02:46:27.211+0000] {dag.py:2585} INFO - Sync 1 DAGs
[2024-05-04T02:46:27.249+0000] {logging_mixin.py:120} INFO - [2024-05-04T02:46:27.249+0000] {dag.py:3340} INFO - Setting next_dagrun for user_processing to 2024-05-04T00:00:00+00:00, run_after=2024-05-05T00:00:00+00:00
[2024-05-04T02:46:27.301+0000] {processor.py:176} INFO - Processing /opt/airflow/dags/user_processing.py took 1.487 seconds
[2024-05-04T02:46:57.896+0000] {processor.py:154} INFO - Started process (PID=123) to work on /opt/airflow/dags/user_processing.py
[2024-05-04T02:46:57.898+0000] {processor.py:756} INFO - Processing file /opt/airflow/dags/user_processing.py for tasks to queue
[2024-05-04T02:46:57.899+0000] {logging_mixin.py:120} INFO - [2024-05-04T02:46:57.899+0000] {dagbag.py:537} INFO - Filling up the DagBag from /opt/airflow/dags/user_processing.py
[2024-05-04T02:46:58.497+0000] {processor.py:766} INFO - DAG(s) dict_keys(['user_processing']) retrieved from /opt/airflow/dags/user_processing.py
[2024-05-04T02:46:58.612+0000] {logging_mixin.py:120} INFO - [2024-05-04T02:46:58.612+0000] {dag.py:2585} INFO - Sync 1 DAGs
[2024-05-04T02:46:58.631+0000] {logging_mixin.py:120} INFO - [2024-05-04T02:46:58.630+0000] {dag.py:3340} INFO - Setting next_dagrun for user_processing to 2024-05-04T00:00:00+00:00, run_after=2024-05-05T00:00:00+00:00
[2024-05-04T02:46:58.646+0000] {processor.py:176} INFO - Processing /opt/airflow/dags/user_processing.py took 0.758 seconds
[2024-05-04T02:47:29.124+0000] {processor.py:154} INFO - Started process (PID=153) to work on /opt/airflow/dags/user_processing.py
[2024-05-04T02:47:29.128+0000] {processor.py:756} INFO - Processing file /opt/airflow/dags/user_processing.py for tasks to queue
[2024-05-04T02:47:29.130+0000] {logging_mixin.py:120} INFO - [2024-05-04T02:47:29.130+0000] {dagbag.py:537} INFO - Filling up the DagBag from /opt/airflow/dags/user_processing.py
[2024-05-04T02:47:29.812+0000] {processor.py:766} INFO - DAG(s) dict_keys(['user_processing']) retrieved from /opt/airflow/dags/user_processing.py
[2024-05-04T02:47:29.957+0000] {logging_mixin.py:120} INFO - [2024-05-04T02:47:29.957+0000] {dag.py:2585} INFO - Sync 1 DAGs
[2024-05-04T02:47:29.978+0000] {logging_mixin.py:120} INFO - [2024-05-04T02:47:29.978+0000] {dag.py:3340} INFO - Setting next_dagrun for user_processing to 2024-05-04T00:00:00+00:00, run_after=2024-05-05T00:00:00+00:00
[2024-05-04T02:47:30.001+0000] {processor.py:176} INFO - Processing /opt/airflow/dags/user_processing.py took 0.895 seconds
[2024-05-04T02:48:00.696+0000] {processor.py:154} INFO - Started process (PID=173) to work on /opt/airflow/dags/user_processing.py
[2024-05-04T02:48:00.702+0000] {processor.py:756} INFO - Processing file /opt/airflow/dags/user_processing.py for tasks to queue
[2024-05-04T02:48:00.706+0000] {logging_mixin.py:120} INFO - [2024-05-04T02:48:00.706+0000] {dagbag.py:537} INFO - Filling up the DagBag from /opt/airflow/dags/user_processing.py
[2024-05-04T02:48:01.543+0000] {processor.py:766} INFO - DAG(s) dict_keys(['user_processing']) retrieved from /opt/airflow/dags/user_processing.py
[2024-05-04T02:48:01.720+0000] {logging_mixin.py:120} INFO - [2024-05-04T02:48:01.719+0000] {dag.py:2585} INFO - Sync 1 DAGs
[2024-05-04T02:48:01.747+0000] {logging_mixin.py:120} INFO - [2024-05-04T02:48:01.747+0000] {dag.py:3340} INFO - Setting next_dagrun for user_processing to 2024-05-04T00:00:00+00:00, run_after=2024-05-05T00:00:00+00:00
[2024-05-04T02:48:01.770+0000] {processor.py:176} INFO - Processing /opt/airflow/dags/user_processing.py took 1.103 seconds
[2024-05-04T02:48:32.310+0000] {processor.py:154} INFO - Started process (PID=204) to work on /opt/airflow/dags/user_processing.py
[2024-05-04T02:48:32.312+0000] {processor.py:756} INFO - Processing file /opt/airflow/dags/user_processing.py for tasks to queue
[2024-05-04T02:48:32.313+0000] {logging_mixin.py:120} INFO - [2024-05-04T02:48:32.313+0000] {dagbag.py:537} INFO - Filling up the DagBag from /opt/airflow/dags/user_processing.py
[2024-05-04T02:48:32.881+0000] {processor.py:766} INFO - DAG(s) dict_keys(['user_processing']) retrieved from /opt/airflow/dags/user_processing.py
[2024-05-04T02:48:33.011+0000] {logging_mixin.py:120} INFO - [2024-05-04T02:48:33.011+0000] {dag.py:2585} INFO - Sync 1 DAGs
[2024-05-04T02:48:33.031+0000] {logging_mixin.py:120} INFO - [2024-05-04T02:48:33.031+0000] {dag.py:3340} INFO - Setting next_dagrun for user_processing to 2024-05-04T00:00:00+00:00, run_after=2024-05-05T00:00:00+00:00
[2024-05-04T02:48:33.043+0000] {processor.py:176} INFO - Processing /opt/airflow/dags/user_processing.py took 0.743 seconds
[2024-05-04T02:49:03.747+0000] {processor.py:154} INFO - Started process (PID=233) to work on /opt/airflow/dags/user_processing.py
[2024-05-04T02:49:03.750+0000] {processor.py:756} INFO - Processing file /opt/airflow/dags/user_processing.py for tasks to queue
[2024-05-04T02:49:03.752+0000] {logging_mixin.py:120} INFO - [2024-05-04T02:49:03.752+0000] {dagbag.py:537} INFO - Filling up the DagBag from /opt/airflow/dags/user_processing.py
[2024-05-04T02:49:04.479+0000] {processor.py:766} INFO - DAG(s) dict_keys(['user_processing']) retrieved from /opt/airflow/dags/user_processing.py
[2024-05-04T02:49:04.643+0000] {logging_mixin.py:120} INFO - [2024-05-04T02:49:04.643+0000] {dag.py:2585} INFO - Sync 1 DAGs
[2024-05-04T02:49:04.664+0000] {logging_mixin.py:120} INFO - [2024-05-04T02:49:04.664+0000] {dag.py:3340} INFO - Setting next_dagrun for user_processing to 2024-05-04T00:00:00+00:00, run_after=2024-05-05T00:00:00+00:00
[2024-05-04T02:49:04.675+0000] {processor.py:176} INFO - Processing /opt/airflow/dags/user_processing.py took 0.952 seconds
[2024-05-04T02:49:35.280+0000] {processor.py:154} INFO - Started process (PID=263) to work on /opt/airflow/dags/user_processing.py
[2024-05-04T02:49:35.283+0000] {processor.py:756} INFO - Processing file /opt/airflow/dags/user_processing.py for tasks to queue
[2024-05-04T02:49:35.285+0000] {logging_mixin.py:120} INFO - [2024-05-04T02:49:35.285+0000] {dagbag.py:537} INFO - Filling up the DagBag from /opt/airflow/dags/user_processing.py
[2024-05-04T02:49:35.991+0000] {processor.py:766} INFO - DAG(s) dict_keys(['user_processing']) retrieved from /opt/airflow/dags/user_processing.py
[2024-05-04T02:49:36.331+0000] {logging_mixin.py:120} INFO - [2024-05-04T02:49:36.328+0000] {dag.py:2585} INFO - Sync 1 DAGs
[2024-05-04T02:49:36.372+0000] {logging_mixin.py:120} INFO - [2024-05-04T02:49:36.371+0000] {dag.py:3340} INFO - Setting next_dagrun for user_processing to 2024-05-04T00:00:00+00:00, run_after=2024-05-05T00:00:00+00:00
[2024-05-04T02:49:36.393+0000] {processor.py:176} INFO - Processing /opt/airflow/dags/user_processing.py took 1.120 seconds
[2024-05-04T02:50:06.931+0000] {processor.py:154} INFO - Started process (PID=294) to work on /opt/airflow/dags/user_processing.py
[2024-05-04T02:50:06.935+0000] {processor.py:756} INFO - Processing file /opt/airflow/dags/user_processing.py for tasks to queue
[2024-05-04T02:50:06.938+0000] {logging_mixin.py:120} INFO - [2024-05-04T02:50:06.937+0000] {dagbag.py:537} INFO - Filling up the DagBag from /opt/airflow/dags/user_processing.py
[2024-05-04T02:50:07.848+0000] {processor.py:766} INFO - DAG(s) dict_keys(['user_processing']) retrieved from /opt/airflow/dags/user_processing.py
[2024-05-04T02:50:08.053+0000] {logging_mixin.py:120} INFO - [2024-05-04T02:50:08.053+0000] {dag.py:2585} INFO - Sync 1 DAGs
[2024-05-04T02:50:08.088+0000] {logging_mixin.py:120} INFO - [2024-05-04T02:50:08.088+0000] {dag.py:3340} INFO - Setting next_dagrun for user_processing to 2024-05-04T00:00:00+00:00, run_after=2024-05-05T00:00:00+00:00
[2024-05-04T02:50:08.126+0000] {processor.py:176} INFO - Processing /opt/airflow/dags/user_processing.py took 1.206 seconds
[2024-05-04T02:50:38.607+0000] {processor.py:154} INFO - Started process (PID=324) to work on /opt/airflow/dags/user_processing.py
[2024-05-04T02:50:38.611+0000] {processor.py:756} INFO - Processing file /opt/airflow/dags/user_processing.py for tasks to queue
[2024-05-04T02:50:38.613+0000] {logging_mixin.py:120} INFO - [2024-05-04T02:50:38.612+0000] {dagbag.py:537} INFO - Filling up the DagBag from /opt/airflow/dags/user_processing.py
[2024-05-04T02:50:40.610+0000] {processor.py:766} INFO - DAG(s) dict_keys(['user_processing']) retrieved from /opt/airflow/dags/user_processing.py
[2024-05-04T02:50:40.753+0000] {logging_mixin.py:120} INFO - [2024-05-04T02:50:40.753+0000] {dag.py:2585} INFO - Sync 1 DAGs
[2024-05-04T02:50:40.788+0000] {logging_mixin.py:120} INFO - [2024-05-04T02:50:40.788+0000] {dag.py:3340} INFO - Setting next_dagrun for user_processing to 2024-05-04T00:00:00+00:00, run_after=2024-05-05T00:00:00+00:00
[2024-05-04T02:50:40.807+0000] {processor.py:176} INFO - Processing /opt/airflow/dags/user_processing.py took 2.208 seconds
[2024-05-04T02:51:11.345+0000] {processor.py:154} INFO - Started process (PID=346) to work on /opt/airflow/dags/user_processing.py
[2024-05-04T02:51:11.348+0000] {processor.py:756} INFO - Processing file /opt/airflow/dags/user_processing.py for tasks to queue
[2024-05-04T02:51:11.350+0000] {logging_mixin.py:120} INFO - [2024-05-04T02:51:11.350+0000] {dagbag.py:537} INFO - Filling up the DagBag from /opt/airflow/dags/user_processing.py
[2024-05-04T02:51:12.083+0000] {processor.py:766} INFO - DAG(s) dict_keys(['user_processing']) retrieved from /opt/airflow/dags/user_processing.py
[2024-05-04T02:51:12.298+0000] {logging_mixin.py:120} INFO - [2024-05-04T02:51:12.298+0000] {dag.py:2585} INFO - Sync 1 DAGs
[2024-05-04T02:51:12.329+0000] {logging_mixin.py:120} INFO - [2024-05-04T02:51:12.328+0000] {dag.py:3340} INFO - Setting next_dagrun for user_processing to 2024-05-04T00:00:00+00:00, run_after=2024-05-05T00:00:00+00:00
[2024-05-04T02:51:12.355+0000] {processor.py:176} INFO - Processing /opt/airflow/dags/user_processing.py took 1.017 seconds
[2024-05-04T02:51:43.092+0000] {processor.py:154} INFO - Started process (PID=376) to work on /opt/airflow/dags/user_processing.py
[2024-05-04T02:51:43.095+0000] {processor.py:756} INFO - Processing file /opt/airflow/dags/user_processing.py for tasks to queue
[2024-05-04T02:51:43.096+0000] {logging_mixin.py:120} INFO - [2024-05-04T02:51:43.096+0000] {dagbag.py:537} INFO - Filling up the DagBag from /opt/airflow/dags/user_processing.py
[2024-05-04T02:51:43.679+0000] {processor.py:766} INFO - DAG(s) dict_keys(['user_processing']) retrieved from /opt/airflow/dags/user_processing.py
[2024-05-04T02:51:43.784+0000] {logging_mixin.py:120} INFO - [2024-05-04T02:51:43.784+0000] {dag.py:2585} INFO - Sync 1 DAGs
[2024-05-04T02:51:43.800+0000] {logging_mixin.py:120} INFO - [2024-05-04T02:51:43.800+0000] {dag.py:3340} INFO - Setting next_dagrun for user_processing to 2024-05-04T00:00:00+00:00, run_after=2024-05-05T00:00:00+00:00
[2024-05-04T02:51:43.812+0000] {processor.py:176} INFO - Processing /opt/airflow/dags/user_processing.py took 0.728 seconds
[2024-05-04T02:52:14.310+0000] {processor.py:154} INFO - Started process (PID=405) to work on /opt/airflow/dags/user_processing.py
[2024-05-04T02:52:14.314+0000] {processor.py:756} INFO - Processing file /opt/airflow/dags/user_processing.py for tasks to queue
[2024-05-04T02:52:14.316+0000] {logging_mixin.py:120} INFO - [2024-05-04T02:52:14.316+0000] {dagbag.py:537} INFO - Filling up the DagBag from /opt/airflow/dags/user_processing.py
[2024-05-04T02:52:14.911+0000] {processor.py:766} INFO - DAG(s) dict_keys(['user_processing']) retrieved from /opt/airflow/dags/user_processing.py
[2024-05-04T02:52:15.010+0000] {logging_mixin.py:120} INFO - [2024-05-04T02:52:15.010+0000] {dag.py:2585} INFO - Sync 1 DAGs
[2024-05-04T02:52:15.029+0000] {logging_mixin.py:120} INFO - [2024-05-04T02:52:15.029+0000] {dag.py:3340} INFO - Setting next_dagrun for user_processing to 2024-05-04T00:00:00+00:00, run_after=2024-05-05T00:00:00+00:00
[2024-05-04T02:52:15.040+0000] {processor.py:176} INFO - Processing /opt/airflow/dags/user_processing.py took 0.738 seconds
[2024-05-04T02:52:45.799+0000] {processor.py:154} INFO - Started process (PID=436) to work on /opt/airflow/dags/user_processing.py
[2024-05-04T02:52:45.802+0000] {processor.py:756} INFO - Processing file /opt/airflow/dags/user_processing.py for tasks to queue
[2024-05-04T02:52:45.804+0000] {logging_mixin.py:120} INFO - [2024-05-04T02:52:45.803+0000] {dagbag.py:537} INFO - Filling up the DagBag from /opt/airflow/dags/user_processing.py
[2024-05-04T02:52:46.382+0000] {processor.py:766} INFO - DAG(s) dict_keys(['user_processing']) retrieved from /opt/airflow/dags/user_processing.py
[2024-05-04T02:52:46.488+0000] {logging_mixin.py:120} INFO - [2024-05-04T02:52:46.488+0000] {dag.py:2585} INFO - Sync 1 DAGs
[2024-05-04T02:52:46.504+0000] {logging_mixin.py:120} INFO - [2024-05-04T02:52:46.504+0000] {dag.py:3340} INFO - Setting next_dagrun for user_processing to 2024-05-04T00:00:00+00:00, run_after=2024-05-05T00:00:00+00:00
[2024-05-04T02:52:46.514+0000] {processor.py:176} INFO - Processing /opt/airflow/dags/user_processing.py took 0.722 seconds
[2024-05-04T02:53:16.658+0000] {processor.py:154} INFO - Started process (PID=464) to work on /opt/airflow/dags/user_processing.py
[2024-05-04T02:53:16.667+0000] {processor.py:756} INFO - Processing file /opt/airflow/dags/user_processing.py for tasks to queue
[2024-05-04T02:53:16.673+0000] {logging_mixin.py:120} INFO - [2024-05-04T02:53:16.672+0000] {dagbag.py:537} INFO - Filling up the DagBag from /opt/airflow/dags/user_processing.py
[2024-05-04T02:53:17.614+0000] {processor.py:766} INFO - DAG(s) dict_keys(['user_processing']) retrieved from /opt/airflow/dags/user_processing.py
[2024-05-04T02:53:17.805+0000] {logging_mixin.py:120} INFO - [2024-05-04T02:53:17.805+0000] {dag.py:2585} INFO - Sync 1 DAGs
[2024-05-04T02:53:17.822+0000] {logging_mixin.py:120} INFO - [2024-05-04T02:53:17.822+0000] {dag.py:3340} INFO - Setting next_dagrun for user_processing to 2024-05-04T00:00:00+00:00, run_after=2024-05-05T00:00:00+00:00
[2024-05-04T02:53:17.833+0000] {processor.py:176} INFO - Processing /opt/airflow/dags/user_processing.py took 1.187 seconds
[2024-05-04T02:53:48.297+0000] {processor.py:154} INFO - Started process (PID=484) to work on /opt/airflow/dags/user_processing.py
[2024-05-04T02:53:48.300+0000] {processor.py:756} INFO - Processing file /opt/airflow/dags/user_processing.py for tasks to queue
[2024-05-04T02:53:48.301+0000] {logging_mixin.py:120} INFO - [2024-05-04T02:53:48.301+0000] {dagbag.py:537} INFO - Filling up the DagBag from /opt/airflow/dags/user_processing.py
[2024-05-04T02:53:48.880+0000] {processor.py:766} INFO - DAG(s) dict_keys(['user_processing']) retrieved from /opt/airflow/dags/user_processing.py
[2024-05-04T02:53:49.018+0000] {logging_mixin.py:120} INFO - [2024-05-04T02:53:49.018+0000] {dag.py:2585} INFO - Sync 1 DAGs
[2024-05-04T02:53:49.039+0000] {logging_mixin.py:120} INFO - [2024-05-04T02:53:49.039+0000] {dag.py:3340} INFO - Setting next_dagrun for user_processing to 2024-05-04T00:00:00+00:00, run_after=2024-05-05T00:00:00+00:00
[2024-05-04T02:53:49.052+0000] {processor.py:176} INFO - Processing /opt/airflow/dags/user_processing.py took 0.772 seconds
[2024-05-04T02:54:19.572+0000] {processor.py:154} INFO - Started process (PID=514) to work on /opt/airflow/dags/user_processing.py
[2024-05-04T02:54:19.573+0000] {processor.py:756} INFO - Processing file /opt/airflow/dags/user_processing.py for tasks to queue
[2024-05-04T02:54:19.574+0000] {logging_mixin.py:120} INFO - [2024-05-04T02:54:19.574+0000] {dagbag.py:537} INFO - Filling up the DagBag from /opt/airflow/dags/user_processing.py
[2024-05-04T02:54:20.026+0000] {processor.py:766} INFO - DAG(s) dict_keys(['user_processing']) retrieved from /opt/airflow/dags/user_processing.py
[2024-05-04T02:54:20.131+0000] {logging_mixin.py:120} INFO - [2024-05-04T02:54:20.130+0000] {dag.py:2585} INFO - Sync 1 DAGs
[2024-05-04T02:54:20.146+0000] {logging_mixin.py:120} INFO - [2024-05-04T02:54:20.146+0000] {dag.py:3340} INFO - Setting next_dagrun for user_processing to 2024-05-04T00:00:00+00:00, run_after=2024-05-05T00:00:00+00:00
[2024-05-04T02:54:20.156+0000] {processor.py:176} INFO - Processing /opt/airflow/dags/user_processing.py took 0.588 seconds
[2024-05-04T02:54:50.281+0000] {processor.py:154} INFO - Started process (PID=545) to work on /opt/airflow/dags/user_processing.py
[2024-05-04T02:54:50.284+0000] {processor.py:756} INFO - Processing file /opt/airflow/dags/user_processing.py for tasks to queue
[2024-05-04T02:54:50.287+0000] {logging_mixin.py:120} INFO - [2024-05-04T02:54:50.287+0000] {dagbag.py:537} INFO - Filling up the DagBag from /opt/airflow/dags/user_processing.py
[2024-05-04T02:54:50.908+0000] {processor.py:766} INFO - DAG(s) dict_keys(['user_processing']) retrieved from /opt/airflow/dags/user_processing.py
[2024-05-04T02:54:51.136+0000] {logging_mixin.py:120} INFO - [2024-05-04T02:54:51.135+0000] {dag.py:2585} INFO - Sync 1 DAGs
[2024-05-04T02:54:51.175+0000] {logging_mixin.py:120} INFO - [2024-05-04T02:54:51.175+0000] {dag.py:3340} INFO - Setting next_dagrun for user_processing to 2024-05-04T00:00:00+00:00, run_after=2024-05-05T00:00:00+00:00
[2024-05-04T02:54:51.194+0000] {processor.py:176} INFO - Processing /opt/airflow/dags/user_processing.py took 0.922 seconds
[2024-05-04T02:55:21.915+0000] {processor.py:154} INFO - Started process (PID=574) to work on /opt/airflow/dags/user_processing.py
[2024-05-04T02:55:21.918+0000] {processor.py:756} INFO - Processing file /opt/airflow/dags/user_processing.py for tasks to queue
[2024-05-04T02:55:21.919+0000] {logging_mixin.py:120} INFO - [2024-05-04T02:55:21.919+0000] {dagbag.py:537} INFO - Filling up the DagBag from /opt/airflow/dags/user_processing.py
[2024-05-04T02:55:22.449+0000] {processor.py:766} INFO - DAG(s) dict_keys(['user_processing']) retrieved from /opt/airflow/dags/user_processing.py
[2024-05-04T02:55:22.553+0000] {logging_mixin.py:120} INFO - [2024-05-04T02:55:22.553+0000] {dag.py:2585} INFO - Sync 1 DAGs
[2024-05-04T02:55:22.577+0000] {logging_mixin.py:120} INFO - [2024-05-04T02:55:22.577+0000] {dag.py:3340} INFO - Setting next_dagrun for user_processing to 2024-05-04T00:00:00+00:00, run_after=2024-05-05T00:00:00+00:00
[2024-05-04T02:55:22.588+0000] {processor.py:176} INFO - Processing /opt/airflow/dags/user_processing.py took 0.684 seconds
[2024-05-04T02:55:53.235+0000] {processor.py:154} INFO - Started process (PID=604) to work on /opt/airflow/dags/user_processing.py
[2024-05-04T02:55:53.238+0000] {processor.py:756} INFO - Processing file /opt/airflow/dags/user_processing.py for tasks to queue
[2024-05-04T02:55:53.239+0000] {logging_mixin.py:120} INFO - [2024-05-04T02:55:53.239+0000] {dagbag.py:537} INFO - Filling up the DagBag from /opt/airflow/dags/user_processing.py
[2024-05-04T02:55:54.002+0000] {processor.py:766} INFO - DAG(s) dict_keys(['user_processing']) retrieved from /opt/airflow/dags/user_processing.py
[2024-05-04T02:55:54.122+0000] {logging_mixin.py:120} INFO - [2024-05-04T02:55:54.122+0000] {dag.py:2585} INFO - Sync 1 DAGs
[2024-05-04T02:55:54.149+0000] {logging_mixin.py:120} INFO - [2024-05-04T02:55:54.149+0000] {dag.py:3340} INFO - Setting next_dagrun for user_processing to 2024-05-04T00:00:00+00:00, run_after=2024-05-05T00:00:00+00:00
[2024-05-04T02:55:54.181+0000] {processor.py:176} INFO - Processing /opt/airflow/dags/user_processing.py took 0.956 seconds
[2024-05-04T02:56:24.716+0000] {processor.py:154} INFO - Started process (PID=634) to work on /opt/airflow/dags/user_processing.py
[2024-05-04T02:56:24.724+0000] {processor.py:756} INFO - Processing file /opt/airflow/dags/user_processing.py for tasks to queue
[2024-05-04T02:56:24.731+0000] {logging_mixin.py:120} INFO - [2024-05-04T02:56:24.731+0000] {dagbag.py:537} INFO - Filling up the DagBag from /opt/airflow/dags/user_processing.py
[2024-05-04T02:56:25.520+0000] {processor.py:766} INFO - DAG(s) dict_keys(['user_processing']) retrieved from /opt/airflow/dags/user_processing.py
[2024-05-04T02:56:25.635+0000] {logging_mixin.py:120} INFO - [2024-05-04T02:56:25.635+0000] {dag.py:2585} INFO - Sync 1 DAGs
[2024-05-04T02:56:25.660+0000] {logging_mixin.py:120} INFO - [2024-05-04T02:56:25.660+0000] {dag.py:3340} INFO - Setting next_dagrun for user_processing to 2024-05-04T00:00:00+00:00, run_after=2024-05-05T00:00:00+00:00
[2024-05-04T02:56:25.673+0000] {processor.py:176} INFO - Processing /opt/airflow/dags/user_processing.py took 0.964 seconds
[2024-05-04T02:56:56.096+0000] {processor.py:154} INFO - Started process (PID=655) to work on /opt/airflow/dags/user_processing.py
[2024-05-04T02:56:56.099+0000] {processor.py:756} INFO - Processing file /opt/airflow/dags/user_processing.py for tasks to queue
[2024-05-04T02:56:56.101+0000] {logging_mixin.py:120} INFO - [2024-05-04T02:56:56.100+0000] {dagbag.py:537} INFO - Filling up the DagBag from /opt/airflow/dags/user_processing.py
[2024-05-04T02:56:57.073+0000] {processor.py:766} INFO - DAG(s) dict_keys(['user_processing']) retrieved from /opt/airflow/dags/user_processing.py
[2024-05-04T02:56:57.282+0000] {logging_mixin.py:120} INFO - [2024-05-04T02:56:57.282+0000] {dag.py:2585} INFO - Sync 1 DAGs
[2024-05-04T02:56:57.331+0000] {logging_mixin.py:120} INFO - [2024-05-04T02:56:57.331+0000] {dag.py:3340} INFO - Setting next_dagrun for user_processing to 2024-05-04T00:00:00+00:00, run_after=2024-05-05T00:00:00+00:00
[2024-05-04T02:56:57.356+0000] {processor.py:176} INFO - Processing /opt/airflow/dags/user_processing.py took 1.265 seconds
[2024-05-04T02:57:27.748+0000] {processor.py:154} INFO - Started process (PID=684) to work on /opt/airflow/dags/user_processing.py
[2024-05-04T02:57:27.750+0000] {processor.py:756} INFO - Processing file /opt/airflow/dags/user_processing.py for tasks to queue
[2024-05-04T02:57:27.752+0000] {logging_mixin.py:120} INFO - [2024-05-04T02:57:27.752+0000] {dagbag.py:537} INFO - Filling up the DagBag from /opt/airflow/dags/user_processing.py
[2024-05-04T02:57:28.410+0000] {processor.py:766} INFO - DAG(s) dict_keys(['user_processing']) retrieved from /opt/airflow/dags/user_processing.py
[2024-05-04T02:57:28.537+0000] {logging_mixin.py:120} INFO - [2024-05-04T02:57:28.536+0000] {dag.py:2585} INFO - Sync 1 DAGs
[2024-05-04T02:57:28.562+0000] {logging_mixin.py:120} INFO - [2024-05-04T02:57:28.562+0000] {dag.py:3340} INFO - Setting next_dagrun for user_processing to 2024-05-04T00:00:00+00:00, run_after=2024-05-05T00:00:00+00:00
[2024-05-04T02:57:28.587+0000] {processor.py:176} INFO - Processing /opt/airflow/dags/user_processing.py took 0.847 seconds
[2024-05-04T02:57:59.270+0000] {processor.py:154} INFO - Started process (PID=714) to work on /opt/airflow/dags/user_processing.py
[2024-05-04T02:57:59.272+0000] {processor.py:756} INFO - Processing file /opt/airflow/dags/user_processing.py for tasks to queue
[2024-05-04T02:57:59.274+0000] {logging_mixin.py:120} INFO - [2024-05-04T02:57:59.273+0000] {dagbag.py:537} INFO - Filling up the DagBag from /opt/airflow/dags/user_processing.py
[2024-05-04T02:57:59.898+0000] {processor.py:766} INFO - DAG(s) dict_keys(['user_processing']) retrieved from /opt/airflow/dags/user_processing.py
[2024-05-04T02:58:00.017+0000] {logging_mixin.py:120} INFO - [2024-05-04T02:58:00.016+0000] {dag.py:2585} INFO - Sync 1 DAGs
[2024-05-04T02:58:00.033+0000] {logging_mixin.py:120} INFO - [2024-05-04T02:58:00.033+0000] {dag.py:3340} INFO - Setting next_dagrun for user_processing to 2024-05-04T00:00:00+00:00, run_after=2024-05-05T00:00:00+00:00
[2024-05-04T02:58:00.056+0000] {processor.py:176} INFO - Processing /opt/airflow/dags/user_processing.py took 0.793 seconds
[2024-05-04T02:58:30.808+0000] {processor.py:154} INFO - Started process (PID=744) to work on /opt/airflow/dags/user_processing.py
[2024-05-04T02:58:30.810+0000] {processor.py:756} INFO - Processing file /opt/airflow/dags/user_processing.py for tasks to queue
[2024-05-04T02:58:30.811+0000] {logging_mixin.py:120} INFO - [2024-05-04T02:58:30.811+0000] {dagbag.py:537} INFO - Filling up the DagBag from /opt/airflow/dags/user_processing.py
[2024-05-04T02:58:31.388+0000] {processor.py:766} INFO - DAG(s) dict_keys(['user_processing']) retrieved from /opt/airflow/dags/user_processing.py
[2024-05-04T02:58:31.511+0000] {logging_mixin.py:120} INFO - [2024-05-04T02:58:31.511+0000] {dag.py:2585} INFO - Sync 1 DAGs
[2024-05-04T02:58:31.529+0000] {logging_mixin.py:120} INFO - [2024-05-04T02:58:31.528+0000] {dag.py:3340} INFO - Setting next_dagrun for user_processing to 2024-05-04T00:00:00+00:00, run_after=2024-05-05T00:00:00+00:00
[2024-05-04T02:58:31.541+0000] {processor.py:176} INFO - Processing /opt/airflow/dags/user_processing.py took 0.738 seconds
[2024-05-04T02:59:02.383+0000] {processor.py:154} INFO - Started process (PID=774) to work on /opt/airflow/dags/user_processing.py
[2024-05-04T02:59:02.386+0000] {processor.py:756} INFO - Processing file /opt/airflow/dags/user_processing.py for tasks to queue
[2024-05-04T02:59:02.387+0000] {logging_mixin.py:120} INFO - [2024-05-04T02:59:02.387+0000] {dagbag.py:537} INFO - Filling up the DagBag from /opt/airflow/dags/user_processing.py
[2024-05-04T02:59:02.963+0000] {processor.py:766} INFO - DAG(s) dict_keys(['user_processing']) retrieved from /opt/airflow/dags/user_processing.py
[2024-05-04T02:59:03.084+0000] {logging_mixin.py:120} INFO - [2024-05-04T02:59:03.084+0000] {dag.py:2585} INFO - Sync 1 DAGs
[2024-05-04T02:59:03.103+0000] {logging_mixin.py:120} INFO - [2024-05-04T02:59:03.102+0000] {dag.py:3340} INFO - Setting next_dagrun for user_processing to 2024-05-04T00:00:00+00:00, run_after=2024-05-05T00:00:00+00:00
[2024-05-04T02:59:03.113+0000] {processor.py:176} INFO - Processing /opt/airflow/dags/user_processing.py took 0.738 seconds
[2024-05-04T02:59:33.802+0000] {processor.py:154} INFO - Started process (PID=803) to work on /opt/airflow/dags/user_processing.py
[2024-05-04T02:59:33.805+0000] {processor.py:756} INFO - Processing file /opt/airflow/dags/user_processing.py for tasks to queue
[2024-05-04T02:59:33.807+0000] {logging_mixin.py:120} INFO - [2024-05-04T02:59:33.807+0000] {dagbag.py:537} INFO - Filling up the DagBag from /opt/airflow/dags/user_processing.py
[2024-05-04T02:59:34.267+0000] {processor.py:766} INFO - DAG(s) dict_keys(['user_processing']) retrieved from /opt/airflow/dags/user_processing.py
[2024-05-04T02:59:34.362+0000] {logging_mixin.py:120} INFO - [2024-05-04T02:59:34.362+0000] {dag.py:2585} INFO - Sync 1 DAGs
[2024-05-04T02:59:34.377+0000] {logging_mixin.py:120} INFO - [2024-05-04T02:59:34.376+0000] {dag.py:3340} INFO - Setting next_dagrun for user_processing to 2024-05-04T00:00:00+00:00, run_after=2024-05-05T00:00:00+00:00
[2024-05-04T02:59:34.387+0000] {processor.py:176} INFO - Processing /opt/airflow/dags/user_processing.py took 0.592 seconds
[2024-05-04T03:03:52.057+0000] {processor.py:154} INFO - Started process (PID=33) to work on /opt/airflow/dags/user_processing.py
[2024-05-04T03:03:52.062+0000] {processor.py:756} INFO - Processing file /opt/airflow/dags/user_processing.py for tasks to queue
[2024-05-04T03:03:52.063+0000] {logging_mixin.py:120} INFO - [2024-05-04T03:03:52.063+0000] {dagbag.py:537} INFO - Filling up the DagBag from /opt/airflow/dags/user_processing.py
[2024-05-04T03:03:52.711+0000] {processor.py:766} INFO - DAG(s) dict_keys(['user_processing']) retrieved from /opt/airflow/dags/user_processing.py
[2024-05-04T03:03:52.941+0000] {logging_mixin.py:120} INFO - [2024-05-04T03:03:52.941+0000] {dag.py:2585} INFO - Sync 1 DAGs
[2024-05-04T03:03:53.017+0000] {logging_mixin.py:120} INFO - [2024-05-04T03:03:53.016+0000] {dag.py:3340} INFO - Setting next_dagrun for user_processing to 2024-05-04T00:00:00+00:00, run_after=2024-05-05T00:00:00+00:00
[2024-05-04T03:03:53.065+0000] {processor.py:176} INFO - Processing /opt/airflow/dags/user_processing.py took 1.017 seconds
[2024-05-04T03:04:30.439+0000] {processor.py:154} INFO - Started process (PID=34) to work on /opt/airflow/dags/user_processing.py
[2024-05-04T03:04:30.441+0000] {processor.py:756} INFO - Processing file /opt/airflow/dags/user_processing.py for tasks to queue
[2024-05-04T03:04:30.442+0000] {logging_mixin.py:120} INFO - [2024-05-04T03:04:30.441+0000] {dagbag.py:537} INFO - Filling up the DagBag from /opt/airflow/dags/user_processing.py
[2024-05-04T03:04:31.725+0000] {processor.py:766} INFO - DAG(s) dict_keys(['user_processing']) retrieved from /opt/airflow/dags/user_processing.py
[2024-05-04T03:04:31.982+0000] {logging_mixin.py:120} INFO - [2024-05-04T03:04:31.982+0000] {dag.py:2585} INFO - Sync 1 DAGs
[2024-05-04T03:04:32.017+0000] {logging_mixin.py:120} INFO - [2024-05-04T03:04:32.017+0000] {dag.py:3340} INFO - Setting next_dagrun for user_processing to 2024-05-04T00:00:00+00:00, run_after=2024-05-05T00:00:00+00:00
[2024-05-04T03:04:32.053+0000] {processor.py:176} INFO - Processing /opt/airflow/dags/user_processing.py took 1.619 seconds
[2024-05-04T03:05:02.521+0000] {processor.py:154} INFO - Started process (PID=63) to work on /opt/airflow/dags/user_processing.py
[2024-05-04T03:05:02.525+0000] {processor.py:756} INFO - Processing file /opt/airflow/dags/user_processing.py for tasks to queue
[2024-05-04T03:05:02.532+0000] {logging_mixin.py:120} INFO - [2024-05-04T03:05:02.532+0000] {dagbag.py:537} INFO - Filling up the DagBag from /opt/airflow/dags/user_processing.py
[2024-05-04T03:05:03.999+0000] {processor.py:766} INFO - DAG(s) dict_keys(['user_processing']) retrieved from /opt/airflow/dags/user_processing.py
[2024-05-04T03:05:04.154+0000] {logging_mixin.py:120} INFO - [2024-05-04T03:05:04.153+0000] {dag.py:2585} INFO - Sync 1 DAGs
[2024-05-04T03:05:04.169+0000] {logging_mixin.py:120} INFO - [2024-05-04T03:05:04.169+0000] {dag.py:3340} INFO - Setting next_dagrun for user_processing to 2024-05-04T00:00:00+00:00, run_after=2024-05-05T00:00:00+00:00
[2024-05-04T03:05:04.179+0000] {processor.py:176} INFO - Processing /opt/airflow/dags/user_processing.py took 1.683 seconds
[2024-05-04T03:05:34.352+0000] {processor.py:154} INFO - Started process (PID=94) to work on /opt/airflow/dags/user_processing.py
[2024-05-04T03:05:34.358+0000] {processor.py:756} INFO - Processing file /opt/airflow/dags/user_processing.py for tasks to queue
[2024-05-04T03:05:34.360+0000] {logging_mixin.py:120} INFO - [2024-05-04T03:05:34.360+0000] {dagbag.py:537} INFO - Filling up the DagBag from /opt/airflow/dags/user_processing.py
[2024-05-04T03:05:34.996+0000] {processor.py:766} INFO - DAG(s) dict_keys(['user_processing']) retrieved from /opt/airflow/dags/user_processing.py
[2024-05-04T03:05:35.095+0000] {logging_mixin.py:120} INFO - [2024-05-04T03:05:35.095+0000] {dag.py:2585} INFO - Sync 1 DAGs
[2024-05-04T03:05:35.118+0000] {logging_mixin.py:120} INFO - [2024-05-04T03:05:35.117+0000] {dag.py:3340} INFO - Setting next_dagrun for user_processing to 2024-05-04T00:00:00+00:00, run_after=2024-05-05T00:00:00+00:00
[2024-05-04T03:05:35.141+0000] {processor.py:176} INFO - Processing /opt/airflow/dags/user_processing.py took 0.798 seconds
[2024-05-04T03:06:06.647+0000] {processor.py:154} INFO - Started process (PID=125) to work on /opt/airflow/dags/user_processing.py
[2024-05-04T03:06:06.663+0000] {processor.py:756} INFO - Processing file /opt/airflow/dags/user_processing.py for tasks to queue
[2024-05-04T03:06:06.704+0000] {logging_mixin.py:120} INFO - [2024-05-04T03:06:06.703+0000] {dagbag.py:537} INFO - Filling up the DagBag from /opt/airflow/dags/user_processing.py
[2024-05-04T03:06:18.444+0000] {processor.py:766} INFO - DAG(s) dict_keys(['user_processing']) retrieved from /opt/airflow/dags/user_processing.py
[2024-05-04T03:06:18.928+0000] {logging_mixin.py:120} INFO - [2024-05-04T03:06:18.927+0000] {dag.py:2585} INFO - Sync 1 DAGs
[2024-05-04T03:06:18.990+0000] {logging_mixin.py:120} INFO - [2024-05-04T03:06:18.990+0000] {dag.py:3340} INFO - Setting next_dagrun for user_processing to 2024-05-04T00:00:00+00:00, run_after=2024-05-05T00:00:00+00:00
[2024-05-04T03:06:19.036+0000] {processor.py:176} INFO - Processing /opt/airflow/dags/user_processing.py took 12.479 seconds
[2024-05-04T03:06:49.722+0000] {processor.py:154} INFO - Started process (PID=156) to work on /opt/airflow/dags/user_processing.py
[2024-05-04T03:06:49.730+0000] {processor.py:756} INFO - Processing file /opt/airflow/dags/user_processing.py for tasks to queue
[2024-05-04T03:06:49.737+0000] {logging_mixin.py:120} INFO - [2024-05-04T03:06:49.737+0000] {dagbag.py:537} INFO - Filling up the DagBag from /opt/airflow/dags/user_processing.py
[2024-05-04T03:06:52.200+0000] {processor.py:766} INFO - DAG(s) dict_keys(['user_processing']) retrieved from /opt/airflow/dags/user_processing.py
[2024-05-04T03:06:52.812+0000] {logging_mixin.py:120} INFO - [2024-05-04T03:06:52.810+0000] {dag.py:2585} INFO - Sync 1 DAGs
[2024-05-04T03:06:52.875+0000] {logging_mixin.py:120} INFO - [2024-05-04T03:06:52.875+0000] {dag.py:3340} INFO - Setting next_dagrun for user_processing to 2024-05-04T00:00:00+00:00, run_after=2024-05-05T00:00:00+00:00
[2024-05-04T03:06:52.945+0000] {processor.py:176} INFO - Processing /opt/airflow/dags/user_processing.py took 3.233 seconds
[2024-05-04T03:07:23.376+0000] {processor.py:154} INFO - Started process (PID=186) to work on /opt/airflow/dags/user_processing.py
[2024-05-04T03:07:23.378+0000] {processor.py:756} INFO - Processing file /opt/airflow/dags/user_processing.py for tasks to queue
[2024-05-04T03:07:23.380+0000] {logging_mixin.py:120} INFO - [2024-05-04T03:07:23.380+0000] {dagbag.py:537} INFO - Filling up the DagBag from /opt/airflow/dags/user_processing.py
[2024-05-04T03:07:23.985+0000] {processor.py:766} INFO - DAG(s) dict_keys(['user_processing']) retrieved from /opt/airflow/dags/user_processing.py
[2024-05-04T03:07:24.132+0000] {logging_mixin.py:120} INFO - [2024-05-04T03:07:24.131+0000] {dag.py:2585} INFO - Sync 1 DAGs
[2024-05-04T03:07:24.149+0000] {logging_mixin.py:120} INFO - [2024-05-04T03:07:24.149+0000] {dag.py:3340} INFO - Setting next_dagrun for user_processing to 2024-05-04T00:00:00+00:00, run_after=2024-05-05T00:00:00+00:00
[2024-05-04T03:07:24.160+0000] {processor.py:176} INFO - Processing /opt/airflow/dags/user_processing.py took 0.789 seconds
[2024-05-04T03:07:54.667+0000] {processor.py:154} INFO - Started process (PID=207) to work on /opt/airflow/dags/user_processing.py
[2024-05-04T03:07:54.672+0000] {processor.py:756} INFO - Processing file /opt/airflow/dags/user_processing.py for tasks to queue
[2024-05-04T03:07:54.674+0000] {logging_mixin.py:120} INFO - [2024-05-04T03:07:54.674+0000] {dagbag.py:537} INFO - Filling up the DagBag from /opt/airflow/dags/user_processing.py
[2024-05-04T03:07:56.202+0000] {processor.py:766} INFO - DAG(s) dict_keys(['user_processing']) retrieved from /opt/airflow/dags/user_processing.py
[2024-05-04T03:07:56.359+0000] {logging_mixin.py:120} INFO - [2024-05-04T03:07:56.358+0000] {dag.py:2585} INFO - Sync 1 DAGs
[2024-05-04T03:07:56.383+0000] {logging_mixin.py:120} INFO - [2024-05-04T03:07:56.383+0000] {dag.py:3340} INFO - Setting next_dagrun for user_processing to 2024-05-04T00:00:00+00:00, run_after=2024-05-05T00:00:00+00:00
[2024-05-04T03:07:56.401+0000] {processor.py:176} INFO - Processing /opt/airflow/dags/user_processing.py took 1.750 seconds
[2024-05-04T03:08:27.268+0000] {processor.py:154} INFO - Started process (PID=238) to work on /opt/airflow/dags/user_processing.py
[2024-05-04T03:08:27.271+0000] {processor.py:756} INFO - Processing file /opt/airflow/dags/user_processing.py for tasks to queue
[2024-05-04T03:08:27.273+0000] {logging_mixin.py:120} INFO - [2024-05-04T03:08:27.273+0000] {dagbag.py:537} INFO - Filling up the DagBag from /opt/airflow/dags/user_processing.py
[2024-05-04T03:08:28.039+0000] {processor.py:766} INFO - DAG(s) dict_keys(['user_processing']) retrieved from /opt/airflow/dags/user_processing.py
[2024-05-04T03:08:28.154+0000] {logging_mixin.py:120} INFO - [2024-05-04T03:08:28.154+0000] {dag.py:2585} INFO - Sync 1 DAGs
[2024-05-04T03:08:28.171+0000] {logging_mixin.py:120} INFO - [2024-05-04T03:08:28.171+0000] {dag.py:3340} INFO - Setting next_dagrun for user_processing to 2024-05-04T00:00:00+00:00, run_after=2024-05-05T00:00:00+00:00
[2024-05-04T03:08:28.181+0000] {processor.py:176} INFO - Processing /opt/airflow/dags/user_processing.py took 0.921 seconds
[2024-05-04T23:34:18.877+0000] {processor.py:154} INFO - Started process (PID=34) to work on /opt/airflow/dags/user_processing.py
[2024-05-04T23:34:18.880+0000] {processor.py:756} INFO - Processing file /opt/airflow/dags/user_processing.py for tasks to queue
[2024-05-04T23:34:18.881+0000] {logging_mixin.py:120} INFO - [2024-05-04T23:34:18.881+0000] {dagbag.py:537} INFO - Filling up the DagBag from /opt/airflow/dags/user_processing.py
[2024-05-04T23:34:20.419+0000] {processor.py:766} INFO - DAG(s) dict_keys(['user_processing']) retrieved from /opt/airflow/dags/user_processing.py
[2024-05-04T23:34:20.625+0000] {logging_mixin.py:120} INFO - [2024-05-04T23:34:20.625+0000] {dag.py:2585} INFO - Sync 1 DAGs
[2024-05-04T23:34:20.655+0000] {logging_mixin.py:120} INFO - [2024-05-04T23:34:20.655+0000] {dag.py:3340} INFO - Setting next_dagrun for user_processing to 2024-05-04T00:00:00+00:00, run_after=2024-05-05T00:00:00+00:00
[2024-05-04T23:34:20.673+0000] {processor.py:176} INFO - Processing /opt/airflow/dags/user_processing.py took 1.800 seconds
[2024-05-04T23:34:51.047+0000] {processor.py:154} INFO - Started process (PID=64) to work on /opt/airflow/dags/user_processing.py
[2024-05-04T23:34:51.051+0000] {processor.py:756} INFO - Processing file /opt/airflow/dags/user_processing.py for tasks to queue
[2024-05-04T23:34:51.052+0000] {logging_mixin.py:120} INFO - [2024-05-04T23:34:51.052+0000] {dagbag.py:537} INFO - Filling up the DagBag from /opt/airflow/dags/user_processing.py
[2024-05-04T23:34:51.594+0000] {processor.py:766} INFO - DAG(s) dict_keys(['user_processing']) retrieved from /opt/airflow/dags/user_processing.py
[2024-05-04T23:34:51.693+0000] {logging_mixin.py:120} INFO - [2024-05-04T23:34:51.692+0000] {dag.py:2585} INFO - Sync 1 DAGs
[2024-05-04T23:34:51.708+0000] {logging_mixin.py:120} INFO - [2024-05-04T23:34:51.708+0000] {dag.py:3340} INFO - Setting next_dagrun for user_processing to 2024-05-04T00:00:00+00:00, run_after=2024-05-05T00:00:00+00:00
[2024-05-04T23:34:51.718+0000] {processor.py:176} INFO - Processing /opt/airflow/dags/user_processing.py took 0.677 seconds
[2024-05-04T23:35:22.182+0000] {processor.py:154} INFO - Started process (PID=93) to work on /opt/airflow/dags/user_processing.py
[2024-05-04T23:35:22.185+0000] {processor.py:756} INFO - Processing file /opt/airflow/dags/user_processing.py for tasks to queue
[2024-05-04T23:35:22.186+0000] {logging_mixin.py:120} INFO - [2024-05-04T23:35:22.186+0000] {dagbag.py:537} INFO - Filling up the DagBag from /opt/airflow/dags/user_processing.py
[2024-05-04T23:35:22.582+0000] {processor.py:766} INFO - DAG(s) dict_keys(['user_processing']) retrieved from /opt/airflow/dags/user_processing.py
[2024-05-04T23:35:22.691+0000] {logging_mixin.py:120} INFO - [2024-05-04T23:35:22.691+0000] {dag.py:2585} INFO - Sync 1 DAGs
[2024-05-04T23:35:22.708+0000] {logging_mixin.py:120} INFO - [2024-05-04T23:35:22.708+0000] {dag.py:3340} INFO - Setting next_dagrun for user_processing to 2024-05-04T00:00:00+00:00, run_after=2024-05-05T00:00:00+00:00
[2024-05-04T23:35:22.723+0000] {processor.py:176} INFO - Processing /opt/airflow/dags/user_processing.py took 0.552 seconds
[2024-05-04T23:35:53.073+0000] {processor.py:154} INFO - Started process (PID=122) to work on /opt/airflow/dags/user_processing.py
[2024-05-04T23:35:53.078+0000] {processor.py:756} INFO - Processing file /opt/airflow/dags/user_processing.py for tasks to queue
[2024-05-04T23:35:53.089+0000] {logging_mixin.py:120} INFO - [2024-05-04T23:35:53.089+0000] {dagbag.py:537} INFO - Filling up the DagBag from /opt/airflow/dags/user_processing.py
[2024-05-04T23:35:53.947+0000] {processor.py:766} INFO - DAG(s) dict_keys(['user_processing']) retrieved from /opt/airflow/dags/user_processing.py
[2024-05-04T23:35:54.146+0000] {logging_mixin.py:120} INFO - [2024-05-04T23:35:54.146+0000] {dag.py:2585} INFO - Sync 1 DAGs
[2024-05-04T23:35:54.170+0000] {logging_mixin.py:120} INFO - [2024-05-04T23:35:54.170+0000] {dag.py:3340} INFO - Setting next_dagrun for user_processing to 2024-05-04T00:00:00+00:00, run_after=2024-05-05T00:00:00+00:00
[2024-05-04T23:35:54.184+0000] {processor.py:176} INFO - Processing /opt/airflow/dags/user_processing.py took 1.121 seconds
[2024-05-04T23:36:24.762+0000] {processor.py:154} INFO - Started process (PID=143) to work on /opt/airflow/dags/user_processing.py
[2024-05-04T23:36:24.767+0000] {processor.py:756} INFO - Processing file /opt/airflow/dags/user_processing.py for tasks to queue
[2024-05-04T23:36:24.769+0000] {logging_mixin.py:120} INFO - [2024-05-04T23:36:24.769+0000] {dagbag.py:537} INFO - Filling up the DagBag from /opt/airflow/dags/user_processing.py
[2024-05-04T23:36:25.834+0000] {processor.py:766} INFO - DAG(s) dict_keys(['user_processing']) retrieved from /opt/airflow/dags/user_processing.py
[2024-05-04T23:36:26.059+0000] {logging_mixin.py:120} INFO - [2024-05-04T23:36:26.058+0000] {dag.py:2585} INFO - Sync 1 DAGs
[2024-05-04T23:36:26.090+0000] {logging_mixin.py:120} INFO - [2024-05-04T23:36:26.090+0000] {dag.py:3340} INFO - Setting next_dagrun for user_processing to 2024-05-04T00:00:00+00:00, run_after=2024-05-05T00:00:00+00:00
[2024-05-04T23:36:26.101+0000] {processor.py:176} INFO - Processing /opt/airflow/dags/user_processing.py took 1.346 seconds
[2024-05-04T23:36:56.564+0000] {processor.py:154} INFO - Started process (PID=172) to work on /opt/airflow/dags/user_processing.py
[2024-05-04T23:36:56.567+0000] {processor.py:756} INFO - Processing file /opt/airflow/dags/user_processing.py for tasks to queue
[2024-05-04T23:36:56.569+0000] {logging_mixin.py:120} INFO - [2024-05-04T23:36:56.569+0000] {dagbag.py:537} INFO - Filling up the DagBag from /opt/airflow/dags/user_processing.py
[2024-05-04T23:36:57.065+0000] {processor.py:766} INFO - DAG(s) dict_keys(['user_processing']) retrieved from /opt/airflow/dags/user_processing.py
[2024-05-04T23:36:57.164+0000] {logging_mixin.py:120} INFO - [2024-05-04T23:36:57.163+0000] {dag.py:2585} INFO - Sync 1 DAGs
[2024-05-04T23:36:57.187+0000] {logging_mixin.py:120} INFO - [2024-05-04T23:36:57.187+0000] {dag.py:3340} INFO - Setting next_dagrun for user_processing to 2024-05-04T00:00:00+00:00, run_after=2024-05-05T00:00:00+00:00
[2024-05-04T23:36:57.199+0000] {processor.py:176} INFO - Processing /opt/airflow/dags/user_processing.py took 0.643 seconds
[2024-05-04T23:37:27.337+0000] {processor.py:154} INFO - Started process (PID=201) to work on /opt/airflow/dags/user_processing.py
[2024-05-04T23:37:27.340+0000] {processor.py:756} INFO - Processing file /opt/airflow/dags/user_processing.py for tasks to queue
[2024-05-04T23:37:27.342+0000] {logging_mixin.py:120} INFO - [2024-05-04T23:37:27.342+0000] {dagbag.py:537} INFO - Filling up the DagBag from /opt/airflow/dags/user_processing.py
[2024-05-04T23:37:28.233+0000] {processor.py:766} INFO - DAG(s) dict_keys(['user_processing']) retrieved from /opt/airflow/dags/user_processing.py
[2024-05-04T23:37:28.400+0000] {logging_mixin.py:120} INFO - [2024-05-04T23:37:28.400+0000] {dag.py:2585} INFO - Sync 1 DAGs
[2024-05-04T23:37:28.422+0000] {logging_mixin.py:120} INFO - [2024-05-04T23:37:28.421+0000] {dag.py:3340} INFO - Setting next_dagrun for user_processing to 2024-05-04T00:00:00+00:00, run_after=2024-05-05T00:00:00+00:00
[2024-05-04T23:37:28.448+0000] {processor.py:176} INFO - Processing /opt/airflow/dags/user_processing.py took 1.131 seconds
