[2024-05-08T20:29:47.686+0000] {taskinstance.py:1165} INFO - Dependencies all met for <TaskInstance: user_processing.extract_user scheduled__2024-05-07T00:00:00+00:00 [queued]>
[2024-05-08T20:29:47.700+0000] {taskinstance.py:1165} INFO - Dependencies all met for <TaskInstance: user_processing.extract_user scheduled__2024-05-07T00:00:00+00:00 [queued]>
[2024-05-08T20:29:47.701+0000] {taskinstance.py:1362} INFO - 
--------------------------------------------------------------------------------
[2024-05-08T20:29:47.701+0000] {taskinstance.py:1363} INFO - Starting attempt 1 of 1
[2024-05-08T20:29:47.702+0000] {taskinstance.py:1364} INFO - 
--------------------------------------------------------------------------------
[2024-05-08T20:29:47.715+0000] {taskinstance.py:1383} INFO - Executing <Task(SimpleHttpOperator): extract_user> on 2024-05-07 00:00:00+00:00
[2024-05-08T20:29:47.747+0000] {standard_task_runner.py:55} INFO - Started process 112 to run task
[2024-05-08T20:29:47.754+0000] {standard_task_runner.py:82} INFO - Running: ['***', 'tasks', 'run', 'user_processing', 'extract_user', 'scheduled__2024-05-07T00:00:00+00:00', '--job-id', '108', '--raw', '--subdir', 'DAGS_FOLDER/user_processing.py', '--cfg-path', '/tmp/tmplyyhpxhg']
[2024-05-08T20:29:47.759+0000] {standard_task_runner.py:83} INFO - Job 108: Subtask extract_user
[2024-05-08T20:29:47.921+0000] {task_command.py:376} INFO - Running <TaskInstance: user_processing.extract_user scheduled__2024-05-07T00:00:00+00:00 [running]> on host 639acdafcb82
[2024-05-08T20:29:48.043+0000] {taskinstance.py:1592} INFO - Exporting the following env vars:
AIRFLOW_CTX_DAG_OWNER=***
AIRFLOW_CTX_DAG_ID=user_processing
AIRFLOW_CTX_TASK_ID=extract_user
AIRFLOW_CTX_EXECUTION_DATE=2024-05-07T00:00:00+00:00
AIRFLOW_CTX_TRY_NUMBER=1
AIRFLOW_CTX_DAG_RUN_ID=scheduled__2024-05-07T00:00:00+00:00
[2024-05-08T20:29:48.047+0000] {http.py:121} INFO - Calling HTTP method
[2024-05-08T20:29:48.058+0000] {base.py:71} INFO - Using connection ID 'user_api' for task execution.
[2024-05-08T20:29:48.060+0000] {http.py:148} INFO - Sending 'GET' to url: https://randomuser.me/api/
[2024-05-08T20:29:48.344+0000] {http.py:125} INFO - {"results":[{"gender":"male","name":{"title":"Mr","first":"Manuel","last":"Hall"},"location":{"street":{"number":2621,"name":"Washington Ave"},"city":"Bueblo","state":"West Virginia","country":"United States","postcode":52014,"coordinates":{"latitude":"83.1524","longitude":"-178.9480"},"timezone":{"offset":"-4:00","description":"Atlantic Time (Canada), Caracas, La Paz"}},"email":"manuel.hall@example.com","login":{"uuid":"a544f1f7-a6e8-4f4a-9488-76f5f0893a52","username":"orangeleopard542","password":"dakota1","salt":"Qx4F0pPZ","md5":"4438482f1ef08d4667b1df7a63eedc62","sha1":"654e6368262963333867eddf7a13bf0802653ffc","sha256":"9b03146448b92f7d73f086e362b65f3d6cbe87b0cd9733a8ccfa6e1394350b6e"},"dob":{"date":"1966-01-24T16:36:07.276Z","age":58},"registered":{"date":"2022-01-25T16:47:52.457Z","age":2},"phone":"(905) 626-3196","cell":"(520) 582-3156","id":{"name":"SSN","value":"345-72-8421"},"picture":{"large":"https://randomuser.me/api/portraits/men/37.jpg","medium":"https://randomuser.me/api/portraits/med/men/37.jpg","thumbnail":"https://randomuser.me/api/portraits/thumb/men/37.jpg"},"nat":"US"}],"info":{"seed":"7a38af0ebd049c92","results":1,"page":1,"version":"1.4"}}
[2024-05-08T20:29:48.382+0000] {taskinstance.py:1406} INFO - Marking task as SUCCESS. dag_id=user_processing, task_id=extract_user, execution_date=20240507T000000, start_date=20240508T202947, end_date=20240508T202948
[2024-05-08T20:29:48.457+0000] {local_task_job.py:164} INFO - Task exited with return code 0
[2024-05-08T20:29:48.550+0000] {local_task_job.py:273} INFO - 1 downstream tasks scheduled from follow-on schedule check
