[2024-04-30T16:53:50.919+0000] {taskinstance.py:1165} INFO - Dependencies all met for <TaskInstance: user_processing.extract_user scheduled__2024-04-29T00:00:00+00:00 [queued]>
[2024-04-30T16:53:50.927+0000] {taskinstance.py:1165} INFO - Dependencies all met for <TaskInstance: user_processing.extract_user scheduled__2024-04-29T00:00:00+00:00 [queued]>
[2024-04-30T16:53:50.928+0000] {taskinstance.py:1362} INFO - 
--------------------------------------------------------------------------------
[2024-04-30T16:53:50.929+0000] {taskinstance.py:1363} INFO - Starting attempt 1 of 1
[2024-04-30T16:53:50.929+0000] {taskinstance.py:1364} INFO - 
--------------------------------------------------------------------------------
[2024-04-30T16:53:50.937+0000] {taskinstance.py:1383} INFO - Executing <Task(SimpleHttpOperator): extract_user> on 2024-04-29 00:00:00+00:00
[2024-04-30T16:53:50.943+0000] {standard_task_runner.py:55} INFO - Started process 618 to run task
[2024-04-30T16:53:50.950+0000] {standard_task_runner.py:82} INFO - Running: ['***', 'tasks', 'run', 'user_processing', 'extract_user', 'scheduled__2024-04-29T00:00:00+00:00', '--job-id', '9', '--raw', '--subdir', 'DAGS_FOLDER/user_processing.py', '--cfg-path', '/tmp/tmp850a1pcs']
[2024-04-30T16:53:50.953+0000] {standard_task_runner.py:83} INFO - Job 9: Subtask extract_user
[2024-04-30T16:53:51.047+0000] {task_command.py:376} INFO - Running <TaskInstance: user_processing.extract_user scheduled__2024-04-29T00:00:00+00:00 [running]> on host ec0cac6d8211
[2024-04-30T16:53:51.135+0000] {taskinstance.py:1592} INFO - Exporting the following env vars:
AIRFLOW_CTX_DAG_OWNER=***
AIRFLOW_CTX_DAG_ID=user_processing
AIRFLOW_CTX_TASK_ID=extract_user
AIRFLOW_CTX_EXECUTION_DATE=2024-04-29T00:00:00+00:00
AIRFLOW_CTX_TRY_NUMBER=1
AIRFLOW_CTX_DAG_RUN_ID=scheduled__2024-04-29T00:00:00+00:00
[2024-04-30T16:53:51.137+0000] {http.py:121} INFO - Calling HTTP method
[2024-04-30T16:53:51.147+0000] {base.py:71} INFO - Using connection ID 'user_api' for task execution.
[2024-04-30T16:53:51.149+0000] {http.py:148} INFO - Sending 'GET' to url: https://randomuser.me/api/
[2024-04-30T16:53:51.397+0000] {http.py:125} INFO - {"results":[{"gender":"male","name":{"title":"Monsieur","first":"Dirk","last":"Fournier"},"location":{"street":{"number":7046,"name":"Rue de la Baleine"},"city":"Le Landeron","state":"Solothurn","country":"Switzerland","postcode":2564,"coordinates":{"latitude":"-56.2981","longitude":"-158.1061"},"timezone":{"offset":"-12:00","description":"Eniwetok, Kwajalein"}},"email":"dirk.fournier@example.com","login":{"uuid":"350b97b5-72da-4e2e-8a9b-94ca23f7dd59","username":"organicpeacock618","password":"niang","salt":"Ej2P4k6b","md5":"bf81cd97d759631b7a98953e0a637924","sha1":"45acb1f5f85b98a58972728ee05be6091588d59d","sha256":"3d27db6d37f4270c5e1bfe05941457995b913d0f3c52305f90c5e769af7e25c0"},"dob":{"date":"1961-04-05T02:57:06.361Z","age":63},"registered":{"date":"2018-04-28T05:01:01.658Z","age":6},"phone":"075 948 83 66","cell":"076 304 28 56","id":{"name":"AVS","value":"756.8410.6055.19"},"picture":{"large":"https://randomuser.me/api/portraits/men/64.jpg","medium":"https://randomuser.me/api/portraits/med/men/64.jpg","thumbnail":"https://randomuser.me/api/portraits/thumb/men/64.jpg"},"nat":"CH"}],"info":{"seed":"9e435c29e8e97220","results":1,"page":1,"version":"1.4"}}
[2024-04-30T16:53:51.423+0000] {taskinstance.py:1406} INFO - Marking task as SUCCESS. dag_id=user_processing, task_id=extract_user, execution_date=20240429T000000, start_date=20240430T165350, end_date=20240430T165351
[2024-04-30T16:53:51.444+0000] {local_task_job.py:164} INFO - Task exited with return code 0
[2024-04-30T16:53:51.469+0000] {local_task_job.py:273} INFO - 1 downstream tasks scheduled from follow-on schedule check
