[2024-05-08T20:29:43.711+0000] {taskinstance.py:1165} INFO - Dependencies all met for <TaskInstance: user_processing.is_api_available scheduled__2024-05-07T00:00:00+00:00 [queued]>
[2024-05-08T20:29:43.740+0000] {taskinstance.py:1165} INFO - Dependencies all met for <TaskInstance: user_processing.is_api_available scheduled__2024-05-07T00:00:00+00:00 [queued]>
[2024-05-08T20:29:43.744+0000] {taskinstance.py:1362} INFO - 
--------------------------------------------------------------------------------
[2024-05-08T20:29:43.746+0000] {taskinstance.py:1363} INFO - Starting attempt 1 of 1
[2024-05-08T20:29:43.747+0000] {taskinstance.py:1364} INFO - 
--------------------------------------------------------------------------------
[2024-05-08T20:29:43.774+0000] {taskinstance.py:1383} INFO - Executing <Task(HttpSensor): is_api_available> on 2024-05-07 00:00:00+00:00
[2024-05-08T20:29:43.803+0000] {standard_task_runner.py:55} INFO - Started process 100 to run task
[2024-05-08T20:29:43.828+0000] {standard_task_runner.py:82} INFO - Running: ['***', 'tasks', 'run', 'user_processing', 'is_api_available', 'scheduled__2024-05-07T00:00:00+00:00', '--job-id', '107', '--raw', '--subdir', 'DAGS_FOLDER/user_processing.py', '--cfg-path', '/tmp/tmpyzcw3gsb']
[2024-05-08T20:29:43.838+0000] {standard_task_runner.py:83} INFO - Job 107: Subtask is_api_available
[2024-05-08T20:29:44.130+0000] {task_command.py:376} INFO - Running <TaskInstance: user_processing.is_api_available scheduled__2024-05-07T00:00:00+00:00 [running]> on host 639acdafcb82
[2024-05-08T20:29:44.331+0000] {taskinstance.py:1592} INFO - Exporting the following env vars:
AIRFLOW_CTX_DAG_OWNER=***
AIRFLOW_CTX_DAG_ID=user_processing
AIRFLOW_CTX_TASK_ID=is_api_available
AIRFLOW_CTX_EXECUTION_DATE=2024-05-07T00:00:00+00:00
AIRFLOW_CTX_TRY_NUMBER=1
AIRFLOW_CTX_DAG_RUN_ID=scheduled__2024-05-07T00:00:00+00:00
[2024-05-08T20:29:44.344+0000] {http.py:120} INFO - Poking: api/
[2024-05-08T20:29:44.373+0000] {base.py:71} INFO - Using connection ID 'user_api' for task execution.
[2024-05-08T20:29:44.392+0000] {http.py:148} INFO - Sending 'GET' to url: https://randomuser.me/api/
[2024-05-08T20:29:45.229+0000] {base.py:213} INFO - Success criteria met. Exiting.
[2024-05-08T20:29:45.290+0000] {taskinstance.py:1406} INFO - Marking task as SUCCESS. dag_id=user_processing, task_id=is_api_available, execution_date=20240507T000000, start_date=20240508T202943, end_date=20240508T202945
[2024-05-08T20:29:45.410+0000] {local_task_job.py:164} INFO - Task exited with return code 0
[2024-05-08T20:29:45.585+0000] {local_task_job.py:273} INFO - 1 downstream tasks scheduled from follow-on schedule check
