[2024-04-30T16:35:09.719+0000] {processor.py:154} INFO - Started process (PID=67) to work on /home/airflow/.local/lib/python3.7/site-packages/airflow/example_dags/example_short_circuit_operator.py
[2024-04-30T16:35:09.807+0000] {processor.py:756} INFO - Processing file /home/airflow/.local/lib/python3.7/site-packages/airflow/example_dags/example_short_circuit_operator.py for tasks to queue
[2024-04-30T16:35:09.863+0000] {logging_mixin.py:120} INFO - [2024-04-30T16:35:09.846+0000] {dagbag.py:537} INFO - Filling up the DagBag from /home/airflow/.local/lib/python3.7/site-packages/airflow/example_dags/example_short_circuit_operator.py
[2024-04-30T16:35:11.268+0000] {processor.py:766} INFO - DAG(s) dict_keys(['example_short_circuit_operator']) retrieved from /home/airflow/.local/lib/python3.7/site-packages/airflow/example_dags/example_short_circuit_operator.py
[2024-04-30T16:35:23.039+0000] {logging_mixin.py:120} INFO - [2024-04-30T16:35:22.423+0000] {manager.py:507} INFO - Created Permission View: can read on DAG:example_short_circuit_operator
[2024-04-30T16:35:23.730+0000] {logging_mixin.py:120} INFO - [2024-04-30T16:35:23.729+0000] {manager.py:507} INFO - Created Permission View: can edit on DAG:example_short_circuit_operator
[2024-04-30T16:35:23.886+0000] {logging_mixin.py:120} INFO - [2024-04-30T16:35:23.886+0000] {manager.py:507} INFO - Created Permission View: can delete on DAG:example_short_circuit_operator
[2024-04-30T16:35:23.909+0000] {logging_mixin.py:120} INFO - [2024-04-30T16:35:23.906+0000] {dag.py:2585} INFO - Sync 1 DAGs
[2024-04-30T16:35:26.945+0000] {logging_mixin.py:120} INFO - [2024-04-30T16:35:26.792+0000] {dag.py:2606} INFO - Creating ORM DAG for example_short_circuit_operator
[2024-04-30T16:35:30.626+0000] {logging_mixin.py:120} INFO - [2024-04-30T16:35:30.593+0000] {dag.py:3340} INFO - Setting next_dagrun for example_short_circuit_operator to 2024-04-29T16:35:29.598061+00:00, run_after=2024-04-30T16:35:29.598061+00:00
[2024-04-30T16:35:34.938+0000] {processor.py:176} INFO - Processing /home/airflow/.local/lib/python3.7/site-packages/airflow/example_dags/example_short_circuit_operator.py took 25.312 seconds
[2024-04-30T16:37:08.223+0000] {processor.py:154} INFO - Started process (PID=160) to work on /home/airflow/.local/lib/python3.7/site-packages/airflow/example_dags/example_short_circuit_operator.py
[2024-04-30T16:37:08.232+0000] {processor.py:756} INFO - Processing file /home/airflow/.local/lib/python3.7/site-packages/airflow/example_dags/example_short_circuit_operator.py for tasks to queue
[2024-04-30T16:37:08.273+0000] {logging_mixin.py:120} INFO - [2024-04-30T16:37:08.273+0000] {dagbag.py:537} INFO - Filling up the DagBag from /home/airflow/.local/lib/python3.7/site-packages/airflow/example_dags/example_short_circuit_operator.py
[2024-04-30T16:37:08.489+0000] {processor.py:766} INFO - DAG(s) dict_keys(['example_short_circuit_operator']) retrieved from /home/airflow/.local/lib/python3.7/site-packages/airflow/example_dags/example_short_circuit_operator.py
[2024-04-30T16:37:09.469+0000] {logging_mixin.py:120} INFO - [2024-04-30T16:37:09.469+0000] {dag.py:2585} INFO - Sync 1 DAGs
[2024-04-30T16:37:09.625+0000] {logging_mixin.py:120} INFO - [2024-04-30T16:37:09.624+0000] {dag.py:3340} INFO - Setting next_dagrun for example_short_circuit_operator to 2024-04-29T16:37:09.620146+00:00, run_after=2024-04-30T16:37:09.620146+00:00
[2024-04-30T16:37:09.739+0000] {processor.py:176} INFO - Processing /home/airflow/.local/lib/python3.7/site-packages/airflow/example_dags/example_short_circuit_operator.py took 1.527 seconds
[2024-04-30T16:37:41.025+0000] {processor.py:154} INFO - Started process (PID=214) to work on /home/airflow/.local/lib/python3.7/site-packages/airflow/example_dags/example_short_circuit_operator.py
[2024-04-30T16:37:41.067+0000] {processor.py:756} INFO - Processing file /home/airflow/.local/lib/python3.7/site-packages/airflow/example_dags/example_short_circuit_operator.py for tasks to queue
[2024-04-30T16:37:41.070+0000] {logging_mixin.py:120} INFO - [2024-04-30T16:37:41.070+0000] {dagbag.py:537} INFO - Filling up the DagBag from /home/airflow/.local/lib/python3.7/site-packages/airflow/example_dags/example_short_circuit_operator.py
[2024-04-30T16:37:41.115+0000] {processor.py:766} INFO - DAG(s) dict_keys(['example_short_circuit_operator']) retrieved from /home/airflow/.local/lib/python3.7/site-packages/airflow/example_dags/example_short_circuit_operator.py
[2024-04-30T16:37:41.252+0000] {logging_mixin.py:120} INFO - [2024-04-30T16:37:41.252+0000] {dag.py:2585} INFO - Sync 1 DAGs
[2024-04-30T16:37:41.324+0000] {logging_mixin.py:120} INFO - [2024-04-30T16:37:41.324+0000] {dag.py:3340} INFO - Setting next_dagrun for example_short_circuit_operator to 2024-04-29T16:37:41.322640+00:00, run_after=2024-04-30T16:37:41.322640+00:00
[2024-04-30T16:37:41.400+0000] {processor.py:176} INFO - Processing /home/airflow/.local/lib/python3.7/site-packages/airflow/example_dags/example_short_circuit_operator.py took 0.386 seconds
[2024-04-30T16:38:11.618+0000] {processor.py:154} INFO - Started process (PID=267) to work on /home/airflow/.local/lib/python3.7/site-packages/airflow/example_dags/example_short_circuit_operator.py
[2024-04-30T16:38:11.631+0000] {processor.py:756} INFO - Processing file /home/airflow/.local/lib/python3.7/site-packages/airflow/example_dags/example_short_circuit_operator.py for tasks to queue
[2024-04-30T16:38:11.634+0000] {logging_mixin.py:120} INFO - [2024-04-30T16:38:11.634+0000] {dagbag.py:537} INFO - Filling up the DagBag from /home/airflow/.local/lib/python3.7/site-packages/airflow/example_dags/example_short_circuit_operator.py
[2024-04-30T16:38:11.726+0000] {processor.py:766} INFO - DAG(s) dict_keys(['example_short_circuit_operator']) retrieved from /home/airflow/.local/lib/python3.7/site-packages/airflow/example_dags/example_short_circuit_operator.py
[2024-04-30T16:38:11.852+0000] {logging_mixin.py:120} INFO - [2024-04-30T16:38:11.852+0000] {dag.py:2585} INFO - Sync 1 DAGs
[2024-04-30T16:38:11.896+0000] {logging_mixin.py:120} INFO - [2024-04-30T16:38:11.896+0000] {dag.py:3340} INFO - Setting next_dagrun for example_short_circuit_operator to 2024-04-29T16:38:11.896199+00:00, run_after=2024-04-30T16:38:11.896199+00:00
[2024-04-30T16:38:11.928+0000] {processor.py:176} INFO - Processing /home/airflow/.local/lib/python3.7/site-packages/airflow/example_dags/example_short_circuit_operator.py took 0.323 seconds
[2024-04-30T16:38:42.245+0000] {processor.py:154} INFO - Started process (PID=332) to work on /home/airflow/.local/lib/python3.7/site-packages/airflow/example_dags/example_short_circuit_operator.py
[2024-04-30T16:38:42.246+0000] {processor.py:756} INFO - Processing file /home/airflow/.local/lib/python3.7/site-packages/airflow/example_dags/example_short_circuit_operator.py for tasks to queue
[2024-04-30T16:38:42.248+0000] {logging_mixin.py:120} INFO - [2024-04-30T16:38:42.247+0000] {dagbag.py:537} INFO - Filling up the DagBag from /home/airflow/.local/lib/python3.7/site-packages/airflow/example_dags/example_short_circuit_operator.py
[2024-04-30T16:38:42.309+0000] {processor.py:766} INFO - DAG(s) dict_keys(['example_short_circuit_operator']) retrieved from /home/airflow/.local/lib/python3.7/site-packages/airflow/example_dags/example_short_circuit_operator.py
[2024-04-30T16:38:42.410+0000] {logging_mixin.py:120} INFO - [2024-04-30T16:38:42.410+0000] {dag.py:2585} INFO - Sync 1 DAGs
[2024-04-30T16:38:42.439+0000] {logging_mixin.py:120} INFO - [2024-04-30T16:38:42.439+0000] {dag.py:3340} INFO - Setting next_dagrun for example_short_circuit_operator to 2024-04-29T16:38:42.438673+00:00, run_after=2024-04-30T16:38:42.438673+00:00
[2024-04-30T16:38:42.453+0000] {processor.py:176} INFO - Processing /home/airflow/.local/lib/python3.7/site-packages/airflow/example_dags/example_short_circuit_operator.py took 0.213 seconds
[2024-04-30T16:39:12.636+0000] {processor.py:154} INFO - Started process (PID=386) to work on /home/airflow/.local/lib/python3.7/site-packages/airflow/example_dags/example_short_circuit_operator.py
[2024-04-30T16:39:12.639+0000] {processor.py:756} INFO - Processing file /home/airflow/.local/lib/python3.7/site-packages/airflow/example_dags/example_short_circuit_operator.py for tasks to queue
[2024-04-30T16:39:12.641+0000] {logging_mixin.py:120} INFO - [2024-04-30T16:39:12.641+0000] {dagbag.py:537} INFO - Filling up the DagBag from /home/airflow/.local/lib/python3.7/site-packages/airflow/example_dags/example_short_circuit_operator.py
[2024-04-30T16:39:12.686+0000] {processor.py:766} INFO - DAG(s) dict_keys(['example_short_circuit_operator']) retrieved from /home/airflow/.local/lib/python3.7/site-packages/airflow/example_dags/example_short_circuit_operator.py
[2024-04-30T16:39:12.778+0000] {logging_mixin.py:120} INFO - [2024-04-30T16:39:12.778+0000] {dag.py:2585} INFO - Sync 1 DAGs
[2024-04-30T16:39:12.804+0000] {logging_mixin.py:120} INFO - [2024-04-30T16:39:12.804+0000] {dag.py:3340} INFO - Setting next_dagrun for example_short_circuit_operator to 2024-04-29T16:39:12.803839+00:00, run_after=2024-04-30T16:39:12.803839+00:00
[2024-04-30T16:39:12.823+0000] {processor.py:176} INFO - Processing /home/airflow/.local/lib/python3.7/site-packages/airflow/example_dags/example_short_circuit_operator.py took 0.207 seconds
[2024-04-30T16:39:43.023+0000] {processor.py:154} INFO - Started process (PID=450) to work on /home/airflow/.local/lib/python3.7/site-packages/airflow/example_dags/example_short_circuit_operator.py
[2024-04-30T16:39:43.025+0000] {processor.py:756} INFO - Processing file /home/airflow/.local/lib/python3.7/site-packages/airflow/example_dags/example_short_circuit_operator.py for tasks to queue
[2024-04-30T16:39:43.026+0000] {logging_mixin.py:120} INFO - [2024-04-30T16:39:43.026+0000] {dagbag.py:537} INFO - Filling up the DagBag from /home/airflow/.local/lib/python3.7/site-packages/airflow/example_dags/example_short_circuit_operator.py
[2024-04-30T16:39:43.050+0000] {processor.py:766} INFO - DAG(s) dict_keys(['example_short_circuit_operator']) retrieved from /home/airflow/.local/lib/python3.7/site-packages/airflow/example_dags/example_short_circuit_operator.py
[2024-04-30T16:39:43.108+0000] {logging_mixin.py:120} INFO - [2024-04-30T16:39:43.107+0000] {dag.py:2585} INFO - Sync 1 DAGs
[2024-04-30T16:39:43.151+0000] {logging_mixin.py:120} INFO - [2024-04-30T16:39:43.151+0000] {dag.py:3340} INFO - Setting next_dagrun for example_short_circuit_operator to 2024-04-29T16:39:43.150979+00:00, run_after=2024-04-30T16:39:43.150979+00:00
[2024-04-30T16:39:43.174+0000] {processor.py:176} INFO - Processing /home/airflow/.local/lib/python3.7/site-packages/airflow/example_dags/example_short_circuit_operator.py took 0.154 seconds
[2024-04-30T16:40:13.388+0000] {processor.py:154} INFO - Started process (PID=504) to work on /home/airflow/.local/lib/python3.7/site-packages/airflow/example_dags/example_short_circuit_operator.py
[2024-04-30T16:40:13.390+0000] {processor.py:756} INFO - Processing file /home/airflow/.local/lib/python3.7/site-packages/airflow/example_dags/example_short_circuit_operator.py for tasks to queue
[2024-04-30T16:40:13.392+0000] {logging_mixin.py:120} INFO - [2024-04-30T16:40:13.392+0000] {dagbag.py:537} INFO - Filling up the DagBag from /home/airflow/.local/lib/python3.7/site-packages/airflow/example_dags/example_short_circuit_operator.py
[2024-04-30T16:40:13.407+0000] {processor.py:766} INFO - DAG(s) dict_keys(['example_short_circuit_operator']) retrieved from /home/airflow/.local/lib/python3.7/site-packages/airflow/example_dags/example_short_circuit_operator.py
[2024-04-30T16:40:13.440+0000] {logging_mixin.py:120} INFO - [2024-04-30T16:40:13.440+0000] {dag.py:2585} INFO - Sync 1 DAGs
[2024-04-30T16:40:13.460+0000] {logging_mixin.py:120} INFO - [2024-04-30T16:40:13.460+0000] {dag.py:3340} INFO - Setting next_dagrun for example_short_circuit_operator to 2024-04-29T16:40:13.460164+00:00, run_after=2024-04-30T16:40:13.460164+00:00
[2024-04-30T16:40:13.471+0000] {processor.py:176} INFO - Processing /home/airflow/.local/lib/python3.7/site-packages/airflow/example_dags/example_short_circuit_operator.py took 0.087 seconds
