[2024-04-30T16:34:52.523+0000] {processor.py:154} INFO - Started process (PID=59) to work on /home/airflow/.local/lib/python3.7/site-packages/airflow/example_dags/example_branch_day_of_week_operator.py
[2024-04-30T16:34:53.386+0000] {processor.py:756} INFO - Processing file /home/airflow/.local/lib/python3.7/site-packages/airflow/example_dags/example_branch_day_of_week_operator.py for tasks to queue
[2024-04-30T16:34:54.034+0000] {logging_mixin.py:120} INFO - [2024-04-30T16:34:54.005+0000] {dagbag.py:537} INFO - Filling up the DagBag from /home/airflow/.local/lib/python3.7/site-packages/airflow/example_dags/example_branch_day_of_week_operator.py
[2024-04-30T16:35:02.238+0000] {processor.py:766} INFO - DAG(s) dict_keys(['example_weekday_branch_operator']) retrieved from /home/airflow/.local/lib/python3.7/site-packages/airflow/example_dags/example_branch_day_of_week_operator.py
[2024-04-30T16:35:23.763+0000] {logging_mixin.py:120} INFO - [2024-04-30T16:35:23.700+0000] {manager.py:507} INFO - Created Permission View: can read on DAG:example_weekday_branch_operator
[2024-04-30T16:35:23.966+0000] {logging_mixin.py:120} INFO - [2024-04-30T16:35:23.963+0000] {manager.py:507} INFO - Created Permission View: can edit on DAG:example_weekday_branch_operator
[2024-04-30T16:35:24.041+0000] {logging_mixin.py:120} INFO - [2024-04-30T16:35:24.040+0000] {manager.py:507} INFO - Created Permission View: can delete on DAG:example_weekday_branch_operator
[2024-04-30T16:35:24.070+0000] {logging_mixin.py:120} INFO - [2024-04-30T16:35:24.070+0000] {dag.py:2585} INFO - Sync 1 DAGs
[2024-04-30T16:35:26.921+0000] {logging_mixin.py:120} INFO - [2024-04-30T16:35:26.847+0000] {dag.py:2606} INFO - Creating ORM DAG for example_weekday_branch_operator
[2024-04-30T16:35:29.675+0000] {logging_mixin.py:120} INFO - [2024-04-30T16:35:29.641+0000] {dag.py:3340} INFO - Setting next_dagrun for example_weekday_branch_operator to 2024-04-29T00:00:00+00:00, run_after=2024-04-30T00:00:00+00:00
[2024-04-30T16:35:35.070+0000] {processor.py:176} INFO - Processing /home/airflow/.local/lib/python3.7/site-packages/airflow/example_dags/example_branch_day_of_week_operator.py took 42.745 seconds
[2024-04-30T16:37:08.076+0000] {processor.py:154} INFO - Started process (PID=159) to work on /home/airflow/.local/lib/python3.7/site-packages/airflow/example_dags/example_branch_day_of_week_operator.py
[2024-04-30T16:37:08.090+0000] {processor.py:756} INFO - Processing file /home/airflow/.local/lib/python3.7/site-packages/airflow/example_dags/example_branch_day_of_week_operator.py for tasks to queue
[2024-04-30T16:37:08.105+0000] {logging_mixin.py:120} INFO - [2024-04-30T16:37:08.104+0000] {dagbag.py:537} INFO - Filling up the DagBag from /home/airflow/.local/lib/python3.7/site-packages/airflow/example_dags/example_branch_day_of_week_operator.py
[2024-04-30T16:37:08.485+0000] {processor.py:766} INFO - DAG(s) dict_keys(['example_weekday_branch_operator']) retrieved from /home/airflow/.local/lib/python3.7/site-packages/airflow/example_dags/example_branch_day_of_week_operator.py
[2024-04-30T16:37:09.464+0000] {logging_mixin.py:120} INFO - [2024-04-30T16:37:09.463+0000] {dag.py:2585} INFO - Sync 1 DAGs
[2024-04-30T16:37:09.622+0000] {logging_mixin.py:120} INFO - [2024-04-30T16:37:09.620+0000] {dag.py:3340} INFO - Setting next_dagrun for example_weekday_branch_operator to 2024-04-29T00:00:00+00:00, run_after=2024-04-30T00:00:00+00:00
[2024-04-30T16:37:09.753+0000] {processor.py:176} INFO - Processing /home/airflow/.local/lib/python3.7/site-packages/airflow/example_dags/example_branch_day_of_week_operator.py took 1.697 seconds
[2024-04-30T16:37:41.025+0000] {processor.py:154} INFO - Started process (PID=213) to work on /home/airflow/.local/lib/python3.7/site-packages/airflow/example_dags/example_branch_day_of_week_operator.py
[2024-04-30T16:37:41.067+0000] {processor.py:756} INFO - Processing file /home/airflow/.local/lib/python3.7/site-packages/airflow/example_dags/example_branch_day_of_week_operator.py for tasks to queue
[2024-04-30T16:37:41.070+0000] {logging_mixin.py:120} INFO - [2024-04-30T16:37:41.070+0000] {dagbag.py:537} INFO - Filling up the DagBag from /home/airflow/.local/lib/python3.7/site-packages/airflow/example_dags/example_branch_day_of_week_operator.py
[2024-04-30T16:37:41.115+0000] {processor.py:766} INFO - DAG(s) dict_keys(['example_weekday_branch_operator']) retrieved from /home/airflow/.local/lib/python3.7/site-packages/airflow/example_dags/example_branch_day_of_week_operator.py
[2024-04-30T16:37:41.252+0000] {logging_mixin.py:120} INFO - [2024-04-30T16:37:41.252+0000] {dag.py:2585} INFO - Sync 1 DAGs
[2024-04-30T16:37:41.319+0000] {logging_mixin.py:120} INFO - [2024-04-30T16:37:41.319+0000] {dag.py:3340} INFO - Setting next_dagrun for example_weekday_branch_operator to 2024-04-29T00:00:00+00:00, run_after=2024-04-30T00:00:00+00:00
[2024-04-30T16:37:41.392+0000] {processor.py:176} INFO - Processing /home/airflow/.local/lib/python3.7/site-packages/airflow/example_dags/example_branch_day_of_week_operator.py took 0.378 seconds
[2024-04-30T16:38:11.618+0000] {processor.py:154} INFO - Started process (PID=266) to work on /home/airflow/.local/lib/python3.7/site-packages/airflow/example_dags/example_branch_day_of_week_operator.py
[2024-04-30T16:38:11.631+0000] {processor.py:756} INFO - Processing file /home/airflow/.local/lib/python3.7/site-packages/airflow/example_dags/example_branch_day_of_week_operator.py for tasks to queue
[2024-04-30T16:38:11.634+0000] {logging_mixin.py:120} INFO - [2024-04-30T16:38:11.634+0000] {dagbag.py:537} INFO - Filling up the DagBag from /home/airflow/.local/lib/python3.7/site-packages/airflow/example_dags/example_branch_day_of_week_operator.py
[2024-04-30T16:38:11.727+0000] {processor.py:766} INFO - DAG(s) dict_keys(['example_weekday_branch_operator']) retrieved from /home/airflow/.local/lib/python3.7/site-packages/airflow/example_dags/example_branch_day_of_week_operator.py
[2024-04-30T16:38:11.852+0000] {logging_mixin.py:120} INFO - [2024-04-30T16:38:11.852+0000] {dag.py:2585} INFO - Sync 1 DAGs
[2024-04-30T16:38:11.898+0000] {logging_mixin.py:120} INFO - [2024-04-30T16:38:11.897+0000] {dag.py:3340} INFO - Setting next_dagrun for example_weekday_branch_operator to 2024-04-29T00:00:00+00:00, run_after=2024-04-30T00:00:00+00:00
[2024-04-30T16:38:11.928+0000] {processor.py:176} INFO - Processing /home/airflow/.local/lib/python3.7/site-packages/airflow/example_dags/example_branch_day_of_week_operator.py took 0.323 seconds
[2024-04-30T16:38:42.243+0000] {processor.py:154} INFO - Started process (PID=331) to work on /home/airflow/.local/lib/python3.7/site-packages/airflow/example_dags/example_branch_day_of_week_operator.py
[2024-04-30T16:38:42.246+0000] {processor.py:756} INFO - Processing file /home/airflow/.local/lib/python3.7/site-packages/airflow/example_dags/example_branch_day_of_week_operator.py for tasks to queue
[2024-04-30T16:38:42.248+0000] {logging_mixin.py:120} INFO - [2024-04-30T16:38:42.247+0000] {dagbag.py:537} INFO - Filling up the DagBag from /home/airflow/.local/lib/python3.7/site-packages/airflow/example_dags/example_branch_day_of_week_operator.py
[2024-04-30T16:38:42.309+0000] {processor.py:766} INFO - DAG(s) dict_keys(['example_weekday_branch_operator']) retrieved from /home/airflow/.local/lib/python3.7/site-packages/airflow/example_dags/example_branch_day_of_week_operator.py
[2024-04-30T16:38:42.411+0000] {logging_mixin.py:120} INFO - [2024-04-30T16:38:42.411+0000] {dag.py:2585} INFO - Sync 1 DAGs
[2024-04-30T16:38:42.439+0000] {logging_mixin.py:120} INFO - [2024-04-30T16:38:42.439+0000] {dag.py:3340} INFO - Setting next_dagrun for example_weekday_branch_operator to 2024-04-29T00:00:00+00:00, run_after=2024-04-30T00:00:00+00:00
[2024-04-30T16:38:42.454+0000] {processor.py:176} INFO - Processing /home/airflow/.local/lib/python3.7/site-packages/airflow/example_dags/example_branch_day_of_week_operator.py took 0.218 seconds
[2024-04-30T16:39:12.633+0000] {processor.py:154} INFO - Started process (PID=385) to work on /home/airflow/.local/lib/python3.7/site-packages/airflow/example_dags/example_branch_day_of_week_operator.py
[2024-04-30T16:39:12.637+0000] {processor.py:756} INFO - Processing file /home/airflow/.local/lib/python3.7/site-packages/airflow/example_dags/example_branch_day_of_week_operator.py for tasks to queue
[2024-04-30T16:39:12.641+0000] {logging_mixin.py:120} INFO - [2024-04-30T16:39:12.641+0000] {dagbag.py:537} INFO - Filling up the DagBag from /home/airflow/.local/lib/python3.7/site-packages/airflow/example_dags/example_branch_day_of_week_operator.py
[2024-04-30T16:39:12.686+0000] {processor.py:766} INFO - DAG(s) dict_keys(['example_weekday_branch_operator']) retrieved from /home/airflow/.local/lib/python3.7/site-packages/airflow/example_dags/example_branch_day_of_week_operator.py
[2024-04-30T16:39:12.778+0000] {logging_mixin.py:120} INFO - [2024-04-30T16:39:12.778+0000] {dag.py:2585} INFO - Sync 1 DAGs
[2024-04-30T16:39:12.805+0000] {logging_mixin.py:120} INFO - [2024-04-30T16:39:12.805+0000] {dag.py:3340} INFO - Setting next_dagrun for example_weekday_branch_operator to 2024-04-29T00:00:00+00:00, run_after=2024-04-30T00:00:00+00:00
[2024-04-30T16:39:12.823+0000] {processor.py:176} INFO - Processing /home/airflow/.local/lib/python3.7/site-packages/airflow/example_dags/example_branch_day_of_week_operator.py took 0.212 seconds
[2024-04-30T16:39:42.931+0000] {processor.py:154} INFO - Started process (PID=449) to work on /home/airflow/.local/lib/python3.7/site-packages/airflow/example_dags/example_branch_day_of_week_operator.py
[2024-04-30T16:39:42.935+0000] {processor.py:756} INFO - Processing file /home/airflow/.local/lib/python3.7/site-packages/airflow/example_dags/example_branch_day_of_week_operator.py for tasks to queue
[2024-04-30T16:39:42.937+0000] {logging_mixin.py:120} INFO - [2024-04-30T16:39:42.937+0000] {dagbag.py:537} INFO - Filling up the DagBag from /home/airflow/.local/lib/python3.7/site-packages/airflow/example_dags/example_branch_day_of_week_operator.py
[2024-04-30T16:39:42.954+0000] {processor.py:766} INFO - DAG(s) dict_keys(['example_weekday_branch_operator']) retrieved from /home/airflow/.local/lib/python3.7/site-packages/airflow/example_dags/example_branch_day_of_week_operator.py
[2024-04-30T16:39:43.006+0000] {logging_mixin.py:120} INFO - [2024-04-30T16:39:43.006+0000] {dag.py:2585} INFO - Sync 1 DAGs
[2024-04-30T16:39:43.032+0000] {logging_mixin.py:120} INFO - [2024-04-30T16:39:43.031+0000] {dag.py:3340} INFO - Setting next_dagrun for example_weekday_branch_operator to 2024-04-29T00:00:00+00:00, run_after=2024-04-30T00:00:00+00:00
[2024-04-30T16:39:43.054+0000] {processor.py:176} INFO - Processing /home/airflow/.local/lib/python3.7/site-packages/airflow/example_dags/example_branch_day_of_week_operator.py took 0.129 seconds
[2024-04-30T16:40:13.269+0000] {processor.py:154} INFO - Started process (PID=503) to work on /home/airflow/.local/lib/python3.7/site-packages/airflow/example_dags/example_branch_day_of_week_operator.py
[2024-04-30T16:40:13.271+0000] {processor.py:756} INFO - Processing file /home/airflow/.local/lib/python3.7/site-packages/airflow/example_dags/example_branch_day_of_week_operator.py for tasks to queue
[2024-04-30T16:40:13.272+0000] {logging_mixin.py:120} INFO - [2024-04-30T16:40:13.272+0000] {dagbag.py:537} INFO - Filling up the DagBag from /home/airflow/.local/lib/python3.7/site-packages/airflow/example_dags/example_branch_day_of_week_operator.py
[2024-04-30T16:40:13.286+0000] {processor.py:766} INFO - DAG(s) dict_keys(['example_weekday_branch_operator']) retrieved from /home/airflow/.local/lib/python3.7/site-packages/airflow/example_dags/example_branch_day_of_week_operator.py
[2024-04-30T16:40:13.320+0000] {logging_mixin.py:120} INFO - [2024-04-30T16:40:13.320+0000] {dag.py:2585} INFO - Sync 1 DAGs
[2024-04-30T16:40:13.341+0000] {logging_mixin.py:120} INFO - [2024-04-30T16:40:13.340+0000] {dag.py:3340} INFO - Setting next_dagrun for example_weekday_branch_operator to 2024-04-29T00:00:00+00:00, run_after=2024-04-30T00:00:00+00:00
[2024-04-30T16:40:13.352+0000] {processor.py:176} INFO - Processing /home/airflow/.local/lib/python3.7/site-packages/airflow/example_dags/example_branch_day_of_week_operator.py took 0.085 seconds
