[2024-04-30T16:34:40.462+0000] {processor.py:154} INFO - Started process (PID=41) to work on /home/airflow/.local/lib/python3.7/site-packages/airflow/example_dags/example_time_delta_sensor_async.py
[2024-04-30T16:34:40.469+0000] {processor.py:756} INFO - Processing file /home/airflow/.local/lib/python3.7/site-packages/airflow/example_dags/example_time_delta_sensor_async.py for tasks to queue
[2024-04-30T16:34:40.476+0000] {logging_mixin.py:120} INFO - [2024-04-30T16:34:40.476+0000] {dagbag.py:537} INFO - Filling up the DagBag from /home/airflow/.local/lib/python3.7/site-packages/airflow/example_dags/example_time_delta_sensor_async.py
[2024-04-30T16:34:40.556+0000] {processor.py:766} INFO - DAG(s) dict_keys(['example_time_delta_sensor_async']) retrieved from /home/airflow/.local/lib/python3.7/site-packages/airflow/example_dags/example_time_delta_sensor_async.py
[2024-04-30T16:34:41.178+0000] {logging_mixin.py:120} INFO - [2024-04-30T16:34:41.178+0000] {manager.py:507} INFO - Created Permission View: can read on DAG:example_time_delta_sensor_async
[2024-04-30T16:34:41.278+0000] {logging_mixin.py:120} INFO - [2024-04-30T16:34:41.265+0000] {manager.py:507} INFO - Created Permission View: can edit on DAG:example_time_delta_sensor_async
[2024-04-30T16:34:41.328+0000] {logging_mixin.py:120} INFO - [2024-04-30T16:34:41.328+0000] {manager.py:507} INFO - Created Permission View: can delete on DAG:example_time_delta_sensor_async
[2024-04-30T16:34:41.337+0000] {logging_mixin.py:120} INFO - [2024-04-30T16:34:41.336+0000] {dag.py:2585} INFO - Sync 1 DAGs
[2024-04-30T16:34:41.375+0000] {logging_mixin.py:120} INFO - [2024-04-30T16:34:41.375+0000] {dag.py:2606} INFO - Creating ORM DAG for example_time_delta_sensor_async
[2024-04-30T16:34:41.392+0000] {logging_mixin.py:120} INFO - [2024-04-30T16:34:41.391+0000] {dag.py:3340} INFO - Setting next_dagrun for example_time_delta_sensor_async to None, run_after=None
[2024-04-30T16:34:41.454+0000] {processor.py:176} INFO - Processing /home/airflow/.local/lib/python3.7/site-packages/airflow/example_dags/example_time_delta_sensor_async.py took 1.009 seconds
[2024-04-30T16:36:51.318+0000] {processor.py:154} INFO - Started process (PID=140) to work on /home/airflow/.local/lib/python3.7/site-packages/airflow/example_dags/example_time_delta_sensor_async.py
[2024-04-30T16:36:51.326+0000] {processor.py:756} INFO - Processing file /home/airflow/.local/lib/python3.7/site-packages/airflow/example_dags/example_time_delta_sensor_async.py for tasks to queue
[2024-04-30T16:36:51.330+0000] {logging_mixin.py:120} INFO - [2024-04-30T16:36:51.329+0000] {dagbag.py:537} INFO - Filling up the DagBag from /home/airflow/.local/lib/python3.7/site-packages/airflow/example_dags/example_time_delta_sensor_async.py
[2024-04-30T16:36:51.423+0000] {processor.py:766} INFO - DAG(s) dict_keys(['example_time_delta_sensor_async']) retrieved from /home/airflow/.local/lib/python3.7/site-packages/airflow/example_dags/example_time_delta_sensor_async.py
[2024-04-30T16:36:52.335+0000] {logging_mixin.py:120} INFO - [2024-04-30T16:36:52.333+0000] {dag.py:2585} INFO - Sync 1 DAGs
[2024-04-30T16:36:52.536+0000] {logging_mixin.py:120} INFO - [2024-04-30T16:36:52.532+0000] {dag.py:3340} INFO - Setting next_dagrun for example_time_delta_sensor_async to None, run_after=None
[2024-04-30T16:36:52.950+0000] {processor.py:176} INFO - Processing /home/airflow/.local/lib/python3.7/site-packages/airflow/example_dags/example_time_delta_sensor_async.py took 1.649 seconds
[2024-04-30T16:37:26.478+0000] {processor.py:154} INFO - Started process (PID=183) to work on /home/airflow/.local/lib/python3.7/site-packages/airflow/example_dags/example_time_delta_sensor_async.py
[2024-04-30T16:37:26.487+0000] {processor.py:756} INFO - Processing file /home/airflow/.local/lib/python3.7/site-packages/airflow/example_dags/example_time_delta_sensor_async.py for tasks to queue
[2024-04-30T16:37:26.491+0000] {logging_mixin.py:120} INFO - [2024-04-30T16:37:26.491+0000] {dagbag.py:537} INFO - Filling up the DagBag from /home/airflow/.local/lib/python3.7/site-packages/airflow/example_dags/example_time_delta_sensor_async.py
[2024-04-30T16:37:26.565+0000] {processor.py:766} INFO - DAG(s) dict_keys(['example_time_delta_sensor_async']) retrieved from /home/airflow/.local/lib/python3.7/site-packages/airflow/example_dags/example_time_delta_sensor_async.py
[2024-04-30T16:37:27.888+0000] {logging_mixin.py:120} INFO - [2024-04-30T16:37:27.887+0000] {dag.py:2585} INFO - Sync 1 DAGs
[2024-04-30T16:37:27.959+0000] {logging_mixin.py:120} INFO - [2024-04-30T16:37:27.958+0000] {dag.py:3340} INFO - Setting next_dagrun for example_time_delta_sensor_async to None, run_after=None
[2024-04-30T16:37:28.066+0000] {processor.py:176} INFO - Processing /home/airflow/.local/lib/python3.7/site-packages/airflow/example_dags/example_time_delta_sensor_async.py took 1.611 seconds
[2024-04-30T16:37:59.630+0000] {processor.py:154} INFO - Started process (PID=236) to work on /home/airflow/.local/lib/python3.7/site-packages/airflow/example_dags/example_time_delta_sensor_async.py
[2024-04-30T16:37:59.634+0000] {processor.py:756} INFO - Processing file /home/airflow/.local/lib/python3.7/site-packages/airflow/example_dags/example_time_delta_sensor_async.py for tasks to queue
[2024-04-30T16:37:59.635+0000] {logging_mixin.py:120} INFO - [2024-04-30T16:37:59.635+0000] {dagbag.py:537} INFO - Filling up the DagBag from /home/airflow/.local/lib/python3.7/site-packages/airflow/example_dags/example_time_delta_sensor_async.py
[2024-04-30T16:37:59.658+0000] {processor.py:766} INFO - DAG(s) dict_keys(['example_time_delta_sensor_async']) retrieved from /home/airflow/.local/lib/python3.7/site-packages/airflow/example_dags/example_time_delta_sensor_async.py
[2024-04-30T16:38:00.161+0000] {logging_mixin.py:120} INFO - [2024-04-30T16:38:00.160+0000] {dag.py:2585} INFO - Sync 1 DAGs
[2024-04-30T16:38:00.212+0000] {logging_mixin.py:120} INFO - [2024-04-30T16:38:00.212+0000] {dag.py:3340} INFO - Setting next_dagrun for example_time_delta_sensor_async to None, run_after=None
[2024-04-30T16:38:00.250+0000] {processor.py:176} INFO - Processing /home/airflow/.local/lib/python3.7/site-packages/airflow/example_dags/example_time_delta_sensor_async.py took 0.632 seconds
[2024-04-30T16:38:30.815+0000] {processor.py:154} INFO - Started process (PID=300) to work on /home/airflow/.local/lib/python3.7/site-packages/airflow/example_dags/example_time_delta_sensor_async.py
[2024-04-30T16:38:30.817+0000] {processor.py:756} INFO - Processing file /home/airflow/.local/lib/python3.7/site-packages/airflow/example_dags/example_time_delta_sensor_async.py for tasks to queue
[2024-04-30T16:38:30.819+0000] {logging_mixin.py:120} INFO - [2024-04-30T16:38:30.819+0000] {dagbag.py:537} INFO - Filling up the DagBag from /home/airflow/.local/lib/python3.7/site-packages/airflow/example_dags/example_time_delta_sensor_async.py
[2024-04-30T16:38:30.848+0000] {processor.py:766} INFO - DAG(s) dict_keys(['example_time_delta_sensor_async']) retrieved from /home/airflow/.local/lib/python3.7/site-packages/airflow/example_dags/example_time_delta_sensor_async.py
[2024-04-30T16:38:31.173+0000] {logging_mixin.py:120} INFO - [2024-04-30T16:38:31.173+0000] {dag.py:2585} INFO - Sync 1 DAGs
[2024-04-30T16:38:31.195+0000] {logging_mixin.py:120} INFO - [2024-04-30T16:38:31.194+0000] {dag.py:3340} INFO - Setting next_dagrun for example_time_delta_sensor_async to None, run_after=None
[2024-04-30T16:38:31.211+0000] {processor.py:176} INFO - Processing /home/airflow/.local/lib/python3.7/site-packages/airflow/example_dags/example_time_delta_sensor_async.py took 0.407 seconds
[2024-04-30T16:39:01.424+0000] {processor.py:154} INFO - Started process (PID=355) to work on /home/airflow/.local/lib/python3.7/site-packages/airflow/example_dags/example_time_delta_sensor_async.py
[2024-04-30T16:39:01.426+0000] {processor.py:756} INFO - Processing file /home/airflow/.local/lib/python3.7/site-packages/airflow/example_dags/example_time_delta_sensor_async.py for tasks to queue
[2024-04-30T16:39:01.427+0000] {logging_mixin.py:120} INFO - [2024-04-30T16:39:01.427+0000] {dagbag.py:537} INFO - Filling up the DagBag from /home/airflow/.local/lib/python3.7/site-packages/airflow/example_dags/example_time_delta_sensor_async.py
[2024-04-30T16:39:01.450+0000] {processor.py:766} INFO - DAG(s) dict_keys(['example_time_delta_sensor_async']) retrieved from /home/airflow/.local/lib/python3.7/site-packages/airflow/example_dags/example_time_delta_sensor_async.py
[2024-04-30T16:39:01.722+0000] {logging_mixin.py:120} INFO - [2024-04-30T16:39:01.722+0000] {dag.py:2585} INFO - Sync 1 DAGs
[2024-04-30T16:39:01.741+0000] {logging_mixin.py:120} INFO - [2024-04-30T16:39:01.741+0000] {dag.py:3340} INFO - Setting next_dagrun for example_time_delta_sensor_async to None, run_after=None
[2024-04-30T16:39:01.756+0000] {processor.py:176} INFO - Processing /home/airflow/.local/lib/python3.7/site-packages/airflow/example_dags/example_time_delta_sensor_async.py took 0.338 seconds
[2024-04-30T16:39:32.277+0000] {processor.py:154} INFO - Started process (PID=419) to work on /home/airflow/.local/lib/python3.7/site-packages/airflow/example_dags/example_time_delta_sensor_async.py
[2024-04-30T16:39:32.278+0000] {processor.py:756} INFO - Processing file /home/airflow/.local/lib/python3.7/site-packages/airflow/example_dags/example_time_delta_sensor_async.py for tasks to queue
[2024-04-30T16:39:32.279+0000] {logging_mixin.py:120} INFO - [2024-04-30T16:39:32.279+0000] {dagbag.py:537} INFO - Filling up the DagBag from /home/airflow/.local/lib/python3.7/site-packages/airflow/example_dags/example_time_delta_sensor_async.py
[2024-04-30T16:39:32.292+0000] {processor.py:766} INFO - DAG(s) dict_keys(['example_time_delta_sensor_async']) retrieved from /home/airflow/.local/lib/python3.7/site-packages/airflow/example_dags/example_time_delta_sensor_async.py
[2024-04-30T16:39:32.549+0000] {logging_mixin.py:120} INFO - [2024-04-30T16:39:32.549+0000] {dag.py:2585} INFO - Sync 1 DAGs
[2024-04-30T16:39:32.568+0000] {logging_mixin.py:120} INFO - [2024-04-30T16:39:32.568+0000] {dag.py:3340} INFO - Setting next_dagrun for example_time_delta_sensor_async to None, run_after=None
[2024-04-30T16:39:32.587+0000] {processor.py:176} INFO - Processing /home/airflow/.local/lib/python3.7/site-packages/airflow/example_dags/example_time_delta_sensor_async.py took 0.315 seconds
[2024-04-30T16:40:02.994+0000] {processor.py:154} INFO - Started process (PID=472) to work on /home/airflow/.local/lib/python3.7/site-packages/airflow/example_dags/example_time_delta_sensor_async.py
[2024-04-30T16:40:02.999+0000] {processor.py:756} INFO - Processing file /home/airflow/.local/lib/python3.7/site-packages/airflow/example_dags/example_time_delta_sensor_async.py for tasks to queue
[2024-04-30T16:40:03.001+0000] {logging_mixin.py:120} INFO - [2024-04-30T16:40:03.001+0000] {dagbag.py:537} INFO - Filling up the DagBag from /home/airflow/.local/lib/python3.7/site-packages/airflow/example_dags/example_time_delta_sensor_async.py
[2024-04-30T16:40:03.018+0000] {processor.py:766} INFO - DAG(s) dict_keys(['example_time_delta_sensor_async']) retrieved from /home/airflow/.local/lib/python3.7/site-packages/airflow/example_dags/example_time_delta_sensor_async.py
[2024-04-30T16:40:03.728+0000] {logging_mixin.py:120} INFO - [2024-04-30T16:40:03.728+0000] {dag.py:2585} INFO - Sync 1 DAGs
[2024-04-30T16:40:03.806+0000] {logging_mixin.py:120} INFO - [2024-04-30T16:40:03.806+0000] {dag.py:3340} INFO - Setting next_dagrun for example_time_delta_sensor_async to None, run_after=None
[2024-04-30T16:40:03.839+0000] {processor.py:176} INFO - Processing /home/airflow/.local/lib/python3.7/site-packages/airflow/example_dags/example_time_delta_sensor_async.py took 0.852 seconds
