[2024-04-30T16:34:43.074+0000] {processor.py:154} INFO - Started process (PID=46) to work on /home/airflow/.local/lib/python3.7/site-packages/airflow/example_dags/example_branch_datetime_operator.py
[2024-04-30T16:34:43.084+0000] {processor.py:756} INFO - Processing file /home/airflow/.local/lib/python3.7/site-packages/airflow/example_dags/example_branch_datetime_operator.py for tasks to queue
[2024-04-30T16:34:43.092+0000] {logging_mixin.py:120} INFO - [2024-04-30T16:34:43.091+0000] {dagbag.py:537} INFO - Filling up the DagBag from /home/airflow/.local/lib/python3.7/site-packages/airflow/example_dags/example_branch_datetime_operator.py
[2024-04-30T16:34:43.175+0000] {processor.py:766} INFO - DAG(s) dict_keys(['example_branch_datetime_operator_2', 'example_branch_datetime_operator_3', 'example_branch_datetime_operator']) retrieved from /home/airflow/.local/lib/python3.7/site-packages/airflow/example_dags/example_branch_datetime_operator.py
[2024-04-30T16:34:43.566+0000] {logging_mixin.py:120} INFO - [2024-04-30T16:34:43.566+0000] {manager.py:507} INFO - Created Permission View: can read on DAG:example_branch_datetime_operator_2
[2024-04-30T16:34:43.668+0000] {logging_mixin.py:120} INFO - [2024-04-30T16:34:43.667+0000] {manager.py:507} INFO - Created Permission View: can edit on DAG:example_branch_datetime_operator_2
[2024-04-30T16:34:43.784+0000] {logging_mixin.py:120} INFO - [2024-04-30T16:34:43.783+0000] {manager.py:507} INFO - Created Permission View: can delete on DAG:example_branch_datetime_operator_2
[2024-04-30T16:34:43.840+0000] {logging_mixin.py:120} INFO - [2024-04-30T16:34:43.840+0000] {manager.py:507} INFO - Created Permission View: can read on DAG:example_branch_datetime_operator_3
[2024-04-30T16:34:43.849+0000] {logging_mixin.py:120} INFO - [2024-04-30T16:34:43.849+0000] {manager.py:507} INFO - Created Permission View: can edit on DAG:example_branch_datetime_operator_3
[2024-04-30T16:34:43.866+0000] {logging_mixin.py:120} INFO - [2024-04-30T16:34:43.866+0000] {manager.py:507} INFO - Created Permission View: can delete on DAG:example_branch_datetime_operator_3
[2024-04-30T16:34:43.900+0000] {logging_mixin.py:120} INFO - [2024-04-30T16:34:43.899+0000] {manager.py:507} INFO - Created Permission View: can read on DAG:example_branch_datetime_operator
[2024-04-30T16:34:43.916+0000] {logging_mixin.py:120} INFO - [2024-04-30T16:34:43.915+0000] {manager.py:507} INFO - Created Permission View: can edit on DAG:example_branch_datetime_operator
[2024-04-30T16:34:43.935+0000] {logging_mixin.py:120} INFO - [2024-04-30T16:34:43.935+0000] {manager.py:507} INFO - Created Permission View: can delete on DAG:example_branch_datetime_operator
[2024-04-30T16:34:43.937+0000] {logging_mixin.py:120} INFO - [2024-04-30T16:34:43.937+0000] {dag.py:2585} INFO - Sync 3 DAGs
[2024-04-30T16:34:44.037+0000] {logging_mixin.py:120} INFO - [2024-04-30T16:34:44.037+0000] {dag.py:2606} INFO - Creating ORM DAG for example_branch_datetime_operator
[2024-04-30T16:34:44.278+0000] {logging_mixin.py:120} INFO - [2024-04-30T16:34:44.258+0000] {dag.py:2606} INFO - Creating ORM DAG for example_branch_datetime_operator_3
[2024-04-30T16:34:44.312+0000] {logging_mixin.py:120} INFO - [2024-04-30T16:34:44.293+0000] {dag.py:2606} INFO - Creating ORM DAG for example_branch_datetime_operator_2
[2024-04-30T16:34:44.618+0000] {logging_mixin.py:120} INFO - [2024-04-30T16:34:44.617+0000] {dag.py:3340} INFO - Setting next_dagrun for example_branch_datetime_operator to 2024-04-29T00:00:00+00:00, run_after=2024-04-30T00:00:00+00:00
[2024-04-30T16:34:44.633+0000] {logging_mixin.py:120} INFO - [2024-04-30T16:34:44.633+0000] {dag.py:3340} INFO - Setting next_dagrun for example_branch_datetime_operator_2 to 2024-04-29T00:00:00+00:00, run_after=2024-04-30T00:00:00+00:00
[2024-04-30T16:34:44.658+0000] {logging_mixin.py:120} INFO - [2024-04-30T16:34:44.658+0000] {dag.py:3340} INFO - Setting next_dagrun for example_branch_datetime_operator_3 to 2024-04-29T00:00:00+00:00, run_after=2024-04-30T00:00:00+00:00
[2024-04-30T16:34:45.315+0000] {processor.py:176} INFO - Processing /home/airflow/.local/lib/python3.7/site-packages/airflow/example_dags/example_branch_datetime_operator.py took 2.256 seconds
[2024-04-30T16:37:00.020+0000] {processor.py:154} INFO - Started process (PID=145) to work on /home/airflow/.local/lib/python3.7/site-packages/airflow/example_dags/example_branch_datetime_operator.py
[2024-04-30T16:37:00.033+0000] {processor.py:756} INFO - Processing file /home/airflow/.local/lib/python3.7/site-packages/airflow/example_dags/example_branch_datetime_operator.py for tasks to queue
[2024-04-30T16:37:00.051+0000] {logging_mixin.py:120} INFO - [2024-04-30T16:37:00.051+0000] {dagbag.py:537} INFO - Filling up the DagBag from /home/airflow/.local/lib/python3.7/site-packages/airflow/example_dags/example_branch_datetime_operator.py
[2024-04-30T16:37:00.496+0000] {processor.py:766} INFO - DAG(s) dict_keys(['example_branch_datetime_operator_2', 'example_branch_datetime_operator', 'example_branch_datetime_operator_3']) retrieved from /home/airflow/.local/lib/python3.7/site-packages/airflow/example_dags/example_branch_datetime_operator.py
[2024-04-30T16:37:01.083+0000] {logging_mixin.py:120} INFO - [2024-04-30T16:37:01.082+0000] {dag.py:2585} INFO - Sync 3 DAGs
[2024-04-30T16:37:01.273+0000] {logging_mixin.py:120} INFO - [2024-04-30T16:37:01.272+0000] {dag.py:3340} INFO - Setting next_dagrun for example_branch_datetime_operator to 2024-04-29T00:00:00+00:00, run_after=2024-04-30T00:00:00+00:00
[2024-04-30T16:37:02.534+0000] {logging_mixin.py:120} INFO - [2024-04-30T16:37:02.518+0000] {dag.py:3340} INFO - Setting next_dagrun for example_branch_datetime_operator_2 to 2024-04-29T00:00:00+00:00, run_after=2024-04-30T00:00:00+00:00
[2024-04-30T16:37:02.571+0000] {logging_mixin.py:120} INFO - [2024-04-30T16:37:02.571+0000] {dag.py:3340} INFO - Setting next_dagrun for example_branch_datetime_operator_3 to 2024-04-29T00:00:00+00:00, run_after=2024-04-30T00:00:00+00:00
[2024-04-30T16:37:02.732+0000] {processor.py:176} INFO - Processing /home/airflow/.local/lib/python3.7/site-packages/airflow/example_dags/example_branch_datetime_operator.py took 2.786 seconds
[2024-04-30T16:37:35.407+0000] {processor.py:154} INFO - Started process (PID=200) to work on /home/airflow/.local/lib/python3.7/site-packages/airflow/example_dags/example_branch_datetime_operator.py
[2024-04-30T16:37:35.411+0000] {processor.py:756} INFO - Processing file /home/airflow/.local/lib/python3.7/site-packages/airflow/example_dags/example_branch_datetime_operator.py for tasks to queue
[2024-04-30T16:37:35.416+0000] {logging_mixin.py:120} INFO - [2024-04-30T16:37:35.416+0000] {dagbag.py:537} INFO - Filling up the DagBag from /home/airflow/.local/lib/python3.7/site-packages/airflow/example_dags/example_branch_datetime_operator.py
[2024-04-30T16:37:35.475+0000] {processor.py:766} INFO - DAG(s) dict_keys(['example_branch_datetime_operator_2', 'example_branch_datetime_operator', 'example_branch_datetime_operator_3']) retrieved from /home/airflow/.local/lib/python3.7/site-packages/airflow/example_dags/example_branch_datetime_operator.py
[2024-04-30T16:37:35.611+0000] {logging_mixin.py:120} INFO - [2024-04-30T16:37:35.610+0000] {dag.py:2585} INFO - Sync 3 DAGs
[2024-04-30T16:37:35.649+0000] {logging_mixin.py:120} INFO - [2024-04-30T16:37:35.649+0000] {dag.py:3340} INFO - Setting next_dagrun for example_branch_datetime_operator to 2024-04-29T00:00:00+00:00, run_after=2024-04-30T00:00:00+00:00
[2024-04-30T16:37:35.663+0000] {logging_mixin.py:120} INFO - [2024-04-30T16:37:35.663+0000] {dag.py:3340} INFO - Setting next_dagrun for example_branch_datetime_operator_2 to 2024-04-29T00:00:00+00:00, run_after=2024-04-30T00:00:00+00:00
[2024-04-30T16:37:35.673+0000] {logging_mixin.py:120} INFO - [2024-04-30T16:37:35.673+0000] {dag.py:3340} INFO - Setting next_dagrun for example_branch_datetime_operator_3 to 2024-04-29T00:00:00+00:00, run_after=2024-04-30T00:00:00+00:00
[2024-04-30T16:37:35.719+0000] {processor.py:176} INFO - Processing /home/airflow/.local/lib/python3.7/site-packages/airflow/example_dags/example_branch_datetime_operator.py took 0.323 seconds
[2024-04-30T16:38:06.530+0000] {processor.py:154} INFO - Started process (PID=258) to work on /home/airflow/.local/lib/python3.7/site-packages/airflow/example_dags/example_branch_datetime_operator.py
[2024-04-30T16:38:06.534+0000] {processor.py:756} INFO - Processing file /home/airflow/.local/lib/python3.7/site-packages/airflow/example_dags/example_branch_datetime_operator.py for tasks to queue
[2024-04-30T16:38:06.535+0000] {logging_mixin.py:120} INFO - [2024-04-30T16:38:06.535+0000] {dagbag.py:537} INFO - Filling up the DagBag from /home/airflow/.local/lib/python3.7/site-packages/airflow/example_dags/example_branch_datetime_operator.py
[2024-04-30T16:38:06.560+0000] {processor.py:766} INFO - DAG(s) dict_keys(['example_branch_datetime_operator_3', 'example_branch_datetime_operator_2', 'example_branch_datetime_operator']) retrieved from /home/airflow/.local/lib/python3.7/site-packages/airflow/example_dags/example_branch_datetime_operator.py
[2024-04-30T16:38:06.609+0000] {logging_mixin.py:120} INFO - [2024-04-30T16:38:06.609+0000] {dag.py:2585} INFO - Sync 3 DAGs
[2024-04-30T16:38:06.632+0000] {logging_mixin.py:120} INFO - [2024-04-30T16:38:06.632+0000] {dag.py:3340} INFO - Setting next_dagrun for example_branch_datetime_operator to 2024-04-29T00:00:00+00:00, run_after=2024-04-30T00:00:00+00:00
[2024-04-30T16:38:06.636+0000] {logging_mixin.py:120} INFO - [2024-04-30T16:38:06.635+0000] {dag.py:3340} INFO - Setting next_dagrun for example_branch_datetime_operator_2 to 2024-04-29T00:00:00+00:00, run_after=2024-04-30T00:00:00+00:00
[2024-04-30T16:38:06.644+0000] {logging_mixin.py:120} INFO - [2024-04-30T16:38:06.644+0000] {dag.py:3340} INFO - Setting next_dagrun for example_branch_datetime_operator_3 to 2024-04-29T00:00:00+00:00, run_after=2024-04-30T00:00:00+00:00
[2024-04-30T16:38:06.672+0000] {processor.py:176} INFO - Processing /home/airflow/.local/lib/python3.7/site-packages/airflow/example_dags/example_branch_datetime_operator.py took 0.146 seconds
[2024-04-30T16:38:37.540+0000] {processor.py:154} INFO - Started process (PID=313) to work on /home/airflow/.local/lib/python3.7/site-packages/airflow/example_dags/example_branch_datetime_operator.py
[2024-04-30T16:38:37.545+0000] {processor.py:756} INFO - Processing file /home/airflow/.local/lib/python3.7/site-packages/airflow/example_dags/example_branch_datetime_operator.py for tasks to queue
[2024-04-30T16:38:37.546+0000] {logging_mixin.py:120} INFO - [2024-04-30T16:38:37.546+0000] {dagbag.py:537} INFO - Filling up the DagBag from /home/airflow/.local/lib/python3.7/site-packages/airflow/example_dags/example_branch_datetime_operator.py
[2024-04-30T16:38:37.564+0000] {processor.py:766} INFO - DAG(s) dict_keys(['example_branch_datetime_operator_2', 'example_branch_datetime_operator_3', 'example_branch_datetime_operator']) retrieved from /home/airflow/.local/lib/python3.7/site-packages/airflow/example_dags/example_branch_datetime_operator.py
[2024-04-30T16:38:37.617+0000] {logging_mixin.py:120} INFO - [2024-04-30T16:38:37.617+0000] {dag.py:2585} INFO - Sync 3 DAGs
[2024-04-30T16:38:37.634+0000] {logging_mixin.py:120} INFO - [2024-04-30T16:38:37.634+0000] {dag.py:3340} INFO - Setting next_dagrun for example_branch_datetime_operator to 2024-04-29T00:00:00+00:00, run_after=2024-04-30T00:00:00+00:00
[2024-04-30T16:38:37.639+0000] {logging_mixin.py:120} INFO - [2024-04-30T16:38:37.639+0000] {dag.py:3340} INFO - Setting next_dagrun for example_branch_datetime_operator_2 to 2024-04-29T00:00:00+00:00, run_after=2024-04-30T00:00:00+00:00
[2024-04-30T16:38:37.642+0000] {logging_mixin.py:120} INFO - [2024-04-30T16:38:37.642+0000] {dag.py:3340} INFO - Setting next_dagrun for example_branch_datetime_operator_3 to 2024-04-29T00:00:00+00:00, run_after=2024-04-30T00:00:00+00:00
[2024-04-30T16:38:37.655+0000] {processor.py:176} INFO - Processing /home/airflow/.local/lib/python3.7/site-packages/airflow/example_dags/example_branch_datetime_operator.py took 0.119 seconds
[2024-04-30T16:39:07.855+0000] {processor.py:154} INFO - Started process (PID=377) to work on /home/airflow/.local/lib/python3.7/site-packages/airflow/example_dags/example_branch_datetime_operator.py
[2024-04-30T16:39:07.857+0000] {processor.py:756} INFO - Processing file /home/airflow/.local/lib/python3.7/site-packages/airflow/example_dags/example_branch_datetime_operator.py for tasks to queue
[2024-04-30T16:39:07.858+0000] {logging_mixin.py:120} INFO - [2024-04-30T16:39:07.858+0000] {dagbag.py:537} INFO - Filling up the DagBag from /home/airflow/.local/lib/python3.7/site-packages/airflow/example_dags/example_branch_datetime_operator.py
[2024-04-30T16:39:07.883+0000] {processor.py:766} INFO - DAG(s) dict_keys(['example_branch_datetime_operator', 'example_branch_datetime_operator_3', 'example_branch_datetime_operator_2']) retrieved from /home/airflow/.local/lib/python3.7/site-packages/airflow/example_dags/example_branch_datetime_operator.py
[2024-04-30T16:39:07.940+0000] {logging_mixin.py:120} INFO - [2024-04-30T16:39:07.940+0000] {dag.py:2585} INFO - Sync 3 DAGs
[2024-04-30T16:39:07.967+0000] {logging_mixin.py:120} INFO - [2024-04-30T16:39:07.967+0000] {dag.py:3340} INFO - Setting next_dagrun for example_branch_datetime_operator to 2024-04-29T00:00:00+00:00, run_after=2024-04-30T00:00:00+00:00
[2024-04-30T16:39:07.973+0000] {logging_mixin.py:120} INFO - [2024-04-30T16:39:07.973+0000] {dag.py:3340} INFO - Setting next_dagrun for example_branch_datetime_operator_2 to 2024-04-29T00:00:00+00:00, run_after=2024-04-30T00:00:00+00:00
[2024-04-30T16:39:07.975+0000] {logging_mixin.py:120} INFO - [2024-04-30T16:39:07.975+0000] {dag.py:3340} INFO - Setting next_dagrun for example_branch_datetime_operator_3 to 2024-04-29T00:00:00+00:00, run_after=2024-04-30T00:00:00+00:00
[2024-04-30T16:39:07.987+0000] {processor.py:176} INFO - Processing /home/airflow/.local/lib/python3.7/site-packages/airflow/example_dags/example_branch_datetime_operator.py took 0.137 seconds
[2024-04-30T16:39:41.643+0000] {processor.py:154} INFO - Started process (PID=441) to work on /home/airflow/.local/lib/python3.7/site-packages/airflow/example_dags/example_branch_datetime_operator.py
[2024-04-30T16:39:41.654+0000] {processor.py:756} INFO - Processing file /home/airflow/.local/lib/python3.7/site-packages/airflow/example_dags/example_branch_datetime_operator.py for tasks to queue
[2024-04-30T16:39:41.672+0000] {logging_mixin.py:120} INFO - [2024-04-30T16:39:41.670+0000] {dagbag.py:537} INFO - Filling up the DagBag from /home/airflow/.local/lib/python3.7/site-packages/airflow/example_dags/example_branch_datetime_operator.py
[2024-04-30T16:39:41.906+0000] {processor.py:766} INFO - DAG(s) dict_keys(['example_branch_datetime_operator', 'example_branch_datetime_operator_2', 'example_branch_datetime_operator_3']) retrieved from /home/airflow/.local/lib/python3.7/site-packages/airflow/example_dags/example_branch_datetime_operator.py
[2024-04-30T16:39:42.231+0000] {logging_mixin.py:120} INFO - [2024-04-30T16:39:42.231+0000] {dag.py:2585} INFO - Sync 3 DAGs
[2024-04-30T16:39:42.259+0000] {logging_mixin.py:120} INFO - [2024-04-30T16:39:42.259+0000] {dag.py:3340} INFO - Setting next_dagrun for example_branch_datetime_operator to 2024-04-29T00:00:00+00:00, run_after=2024-04-30T00:00:00+00:00
[2024-04-30T16:39:42.264+0000] {logging_mixin.py:120} INFO - [2024-04-30T16:39:42.264+0000] {dag.py:3340} INFO - Setting next_dagrun for example_branch_datetime_operator_2 to 2024-04-29T00:00:00+00:00, run_after=2024-04-30T00:00:00+00:00
[2024-04-30T16:39:42.267+0000] {logging_mixin.py:120} INFO - [2024-04-30T16:39:42.267+0000] {dag.py:3340} INFO - Setting next_dagrun for example_branch_datetime_operator_3 to 2024-04-29T00:00:00+00:00, run_after=2024-04-30T00:00:00+00:00
[2024-04-30T16:39:42.319+0000] {processor.py:176} INFO - Processing /home/airflow/.local/lib/python3.7/site-packages/airflow/example_dags/example_branch_datetime_operator.py took 0.737 seconds
[2024-04-30T16:40:12.773+0000] {processor.py:154} INFO - Started process (PID=495) to work on /home/airflow/.local/lib/python3.7/site-packages/airflow/example_dags/example_branch_datetime_operator.py
[2024-04-30T16:40:12.777+0000] {processor.py:756} INFO - Processing file /home/airflow/.local/lib/python3.7/site-packages/airflow/example_dags/example_branch_datetime_operator.py for tasks to queue
[2024-04-30T16:40:12.782+0000] {logging_mixin.py:120} INFO - [2024-04-30T16:40:12.781+0000] {dagbag.py:537} INFO - Filling up the DagBag from /home/airflow/.local/lib/python3.7/site-packages/airflow/example_dags/example_branch_datetime_operator.py
[2024-04-30T16:40:12.809+0000] {processor.py:766} INFO - DAG(s) dict_keys(['example_branch_datetime_operator_2', 'example_branch_datetime_operator', 'example_branch_datetime_operator_3']) retrieved from /home/airflow/.local/lib/python3.7/site-packages/airflow/example_dags/example_branch_datetime_operator.py
[2024-04-30T16:40:12.871+0000] {logging_mixin.py:120} INFO - [2024-04-30T16:40:12.871+0000] {dag.py:2585} INFO - Sync 3 DAGs
[2024-04-30T16:40:12.890+0000] {logging_mixin.py:120} INFO - [2024-04-30T16:40:12.890+0000] {dag.py:3340} INFO - Setting next_dagrun for example_branch_datetime_operator to 2024-04-29T00:00:00+00:00, run_after=2024-04-30T00:00:00+00:00
[2024-04-30T16:40:12.895+0000] {logging_mixin.py:120} INFO - [2024-04-30T16:40:12.895+0000] {dag.py:3340} INFO - Setting next_dagrun for example_branch_datetime_operator_2 to 2024-04-29T00:00:00+00:00, run_after=2024-04-30T00:00:00+00:00
[2024-04-30T16:40:12.900+0000] {logging_mixin.py:120} INFO - [2024-04-30T16:40:12.900+0000] {dag.py:3340} INFO - Setting next_dagrun for example_branch_datetime_operator_3 to 2024-04-29T00:00:00+00:00, run_after=2024-04-30T00:00:00+00:00
[2024-04-30T16:40:12.931+0000] {processor.py:176} INFO - Processing /home/airflow/.local/lib/python3.7/site-packages/airflow/example_dags/example_branch_datetime_operator.py took 0.169 seconds
