[2024-04-30T16:34:43.243+0000] {processor.py:154} INFO - Started process (PID=47) to work on /home/airflow/.local/lib/python3.7/site-packages/airflow/example_dags/example_complex.py
[2024-04-30T16:34:43.252+0000] {processor.py:756} INFO - Processing file /home/airflow/.local/lib/python3.7/site-packages/airflow/example_dags/example_complex.py for tasks to queue
[2024-04-30T16:34:43.256+0000] {logging_mixin.py:120} INFO - [2024-04-30T16:34:43.256+0000] {dagbag.py:537} INFO - Filling up the DagBag from /home/airflow/.local/lib/python3.7/site-packages/airflow/example_dags/example_complex.py
[2024-04-30T16:34:43.278+0000] {logging_mixin.py:120} INFO - [2024-04-30T16:34:43.278+0000] {taskmixin.py:205} WARNING - Dependency <Task(BashOperator): create_entry_group>, delete_entry_group already registered for DAG: example_complex
[2024-04-30T16:34:43.280+0000] {logging_mixin.py:120} INFO - [2024-04-30T16:34:43.280+0000] {taskmixin.py:205} WARNING - Dependency <Task(BashOperator): delete_entry_group>, create_entry_group already registered for DAG: example_complex
[2024-04-30T16:34:43.282+0000] {logging_mixin.py:120} INFO - [2024-04-30T16:34:43.282+0000] {taskmixin.py:205} WARNING - Dependency <Task(BashOperator): create_entry_gcs>, delete_entry already registered for DAG: example_complex
[2024-04-30T16:34:43.285+0000] {logging_mixin.py:120} INFO - [2024-04-30T16:34:43.285+0000] {taskmixin.py:205} WARNING - Dependency <Task(BashOperator): delete_entry>, create_entry_gcs already registered for DAG: example_complex
[2024-04-30T16:34:43.286+0000] {logging_mixin.py:120} INFO - [2024-04-30T16:34:43.286+0000] {taskmixin.py:205} WARNING - Dependency <Task(BashOperator): create_tag>, delete_tag already registered for DAG: example_complex
[2024-04-30T16:34:43.287+0000] {logging_mixin.py:120} INFO - [2024-04-30T16:34:43.287+0000] {taskmixin.py:205} WARNING - Dependency <Task(BashOperator): delete_tag>, create_tag already registered for DAG: example_complex
[2024-04-30T16:34:43.310+0000] {processor.py:766} INFO - DAG(s) dict_keys(['example_complex']) retrieved from /home/airflow/.local/lib/python3.7/site-packages/airflow/example_dags/example_complex.py
[2024-04-30T16:34:43.661+0000] {logging_mixin.py:120} INFO - [2024-04-30T16:34:43.659+0000] {manager.py:507} INFO - Created Permission View: can read on DAG:example_complex
[2024-04-30T16:34:43.788+0000] {logging_mixin.py:120} INFO - [2024-04-30T16:34:43.787+0000] {manager.py:507} INFO - Created Permission View: can edit on DAG:example_complex
[2024-04-30T16:34:43.817+0000] {logging_mixin.py:120} INFO - [2024-04-30T16:34:43.816+0000] {manager.py:507} INFO - Created Permission View: can delete on DAG:example_complex
[2024-04-30T16:34:43.820+0000] {logging_mixin.py:120} INFO - [2024-04-30T16:34:43.819+0000] {dag.py:2585} INFO - Sync 1 DAGs
[2024-04-30T16:34:43.865+0000] {logging_mixin.py:120} INFO - [2024-04-30T16:34:43.864+0000] {dag.py:2606} INFO - Creating ORM DAG for example_complex
[2024-04-30T16:34:43.893+0000] {logging_mixin.py:120} INFO - [2024-04-30T16:34:43.893+0000] {dag.py:3340} INFO - Setting next_dagrun for example_complex to None, run_after=None
[2024-04-30T16:34:43.945+0000] {processor.py:176} INFO - Processing /home/airflow/.local/lib/python3.7/site-packages/airflow/example_dags/example_complex.py took 0.716 seconds
[2024-04-30T16:37:00.873+0000] {processor.py:154} INFO - Started process (PID=146) to work on /home/airflow/.local/lib/python3.7/site-packages/airflow/example_dags/example_complex.py
[2024-04-30T16:37:00.888+0000] {processor.py:756} INFO - Processing file /home/airflow/.local/lib/python3.7/site-packages/airflow/example_dags/example_complex.py for tasks to queue
[2024-04-30T16:37:00.895+0000] {logging_mixin.py:120} INFO - [2024-04-30T16:37:00.895+0000] {dagbag.py:537} INFO - Filling up the DagBag from /home/airflow/.local/lib/python3.7/site-packages/airflow/example_dags/example_complex.py
[2024-04-30T16:37:00.990+0000] {logging_mixin.py:120} INFO - [2024-04-30T16:37:00.989+0000] {taskmixin.py:205} WARNING - Dependency <Task(BashOperator): create_entry_group>, delete_entry_group already registered for DAG: example_complex
[2024-04-30T16:37:01.003+0000] {logging_mixin.py:120} INFO - [2024-04-30T16:37:01.003+0000] {taskmixin.py:205} WARNING - Dependency <Task(BashOperator): delete_entry_group>, create_entry_group already registered for DAG: example_complex
[2024-04-30T16:37:01.005+0000] {logging_mixin.py:120} INFO - [2024-04-30T16:37:01.005+0000] {taskmixin.py:205} WARNING - Dependency <Task(BashOperator): create_entry_gcs>, delete_entry already registered for DAG: example_complex
[2024-04-30T16:37:01.009+0000] {logging_mixin.py:120} INFO - [2024-04-30T16:37:01.009+0000] {taskmixin.py:205} WARNING - Dependency <Task(BashOperator): delete_entry>, create_entry_gcs already registered for DAG: example_complex
[2024-04-30T16:37:01.011+0000] {logging_mixin.py:120} INFO - [2024-04-30T16:37:01.011+0000] {taskmixin.py:205} WARNING - Dependency <Task(BashOperator): create_tag>, delete_tag already registered for DAG: example_complex
[2024-04-30T16:37:01.023+0000] {logging_mixin.py:120} INFO - [2024-04-30T16:37:01.022+0000] {taskmixin.py:205} WARNING - Dependency <Task(BashOperator): delete_tag>, create_tag already registered for DAG: example_complex
[2024-04-30T16:37:01.089+0000] {processor.py:766} INFO - DAG(s) dict_keys(['example_complex']) retrieved from /home/airflow/.local/lib/python3.7/site-packages/airflow/example_dags/example_complex.py
[2024-04-30T16:37:01.379+0000] {logging_mixin.py:120} INFO - [2024-04-30T16:37:01.378+0000] {dag.py:2585} INFO - Sync 1 DAGs
[2024-04-30T16:37:02.891+0000] {logging_mixin.py:120} INFO - [2024-04-30T16:37:02.885+0000] {dag.py:3340} INFO - Setting next_dagrun for example_complex to None, run_after=None
[2024-04-30T16:37:03.115+0000] {processor.py:176} INFO - Processing /home/airflow/.local/lib/python3.7/site-packages/airflow/example_dags/example_complex.py took 2.307 seconds
[2024-04-30T16:37:35.459+0000] {processor.py:154} INFO - Started process (PID=201) to work on /home/airflow/.local/lib/python3.7/site-packages/airflow/example_dags/example_complex.py
[2024-04-30T16:37:35.464+0000] {processor.py:756} INFO - Processing file /home/airflow/.local/lib/python3.7/site-packages/airflow/example_dags/example_complex.py for tasks to queue
[2024-04-30T16:37:35.477+0000] {logging_mixin.py:120} INFO - [2024-04-30T16:37:35.476+0000] {dagbag.py:537} INFO - Filling up the DagBag from /home/airflow/.local/lib/python3.7/site-packages/airflow/example_dags/example_complex.py
[2024-04-30T16:37:35.497+0000] {logging_mixin.py:120} INFO - [2024-04-30T16:37:35.497+0000] {taskmixin.py:205} WARNING - Dependency <Task(BashOperator): create_entry_group>, delete_entry_group already registered for DAG: example_complex
[2024-04-30T16:37:35.499+0000] {logging_mixin.py:120} INFO - [2024-04-30T16:37:35.499+0000] {taskmixin.py:205} WARNING - Dependency <Task(BashOperator): delete_entry_group>, create_entry_group already registered for DAG: example_complex
[2024-04-30T16:37:35.503+0000] {logging_mixin.py:120} INFO - [2024-04-30T16:37:35.502+0000] {taskmixin.py:205} WARNING - Dependency <Task(BashOperator): create_entry_gcs>, delete_entry already registered for DAG: example_complex
[2024-04-30T16:37:35.515+0000] {logging_mixin.py:120} INFO - [2024-04-30T16:37:35.514+0000] {taskmixin.py:205} WARNING - Dependency <Task(BashOperator): delete_entry>, create_entry_gcs already registered for DAG: example_complex
[2024-04-30T16:37:35.522+0000] {logging_mixin.py:120} INFO - [2024-04-30T16:37:35.522+0000] {taskmixin.py:205} WARNING - Dependency <Task(BashOperator): create_tag>, delete_tag already registered for DAG: example_complex
[2024-04-30T16:37:35.525+0000] {logging_mixin.py:120} INFO - [2024-04-30T16:37:35.525+0000] {taskmixin.py:205} WARNING - Dependency <Task(BashOperator): delete_tag>, create_tag already registered for DAG: example_complex
[2024-04-30T16:37:35.540+0000] {processor.py:766} INFO - DAG(s) dict_keys(['example_complex']) retrieved from /home/airflow/.local/lib/python3.7/site-packages/airflow/example_dags/example_complex.py
[2024-04-30T16:37:35.626+0000] {logging_mixin.py:120} INFO - [2024-04-30T16:37:35.626+0000] {dag.py:2585} INFO - Sync 1 DAGs
[2024-04-30T16:37:35.674+0000] {logging_mixin.py:120} INFO - [2024-04-30T16:37:35.673+0000] {dag.py:3340} INFO - Setting next_dagrun for example_complex to None, run_after=None
[2024-04-30T16:37:35.742+0000] {processor.py:176} INFO - Processing /home/airflow/.local/lib/python3.7/site-packages/airflow/example_dags/example_complex.py took 0.297 seconds
[2024-04-30T16:38:07.143+0000] {processor.py:154} INFO - Started process (PID=263) to work on /home/airflow/.local/lib/python3.7/site-packages/airflow/example_dags/example_complex.py
[2024-04-30T16:38:07.146+0000] {processor.py:756} INFO - Processing file /home/airflow/.local/lib/python3.7/site-packages/airflow/example_dags/example_complex.py for tasks to queue
[2024-04-30T16:38:07.147+0000] {logging_mixin.py:120} INFO - [2024-04-30T16:38:07.147+0000] {dagbag.py:537} INFO - Filling up the DagBag from /home/airflow/.local/lib/python3.7/site-packages/airflow/example_dags/example_complex.py
[2024-04-30T16:38:07.165+0000] {logging_mixin.py:120} INFO - [2024-04-30T16:38:07.165+0000] {taskmixin.py:205} WARNING - Dependency <Task(BashOperator): create_entry_group>, delete_entry_group already registered for DAG: example_complex
[2024-04-30T16:38:07.166+0000] {logging_mixin.py:120} INFO - [2024-04-30T16:38:07.165+0000] {taskmixin.py:205} WARNING - Dependency <Task(BashOperator): delete_entry_group>, create_entry_group already registered for DAG: example_complex
[2024-04-30T16:38:07.167+0000] {logging_mixin.py:120} INFO - [2024-04-30T16:38:07.166+0000] {taskmixin.py:205} WARNING - Dependency <Task(BashOperator): create_entry_gcs>, delete_entry already registered for DAG: example_complex
[2024-04-30T16:38:07.182+0000] {logging_mixin.py:120} INFO - [2024-04-30T16:38:07.182+0000] {taskmixin.py:205} WARNING - Dependency <Task(BashOperator): delete_entry>, create_entry_gcs already registered for DAG: example_complex
[2024-04-30T16:38:07.184+0000] {logging_mixin.py:120} INFO - [2024-04-30T16:38:07.183+0000] {taskmixin.py:205} WARNING - Dependency <Task(BashOperator): create_tag>, delete_tag already registered for DAG: example_complex
[2024-04-30T16:38:07.185+0000] {logging_mixin.py:120} INFO - [2024-04-30T16:38:07.184+0000] {taskmixin.py:205} WARNING - Dependency <Task(BashOperator): delete_tag>, create_tag already registered for DAG: example_complex
[2024-04-30T16:38:07.200+0000] {processor.py:766} INFO - DAG(s) dict_keys(['example_complex']) retrieved from /home/airflow/.local/lib/python3.7/site-packages/airflow/example_dags/example_complex.py
[2024-04-30T16:38:07.265+0000] {logging_mixin.py:120} INFO - [2024-04-30T16:38:07.265+0000] {dag.py:2585} INFO - Sync 1 DAGs
[2024-04-30T16:38:07.311+0000] {logging_mixin.py:120} INFO - [2024-04-30T16:38:07.311+0000] {dag.py:3340} INFO - Setting next_dagrun for example_complex to None, run_after=None
[2024-04-30T16:38:07.349+0000] {processor.py:176} INFO - Processing /home/airflow/.local/lib/python3.7/site-packages/airflow/example_dags/example_complex.py took 0.216 seconds
[2024-04-30T16:38:37.906+0000] {processor.py:154} INFO - Started process (PID=318) to work on /home/airflow/.local/lib/python3.7/site-packages/airflow/example_dags/example_complex.py
[2024-04-30T16:38:37.911+0000] {processor.py:756} INFO - Processing file /home/airflow/.local/lib/python3.7/site-packages/airflow/example_dags/example_complex.py for tasks to queue
[2024-04-30T16:38:37.918+0000] {logging_mixin.py:120} INFO - [2024-04-30T16:38:37.918+0000] {dagbag.py:537} INFO - Filling up the DagBag from /home/airflow/.local/lib/python3.7/site-packages/airflow/example_dags/example_complex.py
[2024-04-30T16:38:37.945+0000] {logging_mixin.py:120} INFO - [2024-04-30T16:38:37.944+0000] {taskmixin.py:205} WARNING - Dependency <Task(BashOperator): create_entry_group>, delete_entry_group already registered for DAG: example_complex
[2024-04-30T16:38:37.951+0000] {logging_mixin.py:120} INFO - [2024-04-30T16:38:37.948+0000] {taskmixin.py:205} WARNING - Dependency <Task(BashOperator): delete_entry_group>, create_entry_group already registered for DAG: example_complex
[2024-04-30T16:38:37.971+0000] {logging_mixin.py:120} INFO - [2024-04-30T16:38:37.970+0000] {taskmixin.py:205} WARNING - Dependency <Task(BashOperator): create_entry_gcs>, delete_entry already registered for DAG: example_complex
[2024-04-30T16:38:37.974+0000] {logging_mixin.py:120} INFO - [2024-04-30T16:38:37.974+0000] {taskmixin.py:205} WARNING - Dependency <Task(BashOperator): delete_entry>, create_entry_gcs already registered for DAG: example_complex
[2024-04-30T16:38:37.976+0000] {logging_mixin.py:120} INFO - [2024-04-30T16:38:37.976+0000] {taskmixin.py:205} WARNING - Dependency <Task(BashOperator): create_tag>, delete_tag already registered for DAG: example_complex
[2024-04-30T16:38:37.977+0000] {logging_mixin.py:120} INFO - [2024-04-30T16:38:37.977+0000] {taskmixin.py:205} WARNING - Dependency <Task(BashOperator): delete_tag>, create_tag already registered for DAG: example_complex
[2024-04-30T16:38:37.999+0000] {processor.py:766} INFO - DAG(s) dict_keys(['example_complex']) retrieved from /home/airflow/.local/lib/python3.7/site-packages/airflow/example_dags/example_complex.py
[2024-04-30T16:38:38.087+0000] {logging_mixin.py:120} INFO - [2024-04-30T16:38:38.087+0000] {dag.py:2585} INFO - Sync 1 DAGs
[2024-04-30T16:38:38.103+0000] {logging_mixin.py:120} INFO - [2024-04-30T16:38:38.103+0000] {dag.py:3340} INFO - Setting next_dagrun for example_complex to None, run_after=None
[2024-04-30T16:38:38.119+0000] {processor.py:176} INFO - Processing /home/airflow/.local/lib/python3.7/site-packages/airflow/example_dags/example_complex.py took 0.217 seconds
[2024-04-30T16:39:08.229+0000] {processor.py:154} INFO - Started process (PID=382) to work on /home/airflow/.local/lib/python3.7/site-packages/airflow/example_dags/example_complex.py
[2024-04-30T16:39:08.230+0000] {processor.py:756} INFO - Processing file /home/airflow/.local/lib/python3.7/site-packages/airflow/example_dags/example_complex.py for tasks to queue
[2024-04-30T16:39:08.231+0000] {logging_mixin.py:120} INFO - [2024-04-30T16:39:08.231+0000] {dagbag.py:537} INFO - Filling up the DagBag from /home/airflow/.local/lib/python3.7/site-packages/airflow/example_dags/example_complex.py
[2024-04-30T16:39:08.240+0000] {logging_mixin.py:120} INFO - [2024-04-30T16:39:08.240+0000] {taskmixin.py:205} WARNING - Dependency <Task(BashOperator): create_entry_group>, delete_entry_group already registered for DAG: example_complex
[2024-04-30T16:39:08.241+0000] {logging_mixin.py:120} INFO - [2024-04-30T16:39:08.241+0000] {taskmixin.py:205} WARNING - Dependency <Task(BashOperator): delete_entry_group>, create_entry_group already registered for DAG: example_complex
[2024-04-30T16:39:08.242+0000] {logging_mixin.py:120} INFO - [2024-04-30T16:39:08.242+0000] {taskmixin.py:205} WARNING - Dependency <Task(BashOperator): create_entry_gcs>, delete_entry already registered for DAG: example_complex
[2024-04-30T16:39:08.243+0000] {logging_mixin.py:120} INFO - [2024-04-30T16:39:08.243+0000] {taskmixin.py:205} WARNING - Dependency <Task(BashOperator): delete_entry>, create_entry_gcs already registered for DAG: example_complex
[2024-04-30T16:39:08.245+0000] {logging_mixin.py:120} INFO - [2024-04-30T16:39:08.244+0000] {taskmixin.py:205} WARNING - Dependency <Task(BashOperator): create_tag>, delete_tag already registered for DAG: example_complex
[2024-04-30T16:39:08.245+0000] {logging_mixin.py:120} INFO - [2024-04-30T16:39:08.245+0000] {taskmixin.py:205} WARNING - Dependency <Task(BashOperator): delete_tag>, create_tag already registered for DAG: example_complex
[2024-04-30T16:39:08.254+0000] {processor.py:766} INFO - DAG(s) dict_keys(['example_complex']) retrieved from /home/airflow/.local/lib/python3.7/site-packages/airflow/example_dags/example_complex.py
[2024-04-30T16:39:08.292+0000] {logging_mixin.py:120} INFO - [2024-04-30T16:39:08.292+0000] {dag.py:2585} INFO - Sync 1 DAGs
[2024-04-30T16:39:08.307+0000] {logging_mixin.py:120} INFO - [2024-04-30T16:39:08.306+0000] {dag.py:3340} INFO - Setting next_dagrun for example_complex to None, run_after=None
[2024-04-30T16:39:08.318+0000] {processor.py:176} INFO - Processing /home/airflow/.local/lib/python3.7/site-packages/airflow/example_dags/example_complex.py took 0.092 seconds
[2024-04-30T16:39:41.752+0000] {processor.py:154} INFO - Started process (PID=442) to work on /home/airflow/.local/lib/python3.7/site-packages/airflow/example_dags/example_complex.py
[2024-04-30T16:39:41.788+0000] {processor.py:756} INFO - Processing file /home/airflow/.local/lib/python3.7/site-packages/airflow/example_dags/example_complex.py for tasks to queue
[2024-04-30T16:39:41.799+0000] {logging_mixin.py:120} INFO - [2024-04-30T16:39:41.797+0000] {dagbag.py:537} INFO - Filling up the DagBag from /home/airflow/.local/lib/python3.7/site-packages/airflow/example_dags/example_complex.py
[2024-04-30T16:39:41.861+0000] {logging_mixin.py:120} INFO - [2024-04-30T16:39:41.861+0000] {taskmixin.py:205} WARNING - Dependency <Task(BashOperator): create_entry_group>, delete_entry_group already registered for DAG: example_complex
[2024-04-30T16:39:41.876+0000] {logging_mixin.py:120} INFO - [2024-04-30T16:39:41.876+0000] {taskmixin.py:205} WARNING - Dependency <Task(BashOperator): delete_entry_group>, create_entry_group already registered for DAG: example_complex
[2024-04-30T16:39:41.877+0000] {logging_mixin.py:120} INFO - [2024-04-30T16:39:41.877+0000] {taskmixin.py:205} WARNING - Dependency <Task(BashOperator): create_entry_gcs>, delete_entry already registered for DAG: example_complex
[2024-04-30T16:39:41.882+0000] {logging_mixin.py:120} INFO - [2024-04-30T16:39:41.882+0000] {taskmixin.py:205} WARNING - Dependency <Task(BashOperator): delete_entry>, create_entry_gcs already registered for DAG: example_complex
[2024-04-30T16:39:41.885+0000] {logging_mixin.py:120} INFO - [2024-04-30T16:39:41.885+0000] {taskmixin.py:205} WARNING - Dependency <Task(BashOperator): create_tag>, delete_tag already registered for DAG: example_complex
[2024-04-30T16:39:41.886+0000] {logging_mixin.py:120} INFO - [2024-04-30T16:39:41.886+0000] {taskmixin.py:205} WARNING - Dependency <Task(BashOperator): delete_tag>, create_tag already registered for DAG: example_complex
[2024-04-30T16:39:41.901+0000] {processor.py:766} INFO - DAG(s) dict_keys(['example_complex']) retrieved from /home/airflow/.local/lib/python3.7/site-packages/airflow/example_dags/example_complex.py
[2024-04-30T16:39:42.209+0000] {logging_mixin.py:120} INFO - [2024-04-30T16:39:42.208+0000] {dag.py:2585} INFO - Sync 1 DAGs
[2024-04-30T16:39:42.256+0000] {logging_mixin.py:120} INFO - [2024-04-30T16:39:42.255+0000] {dag.py:3340} INFO - Setting next_dagrun for example_complex to None, run_after=None
[2024-04-30T16:39:42.309+0000] {processor.py:176} INFO - Processing /home/airflow/.local/lib/python3.7/site-packages/airflow/example_dags/example_complex.py took 0.640 seconds
[2024-04-30T16:40:12.773+0000] {processor.py:154} INFO - Started process (PID=496) to work on /home/airflow/.local/lib/python3.7/site-packages/airflow/example_dags/example_complex.py
[2024-04-30T16:40:12.777+0000] {processor.py:756} INFO - Processing file /home/airflow/.local/lib/python3.7/site-packages/airflow/example_dags/example_complex.py for tasks to queue
[2024-04-30T16:40:12.780+0000] {logging_mixin.py:120} INFO - [2024-04-30T16:40:12.780+0000] {dagbag.py:537} INFO - Filling up the DagBag from /home/airflow/.local/lib/python3.7/site-packages/airflow/example_dags/example_complex.py
[2024-04-30T16:40:12.800+0000] {logging_mixin.py:120} INFO - [2024-04-30T16:40:12.800+0000] {taskmixin.py:205} WARNING - Dependency <Task(BashOperator): create_entry_group>, delete_entry_group already registered for DAG: example_complex
[2024-04-30T16:40:12.801+0000] {logging_mixin.py:120} INFO - [2024-04-30T16:40:12.801+0000] {taskmixin.py:205} WARNING - Dependency <Task(BashOperator): delete_entry_group>, create_entry_group already registered for DAG: example_complex
[2024-04-30T16:40:12.802+0000] {logging_mixin.py:120} INFO - [2024-04-30T16:40:12.802+0000] {taskmixin.py:205} WARNING - Dependency <Task(BashOperator): create_entry_gcs>, delete_entry already registered for DAG: example_complex
[2024-04-30T16:40:12.803+0000] {logging_mixin.py:120} INFO - [2024-04-30T16:40:12.803+0000] {taskmixin.py:205} WARNING - Dependency <Task(BashOperator): delete_entry>, create_entry_gcs already registered for DAG: example_complex
[2024-04-30T16:40:12.804+0000] {logging_mixin.py:120} INFO - [2024-04-30T16:40:12.804+0000] {taskmixin.py:205} WARNING - Dependency <Task(BashOperator): create_tag>, delete_tag already registered for DAG: example_complex
[2024-04-30T16:40:12.804+0000] {logging_mixin.py:120} INFO - [2024-04-30T16:40:12.804+0000] {taskmixin.py:205} WARNING - Dependency <Task(BashOperator): delete_tag>, create_tag already registered for DAG: example_complex
[2024-04-30T16:40:12.813+0000] {processor.py:766} INFO - DAG(s) dict_keys(['example_complex']) retrieved from /home/airflow/.local/lib/python3.7/site-packages/airflow/example_dags/example_complex.py
[2024-04-30T16:40:12.870+0000] {logging_mixin.py:120} INFO - [2024-04-30T16:40:12.870+0000] {dag.py:2585} INFO - Sync 1 DAGs
[2024-04-30T16:40:12.890+0000] {logging_mixin.py:120} INFO - [2024-04-30T16:40:12.890+0000] {dag.py:3340} INFO - Setting next_dagrun for example_complex to None, run_after=None
[2024-04-30T16:40:12.917+0000] {processor.py:176} INFO - Processing /home/airflow/.local/lib/python3.7/site-packages/airflow/example_dags/example_complex.py took 0.152 seconds
