[2024-04-30T16:36:27.582+0000] {processor.py:154} INFO - Started process (PID=123) to work on /home/airflow/.local/lib/python3.7/site-packages/airflow/example_dags/example_xcom.py
[2024-04-30T16:36:27.594+0000] {processor.py:756} INFO - Processing file /home/airflow/.local/lib/python3.7/site-packages/airflow/example_dags/example_xcom.py for tasks to queue
[2024-04-30T16:36:27.601+0000] {logging_mixin.py:120} INFO - [2024-04-30T16:36:27.599+0000] {dagbag.py:537} INFO - Filling up the DagBag from /home/airflow/.local/lib/python3.7/site-packages/airflow/example_dags/example_xcom.py
[2024-04-30T16:36:27.961+0000] {processor.py:766} INFO - DAG(s) dict_keys(['example_xcom']) retrieved from /home/airflow/.local/lib/python3.7/site-packages/airflow/example_dags/example_xcom.py
[2024-04-30T16:36:30.543+0000] {logging_mixin.py:120} INFO - [2024-04-30T16:36:30.533+0000] {manager.py:507} INFO - Created Permission View: can read on DAG:example_xcom
[2024-04-30T16:36:30.641+0000] {logging_mixin.py:120} INFO - [2024-04-30T16:36:30.641+0000] {manager.py:507} INFO - Created Permission View: can edit on DAG:example_xcom
[2024-04-30T16:36:30.703+0000] {logging_mixin.py:120} INFO - [2024-04-30T16:36:30.703+0000] {manager.py:507} INFO - Created Permission View: can delete on DAG:example_xcom
[2024-04-30T16:36:30.705+0000] {logging_mixin.py:120} INFO - [2024-04-30T16:36:30.704+0000] {dag.py:2585} INFO - Sync 1 DAGs
[2024-04-30T16:36:30.921+0000] {logging_mixin.py:120} INFO - [2024-04-30T16:36:30.920+0000] {dag.py:2606} INFO - Creating ORM DAG for example_xcom
[2024-04-30T16:36:30.954+0000] {logging_mixin.py:120} INFO - [2024-04-30T16:36:30.953+0000] {dag.py:3340} INFO - Setting next_dagrun for example_xcom to 2021-01-01T00:00:00+00:00, run_after=2021-01-01T00:00:00+00:00
[2024-04-30T16:36:31.020+0000] {processor.py:176} INFO - Processing /home/airflow/.local/lib/python3.7/site-packages/airflow/example_dags/example_xcom.py took 3.487 seconds
[2024-04-30T16:37:32.757+0000] {processor.py:154} INFO - Started process (PID=191) to work on /home/airflow/.local/lib/python3.7/site-packages/airflow/example_dags/example_xcom.py
[2024-04-30T16:37:32.783+0000] {processor.py:756} INFO - Processing file /home/airflow/.local/lib/python3.7/site-packages/airflow/example_dags/example_xcom.py for tasks to queue
[2024-04-30T16:37:32.786+0000] {logging_mixin.py:120} INFO - [2024-04-30T16:37:32.786+0000] {dagbag.py:537} INFO - Filling up the DagBag from /home/airflow/.local/lib/python3.7/site-packages/airflow/example_dags/example_xcom.py
[2024-04-30T16:37:33.130+0000] {processor.py:766} INFO - DAG(s) dict_keys(['example_xcom']) retrieved from /home/airflow/.local/lib/python3.7/site-packages/airflow/example_dags/example_xcom.py
[2024-04-30T16:37:33.376+0000] {logging_mixin.py:120} INFO - [2024-04-30T16:37:33.376+0000] {dag.py:2585} INFO - Sync 1 DAGs
[2024-04-30T16:37:33.425+0000] {logging_mixin.py:120} INFO - [2024-04-30T16:37:33.425+0000] {dag.py:3340} INFO - Setting next_dagrun for example_xcom to 2021-01-01T00:00:00+00:00, run_after=2021-01-01T00:00:00+00:00
[2024-04-30T16:37:33.504+0000] {processor.py:176} INFO - Processing /home/airflow/.local/lib/python3.7/site-packages/airflow/example_dags/example_xcom.py took 0.783 seconds
[2024-04-30T16:38:03.682+0000] {processor.py:154} INFO - Started process (PID=244) to work on /home/airflow/.local/lib/python3.7/site-packages/airflow/example_dags/example_xcom.py
[2024-04-30T16:38:03.683+0000] {processor.py:756} INFO - Processing file /home/airflow/.local/lib/python3.7/site-packages/airflow/example_dags/example_xcom.py for tasks to queue
[2024-04-30T16:38:03.684+0000] {logging_mixin.py:120} INFO - [2024-04-30T16:38:03.684+0000] {dagbag.py:537} INFO - Filling up the DagBag from /home/airflow/.local/lib/python3.7/site-packages/airflow/example_dags/example_xcom.py
[2024-04-30T16:38:03.701+0000] {processor.py:766} INFO - DAG(s) dict_keys(['example_xcom']) retrieved from /home/airflow/.local/lib/python3.7/site-packages/airflow/example_dags/example_xcom.py
[2024-04-30T16:38:03.734+0000] {logging_mixin.py:120} INFO - [2024-04-30T16:38:03.733+0000] {dag.py:2585} INFO - Sync 1 DAGs
[2024-04-30T16:38:03.751+0000] {logging_mixin.py:120} INFO - [2024-04-30T16:38:03.751+0000] {dag.py:3340} INFO - Setting next_dagrun for example_xcom to 2021-01-01T00:00:00+00:00, run_after=2021-01-01T00:00:00+00:00
[2024-04-30T16:38:03.769+0000] {processor.py:176} INFO - Processing /home/airflow/.local/lib/python3.7/site-packages/airflow/example_dags/example_xcom.py took 0.090 seconds
[2024-04-30T16:38:33.970+0000] {processor.py:154} INFO - Started process (PID=308) to work on /home/airflow/.local/lib/python3.7/site-packages/airflow/example_dags/example_xcom.py
[2024-04-30T16:38:33.972+0000] {processor.py:756} INFO - Processing file /home/airflow/.local/lib/python3.7/site-packages/airflow/example_dags/example_xcom.py for tasks to queue
[2024-04-30T16:38:33.973+0000] {logging_mixin.py:120} INFO - [2024-04-30T16:38:33.973+0000] {dagbag.py:537} INFO - Filling up the DagBag from /home/airflow/.local/lib/python3.7/site-packages/airflow/example_dags/example_xcom.py
[2024-04-30T16:38:34.003+0000] {processor.py:766} INFO - DAG(s) dict_keys(['example_xcom']) retrieved from /home/airflow/.local/lib/python3.7/site-packages/airflow/example_dags/example_xcom.py
[2024-04-30T16:38:34.059+0000] {logging_mixin.py:120} INFO - [2024-04-30T16:38:34.058+0000] {dag.py:2585} INFO - Sync 1 DAGs
[2024-04-30T16:38:34.096+0000] {logging_mixin.py:120} INFO - [2024-04-30T16:38:34.096+0000] {dag.py:3340} INFO - Setting next_dagrun for example_xcom to 2021-01-01T00:00:00+00:00, run_after=2021-01-01T00:00:00+00:00
[2024-04-30T16:38:34.115+0000] {processor.py:176} INFO - Processing /home/airflow/.local/lib/python3.7/site-packages/airflow/example_dags/example_xcom.py took 0.151 seconds
[2024-04-30T16:39:04.356+0000] {processor.py:154} INFO - Started process (PID=370) to work on /home/airflow/.local/lib/python3.7/site-packages/airflow/example_dags/example_xcom.py
[2024-04-30T16:39:04.357+0000] {processor.py:756} INFO - Processing file /home/airflow/.local/lib/python3.7/site-packages/airflow/example_dags/example_xcom.py for tasks to queue
[2024-04-30T16:39:04.359+0000] {logging_mixin.py:120} INFO - [2024-04-30T16:39:04.359+0000] {dagbag.py:537} INFO - Filling up the DagBag from /home/airflow/.local/lib/python3.7/site-packages/airflow/example_dags/example_xcom.py
[2024-04-30T16:39:04.377+0000] {processor.py:766} INFO - DAG(s) dict_keys(['example_xcom']) retrieved from /home/airflow/.local/lib/python3.7/site-packages/airflow/example_dags/example_xcom.py
[2024-04-30T16:39:04.410+0000] {logging_mixin.py:120} INFO - [2024-04-30T16:39:04.410+0000] {dag.py:2585} INFO - Sync 1 DAGs
[2024-04-30T16:39:04.426+0000] {logging_mixin.py:120} INFO - [2024-04-30T16:39:04.426+0000] {dag.py:3340} INFO - Setting next_dagrun for example_xcom to 2021-01-01T00:00:00+00:00, run_after=2021-01-01T00:00:00+00:00
[2024-04-30T16:39:04.446+0000] {processor.py:176} INFO - Processing /home/airflow/.local/lib/python3.7/site-packages/airflow/example_dags/example_xcom.py took 0.094 seconds
[2024-04-30T16:39:35.248+0000] {processor.py:154} INFO - Started process (PID=427) to work on /home/airflow/.local/lib/python3.7/site-packages/airflow/example_dags/example_xcom.py
[2024-04-30T16:39:35.251+0000] {processor.py:756} INFO - Processing file /home/airflow/.local/lib/python3.7/site-packages/airflow/example_dags/example_xcom.py for tasks to queue
[2024-04-30T16:39:35.260+0000] {logging_mixin.py:120} INFO - [2024-04-30T16:39:35.260+0000] {dagbag.py:537} INFO - Filling up the DagBag from /home/airflow/.local/lib/python3.7/site-packages/airflow/example_dags/example_xcom.py
[2024-04-30T16:39:35.290+0000] {processor.py:766} INFO - DAG(s) dict_keys(['example_xcom']) retrieved from /home/airflow/.local/lib/python3.7/site-packages/airflow/example_dags/example_xcom.py
[2024-04-30T16:39:35.382+0000] {logging_mixin.py:120} INFO - [2024-04-30T16:39:35.381+0000] {dag.py:2585} INFO - Sync 1 DAGs
[2024-04-30T16:39:35.441+0000] {logging_mixin.py:120} INFO - [2024-04-30T16:39:35.441+0000] {dag.py:3340} INFO - Setting next_dagrun for example_xcom to 2021-01-01T00:00:00+00:00, run_after=2021-01-01T00:00:00+00:00
[2024-04-30T16:39:35.460+0000] {processor.py:176} INFO - Processing /home/airflow/.local/lib/python3.7/site-packages/airflow/example_dags/example_xcom.py took 0.217 seconds
[2024-04-30T16:40:06.755+0000] {processor.py:154} INFO - Started process (PID=490) to work on /home/airflow/.local/lib/python3.7/site-packages/airflow/example_dags/example_xcom.py
[2024-04-30T16:40:06.773+0000] {processor.py:756} INFO - Processing file /home/airflow/.local/lib/python3.7/site-packages/airflow/example_dags/example_xcom.py for tasks to queue
[2024-04-30T16:40:06.787+0000] {logging_mixin.py:120} INFO - [2024-04-30T16:40:06.786+0000] {dagbag.py:537} INFO - Filling up the DagBag from /home/airflow/.local/lib/python3.7/site-packages/airflow/example_dags/example_xcom.py
[2024-04-30T16:40:06.995+0000] {processor.py:766} INFO - DAG(s) dict_keys(['example_xcom']) retrieved from /home/airflow/.local/lib/python3.7/site-packages/airflow/example_dags/example_xcom.py
[2024-04-30T16:40:07.340+0000] {logging_mixin.py:120} INFO - [2024-04-30T16:40:07.339+0000] {dag.py:2585} INFO - Sync 1 DAGs
[2024-04-30T16:40:07.413+0000] {logging_mixin.py:120} INFO - [2024-04-30T16:40:07.412+0000] {dag.py:3340} INFO - Setting next_dagrun for example_xcom to 2021-01-01T00:00:00+00:00, run_after=2021-01-01T00:00:00+00:00
[2024-04-30T16:40:07.466+0000] {processor.py:176} INFO - Processing /home/airflow/.local/lib/python3.7/site-packages/airflow/example_dags/example_xcom.py took 0.765 seconds
