[2024-04-30T16:34:42.188+0000] {processor.py:154} INFO - Started process (PID=45) to work on /home/airflow/.local/lib/python3.7/site-packages/airflow/example_dags/example_nested_branch_dag.py
[2024-04-30T16:34:42.192+0000] {processor.py:756} INFO - Processing file /home/airflow/.local/lib/python3.7/site-packages/airflow/example_dags/example_nested_branch_dag.py for tasks to queue
[2024-04-30T16:34:42.194+0000] {logging_mixin.py:120} INFO - [2024-04-30T16:34:42.194+0000] {dagbag.py:537} INFO - Filling up the DagBag from /home/airflow/.local/lib/python3.7/site-packages/airflow/example_dags/example_nested_branch_dag.py
[2024-04-30T16:34:42.242+0000] {processor.py:766} INFO - DAG(s) dict_keys(['example_nested_branch_dag']) retrieved from /home/airflow/.local/lib/python3.7/site-packages/airflow/example_dags/example_nested_branch_dag.py
[2024-04-30T16:34:42.576+0000] {logging_mixin.py:120} INFO - [2024-04-30T16:34:42.576+0000] {manager.py:507} INFO - Created Permission View: can read on DAG:example_nested_branch_dag
[2024-04-30T16:34:42.609+0000] {logging_mixin.py:120} INFO - [2024-04-30T16:34:42.608+0000] {manager.py:507} INFO - Created Permission View: can edit on DAG:example_nested_branch_dag
[2024-04-30T16:34:42.637+0000] {logging_mixin.py:120} INFO - [2024-04-30T16:34:42.636+0000] {manager.py:507} INFO - Created Permission View: can delete on DAG:example_nested_branch_dag
[2024-04-30T16:34:42.640+0000] {logging_mixin.py:120} INFO - [2024-04-30T16:34:42.639+0000] {dag.py:2585} INFO - Sync 1 DAGs
[2024-04-30T16:34:42.679+0000] {logging_mixin.py:120} INFO - [2024-04-30T16:34:42.678+0000] {dag.py:2606} INFO - Creating ORM DAG for example_nested_branch_dag
[2024-04-30T16:34:42.708+0000] {logging_mixin.py:120} INFO - [2024-04-30T16:34:42.708+0000] {dag.py:3340} INFO - Setting next_dagrun for example_nested_branch_dag to 2024-04-29T00:00:00+00:00, run_after=2024-04-30T00:00:00+00:00
[2024-04-30T16:34:42.749+0000] {processor.py:176} INFO - Processing /home/airflow/.local/lib/python3.7/site-packages/airflow/example_dags/example_nested_branch_dag.py took 0.577 seconds
[2024-04-30T16:36:56.816+0000] {processor.py:154} INFO - Started process (PID=144) to work on /home/airflow/.local/lib/python3.7/site-packages/airflow/example_dags/example_nested_branch_dag.py
[2024-04-30T16:36:56.948+0000] {processor.py:756} INFO - Processing file /home/airflow/.local/lib/python3.7/site-packages/airflow/example_dags/example_nested_branch_dag.py for tasks to queue
[2024-04-30T16:36:57.012+0000] {logging_mixin.py:120} INFO - [2024-04-30T16:36:57.009+0000] {dagbag.py:537} INFO - Filling up the DagBag from /home/airflow/.local/lib/python3.7/site-packages/airflow/example_dags/example_nested_branch_dag.py
[2024-04-30T16:36:58.130+0000] {processor.py:766} INFO - DAG(s) dict_keys(['example_nested_branch_dag']) retrieved from /home/airflow/.local/lib/python3.7/site-packages/airflow/example_dags/example_nested_branch_dag.py
[2024-04-30T16:36:59.347+0000] {logging_mixin.py:120} INFO - [2024-04-30T16:36:59.346+0000] {dag.py:2585} INFO - Sync 1 DAGs
[2024-04-30T16:36:59.742+0000] {logging_mixin.py:120} INFO - [2024-04-30T16:36:59.741+0000] {dag.py:3340} INFO - Setting next_dagrun for example_nested_branch_dag to 2024-04-29T00:00:00+00:00, run_after=2024-04-30T00:00:00+00:00
[2024-04-30T16:37:00.114+0000] {processor.py:176} INFO - Processing /home/airflow/.local/lib/python3.7/site-packages/airflow/example_dags/example_nested_branch_dag.py took 3.547 seconds
[2024-04-30T16:37:35.228+0000] {processor.py:154} INFO - Started process (PID=199) to work on /home/airflow/.local/lib/python3.7/site-packages/airflow/example_dags/example_nested_branch_dag.py
[2024-04-30T16:37:35.231+0000] {processor.py:756} INFO - Processing file /home/airflow/.local/lib/python3.7/site-packages/airflow/example_dags/example_nested_branch_dag.py for tasks to queue
[2024-04-30T16:37:35.233+0000] {logging_mixin.py:120} INFO - [2024-04-30T16:37:35.233+0000] {dagbag.py:537} INFO - Filling up the DagBag from /home/airflow/.local/lib/python3.7/site-packages/airflow/example_dags/example_nested_branch_dag.py
[2024-04-30T16:37:35.257+0000] {processor.py:766} INFO - DAG(s) dict_keys(['example_nested_branch_dag']) retrieved from /home/airflow/.local/lib/python3.7/site-packages/airflow/example_dags/example_nested_branch_dag.py
[2024-04-30T16:37:35.328+0000] {logging_mixin.py:120} INFO - [2024-04-30T16:37:35.328+0000] {dag.py:2585} INFO - Sync 1 DAGs
[2024-04-30T16:37:35.364+0000] {logging_mixin.py:120} INFO - [2024-04-30T16:37:35.363+0000] {dag.py:3340} INFO - Setting next_dagrun for example_nested_branch_dag to 2024-04-29T00:00:00+00:00, run_after=2024-04-30T00:00:00+00:00
[2024-04-30T16:37:35.385+0000] {processor.py:176} INFO - Processing /home/airflow/.local/lib/python3.7/site-packages/airflow/example_dags/example_nested_branch_dag.py took 0.167 seconds
[2024-04-30T16:38:06.217+0000] {processor.py:154} INFO - Started process (PID=255) to work on /home/airflow/.local/lib/python3.7/site-packages/airflow/example_dags/example_nested_branch_dag.py
[2024-04-30T16:38:06.231+0000] {processor.py:756} INFO - Processing file /home/airflow/.local/lib/python3.7/site-packages/airflow/example_dags/example_nested_branch_dag.py for tasks to queue
[2024-04-30T16:38:06.248+0000] {logging_mixin.py:120} INFO - [2024-04-30T16:38:06.248+0000] {dagbag.py:537} INFO - Filling up the DagBag from /home/airflow/.local/lib/python3.7/site-packages/airflow/example_dags/example_nested_branch_dag.py
[2024-04-30T16:38:06.315+0000] {processor.py:766} INFO - DAG(s) dict_keys(['example_nested_branch_dag']) retrieved from /home/airflow/.local/lib/python3.7/site-packages/airflow/example_dags/example_nested_branch_dag.py
[2024-04-30T16:38:06.403+0000] {logging_mixin.py:120} INFO - [2024-04-30T16:38:06.402+0000] {dag.py:2585} INFO - Sync 1 DAGs
[2024-04-30T16:38:06.467+0000] {logging_mixin.py:120} INFO - [2024-04-30T16:38:06.467+0000] {dag.py:3340} INFO - Setting next_dagrun for example_nested_branch_dag to 2024-04-29T00:00:00+00:00, run_after=2024-04-30T00:00:00+00:00
[2024-04-30T16:38:06.492+0000] {processor.py:176} INFO - Processing /home/airflow/.local/lib/python3.7/site-packages/airflow/example_dags/example_nested_branch_dag.py took 0.294 seconds
[2024-04-30T16:38:37.334+0000] {processor.py:154} INFO - Started process (PID=312) to work on /home/airflow/.local/lib/python3.7/site-packages/airflow/example_dags/example_nested_branch_dag.py
[2024-04-30T16:38:37.340+0000] {processor.py:756} INFO - Processing file /home/airflow/.local/lib/python3.7/site-packages/airflow/example_dags/example_nested_branch_dag.py for tasks to queue
[2024-04-30T16:38:37.345+0000] {logging_mixin.py:120} INFO - [2024-04-30T16:38:37.344+0000] {dagbag.py:537} INFO - Filling up the DagBag from /home/airflow/.local/lib/python3.7/site-packages/airflow/example_dags/example_nested_branch_dag.py
[2024-04-30T16:38:37.382+0000] {processor.py:766} INFO - DAG(s) dict_keys(['example_nested_branch_dag']) retrieved from /home/airflow/.local/lib/python3.7/site-packages/airflow/example_dags/example_nested_branch_dag.py
[2024-04-30T16:38:37.429+0000] {logging_mixin.py:120} INFO - [2024-04-30T16:38:37.429+0000] {dag.py:2585} INFO - Sync 1 DAGs
[2024-04-30T16:38:37.467+0000] {logging_mixin.py:120} INFO - [2024-04-30T16:38:37.467+0000] {dag.py:3340} INFO - Setting next_dagrun for example_nested_branch_dag to 2024-04-29T00:00:00+00:00, run_after=2024-04-30T00:00:00+00:00
[2024-04-30T16:38:37.528+0000] {processor.py:176} INFO - Processing /home/airflow/.local/lib/python3.7/site-packages/airflow/example_dags/example_nested_branch_dag.py took 0.198 seconds
[2024-04-30T16:39:07.601+0000] {processor.py:154} INFO - Started process (PID=376) to work on /home/airflow/.local/lib/python3.7/site-packages/airflow/example_dags/example_nested_branch_dag.py
[2024-04-30T16:39:07.605+0000] {processor.py:756} INFO - Processing file /home/airflow/.local/lib/python3.7/site-packages/airflow/example_dags/example_nested_branch_dag.py for tasks to queue
[2024-04-30T16:39:07.610+0000] {logging_mixin.py:120} INFO - [2024-04-30T16:39:07.610+0000] {dagbag.py:537} INFO - Filling up the DagBag from /home/airflow/.local/lib/python3.7/site-packages/airflow/example_dags/example_nested_branch_dag.py
[2024-04-30T16:39:07.642+0000] {processor.py:766} INFO - DAG(s) dict_keys(['example_nested_branch_dag']) retrieved from /home/airflow/.local/lib/python3.7/site-packages/airflow/example_dags/example_nested_branch_dag.py
[2024-04-30T16:39:07.755+0000] {logging_mixin.py:120} INFO - [2024-04-30T16:39:07.754+0000] {dag.py:2585} INFO - Sync 1 DAGs
[2024-04-30T16:39:07.794+0000] {logging_mixin.py:120} INFO - [2024-04-30T16:39:07.793+0000] {dag.py:3340} INFO - Setting next_dagrun for example_nested_branch_dag to 2024-04-29T00:00:00+00:00, run_after=2024-04-30T00:00:00+00:00
[2024-04-30T16:39:07.819+0000] {processor.py:176} INFO - Processing /home/airflow/.local/lib/python3.7/site-packages/airflow/example_dags/example_nested_branch_dag.py took 0.223 seconds
[2024-04-30T16:39:38.801+0000] {processor.py:154} INFO - Started process (PID=440) to work on /home/airflow/.local/lib/python3.7/site-packages/airflow/example_dags/example_nested_branch_dag.py
[2024-04-30T16:39:38.804+0000] {processor.py:756} INFO - Processing file /home/airflow/.local/lib/python3.7/site-packages/airflow/example_dags/example_nested_branch_dag.py for tasks to queue
[2024-04-30T16:39:38.809+0000] {logging_mixin.py:120} INFO - [2024-04-30T16:39:38.809+0000] {dagbag.py:537} INFO - Filling up the DagBag from /home/airflow/.local/lib/python3.7/site-packages/airflow/example_dags/example_nested_branch_dag.py
[2024-04-30T16:39:38.894+0000] {processor.py:766} INFO - DAG(s) dict_keys(['example_nested_branch_dag']) retrieved from /home/airflow/.local/lib/python3.7/site-packages/airflow/example_dags/example_nested_branch_dag.py
[2024-04-30T16:39:39.193+0000] {logging_mixin.py:120} INFO - [2024-04-30T16:39:39.192+0000] {dag.py:2585} INFO - Sync 1 DAGs
[2024-04-30T16:39:39.375+0000] {logging_mixin.py:120} INFO - [2024-04-30T16:39:39.375+0000] {dag.py:3340} INFO - Setting next_dagrun for example_nested_branch_dag to 2024-04-29T00:00:00+00:00, run_after=2024-04-30T00:00:00+00:00
[2024-04-30T16:39:40.603+0000] {processor.py:176} INFO - Processing /home/airflow/.local/lib/python3.7/site-packages/airflow/example_dags/example_nested_branch_dag.py took 1.801 seconds
[2024-04-30T16:40:11.710+0000] {processor.py:154} INFO - Started process (PID=493) to work on /home/airflow/.local/lib/python3.7/site-packages/airflow/example_dags/example_nested_branch_dag.py
[2024-04-30T16:40:11.721+0000] {processor.py:756} INFO - Processing file /home/airflow/.local/lib/python3.7/site-packages/airflow/example_dags/example_nested_branch_dag.py for tasks to queue
[2024-04-30T16:40:11.725+0000] {logging_mixin.py:120} INFO - [2024-04-30T16:40:11.725+0000] {dagbag.py:537} INFO - Filling up the DagBag from /home/airflow/.local/lib/python3.7/site-packages/airflow/example_dags/example_nested_branch_dag.py
[2024-04-30T16:40:11.948+0000] {processor.py:766} INFO - DAG(s) dict_keys(['example_nested_branch_dag']) retrieved from /home/airflow/.local/lib/python3.7/site-packages/airflow/example_dags/example_nested_branch_dag.py
[2024-04-30T16:40:12.204+0000] {logging_mixin.py:120} INFO - [2024-04-30T16:40:12.204+0000] {dag.py:2585} INFO - Sync 1 DAGs
[2024-04-30T16:40:12.266+0000] {logging_mixin.py:120} INFO - [2024-04-30T16:40:12.266+0000] {dag.py:3340} INFO - Setting next_dagrun for example_nested_branch_dag to 2024-04-29T00:00:00+00:00, run_after=2024-04-30T00:00:00+00:00
[2024-04-30T16:40:12.289+0000] {processor.py:176} INFO - Processing /home/airflow/.local/lib/python3.7/site-packages/airflow/example_dags/example_nested_branch_dag.py took 0.595 seconds
