[2024-04-30T16:36:07.168+0000] {processor.py:154} INFO - Started process (PID=100) to work on /home/airflow/.local/lib/python3.7/site-packages/airflow/example_dags/example_trigger_controller_dag.py
[2024-04-30T16:36:07.172+0000] {processor.py:756} INFO - Processing file /home/airflow/.local/lib/python3.7/site-packages/airflow/example_dags/example_trigger_controller_dag.py for tasks to queue
[2024-04-30T16:36:07.188+0000] {logging_mixin.py:120} INFO - [2024-04-30T16:36:07.188+0000] {dagbag.py:537} INFO - Filling up the DagBag from /home/airflow/.local/lib/python3.7/site-packages/airflow/example_dags/example_trigger_controller_dag.py
[2024-04-30T16:36:07.527+0000] {processor.py:766} INFO - DAG(s) dict_keys(['example_trigger_controller_dag']) retrieved from /home/airflow/.local/lib/python3.7/site-packages/airflow/example_dags/example_trigger_controller_dag.py
[2024-04-30T16:36:11.012+0000] {logging_mixin.py:120} INFO - [2024-04-30T16:36:10.999+0000] {manager.py:507} INFO - Created Permission View: can read on DAG:example_trigger_controller_dag
[2024-04-30T16:36:11.035+0000] {logging_mixin.py:120} INFO - [2024-04-30T16:36:11.035+0000] {manager.py:507} INFO - Created Permission View: can edit on DAG:example_trigger_controller_dag
[2024-04-30T16:36:11.078+0000] {logging_mixin.py:120} INFO - [2024-04-30T16:36:11.078+0000] {manager.py:507} INFO - Created Permission View: can delete on DAG:example_trigger_controller_dag
[2024-04-30T16:36:11.083+0000] {logging_mixin.py:120} INFO - [2024-04-30T16:36:11.081+0000] {dag.py:2585} INFO - Sync 1 DAGs
[2024-04-30T16:36:11.263+0000] {logging_mixin.py:120} INFO - [2024-04-30T16:36:11.263+0000] {dag.py:2606} INFO - Creating ORM DAG for example_trigger_controller_dag
[2024-04-30T16:36:11.443+0000] {logging_mixin.py:120} INFO - [2024-04-30T16:36:11.428+0000] {dag.py:3340} INFO - Setting next_dagrun for example_trigger_controller_dag to 2021-01-01T00:00:00+00:00, run_after=2021-01-01T00:00:00+00:00
[2024-04-30T16:36:11.607+0000] {processor.py:176} INFO - Processing /home/airflow/.local/lib/python3.7/site-packages/airflow/example_dags/example_trigger_controller_dag.py took 4.503 seconds
[2024-04-30T16:37:22.114+0000] {processor.py:154} INFO - Started process (PID=167) to work on /home/airflow/.local/lib/python3.7/site-packages/airflow/example_dags/example_trigger_controller_dag.py
[2024-04-30T16:37:22.125+0000] {processor.py:756} INFO - Processing file /home/airflow/.local/lib/python3.7/site-packages/airflow/example_dags/example_trigger_controller_dag.py for tasks to queue
[2024-04-30T16:37:22.138+0000] {logging_mixin.py:120} INFO - [2024-04-30T16:37:22.137+0000] {dagbag.py:537} INFO - Filling up the DagBag from /home/airflow/.local/lib/python3.7/site-packages/airflow/example_dags/example_trigger_controller_dag.py
[2024-04-30T16:37:22.223+0000] {processor.py:766} INFO - DAG(s) dict_keys(['example_trigger_controller_dag']) retrieved from /home/airflow/.local/lib/python3.7/site-packages/airflow/example_dags/example_trigger_controller_dag.py
[2024-04-30T16:37:22.462+0000] {logging_mixin.py:120} INFO - [2024-04-30T16:37:22.461+0000] {dag.py:2585} INFO - Sync 1 DAGs
[2024-04-30T16:37:22.587+0000] {logging_mixin.py:120} INFO - [2024-04-30T16:37:22.587+0000] {dag.py:3340} INFO - Setting next_dagrun for example_trigger_controller_dag to 2021-01-01T00:00:00+00:00, run_after=2021-01-01T00:00:00+00:00
[2024-04-30T16:37:22.825+0000] {processor.py:176} INFO - Processing /home/airflow/.local/lib/python3.7/site-packages/airflow/example_dags/example_trigger_controller_dag.py took 0.716 seconds
[2024-04-30T16:37:54.350+0000] {processor.py:154} INFO - Started process (PID=229) to work on /home/airflow/.local/lib/python3.7/site-packages/airflow/example_dags/example_trigger_controller_dag.py
[2024-04-30T16:37:54.358+0000] {processor.py:756} INFO - Processing file /home/airflow/.local/lib/python3.7/site-packages/airflow/example_dags/example_trigger_controller_dag.py for tasks to queue
[2024-04-30T16:37:54.362+0000] {logging_mixin.py:120} INFO - [2024-04-30T16:37:54.361+0000] {dagbag.py:537} INFO - Filling up the DagBag from /home/airflow/.local/lib/python3.7/site-packages/airflow/example_dags/example_trigger_controller_dag.py
[2024-04-30T16:37:54.474+0000] {processor.py:766} INFO - DAG(s) dict_keys(['example_trigger_controller_dag']) retrieved from /home/airflow/.local/lib/python3.7/site-packages/airflow/example_dags/example_trigger_controller_dag.py
[2024-04-30T16:37:54.663+0000] {logging_mixin.py:120} INFO - [2024-04-30T16:37:54.663+0000] {dag.py:2585} INFO - Sync 1 DAGs
[2024-04-30T16:37:54.738+0000] {logging_mixin.py:120} INFO - [2024-04-30T16:37:54.736+0000] {dag.py:3340} INFO - Setting next_dagrun for example_trigger_controller_dag to 2021-01-01T00:00:00+00:00, run_after=2021-01-01T00:00:00+00:00
[2024-04-30T16:37:54.788+0000] {processor.py:176} INFO - Processing /home/airflow/.local/lib/python3.7/site-packages/airflow/example_dags/example_trigger_controller_dag.py took 0.449 seconds
[2024-04-30T16:38:25.341+0000] {processor.py:154} INFO - Started process (PID=283) to work on /home/airflow/.local/lib/python3.7/site-packages/airflow/example_dags/example_trigger_controller_dag.py
[2024-04-30T16:38:25.349+0000] {processor.py:756} INFO - Processing file /home/airflow/.local/lib/python3.7/site-packages/airflow/example_dags/example_trigger_controller_dag.py for tasks to queue
[2024-04-30T16:38:25.352+0000] {logging_mixin.py:120} INFO - [2024-04-30T16:38:25.352+0000] {dagbag.py:537} INFO - Filling up the DagBag from /home/airflow/.local/lib/python3.7/site-packages/airflow/example_dags/example_trigger_controller_dag.py
[2024-04-30T16:38:25.429+0000] {processor.py:766} INFO - DAG(s) dict_keys(['example_trigger_controller_dag']) retrieved from /home/airflow/.local/lib/python3.7/site-packages/airflow/example_dags/example_trigger_controller_dag.py
[2024-04-30T16:38:25.602+0000] {logging_mixin.py:120} INFO - [2024-04-30T16:38:25.601+0000] {dag.py:2585} INFO - Sync 1 DAGs
[2024-04-30T16:38:25.664+0000] {logging_mixin.py:120} INFO - [2024-04-30T16:38:25.663+0000] {dag.py:3340} INFO - Setting next_dagrun for example_trigger_controller_dag to 2021-01-01T00:00:00+00:00, run_after=2021-01-01T00:00:00+00:00
[2024-04-30T16:38:25.710+0000] {processor.py:176} INFO - Processing /home/airflow/.local/lib/python3.7/site-packages/airflow/example_dags/example_trigger_controller_dag.py took 0.380 seconds
[2024-04-30T16:38:56.557+0000] {processor.py:154} INFO - Started process (PID=348) to work on /home/airflow/.local/lib/python3.7/site-packages/airflow/example_dags/example_trigger_controller_dag.py
[2024-04-30T16:38:56.559+0000] {processor.py:756} INFO - Processing file /home/airflow/.local/lib/python3.7/site-packages/airflow/example_dags/example_trigger_controller_dag.py for tasks to queue
[2024-04-30T16:38:56.561+0000] {logging_mixin.py:120} INFO - [2024-04-30T16:38:56.560+0000] {dagbag.py:537} INFO - Filling up the DagBag from /home/airflow/.local/lib/python3.7/site-packages/airflow/example_dags/example_trigger_controller_dag.py
[2024-04-30T16:38:56.575+0000] {processor.py:766} INFO - DAG(s) dict_keys(['example_trigger_controller_dag']) retrieved from /home/airflow/.local/lib/python3.7/site-packages/airflow/example_dags/example_trigger_controller_dag.py
[2024-04-30T16:38:56.641+0000] {logging_mixin.py:120} INFO - [2024-04-30T16:38:56.641+0000] {dag.py:2585} INFO - Sync 1 DAGs
[2024-04-30T16:38:56.666+0000] {logging_mixin.py:120} INFO - [2024-04-30T16:38:56.666+0000] {dag.py:3340} INFO - Setting next_dagrun for example_trigger_controller_dag to 2021-01-01T00:00:00+00:00, run_after=2021-01-01T00:00:00+00:00
[2024-04-30T16:38:56.731+0000] {processor.py:176} INFO - Processing /home/airflow/.local/lib/python3.7/site-packages/airflow/example_dags/example_trigger_controller_dag.py took 0.178 seconds
[2024-04-30T16:39:27.282+0000] {processor.py:154} INFO - Started process (PID=412) to work on /home/airflow/.local/lib/python3.7/site-packages/airflow/example_dags/example_trigger_controller_dag.py
[2024-04-30T16:39:27.287+0000] {processor.py:756} INFO - Processing file /home/airflow/.local/lib/python3.7/site-packages/airflow/example_dags/example_trigger_controller_dag.py for tasks to queue
[2024-04-30T16:39:27.291+0000] {logging_mixin.py:120} INFO - [2024-04-30T16:39:27.291+0000] {dagbag.py:537} INFO - Filling up the DagBag from /home/airflow/.local/lib/python3.7/site-packages/airflow/example_dags/example_trigger_controller_dag.py
[2024-04-30T16:39:27.373+0000] {processor.py:766} INFO - DAG(s) dict_keys(['example_trigger_controller_dag']) retrieved from /home/airflow/.local/lib/python3.7/site-packages/airflow/example_dags/example_trigger_controller_dag.py
[2024-04-30T16:39:27.619+0000] {logging_mixin.py:120} INFO - [2024-04-30T16:39:27.619+0000] {dag.py:2585} INFO - Sync 1 DAGs
[2024-04-30T16:39:27.655+0000] {logging_mixin.py:120} INFO - [2024-04-30T16:39:27.654+0000] {dag.py:3340} INFO - Setting next_dagrun for example_trigger_controller_dag to 2021-01-01T00:00:00+00:00, run_after=2021-01-01T00:00:00+00:00
[2024-04-30T16:39:27.716+0000] {processor.py:176} INFO - Processing /home/airflow/.local/lib/python3.7/site-packages/airflow/example_dags/example_trigger_controller_dag.py took 0.446 seconds
[2024-04-30T16:39:58.522+0000] {processor.py:154} INFO - Started process (PID=466) to work on /home/airflow/.local/lib/python3.7/site-packages/airflow/example_dags/example_trigger_controller_dag.py
[2024-04-30T16:39:58.539+0000] {processor.py:756} INFO - Processing file /home/airflow/.local/lib/python3.7/site-packages/airflow/example_dags/example_trigger_controller_dag.py for tasks to queue
[2024-04-30T16:39:58.545+0000] {logging_mixin.py:120} INFO - [2024-04-30T16:39:58.545+0000] {dagbag.py:537} INFO - Filling up the DagBag from /home/airflow/.local/lib/python3.7/site-packages/airflow/example_dags/example_trigger_controller_dag.py
[2024-04-30T16:39:58.598+0000] {processor.py:766} INFO - DAG(s) dict_keys(['example_trigger_controller_dag']) retrieved from /home/airflow/.local/lib/python3.7/site-packages/airflow/example_dags/example_trigger_controller_dag.py
[2024-04-30T16:39:58.755+0000] {logging_mixin.py:120} INFO - [2024-04-30T16:39:58.755+0000] {dag.py:2585} INFO - Sync 1 DAGs
[2024-04-30T16:39:58.803+0000] {logging_mixin.py:120} INFO - [2024-04-30T16:39:58.803+0000] {dag.py:3340} INFO - Setting next_dagrun for example_trigger_controller_dag to 2021-01-01T00:00:00+00:00, run_after=2021-01-01T00:00:00+00:00
[2024-04-30T16:39:58.824+0000] {processor.py:176} INFO - Processing /home/airflow/.local/lib/python3.7/site-packages/airflow/example_dags/example_trigger_controller_dag.py took 0.306 seconds
