[2024-04-30T16:36:23.315+0000] {processor.py:154} INFO - Started process (PID=111) to work on /home/airflow/.local/lib/python3.7/site-packages/airflow/example_dags/example_branch_python_dop_operator_3.py
[2024-04-30T16:36:23.330+0000] {processor.py:756} INFO - Processing file /home/airflow/.local/lib/python3.7/site-packages/airflow/example_dags/example_branch_python_dop_operator_3.py for tasks to queue
[2024-04-30T16:36:23.333+0000] {logging_mixin.py:120} INFO - [2024-04-30T16:36:23.332+0000] {dagbag.py:537} INFO - Filling up the DagBag from /home/airflow/.local/lib/python3.7/site-packages/airflow/example_dags/example_branch_python_dop_operator_3.py
[2024-04-30T16:36:23.444+0000] {processor.py:766} INFO - DAG(s) dict_keys(['example_branch_dop_operator_v3']) retrieved from /home/airflow/.local/lib/python3.7/site-packages/airflow/example_dags/example_branch_python_dop_operator_3.py
[2024-04-30T16:36:24.565+0000] {logging_mixin.py:120} INFO - [2024-04-30T16:36:24.557+0000] {manager.py:507} INFO - Created Permission View: can read on DAG:example_branch_dop_operator_v3
[2024-04-30T16:36:24.640+0000] {logging_mixin.py:120} INFO - [2024-04-30T16:36:24.640+0000] {manager.py:507} INFO - Created Permission View: can edit on DAG:example_branch_dop_operator_v3
[2024-04-30T16:36:24.688+0000] {logging_mixin.py:120} INFO - [2024-04-30T16:36:24.688+0000] {manager.py:507} INFO - Created Permission View: can delete on DAG:example_branch_dop_operator_v3
[2024-04-30T16:36:24.695+0000] {logging_mixin.py:120} INFO - [2024-04-30T16:36:24.695+0000] {dag.py:2585} INFO - Sync 1 DAGs
[2024-04-30T16:36:24.921+0000] {logging_mixin.py:120} INFO - [2024-04-30T16:36:24.920+0000] {dag.py:2606} INFO - Creating ORM DAG for example_branch_dop_operator_v3
[2024-04-30T16:36:25.436+0000] {logging_mixin.py:120} INFO - [2024-04-30T16:36:25.434+0000] {dag.py:3340} INFO - Setting next_dagrun for example_branch_dop_operator_v3 to 2024-04-30T16:35:00+00:00, run_after=2024-04-30T16:36:00+00:00
[2024-04-30T16:36:25.829+0000] {processor.py:176} INFO - Processing /home/airflow/.local/lib/python3.7/site-packages/airflow/example_dags/example_branch_python_dop_operator_3.py took 2.533 seconds
[2024-04-30T16:37:30.073+0000] {processor.py:154} INFO - Started process (PID=189) to work on /home/airflow/.local/lib/python3.7/site-packages/airflow/example_dags/example_branch_python_dop_operator_3.py
[2024-04-30T16:37:30.088+0000] {processor.py:756} INFO - Processing file /home/airflow/.local/lib/python3.7/site-packages/airflow/example_dags/example_branch_python_dop_operator_3.py for tasks to queue
[2024-04-30T16:37:30.092+0000] {logging_mixin.py:120} INFO - [2024-04-30T16:37:30.091+0000] {dagbag.py:537} INFO - Filling up the DagBag from /home/airflow/.local/lib/python3.7/site-packages/airflow/example_dags/example_branch_python_dop_operator_3.py
[2024-04-30T16:37:30.226+0000] {processor.py:766} INFO - DAG(s) dict_keys(['example_branch_dop_operator_v3']) retrieved from /home/airflow/.local/lib/python3.7/site-packages/airflow/example_dags/example_branch_python_dop_operator_3.py
[2024-04-30T16:37:30.932+0000] {logging_mixin.py:120} INFO - [2024-04-30T16:37:30.931+0000] {dag.py:2585} INFO - Sync 1 DAGs
[2024-04-30T16:37:31.122+0000] {logging_mixin.py:120} INFO - [2024-04-30T16:37:31.122+0000] {dag.py:3340} INFO - Setting next_dagrun for example_branch_dop_operator_v3 to 2024-04-30T16:36:00+00:00, run_after=2024-04-30T16:37:00+00:00
[2024-04-30T16:37:31.202+0000] {processor.py:176} INFO - Processing /home/airflow/.local/lib/python3.7/site-packages/airflow/example_dags/example_branch_python_dop_operator_3.py took 1.151 seconds
[2024-04-30T16:38:02.267+0000] {processor.py:154} INFO - Started process (PID=241) to work on /home/airflow/.local/lib/python3.7/site-packages/airflow/example_dags/example_branch_python_dop_operator_3.py
[2024-04-30T16:38:02.270+0000] {processor.py:756} INFO - Processing file /home/airflow/.local/lib/python3.7/site-packages/airflow/example_dags/example_branch_python_dop_operator_3.py for tasks to queue
[2024-04-30T16:38:02.271+0000] {logging_mixin.py:120} INFO - [2024-04-30T16:38:02.271+0000] {dagbag.py:537} INFO - Filling up the DagBag from /home/airflow/.local/lib/python3.7/site-packages/airflow/example_dags/example_branch_python_dop_operator_3.py
[2024-04-30T16:38:02.324+0000] {processor.py:766} INFO - DAG(s) dict_keys(['example_branch_dop_operator_v3']) retrieved from /home/airflow/.local/lib/python3.7/site-packages/airflow/example_dags/example_branch_python_dop_operator_3.py
[2024-04-30T16:38:02.429+0000] {logging_mixin.py:120} INFO - [2024-04-30T16:38:02.429+0000] {dag.py:2585} INFO - Sync 1 DAGs
[2024-04-30T16:38:02.472+0000] {logging_mixin.py:120} INFO - [2024-04-30T16:38:02.472+0000] {dag.py:3340} INFO - Setting next_dagrun for example_branch_dop_operator_v3 to 2024-04-30T16:37:00+00:00, run_after=2024-04-30T16:38:00+00:00
[2024-04-30T16:38:02.495+0000] {processor.py:176} INFO - Processing /home/airflow/.local/lib/python3.7/site-packages/airflow/example_dags/example_branch_python_dop_operator_3.py took 0.235 seconds
[2024-04-30T16:38:32.662+0000] {processor.py:154} INFO - Started process (PID=305) to work on /home/airflow/.local/lib/python3.7/site-packages/airflow/example_dags/example_branch_python_dop_operator_3.py
[2024-04-30T16:38:32.665+0000] {processor.py:756} INFO - Processing file /home/airflow/.local/lib/python3.7/site-packages/airflow/example_dags/example_branch_python_dop_operator_3.py for tasks to queue
[2024-04-30T16:38:32.667+0000] {logging_mixin.py:120} INFO - [2024-04-30T16:38:32.666+0000] {dagbag.py:537} INFO - Filling up the DagBag from /home/airflow/.local/lib/python3.7/site-packages/airflow/example_dags/example_branch_python_dop_operator_3.py
[2024-04-30T16:38:32.719+0000] {processor.py:766} INFO - DAG(s) dict_keys(['example_branch_dop_operator_v3']) retrieved from /home/airflow/.local/lib/python3.7/site-packages/airflow/example_dags/example_branch_python_dop_operator_3.py
[2024-04-30T16:38:32.821+0000] {logging_mixin.py:120} INFO - [2024-04-30T16:38:32.820+0000] {dag.py:2585} INFO - Sync 1 DAGs
[2024-04-30T16:38:32.853+0000] {logging_mixin.py:120} INFO - [2024-04-30T16:38:32.853+0000] {dag.py:3340} INFO - Setting next_dagrun for example_branch_dop_operator_v3 to 2024-04-30T16:37:00+00:00, run_after=2024-04-30T16:38:00+00:00
[2024-04-30T16:38:32.882+0000] {processor.py:176} INFO - Processing /home/airflow/.local/lib/python3.7/site-packages/airflow/example_dags/example_branch_python_dop_operator_3.py took 0.227 seconds
[2024-04-30T16:39:03.005+0000] {processor.py:154} INFO - Started process (PID=360) to work on /home/airflow/.local/lib/python3.7/site-packages/airflow/example_dags/example_branch_python_dop_operator_3.py
[2024-04-30T16:39:03.008+0000] {processor.py:756} INFO - Processing file /home/airflow/.local/lib/python3.7/site-packages/airflow/example_dags/example_branch_python_dop_operator_3.py for tasks to queue
[2024-04-30T16:39:03.014+0000] {logging_mixin.py:120} INFO - [2024-04-30T16:39:03.014+0000] {dagbag.py:537} INFO - Filling up the DagBag from /home/airflow/.local/lib/python3.7/site-packages/airflow/example_dags/example_branch_python_dop_operator_3.py
[2024-04-30T16:39:03.037+0000] {processor.py:766} INFO - DAG(s) dict_keys(['example_branch_dop_operator_v3']) retrieved from /home/airflow/.local/lib/python3.7/site-packages/airflow/example_dags/example_branch_python_dop_operator_3.py
[2024-04-30T16:39:03.079+0000] {logging_mixin.py:120} INFO - [2024-04-30T16:39:03.078+0000] {dag.py:2585} INFO - Sync 1 DAGs
[2024-04-30T16:39:03.117+0000] {logging_mixin.py:120} INFO - [2024-04-30T16:39:03.116+0000] {dag.py:3340} INFO - Setting next_dagrun for example_branch_dop_operator_v3 to 2024-04-30T16:38:00+00:00, run_after=2024-04-30T16:39:00+00:00
[2024-04-30T16:39:03.135+0000] {processor.py:176} INFO - Processing /home/airflow/.local/lib/python3.7/site-packages/airflow/example_dags/example_branch_python_dop_operator_3.py took 0.135 seconds
[2024-04-30T16:39:33.780+0000] {processor.py:154} INFO - Started process (PID=424) to work on /home/airflow/.local/lib/python3.7/site-packages/airflow/example_dags/example_branch_python_dop_operator_3.py
[2024-04-30T16:39:33.782+0000] {processor.py:756} INFO - Processing file /home/airflow/.local/lib/python3.7/site-packages/airflow/example_dags/example_branch_python_dop_operator_3.py for tasks to queue
[2024-04-30T16:39:33.784+0000] {logging_mixin.py:120} INFO - [2024-04-30T16:39:33.784+0000] {dagbag.py:537} INFO - Filling up the DagBag from /home/airflow/.local/lib/python3.7/site-packages/airflow/example_dags/example_branch_python_dop_operator_3.py
[2024-04-30T16:39:33.825+0000] {processor.py:766} INFO - DAG(s) dict_keys(['example_branch_dop_operator_v3']) retrieved from /home/airflow/.local/lib/python3.7/site-packages/airflow/example_dags/example_branch_python_dop_operator_3.py
[2024-04-30T16:39:33.909+0000] {logging_mixin.py:120} INFO - [2024-04-30T16:39:33.909+0000] {dag.py:2585} INFO - Sync 1 DAGs
[2024-04-30T16:39:33.958+0000] {logging_mixin.py:120} INFO - [2024-04-30T16:39:33.958+0000] {dag.py:3340} INFO - Setting next_dagrun for example_branch_dop_operator_v3 to 2024-04-30T16:38:00+00:00, run_after=2024-04-30T16:39:00+00:00
[2024-04-30T16:39:33.986+0000] {processor.py:176} INFO - Processing /home/airflow/.local/lib/python3.7/site-packages/airflow/example_dags/example_branch_python_dop_operator_3.py took 0.210 seconds
[2024-04-30T16:40:04.379+0000] {processor.py:154} INFO - Started process (PID=478) to work on /home/airflow/.local/lib/python3.7/site-packages/airflow/example_dags/example_branch_python_dop_operator_3.py
[2024-04-30T16:40:04.385+0000] {processor.py:756} INFO - Processing file /home/airflow/.local/lib/python3.7/site-packages/airflow/example_dags/example_branch_python_dop_operator_3.py for tasks to queue
[2024-04-30T16:40:04.393+0000] {logging_mixin.py:120} INFO - [2024-04-30T16:40:04.392+0000] {dagbag.py:537} INFO - Filling up the DagBag from /home/airflow/.local/lib/python3.7/site-packages/airflow/example_dags/example_branch_python_dop_operator_3.py
[2024-04-30T16:40:04.461+0000] {processor.py:766} INFO - DAG(s) dict_keys(['example_branch_dop_operator_v3']) retrieved from /home/airflow/.local/lib/python3.7/site-packages/airflow/example_dags/example_branch_python_dop_operator_3.py
[2024-04-30T16:40:04.564+0000] {logging_mixin.py:120} INFO - [2024-04-30T16:40:04.564+0000] {dag.py:2585} INFO - Sync 1 DAGs
[2024-04-30T16:40:04.597+0000] {logging_mixin.py:120} INFO - [2024-04-30T16:40:04.597+0000] {dag.py:3340} INFO - Setting next_dagrun for example_branch_dop_operator_v3 to 2024-04-30T16:39:00+00:00, run_after=2024-04-30T16:40:00+00:00
[2024-04-30T16:40:04.620+0000] {processor.py:176} INFO - Processing /home/airflow/.local/lib/python3.7/site-packages/airflow/example_dags/example_branch_python_dop_operator_3.py took 0.259 seconds
