[2024-04-30T16:36:03.662+0000] {processor.py:154} INFO - Started process (PID=93) to work on /home/airflow/.local/lib/python3.7/site-packages/airflow/example_dags/example_short_circuit_decorator.py
[2024-04-30T16:36:03.687+0000] {processor.py:756} INFO - Processing file /home/airflow/.local/lib/python3.7/site-packages/airflow/example_dags/example_short_circuit_decorator.py for tasks to queue
[2024-04-30T16:36:03.694+0000] {logging_mixin.py:120} INFO - [2024-04-30T16:36:03.693+0000] {dagbag.py:537} INFO - Filling up the DagBag from /home/airflow/.local/lib/python3.7/site-packages/airflow/example_dags/example_short_circuit_decorator.py
[2024-04-30T16:36:03.837+0000] {processor.py:766} INFO - DAG(s) dict_keys(['example_short_circuit_decorator']) retrieved from /home/airflow/.local/lib/python3.7/site-packages/airflow/example_dags/example_short_circuit_decorator.py
[2024-04-30T16:36:05.953+0000] {logging_mixin.py:120} INFO - [2024-04-30T16:36:05.949+0000] {manager.py:507} INFO - Created Permission View: can read on DAG:example_short_circuit_decorator
[2024-04-30T16:36:06.054+0000] {logging_mixin.py:120} INFO - [2024-04-30T16:36:06.054+0000] {manager.py:507} INFO - Created Permission View: can edit on DAG:example_short_circuit_decorator
[2024-04-30T16:36:06.078+0000] {logging_mixin.py:120} INFO - [2024-04-30T16:36:06.078+0000] {manager.py:507} INFO - Created Permission View: can delete on DAG:example_short_circuit_decorator
[2024-04-30T16:36:06.082+0000] {logging_mixin.py:120} INFO - [2024-04-30T16:36:06.082+0000] {dag.py:2585} INFO - Sync 1 DAGs
[2024-04-30T16:36:06.323+0000] {logging_mixin.py:120} INFO - [2024-04-30T16:36:06.322+0000] {dag.py:2606} INFO - Creating ORM DAG for example_short_circuit_decorator
[2024-04-30T16:36:06.484+0000] {logging_mixin.py:120} INFO - [2024-04-30T16:36:06.484+0000] {dag.py:3340} INFO - Setting next_dagrun for example_short_circuit_decorator to 2024-04-29T16:36:06.461686+00:00, run_after=2024-04-30T16:36:06.461686+00:00
[2024-04-30T16:36:06.602+0000] {processor.py:176} INFO - Processing /home/airflow/.local/lib/python3.7/site-packages/airflow/example_dags/example_short_circuit_decorator.py took 2.969 seconds
[2024-04-30T16:37:21.154+0000] {processor.py:154} INFO - Started process (PID=166) to work on /home/airflow/.local/lib/python3.7/site-packages/airflow/example_dags/example_short_circuit_decorator.py
[2024-04-30T16:37:21.166+0000] {processor.py:756} INFO - Processing file /home/airflow/.local/lib/python3.7/site-packages/airflow/example_dags/example_short_circuit_decorator.py for tasks to queue
[2024-04-30T16:37:21.186+0000] {logging_mixin.py:120} INFO - [2024-04-30T16:37:21.186+0000] {dagbag.py:537} INFO - Filling up the DagBag from /home/airflow/.local/lib/python3.7/site-packages/airflow/example_dags/example_short_circuit_decorator.py
[2024-04-30T16:37:21.392+0000] {processor.py:766} INFO - DAG(s) dict_keys(['example_short_circuit_decorator']) retrieved from /home/airflow/.local/lib/python3.7/site-packages/airflow/example_dags/example_short_circuit_decorator.py
[2024-04-30T16:37:21.775+0000] {logging_mixin.py:120} INFO - [2024-04-30T16:37:21.775+0000] {dag.py:2585} INFO - Sync 1 DAGs
[2024-04-30T16:37:21.856+0000] {logging_mixin.py:120} INFO - [2024-04-30T16:37:21.856+0000] {dag.py:3340} INFO - Setting next_dagrun for example_short_circuit_decorator to 2024-04-29T16:37:21.855534+00:00, run_after=2024-04-30T16:37:21.855534+00:00
[2024-04-30T16:37:21.922+0000] {processor.py:176} INFO - Processing /home/airflow/.local/lib/python3.7/site-packages/airflow/example_dags/example_short_circuit_decorator.py took 0.708 seconds
[2024-04-30T16:37:52.286+0000] {processor.py:154} INFO - Started process (PID=220) to work on /home/airflow/.local/lib/python3.7/site-packages/airflow/example_dags/example_short_circuit_decorator.py
[2024-04-30T16:37:52.292+0000] {processor.py:756} INFO - Processing file /home/airflow/.local/lib/python3.7/site-packages/airflow/example_dags/example_short_circuit_decorator.py for tasks to queue
[2024-04-30T16:37:52.296+0000] {logging_mixin.py:120} INFO - [2024-04-30T16:37:52.295+0000] {dagbag.py:537} INFO - Filling up the DagBag from /home/airflow/.local/lib/python3.7/site-packages/airflow/example_dags/example_short_circuit_decorator.py
[2024-04-30T16:37:52.506+0000] {processor.py:766} INFO - DAG(s) dict_keys(['example_short_circuit_decorator']) retrieved from /home/airflow/.local/lib/python3.7/site-packages/airflow/example_dags/example_short_circuit_decorator.py
[2024-04-30T16:37:52.700+0000] {logging_mixin.py:120} INFO - [2024-04-30T16:37:52.700+0000] {dag.py:2585} INFO - Sync 1 DAGs
[2024-04-30T16:37:52.803+0000] {logging_mixin.py:120} INFO - [2024-04-30T16:37:52.803+0000] {dag.py:3340} INFO - Setting next_dagrun for example_short_circuit_decorator to 2024-04-29T16:37:52.802434+00:00, run_after=2024-04-30T16:37:52.802434+00:00
[2024-04-30T16:37:52.988+0000] {processor.py:176} INFO - Processing /home/airflow/.local/lib/python3.7/site-packages/airflow/example_dags/example_short_circuit_decorator.py took 0.728 seconds
[2024-04-30T16:38:23.651+0000] {processor.py:154} INFO - Started process (PID=282) to work on /home/airflow/.local/lib/python3.7/site-packages/airflow/example_dags/example_short_circuit_decorator.py
[2024-04-30T16:38:23.671+0000] {processor.py:756} INFO - Processing file /home/airflow/.local/lib/python3.7/site-packages/airflow/example_dags/example_short_circuit_decorator.py for tasks to queue
[2024-04-30T16:38:23.720+0000] {logging_mixin.py:120} INFO - [2024-04-30T16:38:23.720+0000] {dagbag.py:537} INFO - Filling up the DagBag from /home/airflow/.local/lib/python3.7/site-packages/airflow/example_dags/example_short_circuit_decorator.py
[2024-04-30T16:38:24.366+0000] {processor.py:766} INFO - DAG(s) dict_keys(['example_short_circuit_decorator']) retrieved from /home/airflow/.local/lib/python3.7/site-packages/airflow/example_dags/example_short_circuit_decorator.py
[2024-04-30T16:38:24.807+0000] {logging_mixin.py:120} INFO - [2024-04-30T16:38:24.806+0000] {dag.py:2585} INFO - Sync 1 DAGs
[2024-04-30T16:38:25.076+0000] {logging_mixin.py:120} INFO - [2024-04-30T16:38:25.073+0000] {dag.py:3340} INFO - Setting next_dagrun for example_short_circuit_decorator to 2024-04-29T16:38:25.070060+00:00, run_after=2024-04-30T16:38:25.070060+00:00
[2024-04-30T16:38:25.200+0000] {processor.py:176} INFO - Processing /home/airflow/.local/lib/python3.7/site-packages/airflow/example_dags/example_short_circuit_decorator.py took 1.581 seconds
[2024-04-30T16:38:55.545+0000] {processor.py:154} INFO - Started process (PID=347) to work on /home/airflow/.local/lib/python3.7/site-packages/airflow/example_dags/example_short_circuit_decorator.py
[2024-04-30T16:38:55.547+0000] {processor.py:756} INFO - Processing file /home/airflow/.local/lib/python3.7/site-packages/airflow/example_dags/example_short_circuit_decorator.py for tasks to queue
[2024-04-30T16:38:55.549+0000] {logging_mixin.py:120} INFO - [2024-04-30T16:38:55.548+0000] {dagbag.py:537} INFO - Filling up the DagBag from /home/airflow/.local/lib/python3.7/site-packages/airflow/example_dags/example_short_circuit_decorator.py
[2024-04-30T16:38:55.584+0000] {processor.py:766} INFO - DAG(s) dict_keys(['example_short_circuit_decorator']) retrieved from /home/airflow/.local/lib/python3.7/site-packages/airflow/example_dags/example_short_circuit_decorator.py
[2024-04-30T16:38:55.643+0000] {logging_mixin.py:120} INFO - [2024-04-30T16:38:55.643+0000] {dag.py:2585} INFO - Sync 1 DAGs
[2024-04-30T16:38:55.676+0000] {logging_mixin.py:120} INFO - [2024-04-30T16:38:55.676+0000] {dag.py:3340} INFO - Setting next_dagrun for example_short_circuit_decorator to 2024-04-29T16:38:55.676067+00:00, run_after=2024-04-30T16:38:55.676067+00:00
[2024-04-30T16:38:55.691+0000] {processor.py:176} INFO - Processing /home/airflow/.local/lib/python3.7/site-packages/airflow/example_dags/example_short_circuit_decorator.py took 0.154 seconds
[2024-04-30T16:39:25.986+0000] {processor.py:154} INFO - Started process (PID=402) to work on /home/airflow/.local/lib/python3.7/site-packages/airflow/example_dags/example_short_circuit_decorator.py
[2024-04-30T16:39:25.994+0000] {processor.py:756} INFO - Processing file /home/airflow/.local/lib/python3.7/site-packages/airflow/example_dags/example_short_circuit_decorator.py for tasks to queue
[2024-04-30T16:39:26.002+0000] {logging_mixin.py:120} INFO - [2024-04-30T16:39:26.001+0000] {dagbag.py:537} INFO - Filling up the DagBag from /home/airflow/.local/lib/python3.7/site-packages/airflow/example_dags/example_short_circuit_decorator.py
[2024-04-30T16:39:26.065+0000] {processor.py:766} INFO - DAG(s) dict_keys(['example_short_circuit_decorator']) retrieved from /home/airflow/.local/lib/python3.7/site-packages/airflow/example_dags/example_short_circuit_decorator.py
[2024-04-30T16:39:26.153+0000] {logging_mixin.py:120} INFO - [2024-04-30T16:39:26.153+0000] {dag.py:2585} INFO - Sync 1 DAGs
[2024-04-30T16:39:26.205+0000] {logging_mixin.py:120} INFO - [2024-04-30T16:39:26.204+0000] {dag.py:3340} INFO - Setting next_dagrun for example_short_circuit_decorator to 2024-04-29T16:39:26.204523+00:00, run_after=2024-04-30T16:39:26.204523+00:00
[2024-04-30T16:39:26.244+0000] {processor.py:176} INFO - Processing /home/airflow/.local/lib/python3.7/site-packages/airflow/example_dags/example_short_circuit_decorator.py took 0.267 seconds
[2024-04-30T16:39:57.041+0000] {processor.py:154} INFO - Started process (PID=465) to work on /home/airflow/.local/lib/python3.7/site-packages/airflow/example_dags/example_short_circuit_decorator.py
[2024-04-30T16:39:57.046+0000] {processor.py:756} INFO - Processing file /home/airflow/.local/lib/python3.7/site-packages/airflow/example_dags/example_short_circuit_decorator.py for tasks to queue
[2024-04-30T16:39:57.048+0000] {logging_mixin.py:120} INFO - [2024-04-30T16:39:57.048+0000] {dagbag.py:537} INFO - Filling up the DagBag from /home/airflow/.local/lib/python3.7/site-packages/airflow/example_dags/example_short_circuit_decorator.py
[2024-04-30T16:39:57.118+0000] {processor.py:766} INFO - DAG(s) dict_keys(['example_short_circuit_decorator']) retrieved from /home/airflow/.local/lib/python3.7/site-packages/airflow/example_dags/example_short_circuit_decorator.py
[2024-04-30T16:39:57.266+0000] {logging_mixin.py:120} INFO - [2024-04-30T16:39:57.266+0000] {dag.py:2585} INFO - Sync 1 DAGs
[2024-04-30T16:39:57.329+0000] {logging_mixin.py:120} INFO - [2024-04-30T16:39:57.328+0000] {dag.py:3340} INFO - Setting next_dagrun for example_short_circuit_decorator to 2024-04-29T16:39:57.325172+00:00, run_after=2024-04-30T16:39:57.325172+00:00
[2024-04-30T16:39:57.374+0000] {processor.py:176} INFO - Processing /home/airflow/.local/lib/python3.7/site-packages/airflow/example_dags/example_short_circuit_decorator.py took 0.338 seconds
