[2024-04-30T16:34:42.145+0000] {processor.py:154} INFO - Started process (PID=44) to work on /home/airflow/.local/lib/python3.7/site-packages/airflow/example_dags/example_branch_operator_decorator.py
[2024-04-30T16:34:42.147+0000] {processor.py:756} INFO - Processing file /home/airflow/.local/lib/python3.7/site-packages/airflow/example_dags/example_branch_operator_decorator.py for tasks to queue
[2024-04-30T16:34:42.149+0000] {logging_mixin.py:120} INFO - [2024-04-30T16:34:42.149+0000] {dagbag.py:537} INFO - Filling up the DagBag from /home/airflow/.local/lib/python3.7/site-packages/airflow/example_dags/example_branch_operator_decorator.py
[2024-04-30T16:34:42.206+0000] {processor.py:766} INFO - DAG(s) dict_keys(['example_branch_python_operator_decorator']) retrieved from /home/airflow/.local/lib/python3.7/site-packages/airflow/example_dags/example_branch_operator_decorator.py
[2024-04-30T16:34:42.517+0000] {logging_mixin.py:120} INFO - [2024-04-30T16:34:42.517+0000] {manager.py:507} INFO - Created Permission View: can read on DAG:example_branch_python_operator_decorator
[2024-04-30T16:34:42.533+0000] {logging_mixin.py:120} INFO - [2024-04-30T16:34:42.532+0000] {manager.py:507} INFO - Created Permission View: can edit on DAG:example_branch_python_operator_decorator
[2024-04-30T16:34:42.584+0000] {logging_mixin.py:120} INFO - [2024-04-30T16:34:42.583+0000] {manager.py:507} INFO - Created Permission View: can delete on DAG:example_branch_python_operator_decorator
[2024-04-30T16:34:42.587+0000] {logging_mixin.py:120} INFO - [2024-04-30T16:34:42.586+0000] {dag.py:2585} INFO - Sync 1 DAGs
[2024-04-30T16:34:42.609+0000] {logging_mixin.py:120} INFO - [2024-04-30T16:34:42.608+0000] {dag.py:2606} INFO - Creating ORM DAG for example_branch_python_operator_decorator
[2024-04-30T16:34:42.648+0000] {logging_mixin.py:120} INFO - [2024-04-30T16:34:42.647+0000] {dag.py:3340} INFO - Setting next_dagrun for example_branch_python_operator_decorator to 2024-04-29T00:00:00+00:00, run_after=2024-04-30T00:00:00+00:00
[2024-04-30T16:34:42.728+0000] {processor.py:176} INFO - Processing /home/airflow/.local/lib/python3.7/site-packages/airflow/example_dags/example_branch_operator_decorator.py took 0.587 seconds
[2024-04-30T16:36:54.350+0000] {processor.py:154} INFO - Started process (PID=143) to work on /home/airflow/.local/lib/python3.7/site-packages/airflow/example_dags/example_branch_operator_decorator.py
[2024-04-30T16:36:54.388+0000] {processor.py:756} INFO - Processing file /home/airflow/.local/lib/python3.7/site-packages/airflow/example_dags/example_branch_operator_decorator.py for tasks to queue
[2024-04-30T16:36:54.397+0000] {logging_mixin.py:120} INFO - [2024-04-30T16:36:54.393+0000] {dagbag.py:537} INFO - Filling up the DagBag from /home/airflow/.local/lib/python3.7/site-packages/airflow/example_dags/example_branch_operator_decorator.py
[2024-04-30T16:36:55.044+0000] {processor.py:766} INFO - DAG(s) dict_keys(['example_branch_python_operator_decorator']) retrieved from /home/airflow/.local/lib/python3.7/site-packages/airflow/example_dags/example_branch_operator_decorator.py
[2024-04-30T16:36:58.313+0000] {logging_mixin.py:120} INFO - [2024-04-30T16:36:58.312+0000] {dag.py:2585} INFO - Sync 1 DAGs
[2024-04-30T16:36:58.692+0000] {logging_mixin.py:120} INFO - [2024-04-30T16:36:58.692+0000] {dag.py:3340} INFO - Setting next_dagrun for example_branch_python_operator_decorator to 2024-04-29T00:00:00+00:00, run_after=2024-04-30T00:00:00+00:00
[2024-04-30T16:36:58.859+0000] {processor.py:176} INFO - Processing /home/airflow/.local/lib/python3.7/site-packages/airflow/example_dags/example_branch_operator_decorator.py took 4.613 seconds
[2024-04-30T16:37:35.169+0000] {processor.py:154} INFO - Started process (PID=198) to work on /home/airflow/.local/lib/python3.7/site-packages/airflow/example_dags/example_branch_operator_decorator.py
[2024-04-30T16:37:35.172+0000] {processor.py:756} INFO - Processing file /home/airflow/.local/lib/python3.7/site-packages/airflow/example_dags/example_branch_operator_decorator.py for tasks to queue
[2024-04-30T16:37:35.175+0000] {logging_mixin.py:120} INFO - [2024-04-30T16:37:35.175+0000] {dagbag.py:537} INFO - Filling up the DagBag from /home/airflow/.local/lib/python3.7/site-packages/airflow/example_dags/example_branch_operator_decorator.py
[2024-04-30T16:37:35.215+0000] {processor.py:766} INFO - DAG(s) dict_keys(['example_branch_python_operator_decorator']) retrieved from /home/airflow/.local/lib/python3.7/site-packages/airflow/example_dags/example_branch_operator_decorator.py
[2024-04-30T16:37:35.264+0000] {logging_mixin.py:120} INFO - [2024-04-30T16:37:35.264+0000] {dag.py:2585} INFO - Sync 1 DAGs
[2024-04-30T16:37:35.310+0000] {logging_mixin.py:120} INFO - [2024-04-30T16:37:35.310+0000] {dag.py:3340} INFO - Setting next_dagrun for example_branch_python_operator_decorator to 2024-04-29T00:00:00+00:00, run_after=2024-04-30T00:00:00+00:00
[2024-04-30T16:37:35.334+0000] {processor.py:176} INFO - Processing /home/airflow/.local/lib/python3.7/site-packages/airflow/example_dags/example_branch_operator_decorator.py took 0.168 seconds
[2024-04-30T16:38:05.944+0000] {processor.py:154} INFO - Started process (PID=254) to work on /home/airflow/.local/lib/python3.7/site-packages/airflow/example_dags/example_branch_operator_decorator.py
[2024-04-30T16:38:06.167+0000] {processor.py:756} INFO - Processing file /home/airflow/.local/lib/python3.7/site-packages/airflow/example_dags/example_branch_operator_decorator.py for tasks to queue
[2024-04-30T16:38:06.197+0000] {logging_mixin.py:120} INFO - [2024-04-30T16:38:06.197+0000] {dagbag.py:537} INFO - Filling up the DagBag from /home/airflow/.local/lib/python3.7/site-packages/airflow/example_dags/example_branch_operator_decorator.py
[2024-04-30T16:38:06.291+0000] {processor.py:766} INFO - DAG(s) dict_keys(['example_branch_python_operator_decorator']) retrieved from /home/airflow/.local/lib/python3.7/site-packages/airflow/example_dags/example_branch_operator_decorator.py
[2024-04-30T16:38:06.385+0000] {logging_mixin.py:120} INFO - [2024-04-30T16:38:06.385+0000] {dag.py:2585} INFO - Sync 1 DAGs
[2024-04-30T16:38:06.434+0000] {logging_mixin.py:120} INFO - [2024-04-30T16:38:06.434+0000] {dag.py:3340} INFO - Setting next_dagrun for example_branch_python_operator_decorator to 2024-04-29T00:00:00+00:00, run_after=2024-04-30T00:00:00+00:00
[2024-04-30T16:38:06.465+0000] {processor.py:176} INFO - Processing /home/airflow/.local/lib/python3.7/site-packages/airflow/example_dags/example_branch_operator_decorator.py took 0.532 seconds
[2024-04-30T16:38:37.277+0000] {processor.py:154} INFO - Started process (PID=311) to work on /home/airflow/.local/lib/python3.7/site-packages/airflow/example_dags/example_branch_operator_decorator.py
[2024-04-30T16:38:37.285+0000] {processor.py:756} INFO - Processing file /home/airflow/.local/lib/python3.7/site-packages/airflow/example_dags/example_branch_operator_decorator.py for tasks to queue
[2024-04-30T16:38:37.292+0000] {logging_mixin.py:120} INFO - [2024-04-30T16:38:37.292+0000] {dagbag.py:537} INFO - Filling up the DagBag from /home/airflow/.local/lib/python3.7/site-packages/airflow/example_dags/example_branch_operator_decorator.py
[2024-04-30T16:38:37.342+0000] {processor.py:766} INFO - DAG(s) dict_keys(['example_branch_python_operator_decorator']) retrieved from /home/airflow/.local/lib/python3.7/site-packages/airflow/example_dags/example_branch_operator_decorator.py
[2024-04-30T16:38:37.402+0000] {logging_mixin.py:120} INFO - [2024-04-30T16:38:37.402+0000] {dag.py:2585} INFO - Sync 1 DAGs
[2024-04-30T16:38:37.445+0000] {logging_mixin.py:120} INFO - [2024-04-30T16:38:37.445+0000] {dag.py:3340} INFO - Setting next_dagrun for example_branch_python_operator_decorator to 2024-04-29T00:00:00+00:00, run_after=2024-04-30T00:00:00+00:00
[2024-04-30T16:38:37.469+0000] {processor.py:176} INFO - Processing /home/airflow/.local/lib/python3.7/site-packages/airflow/example_dags/example_branch_operator_decorator.py took 0.199 seconds
[2024-04-30T16:39:07.593+0000] {processor.py:154} INFO - Started process (PID=375) to work on /home/airflow/.local/lib/python3.7/site-packages/airflow/example_dags/example_branch_operator_decorator.py
[2024-04-30T16:39:07.595+0000] {processor.py:756} INFO - Processing file /home/airflow/.local/lib/python3.7/site-packages/airflow/example_dags/example_branch_operator_decorator.py for tasks to queue
[2024-04-30T16:39:07.597+0000] {logging_mixin.py:120} INFO - [2024-04-30T16:39:07.597+0000] {dagbag.py:537} INFO - Filling up the DagBag from /home/airflow/.local/lib/python3.7/site-packages/airflow/example_dags/example_branch_operator_decorator.py
[2024-04-30T16:39:07.642+0000] {processor.py:766} INFO - DAG(s) dict_keys(['example_branch_python_operator_decorator']) retrieved from /home/airflow/.local/lib/python3.7/site-packages/airflow/example_dags/example_branch_operator_decorator.py
[2024-04-30T16:39:07.743+0000] {logging_mixin.py:120} INFO - [2024-04-30T16:39:07.743+0000] {dag.py:2585} INFO - Sync 1 DAGs
[2024-04-30T16:39:07.790+0000] {logging_mixin.py:120} INFO - [2024-04-30T16:39:07.790+0000] {dag.py:3340} INFO - Setting next_dagrun for example_branch_python_operator_decorator to 2024-04-29T00:00:00+00:00, run_after=2024-04-30T00:00:00+00:00
[2024-04-30T16:39:07.819+0000] {processor.py:176} INFO - Processing /home/airflow/.local/lib/python3.7/site-packages/airflow/example_dags/example_branch_operator_decorator.py took 0.231 seconds
[2024-04-30T16:39:38.797+0000] {processor.py:154} INFO - Started process (PID=439) to work on /home/airflow/.local/lib/python3.7/site-packages/airflow/example_dags/example_branch_operator_decorator.py
[2024-04-30T16:39:38.802+0000] {processor.py:756} INFO - Processing file /home/airflow/.local/lib/python3.7/site-packages/airflow/example_dags/example_branch_operator_decorator.py for tasks to queue
[2024-04-30T16:39:38.806+0000] {logging_mixin.py:120} INFO - [2024-04-30T16:39:38.806+0000] {dagbag.py:537} INFO - Filling up the DagBag from /home/airflow/.local/lib/python3.7/site-packages/airflow/example_dags/example_branch_operator_decorator.py
[2024-04-30T16:39:38.894+0000] {processor.py:766} INFO - DAG(s) dict_keys(['example_branch_python_operator_decorator']) retrieved from /home/airflow/.local/lib/python3.7/site-packages/airflow/example_dags/example_branch_operator_decorator.py
[2024-04-30T16:39:39.088+0000] {logging_mixin.py:120} INFO - [2024-04-30T16:39:39.088+0000] {dag.py:2585} INFO - Sync 1 DAGs
[2024-04-30T16:39:39.505+0000] {logging_mixin.py:120} INFO - [2024-04-30T16:39:39.504+0000] {dag.py:3340} INFO - Setting next_dagrun for example_branch_python_operator_decorator to 2024-04-29T00:00:00+00:00, run_after=2024-04-30T00:00:00+00:00
[2024-04-30T16:39:40.613+0000] {processor.py:176} INFO - Processing /home/airflow/.local/lib/python3.7/site-packages/airflow/example_dags/example_branch_operator_decorator.py took 1.834 seconds
[2024-04-30T16:40:11.753+0000] {processor.py:154} INFO - Started process (PID=494) to work on /home/airflow/.local/lib/python3.7/site-packages/airflow/example_dags/example_branch_operator_decorator.py
[2024-04-30T16:40:11.762+0000] {processor.py:756} INFO - Processing file /home/airflow/.local/lib/python3.7/site-packages/airflow/example_dags/example_branch_operator_decorator.py for tasks to queue
[2024-04-30T16:40:11.765+0000] {logging_mixin.py:120} INFO - [2024-04-30T16:40:11.765+0000] {dagbag.py:537} INFO - Filling up the DagBag from /home/airflow/.local/lib/python3.7/site-packages/airflow/example_dags/example_branch_operator_decorator.py
[2024-04-30T16:40:11.948+0000] {processor.py:766} INFO - DAG(s) dict_keys(['example_branch_python_operator_decorator']) retrieved from /home/airflow/.local/lib/python3.7/site-packages/airflow/example_dags/example_branch_operator_decorator.py
[2024-04-30T16:40:12.204+0000] {logging_mixin.py:120} INFO - [2024-04-30T16:40:12.204+0000] {dag.py:2585} INFO - Sync 1 DAGs
[2024-04-30T16:40:12.266+0000] {logging_mixin.py:120} INFO - [2024-04-30T16:40:12.266+0000] {dag.py:3340} INFO - Setting next_dagrun for example_branch_python_operator_decorator to 2024-04-29T00:00:00+00:00, run_after=2024-04-30T00:00:00+00:00
[2024-04-30T16:40:12.288+0000] {processor.py:176} INFO - Processing /home/airflow/.local/lib/python3.7/site-packages/airflow/example_dags/example_branch_operator_decorator.py took 0.546 seconds
