[2024-04-30T16:36:03.338+0000] {processor.py:154} INFO - Started process (PID=92) to work on /home/airflow/.local/lib/python3.7/site-packages/airflow/example_dags/example_python_operator.py
[2024-04-30T16:36:03.349+0000] {processor.py:756} INFO - Processing file /home/airflow/.local/lib/python3.7/site-packages/airflow/example_dags/example_python_operator.py for tasks to queue
[2024-04-30T16:36:03.354+0000] {logging_mixin.py:120} INFO - [2024-04-30T16:36:03.353+0000] {dagbag.py:537} INFO - Filling up the DagBag from /home/airflow/.local/lib/python3.7/site-packages/airflow/example_dags/example_python_operator.py
[2024-04-30T16:36:03.580+0000] {logging_mixin.py:120} INFO - [2024-04-30T16:36:03.580+0000] {taskmixin.py:205} WARNING - Dependency <Task(_PythonDecoratedOperator): print_the_context>, log_sql_query already registered for DAG: example_python_operator
[2024-04-30T16:36:03.589+0000] {logging_mixin.py:120} INFO - [2024-04-30T16:36:03.589+0000] {taskmixin.py:205} WARNING - Dependency <Task(_PythonDecoratedOperator): log_sql_query>, print_the_context already registered for DAG: example_python_operator
[2024-04-30T16:36:03.627+0000] {logging_mixin.py:120} INFO - [2024-04-30T16:36:03.624+0000] {taskmixin.py:205} WARNING - Dependency <Task(_PythonDecoratedOperator): print_the_context>, log_sql_query already registered for DAG: example_python_operator
[2024-04-30T16:36:03.637+0000] {logging_mixin.py:120} INFO - [2024-04-30T16:36:03.637+0000] {taskmixin.py:205} WARNING - Dependency <Task(_PythonDecoratedOperator): log_sql_query>, print_the_context already registered for DAG: example_python_operator
[2024-04-30T16:36:03.639+0000] {logging_mixin.py:120} INFO - [2024-04-30T16:36:03.639+0000] {taskmixin.py:205} WARNING - Dependency <Task(_PythonDecoratedOperator): print_the_context>, log_sql_query already registered for DAG: example_python_operator
[2024-04-30T16:36:03.641+0000] {logging_mixin.py:120} INFO - [2024-04-30T16:36:03.641+0000] {taskmixin.py:205} WARNING - Dependency <Task(_PythonDecoratedOperator): log_sql_query>, print_the_context already registered for DAG: example_python_operator
[2024-04-30T16:36:03.642+0000] {logging_mixin.py:120} INFO - [2024-04-30T16:36:03.642+0000] {taskmixin.py:205} WARNING - Dependency <Task(_PythonDecoratedOperator): print_the_context>, log_sql_query already registered for DAG: example_python_operator
[2024-04-30T16:36:03.646+0000] {logging_mixin.py:120} INFO - [2024-04-30T16:36:03.645+0000] {taskmixin.py:205} WARNING - Dependency <Task(_PythonDecoratedOperator): log_sql_query>, print_the_context already registered for DAG: example_python_operator
[2024-04-30T16:36:03.802+0000] {processor.py:766} INFO - DAG(s) dict_keys(['example_python_operator']) retrieved from /home/airflow/.local/lib/python3.7/site-packages/airflow/example_dags/example_python_operator.py
[2024-04-30T16:36:05.962+0000] {logging_mixin.py:120} INFO - [2024-04-30T16:36:05.960+0000] {manager.py:507} INFO - Created Permission View: can read on DAG:example_python_operator
[2024-04-30T16:36:06.047+0000] {logging_mixin.py:120} INFO - [2024-04-30T16:36:06.047+0000] {manager.py:507} INFO - Created Permission View: can edit on DAG:example_python_operator
[2024-04-30T16:36:06.083+0000] {logging_mixin.py:120} INFO - [2024-04-30T16:36:06.080+0000] {manager.py:507} INFO - Created Permission View: can delete on DAG:example_python_operator
[2024-04-30T16:36:06.105+0000] {logging_mixin.py:120} INFO - [2024-04-30T16:36:06.104+0000] {dag.py:2585} INFO - Sync 1 DAGs
[2024-04-30T16:36:06.235+0000] {logging_mixin.py:120} INFO - [2024-04-30T16:36:06.235+0000] {dag.py:2606} INFO - Creating ORM DAG for example_python_operator
[2024-04-30T16:36:06.405+0000] {logging_mixin.py:120} INFO - [2024-04-30T16:36:06.405+0000] {dag.py:3340} INFO - Setting next_dagrun for example_python_operator to None, run_after=None
[2024-04-30T16:36:06.598+0000] {processor.py:176} INFO - Processing /home/airflow/.local/lib/python3.7/site-packages/airflow/example_dags/example_python_operator.py took 3.329 seconds
[2024-04-30T16:37:20.712+0000] {processor.py:154} INFO - Started process (PID=165) to work on /home/airflow/.local/lib/python3.7/site-packages/airflow/example_dags/example_python_operator.py
[2024-04-30T16:37:20.784+0000] {processor.py:756} INFO - Processing file /home/airflow/.local/lib/python3.7/site-packages/airflow/example_dags/example_python_operator.py for tasks to queue
[2024-04-30T16:37:20.823+0000] {logging_mixin.py:120} INFO - [2024-04-30T16:37:20.823+0000] {dagbag.py:537} INFO - Filling up the DagBag from /home/airflow/.local/lib/python3.7/site-packages/airflow/example_dags/example_python_operator.py
[2024-04-30T16:37:21.043+0000] {logging_mixin.py:120} INFO - [2024-04-30T16:37:21.042+0000] {taskmixin.py:205} WARNING - Dependency <Task(_PythonDecoratedOperator): print_the_context>, log_sql_query already registered for DAG: example_python_operator
[2024-04-30T16:37:21.048+0000] {logging_mixin.py:120} INFO - [2024-04-30T16:37:21.048+0000] {taskmixin.py:205} WARNING - Dependency <Task(_PythonDecoratedOperator): log_sql_query>, print_the_context already registered for DAG: example_python_operator
[2024-04-30T16:37:21.107+0000] {logging_mixin.py:120} INFO - [2024-04-30T16:37:21.107+0000] {taskmixin.py:205} WARNING - Dependency <Task(_PythonDecoratedOperator): print_the_context>, log_sql_query already registered for DAG: example_python_operator
[2024-04-30T16:37:21.166+0000] {logging_mixin.py:120} INFO - [2024-04-30T16:37:21.158+0000] {taskmixin.py:205} WARNING - Dependency <Task(_PythonDecoratedOperator): log_sql_query>, print_the_context already registered for DAG: example_python_operator
[2024-04-30T16:37:21.224+0000] {logging_mixin.py:120} INFO - [2024-04-30T16:37:21.224+0000] {taskmixin.py:205} WARNING - Dependency <Task(_PythonDecoratedOperator): print_the_context>, log_sql_query already registered for DAG: example_python_operator
[2024-04-30T16:37:21.255+0000] {logging_mixin.py:120} INFO - [2024-04-30T16:37:21.255+0000] {taskmixin.py:205} WARNING - Dependency <Task(_PythonDecoratedOperator): log_sql_query>, print_the_context already registered for DAG: example_python_operator
[2024-04-30T16:37:21.276+0000] {logging_mixin.py:120} INFO - [2024-04-30T16:37:21.276+0000] {taskmixin.py:205} WARNING - Dependency <Task(_PythonDecoratedOperator): print_the_context>, log_sql_query already registered for DAG: example_python_operator
[2024-04-30T16:37:21.305+0000] {logging_mixin.py:120} INFO - [2024-04-30T16:37:21.305+0000] {taskmixin.py:205} WARNING - Dependency <Task(_PythonDecoratedOperator): log_sql_query>, print_the_context already registered for DAG: example_python_operator
[2024-04-30T16:37:21.384+0000] {processor.py:766} INFO - DAG(s) dict_keys(['example_python_operator']) retrieved from /home/airflow/.local/lib/python3.7/site-packages/airflow/example_dags/example_python_operator.py
[2024-04-30T16:37:21.806+0000] {logging_mixin.py:120} INFO - [2024-04-30T16:37:21.806+0000] {dag.py:2585} INFO - Sync 1 DAGs
[2024-04-30T16:37:21.857+0000] {logging_mixin.py:120} INFO - [2024-04-30T16:37:21.857+0000] {dag.py:3340} INFO - Setting next_dagrun for example_python_operator to None, run_after=None
[2024-04-30T16:37:21.963+0000] {processor.py:176} INFO - Processing /home/airflow/.local/lib/python3.7/site-packages/airflow/example_dags/example_python_operator.py took 1.198 seconds
[2024-04-30T16:37:52.279+0000] {processor.py:154} INFO - Started process (PID=219) to work on /home/airflow/.local/lib/python3.7/site-packages/airflow/example_dags/example_python_operator.py
[2024-04-30T16:37:52.286+0000] {processor.py:756} INFO - Processing file /home/airflow/.local/lib/python3.7/site-packages/airflow/example_dags/example_python_operator.py for tasks to queue
[2024-04-30T16:37:52.291+0000] {logging_mixin.py:120} INFO - [2024-04-30T16:37:52.291+0000] {dagbag.py:537} INFO - Filling up the DagBag from /home/airflow/.local/lib/python3.7/site-packages/airflow/example_dags/example_python_operator.py
[2024-04-30T16:37:52.458+0000] {logging_mixin.py:120} INFO - [2024-04-30T16:37:52.457+0000] {taskmixin.py:205} WARNING - Dependency <Task(_PythonDecoratedOperator): print_the_context>, log_sql_query already registered for DAG: example_python_operator
[2024-04-30T16:37:52.463+0000] {logging_mixin.py:120} INFO - [2024-04-30T16:37:52.462+0000] {taskmixin.py:205} WARNING - Dependency <Task(_PythonDecoratedOperator): log_sql_query>, print_the_context already registered for DAG: example_python_operator
[2024-04-30T16:37:52.465+0000] {logging_mixin.py:120} INFO - [2024-04-30T16:37:52.465+0000] {taskmixin.py:205} WARNING - Dependency <Task(_PythonDecoratedOperator): print_the_context>, log_sql_query already registered for DAG: example_python_operator
[2024-04-30T16:37:52.467+0000] {logging_mixin.py:120} INFO - [2024-04-30T16:37:52.467+0000] {taskmixin.py:205} WARNING - Dependency <Task(_PythonDecoratedOperator): log_sql_query>, print_the_context already registered for DAG: example_python_operator
[2024-04-30T16:37:52.471+0000] {logging_mixin.py:120} INFO - [2024-04-30T16:37:52.470+0000] {taskmixin.py:205} WARNING - Dependency <Task(_PythonDecoratedOperator): print_the_context>, log_sql_query already registered for DAG: example_python_operator
[2024-04-30T16:37:52.472+0000] {logging_mixin.py:120} INFO - [2024-04-30T16:37:52.472+0000] {taskmixin.py:205} WARNING - Dependency <Task(_PythonDecoratedOperator): log_sql_query>, print_the_context already registered for DAG: example_python_operator
[2024-04-30T16:37:52.473+0000] {logging_mixin.py:120} INFO - [2024-04-30T16:37:52.473+0000] {taskmixin.py:205} WARNING - Dependency <Task(_PythonDecoratedOperator): print_the_context>, log_sql_query already registered for DAG: example_python_operator
[2024-04-30T16:37:52.474+0000] {logging_mixin.py:120} INFO - [2024-04-30T16:37:52.474+0000] {taskmixin.py:205} WARNING - Dependency <Task(_PythonDecoratedOperator): log_sql_query>, print_the_context already registered for DAG: example_python_operator
[2024-04-30T16:37:52.506+0000] {processor.py:766} INFO - DAG(s) dict_keys(['example_python_operator']) retrieved from /home/airflow/.local/lib/python3.7/site-packages/airflow/example_dags/example_python_operator.py
[2024-04-30T16:37:52.691+0000] {logging_mixin.py:120} INFO - [2024-04-30T16:37:52.691+0000] {dag.py:2585} INFO - Sync 1 DAGs
[2024-04-30T16:37:52.827+0000] {logging_mixin.py:120} INFO - [2024-04-30T16:37:52.826+0000] {dag.py:3340} INFO - Setting next_dagrun for example_python_operator to None, run_after=None
[2024-04-30T16:37:52.969+0000] {processor.py:176} INFO - Processing /home/airflow/.local/lib/python3.7/site-packages/airflow/example_dags/example_python_operator.py took 0.701 seconds
[2024-04-30T16:38:23.677+0000] {processor.py:154} INFO - Started process (PID=281) to work on /home/airflow/.local/lib/python3.7/site-packages/airflow/example_dags/example_python_operator.py
[2024-04-30T16:38:23.685+0000] {processor.py:756} INFO - Processing file /home/airflow/.local/lib/python3.7/site-packages/airflow/example_dags/example_python_operator.py for tasks to queue
[2024-04-30T16:38:23.693+0000] {logging_mixin.py:120} INFO - [2024-04-30T16:38:23.692+0000] {dagbag.py:537} INFO - Filling up the DagBag from /home/airflow/.local/lib/python3.7/site-packages/airflow/example_dags/example_python_operator.py
[2024-04-30T16:38:24.230+0000] {logging_mixin.py:120} INFO - [2024-04-30T16:38:24.228+0000] {taskmixin.py:205} WARNING - Dependency <Task(_PythonDecoratedOperator): print_the_context>, log_sql_query already registered for DAG: example_python_operator
[2024-04-30T16:38:24.242+0000] {logging_mixin.py:120} INFO - [2024-04-30T16:38:24.241+0000] {taskmixin.py:205} WARNING - Dependency <Task(_PythonDecoratedOperator): log_sql_query>, print_the_context already registered for DAG: example_python_operator
[2024-04-30T16:38:24.248+0000] {logging_mixin.py:120} INFO - [2024-04-30T16:38:24.247+0000] {taskmixin.py:205} WARNING - Dependency <Task(_PythonDecoratedOperator): print_the_context>, log_sql_query already registered for DAG: example_python_operator
[2024-04-30T16:38:24.253+0000] {logging_mixin.py:120} INFO - [2024-04-30T16:38:24.253+0000] {taskmixin.py:205} WARNING - Dependency <Task(_PythonDecoratedOperator): log_sql_query>, print_the_context already registered for DAG: example_python_operator
[2024-04-30T16:38:24.263+0000] {logging_mixin.py:120} INFO - [2024-04-30T16:38:24.262+0000] {taskmixin.py:205} WARNING - Dependency <Task(_PythonDecoratedOperator): print_the_context>, log_sql_query already registered for DAG: example_python_operator
[2024-04-30T16:38:24.273+0000] {logging_mixin.py:120} INFO - [2024-04-30T16:38:24.271+0000] {taskmixin.py:205} WARNING - Dependency <Task(_PythonDecoratedOperator): log_sql_query>, print_the_context already registered for DAG: example_python_operator
[2024-04-30T16:38:24.285+0000] {logging_mixin.py:120} INFO - [2024-04-30T16:38:24.284+0000] {taskmixin.py:205} WARNING - Dependency <Task(_PythonDecoratedOperator): print_the_context>, log_sql_query already registered for DAG: example_python_operator
[2024-04-30T16:38:24.290+0000] {logging_mixin.py:120} INFO - [2024-04-30T16:38:24.290+0000] {taskmixin.py:205} WARNING - Dependency <Task(_PythonDecoratedOperator): log_sql_query>, print_the_context already registered for DAG: example_python_operator
[2024-04-30T16:38:24.368+0000] {processor.py:766} INFO - DAG(s) dict_keys(['example_python_operator']) retrieved from /home/airflow/.local/lib/python3.7/site-packages/airflow/example_dags/example_python_operator.py
[2024-04-30T16:38:24.823+0000] {logging_mixin.py:120} INFO - [2024-04-30T16:38:24.813+0000] {dag.py:2585} INFO - Sync 1 DAGs
[2024-04-30T16:38:24.985+0000] {logging_mixin.py:120} INFO - [2024-04-30T16:38:24.984+0000] {dag.py:3340} INFO - Setting next_dagrun for example_python_operator to None, run_after=None
[2024-04-30T16:38:25.054+0000] {processor.py:176} INFO - Processing /home/airflow/.local/lib/python3.7/site-packages/airflow/example_dags/example_python_operator.py took 1.436 seconds
[2024-04-30T16:38:55.542+0000] {processor.py:154} INFO - Started process (PID=346) to work on /home/airflow/.local/lib/python3.7/site-packages/airflow/example_dags/example_python_operator.py
[2024-04-30T16:38:55.546+0000] {processor.py:756} INFO - Processing file /home/airflow/.local/lib/python3.7/site-packages/airflow/example_dags/example_python_operator.py for tasks to queue
[2024-04-30T16:38:55.547+0000] {logging_mixin.py:120} INFO - [2024-04-30T16:38:55.547+0000] {dagbag.py:537} INFO - Filling up the DagBag from /home/airflow/.local/lib/python3.7/site-packages/airflow/example_dags/example_python_operator.py
[2024-04-30T16:38:55.573+0000] {logging_mixin.py:120} INFO - [2024-04-30T16:38:55.573+0000] {taskmixin.py:205} WARNING - Dependency <Task(_PythonDecoratedOperator): print_the_context>, log_sql_query already registered for DAG: example_python_operator
[2024-04-30T16:38:55.574+0000] {logging_mixin.py:120} INFO - [2024-04-30T16:38:55.574+0000] {taskmixin.py:205} WARNING - Dependency <Task(_PythonDecoratedOperator): log_sql_query>, print_the_context already registered for DAG: example_python_operator
[2024-04-30T16:38:55.575+0000] {logging_mixin.py:120} INFO - [2024-04-30T16:38:55.575+0000] {taskmixin.py:205} WARNING - Dependency <Task(_PythonDecoratedOperator): print_the_context>, log_sql_query already registered for DAG: example_python_operator
[2024-04-30T16:38:55.575+0000] {logging_mixin.py:120} INFO - [2024-04-30T16:38:55.575+0000] {taskmixin.py:205} WARNING - Dependency <Task(_PythonDecoratedOperator): log_sql_query>, print_the_context already registered for DAG: example_python_operator
[2024-04-30T16:38:55.576+0000] {logging_mixin.py:120} INFO - [2024-04-30T16:38:55.576+0000] {taskmixin.py:205} WARNING - Dependency <Task(_PythonDecoratedOperator): print_the_context>, log_sql_query already registered for DAG: example_python_operator
[2024-04-30T16:38:55.577+0000] {logging_mixin.py:120} INFO - [2024-04-30T16:38:55.577+0000] {taskmixin.py:205} WARNING - Dependency <Task(_PythonDecoratedOperator): log_sql_query>, print_the_context already registered for DAG: example_python_operator
[2024-04-30T16:38:55.578+0000] {logging_mixin.py:120} INFO - [2024-04-30T16:38:55.578+0000] {taskmixin.py:205} WARNING - Dependency <Task(_PythonDecoratedOperator): print_the_context>, log_sql_query already registered for DAG: example_python_operator
[2024-04-30T16:38:55.579+0000] {logging_mixin.py:120} INFO - [2024-04-30T16:38:55.579+0000] {taskmixin.py:205} WARNING - Dependency <Task(_PythonDecoratedOperator): log_sql_query>, print_the_context already registered for DAG: example_python_operator
[2024-04-30T16:38:55.588+0000] {processor.py:766} INFO - DAG(s) dict_keys(['example_python_operator']) retrieved from /home/airflow/.local/lib/python3.7/site-packages/airflow/example_dags/example_python_operator.py
[2024-04-30T16:38:55.643+0000] {logging_mixin.py:120} INFO - [2024-04-30T16:38:55.643+0000] {dag.py:2585} INFO - Sync 1 DAGs
[2024-04-30T16:38:55.675+0000] {logging_mixin.py:120} INFO - [2024-04-30T16:38:55.675+0000] {dag.py:3340} INFO - Setting next_dagrun for example_python_operator to None, run_after=None
[2024-04-30T16:38:55.691+0000] {processor.py:176} INFO - Processing /home/airflow/.local/lib/python3.7/site-packages/airflow/example_dags/example_python_operator.py took 0.157 seconds
[2024-04-30T16:39:25.987+0000] {processor.py:154} INFO - Started process (PID=401) to work on /home/airflow/.local/lib/python3.7/site-packages/airflow/example_dags/example_python_operator.py
[2024-04-30T16:39:25.996+0000] {processor.py:756} INFO - Processing file /home/airflow/.local/lib/python3.7/site-packages/airflow/example_dags/example_python_operator.py for tasks to queue
[2024-04-30T16:39:26.004+0000] {logging_mixin.py:120} INFO - [2024-04-30T16:39:26.004+0000] {dagbag.py:537} INFO - Filling up the DagBag from /home/airflow/.local/lib/python3.7/site-packages/airflow/example_dags/example_python_operator.py
[2024-04-30T16:39:26.052+0000] {logging_mixin.py:120} INFO - [2024-04-30T16:39:26.052+0000] {taskmixin.py:205} WARNING - Dependency <Task(_PythonDecoratedOperator): print_the_context>, log_sql_query already registered for DAG: example_python_operator
[2024-04-30T16:39:26.053+0000] {logging_mixin.py:120} INFO - [2024-04-30T16:39:26.053+0000] {taskmixin.py:205} WARNING - Dependency <Task(_PythonDecoratedOperator): log_sql_query>, print_the_context already registered for DAG: example_python_operator
[2024-04-30T16:39:26.054+0000] {logging_mixin.py:120} INFO - [2024-04-30T16:39:26.054+0000] {taskmixin.py:205} WARNING - Dependency <Task(_PythonDecoratedOperator): print_the_context>, log_sql_query already registered for DAG: example_python_operator
[2024-04-30T16:39:26.055+0000] {logging_mixin.py:120} INFO - [2024-04-30T16:39:26.055+0000] {taskmixin.py:205} WARNING - Dependency <Task(_PythonDecoratedOperator): log_sql_query>, print_the_context already registered for DAG: example_python_operator
[2024-04-30T16:39:26.057+0000] {logging_mixin.py:120} INFO - [2024-04-30T16:39:26.057+0000] {taskmixin.py:205} WARNING - Dependency <Task(_PythonDecoratedOperator): print_the_context>, log_sql_query already registered for DAG: example_python_operator
[2024-04-30T16:39:26.058+0000] {logging_mixin.py:120} INFO - [2024-04-30T16:39:26.058+0000] {taskmixin.py:205} WARNING - Dependency <Task(_PythonDecoratedOperator): log_sql_query>, print_the_context already registered for DAG: example_python_operator
[2024-04-30T16:39:26.059+0000] {logging_mixin.py:120} INFO - [2024-04-30T16:39:26.058+0000] {taskmixin.py:205} WARNING - Dependency <Task(_PythonDecoratedOperator): print_the_context>, log_sql_query already registered for DAG: example_python_operator
[2024-04-30T16:39:26.060+0000] {logging_mixin.py:120} INFO - [2024-04-30T16:39:26.060+0000] {taskmixin.py:205} WARNING - Dependency <Task(_PythonDecoratedOperator): log_sql_query>, print_the_context already registered for DAG: example_python_operator
[2024-04-30T16:39:26.070+0000] {processor.py:766} INFO - DAG(s) dict_keys(['example_python_operator']) retrieved from /home/airflow/.local/lib/python3.7/site-packages/airflow/example_dags/example_python_operator.py
[2024-04-30T16:39:26.153+0000] {logging_mixin.py:120} INFO - [2024-04-30T16:39:26.153+0000] {dag.py:2585} INFO - Sync 1 DAGs
[2024-04-30T16:39:26.206+0000] {logging_mixin.py:120} INFO - [2024-04-30T16:39:26.205+0000] {dag.py:3340} INFO - Setting next_dagrun for example_python_operator to None, run_after=None
[2024-04-30T16:39:26.244+0000] {processor.py:176} INFO - Processing /home/airflow/.local/lib/python3.7/site-packages/airflow/example_dags/example_python_operator.py took 0.269 seconds
[2024-04-30T16:39:57.040+0000] {processor.py:154} INFO - Started process (PID=464) to work on /home/airflow/.local/lib/python3.7/site-packages/airflow/example_dags/example_python_operator.py
[2024-04-30T16:39:57.045+0000] {processor.py:756} INFO - Processing file /home/airflow/.local/lib/python3.7/site-packages/airflow/example_dags/example_python_operator.py for tasks to queue
[2024-04-30T16:39:57.047+0000] {logging_mixin.py:120} INFO - [2024-04-30T16:39:57.047+0000] {dagbag.py:537} INFO - Filling up the DagBag from /home/airflow/.local/lib/python3.7/site-packages/airflow/example_dags/example_python_operator.py
[2024-04-30T16:39:57.106+0000] {logging_mixin.py:120} INFO - [2024-04-30T16:39:57.106+0000] {taskmixin.py:205} WARNING - Dependency <Task(_PythonDecoratedOperator): print_the_context>, log_sql_query already registered for DAG: example_python_operator
[2024-04-30T16:39:57.107+0000] {logging_mixin.py:120} INFO - [2024-04-30T16:39:57.107+0000] {taskmixin.py:205} WARNING - Dependency <Task(_PythonDecoratedOperator): log_sql_query>, print_the_context already registered for DAG: example_python_operator
[2024-04-30T16:39:57.118+0000] {logging_mixin.py:120} INFO - [2024-04-30T16:39:57.118+0000] {taskmixin.py:205} WARNING - Dependency <Task(_PythonDecoratedOperator): print_the_context>, log_sql_query already registered for DAG: example_python_operator
[2024-04-30T16:39:57.119+0000] {logging_mixin.py:120} INFO - [2024-04-30T16:39:57.119+0000] {taskmixin.py:205} WARNING - Dependency <Task(_PythonDecoratedOperator): log_sql_query>, print_the_context already registered for DAG: example_python_operator
[2024-04-30T16:39:57.121+0000] {logging_mixin.py:120} INFO - [2024-04-30T16:39:57.121+0000] {taskmixin.py:205} WARNING - Dependency <Task(_PythonDecoratedOperator): print_the_context>, log_sql_query already registered for DAG: example_python_operator
[2024-04-30T16:39:57.123+0000] {logging_mixin.py:120} INFO - [2024-04-30T16:39:57.122+0000] {taskmixin.py:205} WARNING - Dependency <Task(_PythonDecoratedOperator): log_sql_query>, print_the_context already registered for DAG: example_python_operator
[2024-04-30T16:39:57.129+0000] {logging_mixin.py:120} INFO - [2024-04-30T16:39:57.128+0000] {taskmixin.py:205} WARNING - Dependency <Task(_PythonDecoratedOperator): print_the_context>, log_sql_query already registered for DAG: example_python_operator
[2024-04-30T16:39:57.133+0000] {logging_mixin.py:120} INFO - [2024-04-30T16:39:57.132+0000] {taskmixin.py:205} WARNING - Dependency <Task(_PythonDecoratedOperator): log_sql_query>, print_the_context already registered for DAG: example_python_operator
[2024-04-30T16:39:57.149+0000] {processor.py:766} INFO - DAG(s) dict_keys(['example_python_operator']) retrieved from /home/airflow/.local/lib/python3.7/site-packages/airflow/example_dags/example_python_operator.py
[2024-04-30T16:39:57.266+0000] {logging_mixin.py:120} INFO - [2024-04-30T16:39:57.266+0000] {dag.py:2585} INFO - Sync 1 DAGs
[2024-04-30T16:39:57.324+0000] {logging_mixin.py:120} INFO - [2024-04-30T16:39:57.323+0000] {dag.py:3340} INFO - Setting next_dagrun for example_python_operator to None, run_after=None
[2024-04-30T16:39:57.362+0000] {processor.py:176} INFO - Processing /home/airflow/.local/lib/python3.7/site-packages/airflow/example_dags/example_python_operator.py took 0.343 seconds
