[2024-04-30T16:36:40.512+0000] {processor.py:154} INFO - Started process (PID=127) to work on /home/airflow/.local/lib/python3.7/site-packages/airflow/example_dags/example_kubernetes_executor.py
[2024-04-30T16:36:40.522+0000] {processor.py:756} INFO - Processing file /home/airflow/.local/lib/python3.7/site-packages/airflow/example_dags/example_kubernetes_executor.py for tasks to queue
[2024-04-30T16:36:40.532+0000] {logging_mixin.py:120} INFO - [2024-04-30T16:36:40.531+0000] {dagbag.py:537} INFO - Filling up the DagBag from /home/airflow/.local/lib/python3.7/site-packages/airflow/example_dags/example_kubernetes_executor.py
[2024-04-30T16:36:44.406+0000] {processor.py:766} INFO - DAG(s) dict_keys(['example_kubernetes_executor']) retrieved from /home/airflow/.local/lib/python3.7/site-packages/airflow/example_dags/example_kubernetes_executor.py
[2024-04-30T16:36:48.855+0000] {logging_mixin.py:120} INFO - [2024-04-30T16:36:48.846+0000] {manager.py:507} INFO - Created Permission View: can read on DAG:example_kubernetes_executor
[2024-04-30T16:36:48.925+0000] {logging_mixin.py:120} INFO - [2024-04-30T16:36:48.925+0000] {manager.py:507} INFO - Created Permission View: can edit on DAG:example_kubernetes_executor
[2024-04-30T16:36:48.967+0000] {logging_mixin.py:120} INFO - [2024-04-30T16:36:48.967+0000] {manager.py:507} INFO - Created Permission View: can delete on DAG:example_kubernetes_executor
[2024-04-30T16:36:48.976+0000] {logging_mixin.py:120} INFO - [2024-04-30T16:36:48.971+0000] {dag.py:2585} INFO - Sync 1 DAGs
[2024-04-30T16:36:49.296+0000] {logging_mixin.py:120} INFO - [2024-04-30T16:36:49.288+0000] {dag.py:2606} INFO - Creating ORM DAG for example_kubernetes_executor
[2024-04-30T16:36:49.354+0000] {logging_mixin.py:120} INFO - [2024-04-30T16:36:49.353+0000] {dag.py:3340} INFO - Setting next_dagrun for example_kubernetes_executor to None, run_after=None
[2024-04-30T16:36:49.809+0000] {processor.py:176} INFO - Processing /home/airflow/.local/lib/python3.7/site-packages/airflow/example_dags/example_kubernetes_executor.py took 9.328 seconds
[2024-04-30T16:37:34.974+0000] {processor.py:154} INFO - Started process (PID=195) to work on /home/airflow/.local/lib/python3.7/site-packages/airflow/example_dags/example_kubernetes_executor.py
[2024-04-30T16:37:34.978+0000] {processor.py:756} INFO - Processing file /home/airflow/.local/lib/python3.7/site-packages/airflow/example_dags/example_kubernetes_executor.py for tasks to queue
[2024-04-30T16:37:34.979+0000] {logging_mixin.py:120} INFO - [2024-04-30T16:37:34.979+0000] {dagbag.py:537} INFO - Filling up the DagBag from /home/airflow/.local/lib/python3.7/site-packages/airflow/example_dags/example_kubernetes_executor.py
[2024-04-30T16:37:35.033+0000] {processor.py:766} INFO - DAG(s) dict_keys(['example_kubernetes_executor']) retrieved from /home/airflow/.local/lib/python3.7/site-packages/airflow/example_dags/example_kubernetes_executor.py
[2024-04-30T16:37:35.110+0000] {logging_mixin.py:120} INFO - [2024-04-30T16:37:35.110+0000] {dag.py:2585} INFO - Sync 1 DAGs
[2024-04-30T16:37:35.146+0000] {logging_mixin.py:120} INFO - [2024-04-30T16:37:35.145+0000] {dag.py:3340} INFO - Setting next_dagrun for example_kubernetes_executor to None, run_after=None
[2024-04-30T16:37:35.167+0000] {processor.py:176} INFO - Processing /home/airflow/.local/lib/python3.7/site-packages/airflow/example_dags/example_kubernetes_executor.py took 0.199 seconds
[2024-04-30T16:38:06.711+0000] {processor.py:154} INFO - Started process (PID=260) to work on /home/airflow/.local/lib/python3.7/site-packages/airflow/example_dags/example_kubernetes_executor.py
[2024-04-30T16:38:06.714+0000] {processor.py:756} INFO - Processing file /home/airflow/.local/lib/python3.7/site-packages/airflow/example_dags/example_kubernetes_executor.py for tasks to queue
[2024-04-30T16:38:06.715+0000] {logging_mixin.py:120} INFO - [2024-04-30T16:38:06.715+0000] {dagbag.py:537} INFO - Filling up the DagBag from /home/airflow/.local/lib/python3.7/site-packages/airflow/example_dags/example_kubernetes_executor.py
[2024-04-30T16:38:06.868+0000] {processor.py:766} INFO - DAG(s) dict_keys(['example_kubernetes_executor']) retrieved from /home/airflow/.local/lib/python3.7/site-packages/airflow/example_dags/example_kubernetes_executor.py
[2024-04-30T16:38:06.959+0000] {logging_mixin.py:120} INFO - [2024-04-30T16:38:06.959+0000] {dag.py:2585} INFO - Sync 1 DAGs
[2024-04-30T16:38:06.988+0000] {logging_mixin.py:120} INFO - [2024-04-30T16:38:06.988+0000] {dag.py:3340} INFO - Setting next_dagrun for example_kubernetes_executor to None, run_after=None
[2024-04-30T16:38:07.004+0000] {processor.py:176} INFO - Processing /home/airflow/.local/lib/python3.7/site-packages/airflow/example_dags/example_kubernetes_executor.py took 0.296 seconds
[2024-04-30T16:38:37.706+0000] {processor.py:154} INFO - Started process (PID=315) to work on /home/airflow/.local/lib/python3.7/site-packages/airflow/example_dags/example_kubernetes_executor.py
[2024-04-30T16:38:37.708+0000] {processor.py:756} INFO - Processing file /home/airflow/.local/lib/python3.7/site-packages/airflow/example_dags/example_kubernetes_executor.py for tasks to queue
[2024-04-30T16:38:37.709+0000] {logging_mixin.py:120} INFO - [2024-04-30T16:38:37.709+0000] {dagbag.py:537} INFO - Filling up the DagBag from /home/airflow/.local/lib/python3.7/site-packages/airflow/example_dags/example_kubernetes_executor.py
[2024-04-30T16:38:37.818+0000] {processor.py:766} INFO - DAG(s) dict_keys(['example_kubernetes_executor']) retrieved from /home/airflow/.local/lib/python3.7/site-packages/airflow/example_dags/example_kubernetes_executor.py
[2024-04-30T16:38:37.910+0000] {logging_mixin.py:120} INFO - [2024-04-30T16:38:37.910+0000] {dag.py:2585} INFO - Sync 1 DAGs
[2024-04-30T16:38:37.956+0000] {logging_mixin.py:120} INFO - [2024-04-30T16:38:37.956+0000] {dag.py:3340} INFO - Setting next_dagrun for example_kubernetes_executor to None, run_after=None
[2024-04-30T16:38:37.994+0000] {processor.py:176} INFO - Processing /home/airflow/.local/lib/python3.7/site-packages/airflow/example_dags/example_kubernetes_executor.py took 0.293 seconds
[2024-04-30T16:39:08.101+0000] {processor.py:154} INFO - Started process (PID=380) to work on /home/airflow/.local/lib/python3.7/site-packages/airflow/example_dags/example_kubernetes_executor.py
[2024-04-30T16:39:08.106+0000] {processor.py:756} INFO - Processing file /home/airflow/.local/lib/python3.7/site-packages/airflow/example_dags/example_kubernetes_executor.py for tasks to queue
[2024-04-30T16:39:08.109+0000] {logging_mixin.py:120} INFO - [2024-04-30T16:39:08.108+0000] {dagbag.py:537} INFO - Filling up the DagBag from /home/airflow/.local/lib/python3.7/site-packages/airflow/example_dags/example_kubernetes_executor.py
[2024-04-30T16:39:08.175+0000] {processor.py:766} INFO - DAG(s) dict_keys(['example_kubernetes_executor']) retrieved from /home/airflow/.local/lib/python3.7/site-packages/airflow/example_dags/example_kubernetes_executor.py
[2024-04-30T16:39:08.211+0000] {logging_mixin.py:120} INFO - [2024-04-30T16:39:08.211+0000] {dag.py:2585} INFO - Sync 1 DAGs
[2024-04-30T16:39:08.227+0000] {logging_mixin.py:120} INFO - [2024-04-30T16:39:08.227+0000] {dag.py:3340} INFO - Setting next_dagrun for example_kubernetes_executor to None, run_after=None
[2024-04-30T16:39:08.240+0000] {processor.py:176} INFO - Processing /home/airflow/.local/lib/python3.7/site-packages/airflow/example_dags/example_kubernetes_executor.py took 0.142 seconds
[2024-04-30T16:39:42.556+0000] {processor.py:154} INFO - Started process (PID=444) to work on /home/airflow/.local/lib/python3.7/site-packages/airflow/example_dags/example_kubernetes_executor.py
[2024-04-30T16:39:42.559+0000] {processor.py:756} INFO - Processing file /home/airflow/.local/lib/python3.7/site-packages/airflow/example_dags/example_kubernetes_executor.py for tasks to queue
[2024-04-30T16:39:42.561+0000] {logging_mixin.py:120} INFO - [2024-04-30T16:39:42.561+0000] {dagbag.py:537} INFO - Filling up the DagBag from /home/airflow/.local/lib/python3.7/site-packages/airflow/example_dags/example_kubernetes_executor.py
[2024-04-30T16:39:42.637+0000] {processor.py:766} INFO - DAG(s) dict_keys(['example_kubernetes_executor']) retrieved from /home/airflow/.local/lib/python3.7/site-packages/airflow/example_dags/example_kubernetes_executor.py
[2024-04-30T16:39:42.709+0000] {logging_mixin.py:120} INFO - [2024-04-30T16:39:42.708+0000] {dag.py:2585} INFO - Sync 1 DAGs
[2024-04-30T16:39:42.738+0000] {logging_mixin.py:120} INFO - [2024-04-30T16:39:42.738+0000] {dag.py:3340} INFO - Setting next_dagrun for example_kubernetes_executor to None, run_after=None
[2024-04-30T16:39:42.768+0000] {processor.py:176} INFO - Processing /home/airflow/.local/lib/python3.7/site-packages/airflow/example_dags/example_kubernetes_executor.py took 0.217 seconds
[2024-04-30T16:40:13.233+0000] {processor.py:154} INFO - Started process (PID=502) to work on /home/airflow/.local/lib/python3.7/site-packages/airflow/example_dags/example_kubernetes_executor.py
[2024-04-30T16:40:13.235+0000] {processor.py:756} INFO - Processing file /home/airflow/.local/lib/python3.7/site-packages/airflow/example_dags/example_kubernetes_executor.py for tasks to queue
[2024-04-30T16:40:13.236+0000] {logging_mixin.py:120} INFO - [2024-04-30T16:40:13.236+0000] {dagbag.py:537} INFO - Filling up the DagBag from /home/airflow/.local/lib/python3.7/site-packages/airflow/example_dags/example_kubernetes_executor.py
[2024-04-30T16:40:13.282+0000] {processor.py:766} INFO - DAG(s) dict_keys(['example_kubernetes_executor']) retrieved from /home/airflow/.local/lib/python3.7/site-packages/airflow/example_dags/example_kubernetes_executor.py
[2024-04-30T16:40:13.322+0000] {logging_mixin.py:120} INFO - [2024-04-30T16:40:13.322+0000] {dag.py:2585} INFO - Sync 1 DAGs
[2024-04-30T16:40:13.340+0000] {logging_mixin.py:120} INFO - [2024-04-30T16:40:13.340+0000] {dag.py:3340} INFO - Setting next_dagrun for example_kubernetes_executor to None, run_after=None
[2024-04-30T16:40:13.351+0000] {processor.py:176} INFO - Processing /home/airflow/.local/lib/python3.7/site-packages/airflow/example_dags/example_kubernetes_executor.py took 0.125 seconds
