[2024-04-30T16:34:41.603+0000] {processor.py:154} INFO - Started process (PID=43) to work on /home/airflow/.local/lib/python3.7/site-packages/airflow/example_dags/example_latest_only_with_trigger.py
[2024-04-30T16:34:41.605+0000] {processor.py:756} INFO - Processing file /home/airflow/.local/lib/python3.7/site-packages/airflow/example_dags/example_latest_only_with_trigger.py for tasks to queue
[2024-04-30T16:34:41.611+0000] {logging_mixin.py:120} INFO - [2024-04-30T16:34:41.610+0000] {dagbag.py:537} INFO - Filling up the DagBag from /home/airflow/.local/lib/python3.7/site-packages/airflow/example_dags/example_latest_only_with_trigger.py
[2024-04-30T16:34:41.648+0000] {processor.py:766} INFO - DAG(s) dict_keys(['latest_only_with_trigger']) retrieved from /home/airflow/.local/lib/python3.7/site-packages/airflow/example_dags/example_latest_only_with_trigger.py
[2024-04-30T16:34:41.937+0000] {logging_mixin.py:120} INFO - [2024-04-30T16:34:41.936+0000] {manager.py:507} INFO - Created Permission View: can read on DAG:latest_only_with_trigger
[2024-04-30T16:34:41.955+0000] {logging_mixin.py:120} INFO - [2024-04-30T16:34:41.954+0000] {manager.py:507} INFO - Created Permission View: can edit on DAG:latest_only_with_trigger
[2024-04-30T16:34:41.981+0000] {logging_mixin.py:120} INFO - [2024-04-30T16:34:41.981+0000] {manager.py:507} INFO - Created Permission View: can delete on DAG:latest_only_with_trigger
[2024-04-30T16:34:41.983+0000] {logging_mixin.py:120} INFO - [2024-04-30T16:34:41.983+0000] {dag.py:2585} INFO - Sync 1 DAGs
[2024-04-30T16:34:42.003+0000] {logging_mixin.py:120} INFO - [2024-04-30T16:34:42.003+0000] {dag.py:2606} INFO - Creating ORM DAG for latest_only_with_trigger
[2024-04-30T16:34:42.036+0000] {logging_mixin.py:120} INFO - [2024-04-30T16:34:42.029+0000] {dag.py:3340} INFO - Setting next_dagrun for latest_only_with_trigger to 2024-04-30T12:34:42.029101+00:00, run_after=2024-04-30T16:34:42.029101+00:00
[2024-04-30T16:34:42.107+0000] {processor.py:176} INFO - Processing /home/airflow/.local/lib/python3.7/site-packages/airflow/example_dags/example_latest_only_with_trigger.py took 0.511 seconds
[2024-04-30T16:36:52.232+0000] {processor.py:154} INFO - Started process (PID=142) to work on /home/airflow/.local/lib/python3.7/site-packages/airflow/example_dags/example_latest_only_with_trigger.py
[2024-04-30T16:36:52.252+0000] {processor.py:756} INFO - Processing file /home/airflow/.local/lib/python3.7/site-packages/airflow/example_dags/example_latest_only_with_trigger.py for tasks to queue
[2024-04-30T16:36:52.255+0000] {logging_mixin.py:120} INFO - [2024-04-30T16:36:52.255+0000] {dagbag.py:537} INFO - Filling up the DagBag from /home/airflow/.local/lib/python3.7/site-packages/airflow/example_dags/example_latest_only_with_trigger.py
[2024-04-30T16:36:52.522+0000] {processor.py:766} INFO - DAG(s) dict_keys(['latest_only_with_trigger']) retrieved from /home/airflow/.local/lib/python3.7/site-packages/airflow/example_dags/example_latest_only_with_trigger.py
[2024-04-30T16:36:53.997+0000] {logging_mixin.py:120} INFO - [2024-04-30T16:36:53.981+0000] {dag.py:2585} INFO - Sync 1 DAGs
[2024-04-30T16:36:54.539+0000] {logging_mixin.py:120} INFO - [2024-04-30T16:36:54.538+0000] {dag.py:3340} INFO - Setting next_dagrun for latest_only_with_trigger to 2024-04-30T12:36:54.517931+00:00, run_after=2024-04-30T16:36:54.517931+00:00
[2024-04-30T16:36:54.664+0000] {processor.py:176} INFO - Processing /home/airflow/.local/lib/python3.7/site-packages/airflow/example_dags/example_latest_only_with_trigger.py took 2.439 seconds
[2024-04-30T16:37:27.499+0000] {processor.py:154} INFO - Started process (PID=185) to work on /home/airflow/.local/lib/python3.7/site-packages/airflow/example_dags/example_latest_only_with_trigger.py
[2024-04-30T16:37:27.510+0000] {processor.py:756} INFO - Processing file /home/airflow/.local/lib/python3.7/site-packages/airflow/example_dags/example_latest_only_with_trigger.py for tasks to queue
[2024-04-30T16:37:27.517+0000] {logging_mixin.py:120} INFO - [2024-04-30T16:37:27.514+0000] {dagbag.py:537} INFO - Filling up the DagBag from /home/airflow/.local/lib/python3.7/site-packages/airflow/example_dags/example_latest_only_with_trigger.py
[2024-04-30T16:37:27.612+0000] {processor.py:766} INFO - DAG(s) dict_keys(['latest_only_with_trigger']) retrieved from /home/airflow/.local/lib/python3.7/site-packages/airflow/example_dags/example_latest_only_with_trigger.py
[2024-04-30T16:37:27.868+0000] {logging_mixin.py:120} INFO - [2024-04-30T16:37:27.868+0000] {dag.py:2585} INFO - Sync 1 DAGs
[2024-04-30T16:37:27.969+0000] {logging_mixin.py:120} INFO - [2024-04-30T16:37:27.969+0000] {dag.py:3340} INFO - Setting next_dagrun for latest_only_with_trigger to 2024-04-30T12:37:27.968086+00:00, run_after=2024-04-30T16:37:27.968086+00:00
[2024-04-30T16:37:28.032+0000] {processor.py:176} INFO - Processing /home/airflow/.local/lib/python3.7/site-packages/airflow/example_dags/example_latest_only_with_trigger.py took 0.544 seconds
[2024-04-30T16:38:00.513+0000] {processor.py:154} INFO - Started process (PID=238) to work on /home/airflow/.local/lib/python3.7/site-packages/airflow/example_dags/example_latest_only_with_trigger.py
[2024-04-30T16:38:00.518+0000] {processor.py:756} INFO - Processing file /home/airflow/.local/lib/python3.7/site-packages/airflow/example_dags/example_latest_only_with_trigger.py for tasks to queue
[2024-04-30T16:38:00.521+0000] {logging_mixin.py:120} INFO - [2024-04-30T16:38:00.521+0000] {dagbag.py:537} INFO - Filling up the DagBag from /home/airflow/.local/lib/python3.7/site-packages/airflow/example_dags/example_latest_only_with_trigger.py
[2024-04-30T16:38:00.538+0000] {processor.py:766} INFO - DAG(s) dict_keys(['latest_only_with_trigger']) retrieved from /home/airflow/.local/lib/python3.7/site-packages/airflow/example_dags/example_latest_only_with_trigger.py
[2024-04-30T16:38:00.612+0000] {logging_mixin.py:120} INFO - [2024-04-30T16:38:00.612+0000] {dag.py:2585} INFO - Sync 1 DAGs
[2024-04-30T16:38:00.663+0000] {logging_mixin.py:120} INFO - [2024-04-30T16:38:00.662+0000] {dag.py:3340} INFO - Setting next_dagrun for latest_only_with_trigger to 2024-04-30T12:38:00.662565+00:00, run_after=2024-04-30T16:38:00.662565+00:00
[2024-04-30T16:38:00.696+0000] {processor.py:176} INFO - Processing /home/airflow/.local/lib/python3.7/site-packages/airflow/example_dags/example_latest_only_with_trigger.py took 0.188 seconds
[2024-04-30T16:38:31.051+0000] {processor.py:154} INFO - Started process (PID=302) to work on /home/airflow/.local/lib/python3.7/site-packages/airflow/example_dags/example_latest_only_with_trigger.py
[2024-04-30T16:38:31.054+0000] {processor.py:756} INFO - Processing file /home/airflow/.local/lib/python3.7/site-packages/airflow/example_dags/example_latest_only_with_trigger.py for tasks to queue
[2024-04-30T16:38:31.057+0000] {logging_mixin.py:120} INFO - [2024-04-30T16:38:31.056+0000] {dagbag.py:537} INFO - Filling up the DagBag from /home/airflow/.local/lib/python3.7/site-packages/airflow/example_dags/example_latest_only_with_trigger.py
[2024-04-30T16:38:31.072+0000] {processor.py:766} INFO - DAG(s) dict_keys(['latest_only_with_trigger']) retrieved from /home/airflow/.local/lib/python3.7/site-packages/airflow/example_dags/example_latest_only_with_trigger.py
[2024-04-30T16:38:31.106+0000] {logging_mixin.py:120} INFO - [2024-04-30T16:38:31.106+0000] {dag.py:2585} INFO - Sync 1 DAGs
[2024-04-30T16:38:31.133+0000] {logging_mixin.py:120} INFO - [2024-04-30T16:38:31.133+0000] {dag.py:3340} INFO - Setting next_dagrun for latest_only_with_trigger to 2024-04-30T12:38:31.133341+00:00, run_after=2024-04-30T16:38:31.133341+00:00
[2024-04-30T16:38:31.156+0000] {processor.py:176} INFO - Processing /home/airflow/.local/lib/python3.7/site-packages/airflow/example_dags/example_latest_only_with_trigger.py took 0.110 seconds
[2024-04-30T16:39:01.577+0000] {processor.py:154} INFO - Started process (PID=357) to work on /home/airflow/.local/lib/python3.7/site-packages/airflow/example_dags/example_latest_only_with_trigger.py
[2024-04-30T16:39:01.578+0000] {processor.py:756} INFO - Processing file /home/airflow/.local/lib/python3.7/site-packages/airflow/example_dags/example_latest_only_with_trigger.py for tasks to queue
[2024-04-30T16:39:01.580+0000] {logging_mixin.py:120} INFO - [2024-04-30T16:39:01.580+0000] {dagbag.py:537} INFO - Filling up the DagBag from /home/airflow/.local/lib/python3.7/site-packages/airflow/example_dags/example_latest_only_with_trigger.py
[2024-04-30T16:39:01.594+0000] {processor.py:766} INFO - DAG(s) dict_keys(['latest_only_with_trigger']) retrieved from /home/airflow/.local/lib/python3.7/site-packages/airflow/example_dags/example_latest_only_with_trigger.py
[2024-04-30T16:39:01.642+0000] {logging_mixin.py:120} INFO - [2024-04-30T16:39:01.642+0000] {dag.py:2585} INFO - Sync 1 DAGs
[2024-04-30T16:39:01.664+0000] {logging_mixin.py:120} INFO - [2024-04-30T16:39:01.664+0000] {dag.py:3340} INFO - Setting next_dagrun for latest_only_with_trigger to 2024-04-30T12:39:01.664129+00:00, run_after=2024-04-30T16:39:01.664129+00:00
[2024-04-30T16:39:01.677+0000] {processor.py:176} INFO - Processing /home/airflow/.local/lib/python3.7/site-packages/airflow/example_dags/example_latest_only_with_trigger.py took 0.102 seconds
[2024-04-30T16:39:32.411+0000] {processor.py:154} INFO - Started process (PID=421) to work on /home/airflow/.local/lib/python3.7/site-packages/airflow/example_dags/example_latest_only_with_trigger.py
[2024-04-30T16:39:32.413+0000] {processor.py:756} INFO - Processing file /home/airflow/.local/lib/python3.7/site-packages/airflow/example_dags/example_latest_only_with_trigger.py for tasks to queue
[2024-04-30T16:39:32.413+0000] {logging_mixin.py:120} INFO - [2024-04-30T16:39:32.413+0000] {dagbag.py:537} INFO - Filling up the DagBag from /home/airflow/.local/lib/python3.7/site-packages/airflow/example_dags/example_latest_only_with_trigger.py
[2024-04-30T16:39:32.436+0000] {processor.py:766} INFO - DAG(s) dict_keys(['latest_only_with_trigger']) retrieved from /home/airflow/.local/lib/python3.7/site-packages/airflow/example_dags/example_latest_only_with_trigger.py
[2024-04-30T16:39:32.488+0000] {logging_mixin.py:120} INFO - [2024-04-30T16:39:32.488+0000] {dag.py:2585} INFO - Sync 1 DAGs
[2024-04-30T16:39:32.506+0000] {logging_mixin.py:120} INFO - [2024-04-30T16:39:32.506+0000] {dag.py:3340} INFO - Setting next_dagrun for latest_only_with_trigger to 2024-04-30T12:39:32.506585+00:00, run_after=2024-04-30T16:39:32.506585+00:00
[2024-04-30T16:39:32.521+0000] {processor.py:176} INFO - Processing /home/airflow/.local/lib/python3.7/site-packages/airflow/example_dags/example_latest_only_with_trigger.py took 0.113 seconds
[2024-04-30T16:40:03.205+0000] {processor.py:154} INFO - Started process (PID=474) to work on /home/airflow/.local/lib/python3.7/site-packages/airflow/example_dags/example_latest_only_with_trigger.py
[2024-04-30T16:40:03.210+0000] {processor.py:756} INFO - Processing file /home/airflow/.local/lib/python3.7/site-packages/airflow/example_dags/example_latest_only_with_trigger.py for tasks to queue
[2024-04-30T16:40:03.212+0000] {logging_mixin.py:120} INFO - [2024-04-30T16:40:03.212+0000] {dagbag.py:537} INFO - Filling up the DagBag from /home/airflow/.local/lib/python3.7/site-packages/airflow/example_dags/example_latest_only_with_trigger.py
[2024-04-30T16:40:03.271+0000] {processor.py:766} INFO - DAG(s) dict_keys(['latest_only_with_trigger']) retrieved from /home/airflow/.local/lib/python3.7/site-packages/airflow/example_dags/example_latest_only_with_trigger.py
[2024-04-30T16:40:03.400+0000] {logging_mixin.py:120} INFO - [2024-04-30T16:40:03.400+0000] {dag.py:2585} INFO - Sync 1 DAGs
[2024-04-30T16:40:03.435+0000] {logging_mixin.py:120} INFO - [2024-04-30T16:40:03.435+0000] {dag.py:3340} INFO - Setting next_dagrun for latest_only_with_trigger to 2024-04-30T12:40:03.435127+00:00, run_after=2024-04-30T16:40:03.435127+00:00
[2024-04-30T16:40:03.458+0000] {processor.py:176} INFO - Processing /home/airflow/.local/lib/python3.7/site-packages/airflow/example_dags/example_latest_only_with_trigger.py took 0.270 seconds
