[2024-04-30T16:36:22.712+0000] {processor.py:154} INFO - Started process (PID=110) to work on /home/airflow/.local/lib/python3.7/site-packages/airflow/example_dags/example_subdag_operator.py
[2024-04-30T16:36:22.717+0000] {processor.py:756} INFO - Processing file /home/airflow/.local/lib/python3.7/site-packages/airflow/example_dags/example_subdag_operator.py for tasks to queue
[2024-04-30T16:36:22.723+0000] {logging_mixin.py:120} INFO - [2024-04-30T16:36:22.721+0000] {dagbag.py:537} INFO - Filling up the DagBag from /home/airflow/.local/lib/python3.7/site-packages/airflow/example_dags/example_subdag_operator.py
[2024-04-30T16:36:23.212+0000] {processor.py:766} INFO - DAG(s) dict_keys(['example_subdag_operator.section-1', 'example_subdag_operator.section-2', 'example_subdag_operator']) retrieved from /home/airflow/.local/lib/python3.7/site-packages/airflow/example_dags/example_subdag_operator.py
[2024-04-30T16:36:26.640+0000] {logging_mixin.py:120} INFO - [2024-04-30T16:36:26.639+0000] {manager.py:507} INFO - Created Permission View: can read on DAG:example_subdag_operator
[2024-04-30T16:36:26.671+0000] {logging_mixin.py:120} INFO - [2024-04-30T16:36:26.671+0000] {manager.py:507} INFO - Created Permission View: can edit on DAG:example_subdag_operator
[2024-04-30T16:36:26.680+0000] {logging_mixin.py:120} INFO - [2024-04-30T16:36:26.680+0000] {manager.py:507} INFO - Created Permission View: can delete on DAG:example_subdag_operator
[2024-04-30T16:36:26.682+0000] {logging_mixin.py:120} INFO - [2024-04-30T16:36:26.682+0000] {dag.py:2585} INFO - Sync 3 DAGs
[2024-04-30T16:36:26.742+0000] {logging_mixin.py:120} INFO - [2024-04-30T16:36:26.742+0000] {dag.py:2606} INFO - Creating ORM DAG for example_subdag_operator.section-2
[2024-04-30T16:36:26.746+0000] {logging_mixin.py:120} INFO - [2024-04-30T16:36:26.745+0000] {dag.py:2606} INFO - Creating ORM DAG for example_subdag_operator
[2024-04-30T16:36:26.749+0000] {logging_mixin.py:120} INFO - [2024-04-30T16:36:26.749+0000] {dag.py:2606} INFO - Creating ORM DAG for example_subdag_operator.section-1
[2024-04-30T16:36:26.853+0000] {logging_mixin.py:120} INFO - [2024-04-30T16:36:26.853+0000] {dag.py:3340} INFO - Setting next_dagrun for example_subdag_operator to 2022-01-01T00:00:00+00:00, run_after=2022-01-01T00:00:00+00:00
[2024-04-30T16:36:26.858+0000] {logging_mixin.py:120} INFO - [2024-04-30T16:36:26.858+0000] {dag.py:3340} INFO - Setting next_dagrun for example_subdag_operator.section-1 to None, run_after=None
[2024-04-30T16:36:26.867+0000] {logging_mixin.py:120} INFO - [2024-04-30T16:36:26.866+0000] {dag.py:3340} INFO - Setting next_dagrun for example_subdag_operator.section-2 to None, run_after=None
[2024-04-30T16:36:26.942+0000] {logging_mixin.py:120} INFO - [2024-04-30T16:36:26.941+0000] {dag.py:2585} INFO - Sync 2 DAGs
[2024-04-30T16:36:26.969+0000] {logging_mixin.py:120} INFO - [2024-04-30T16:36:26.969+0000] {dag.py:3340} INFO - Setting next_dagrun for example_subdag_operator.section-1 to None, run_after=None
[2024-04-30T16:36:26.987+0000] {logging_mixin.py:120} INFO - [2024-04-30T16:36:26.987+0000] {dag.py:3340} INFO - Setting next_dagrun for example_subdag_operator.section-2 to None, run_after=None
[2024-04-30T16:36:27.209+0000] {processor.py:176} INFO - Processing /home/airflow/.local/lib/python3.7/site-packages/airflow/example_dags/example_subdag_operator.py took 4.525 seconds
[2024-04-30T16:37:29.632+0000] {processor.py:154} INFO - Started process (PID=188) to work on /home/airflow/.local/lib/python3.7/site-packages/airflow/example_dags/example_subdag_operator.py
[2024-04-30T16:37:29.639+0000] {processor.py:756} INFO - Processing file /home/airflow/.local/lib/python3.7/site-packages/airflow/example_dags/example_subdag_operator.py for tasks to queue
[2024-04-30T16:37:29.654+0000] {logging_mixin.py:120} INFO - [2024-04-30T16:37:29.654+0000] {dagbag.py:537} INFO - Filling up the DagBag from /home/airflow/.local/lib/python3.7/site-packages/airflow/example_dags/example_subdag_operator.py
[2024-04-30T16:37:29.890+0000] {processor.py:766} INFO - DAG(s) dict_keys(['example_subdag_operator.section-1', 'example_subdag_operator.section-2', 'example_subdag_operator']) retrieved from /home/airflow/.local/lib/python3.7/site-packages/airflow/example_dags/example_subdag_operator.py
[2024-04-30T16:37:31.074+0000] {logging_mixin.py:120} INFO - [2024-04-30T16:37:31.073+0000] {dag.py:2585} INFO - Sync 3 DAGs
[2024-04-30T16:37:31.345+0000] {logging_mixin.py:120} INFO - [2024-04-30T16:37:31.332+0000] {dag.py:3340} INFO - Setting next_dagrun for example_subdag_operator to 2022-01-01T00:00:00+00:00, run_after=2022-01-01T00:00:00+00:00
[2024-04-30T16:37:31.385+0000] {logging_mixin.py:120} INFO - [2024-04-30T16:37:31.383+0000] {dag.py:3340} INFO - Setting next_dagrun for example_subdag_operator.section-1 to None, run_after=None
[2024-04-30T16:37:31.416+0000] {logging_mixin.py:120} INFO - [2024-04-30T16:37:31.415+0000] {dag.py:3340} INFO - Setting next_dagrun for example_subdag_operator.section-2 to None, run_after=None
[2024-04-30T16:37:31.594+0000] {logging_mixin.py:120} INFO - [2024-04-30T16:37:31.593+0000] {dag.py:2585} INFO - Sync 2 DAGs
[2024-04-30T16:37:31.635+0000] {logging_mixin.py:120} INFO - [2024-04-30T16:37:31.634+0000] {dag.py:3340} INFO - Setting next_dagrun for example_subdag_operator.section-1 to None, run_after=None
[2024-04-30T16:37:31.648+0000] {logging_mixin.py:120} INFO - [2024-04-30T16:37:31.645+0000] {dag.py:3340} INFO - Setting next_dagrun for example_subdag_operator.section-2 to None, run_after=None
[2024-04-30T16:37:31.775+0000] {processor.py:176} INFO - Processing /home/airflow/.local/lib/python3.7/site-packages/airflow/example_dags/example_subdag_operator.py took 2.153 seconds
[2024-04-30T16:38:02.526+0000] {processor.py:154} INFO - Started process (PID=242) to work on /home/airflow/.local/lib/python3.7/site-packages/airflow/example_dags/example_subdag_operator.py
[2024-04-30T16:38:02.527+0000] {processor.py:756} INFO - Processing file /home/airflow/.local/lib/python3.7/site-packages/airflow/example_dags/example_subdag_operator.py for tasks to queue
[2024-04-30T16:38:02.528+0000] {logging_mixin.py:120} INFO - [2024-04-30T16:38:02.527+0000] {dagbag.py:537} INFO - Filling up the DagBag from /home/airflow/.local/lib/python3.7/site-packages/airflow/example_dags/example_subdag_operator.py
[2024-04-30T16:38:02.562+0000] {processor.py:766} INFO - DAG(s) dict_keys(['example_subdag_operator.section-1', 'example_subdag_operator.section-2', 'example_subdag_operator']) retrieved from /home/airflow/.local/lib/python3.7/site-packages/airflow/example_dags/example_subdag_operator.py
[2024-04-30T16:38:02.681+0000] {logging_mixin.py:120} INFO - [2024-04-30T16:38:02.681+0000] {dag.py:2585} INFO - Sync 3 DAGs
[2024-04-30T16:38:02.710+0000] {logging_mixin.py:120} INFO - [2024-04-30T16:38:02.710+0000] {dag.py:3340} INFO - Setting next_dagrun for example_subdag_operator to 2022-01-01T00:00:00+00:00, run_after=2022-01-01T00:00:00+00:00
[2024-04-30T16:38:02.714+0000] {logging_mixin.py:120} INFO - [2024-04-30T16:38:02.714+0000] {dag.py:3340} INFO - Setting next_dagrun for example_subdag_operator.section-1 to None, run_after=None
[2024-04-30T16:38:02.715+0000] {logging_mixin.py:120} INFO - [2024-04-30T16:38:02.715+0000] {dag.py:3340} INFO - Setting next_dagrun for example_subdag_operator.section-2 to None, run_after=None
[2024-04-30T16:38:02.725+0000] {logging_mixin.py:120} INFO - [2024-04-30T16:38:02.725+0000] {dag.py:2585} INFO - Sync 2 DAGs
[2024-04-30T16:38:02.731+0000] {logging_mixin.py:120} INFO - [2024-04-30T16:38:02.731+0000] {dag.py:3340} INFO - Setting next_dagrun for example_subdag_operator.section-1 to None, run_after=None
[2024-04-30T16:38:02.732+0000] {logging_mixin.py:120} INFO - [2024-04-30T16:38:02.732+0000] {dag.py:3340} INFO - Setting next_dagrun for example_subdag_operator.section-2 to None, run_after=None
[2024-04-30T16:38:02.743+0000] {processor.py:176} INFO - Processing /home/airflow/.local/lib/python3.7/site-packages/airflow/example_dags/example_subdag_operator.py took 0.221 seconds
[2024-04-30T16:38:32.929+0000] {processor.py:154} INFO - Started process (PID=306) to work on /home/airflow/.local/lib/python3.7/site-packages/airflow/example_dags/example_subdag_operator.py
[2024-04-30T16:38:32.932+0000] {processor.py:756} INFO - Processing file /home/airflow/.local/lib/python3.7/site-packages/airflow/example_dags/example_subdag_operator.py for tasks to queue
[2024-04-30T16:38:32.933+0000] {logging_mixin.py:120} INFO - [2024-04-30T16:38:32.933+0000] {dagbag.py:537} INFO - Filling up the DagBag from /home/airflow/.local/lib/python3.7/site-packages/airflow/example_dags/example_subdag_operator.py
[2024-04-30T16:38:32.975+0000] {processor.py:766} INFO - DAG(s) dict_keys(['example_subdag_operator.section-1', 'example_subdag_operator.section-2', 'example_subdag_operator']) retrieved from /home/airflow/.local/lib/python3.7/site-packages/airflow/example_dags/example_subdag_operator.py
[2024-04-30T16:38:33.113+0000] {logging_mixin.py:120} INFO - [2024-04-30T16:38:33.112+0000] {dag.py:2585} INFO - Sync 3 DAGs
[2024-04-30T16:38:33.139+0000] {logging_mixin.py:120} INFO - [2024-04-30T16:38:33.139+0000] {dag.py:3340} INFO - Setting next_dagrun for example_subdag_operator to 2022-01-01T00:00:00+00:00, run_after=2022-01-01T00:00:00+00:00
[2024-04-30T16:38:33.143+0000] {logging_mixin.py:120} INFO - [2024-04-30T16:38:33.143+0000] {dag.py:3340} INFO - Setting next_dagrun for example_subdag_operator.section-1 to None, run_after=None
[2024-04-30T16:38:33.144+0000] {logging_mixin.py:120} INFO - [2024-04-30T16:38:33.144+0000] {dag.py:3340} INFO - Setting next_dagrun for example_subdag_operator.section-2 to None, run_after=None
[2024-04-30T16:38:33.151+0000] {logging_mixin.py:120} INFO - [2024-04-30T16:38:33.151+0000] {dag.py:2585} INFO - Sync 2 DAGs
[2024-04-30T16:38:33.155+0000] {logging_mixin.py:120} INFO - [2024-04-30T16:38:33.155+0000] {dag.py:3340} INFO - Setting next_dagrun for example_subdag_operator.section-1 to None, run_after=None
[2024-04-30T16:38:33.156+0000] {logging_mixin.py:120} INFO - [2024-04-30T16:38:33.156+0000] {dag.py:3340} INFO - Setting next_dagrun for example_subdag_operator.section-2 to None, run_after=None
[2024-04-30T16:38:33.163+0000] {processor.py:176} INFO - Processing /home/airflow/.local/lib/python3.7/site-packages/airflow/example_dags/example_subdag_operator.py took 0.237 seconds
[2024-04-30T16:39:04.019+0000] {processor.py:154} INFO - Started process (PID=361) to work on /home/airflow/.local/lib/python3.7/site-packages/airflow/example_dags/example_subdag_operator.py
[2024-04-30T16:39:04.021+0000] {processor.py:756} INFO - Processing file /home/airflow/.local/lib/python3.7/site-packages/airflow/example_dags/example_subdag_operator.py for tasks to queue
[2024-04-30T16:39:04.022+0000] {logging_mixin.py:120} INFO - [2024-04-30T16:39:04.022+0000] {dagbag.py:537} INFO - Filling up the DagBag from /home/airflow/.local/lib/python3.7/site-packages/airflow/example_dags/example_subdag_operator.py
[2024-04-30T16:39:04.081+0000] {processor.py:766} INFO - DAG(s) dict_keys(['example_subdag_operator.section-1', 'example_subdag_operator.section-2', 'example_subdag_operator']) retrieved from /home/airflow/.local/lib/python3.7/site-packages/airflow/example_dags/example_subdag_operator.py
[2024-04-30T16:39:04.257+0000] {logging_mixin.py:120} INFO - [2024-04-30T16:39:04.257+0000] {dag.py:2585} INFO - Sync 3 DAGs
[2024-04-30T16:39:04.284+0000] {logging_mixin.py:120} INFO - [2024-04-30T16:39:04.284+0000] {dag.py:3340} INFO - Setting next_dagrun for example_subdag_operator to 2022-01-01T00:00:00+00:00, run_after=2022-01-01T00:00:00+00:00
[2024-04-30T16:39:04.287+0000] {logging_mixin.py:120} INFO - [2024-04-30T16:39:04.287+0000] {dag.py:3340} INFO - Setting next_dagrun for example_subdag_operator.section-1 to None, run_after=None
[2024-04-30T16:39:04.288+0000] {logging_mixin.py:120} INFO - [2024-04-30T16:39:04.288+0000] {dag.py:3340} INFO - Setting next_dagrun for example_subdag_operator.section-2 to None, run_after=None
[2024-04-30T16:39:04.295+0000] {logging_mixin.py:120} INFO - [2024-04-30T16:39:04.295+0000] {dag.py:2585} INFO - Sync 2 DAGs
[2024-04-30T16:39:04.299+0000] {logging_mixin.py:120} INFO - [2024-04-30T16:39:04.298+0000] {dag.py:3340} INFO - Setting next_dagrun for example_subdag_operator.section-1 to None, run_after=None
[2024-04-30T16:39:04.300+0000] {logging_mixin.py:120} INFO - [2024-04-30T16:39:04.300+0000] {dag.py:3340} INFO - Setting next_dagrun for example_subdag_operator.section-2 to None, run_after=None
[2024-04-30T16:39:04.307+0000] {processor.py:176} INFO - Processing /home/airflow/.local/lib/python3.7/site-packages/airflow/example_dags/example_subdag_operator.py took 0.291 seconds
[2024-04-30T16:39:34.936+0000] {processor.py:154} INFO - Started process (PID=425) to work on /home/airflow/.local/lib/python3.7/site-packages/airflow/example_dags/example_subdag_operator.py
[2024-04-30T16:39:34.947+0000] {processor.py:756} INFO - Processing file /home/airflow/.local/lib/python3.7/site-packages/airflow/example_dags/example_subdag_operator.py for tasks to queue
[2024-04-30T16:39:34.949+0000] {logging_mixin.py:120} INFO - [2024-04-30T16:39:34.948+0000] {dagbag.py:537} INFO - Filling up the DagBag from /home/airflow/.local/lib/python3.7/site-packages/airflow/example_dags/example_subdag_operator.py
[2024-04-30T16:39:35.030+0000] {processor.py:766} INFO - DAG(s) dict_keys(['example_subdag_operator.section-1', 'example_subdag_operator.section-2', 'example_subdag_operator']) retrieved from /home/airflow/.local/lib/python3.7/site-packages/airflow/example_dags/example_subdag_operator.py
[2024-04-30T16:39:35.280+0000] {logging_mixin.py:120} INFO - [2024-04-30T16:39:35.280+0000] {dag.py:2585} INFO - Sync 3 DAGs
[2024-04-30T16:39:35.302+0000] {logging_mixin.py:120} INFO - [2024-04-30T16:39:35.302+0000] {dag.py:3340} INFO - Setting next_dagrun for example_subdag_operator to 2022-01-01T00:00:00+00:00, run_after=2022-01-01T00:00:00+00:00
[2024-04-30T16:39:35.306+0000] {logging_mixin.py:120} INFO - [2024-04-30T16:39:35.306+0000] {dag.py:3340} INFO - Setting next_dagrun for example_subdag_operator.section-1 to None, run_after=None
[2024-04-30T16:39:35.308+0000] {logging_mixin.py:120} INFO - [2024-04-30T16:39:35.307+0000] {dag.py:3340} INFO - Setting next_dagrun for example_subdag_operator.section-2 to None, run_after=None
[2024-04-30T16:39:35.317+0000] {logging_mixin.py:120} INFO - [2024-04-30T16:39:35.317+0000] {dag.py:2585} INFO - Sync 2 DAGs
[2024-04-30T16:39:35.323+0000] {logging_mixin.py:120} INFO - [2024-04-30T16:39:35.322+0000] {dag.py:3340} INFO - Setting next_dagrun for example_subdag_operator.section-1 to None, run_after=None
[2024-04-30T16:39:35.325+0000] {logging_mixin.py:120} INFO - [2024-04-30T16:39:35.325+0000] {dag.py:3340} INFO - Setting next_dagrun for example_subdag_operator.section-2 to None, run_after=None
[2024-04-30T16:39:35.346+0000] {processor.py:176} INFO - Processing /home/airflow/.local/lib/python3.7/site-packages/airflow/example_dags/example_subdag_operator.py took 0.426 seconds
[2024-04-30T16:40:05.900+0000] {processor.py:154} INFO - Started process (PID=488) to work on /home/airflow/.local/lib/python3.7/site-packages/airflow/example_dags/example_subdag_operator.py
[2024-04-30T16:40:05.913+0000] {processor.py:756} INFO - Processing file /home/airflow/.local/lib/python3.7/site-packages/airflow/example_dags/example_subdag_operator.py for tasks to queue
[2024-04-30T16:40:05.921+0000] {logging_mixin.py:120} INFO - [2024-04-30T16:40:05.921+0000] {dagbag.py:537} INFO - Filling up the DagBag from /home/airflow/.local/lib/python3.7/site-packages/airflow/example_dags/example_subdag_operator.py
[2024-04-30T16:40:06.199+0000] {processor.py:766} INFO - DAG(s) dict_keys(['example_subdag_operator.section-1', 'example_subdag_operator.section-2', 'example_subdag_operator']) retrieved from /home/airflow/.local/lib/python3.7/site-packages/airflow/example_dags/example_subdag_operator.py
[2024-04-30T16:40:06.863+0000] {logging_mixin.py:120} INFO - [2024-04-30T16:40:06.862+0000] {dag.py:2585} INFO - Sync 3 DAGs
[2024-04-30T16:40:06.928+0000] {logging_mixin.py:120} INFO - [2024-04-30T16:40:06.927+0000] {dag.py:3340} INFO - Setting next_dagrun for example_subdag_operator to 2022-01-01T00:00:00+00:00, run_after=2022-01-01T00:00:00+00:00
[2024-04-30T16:40:06.944+0000] {logging_mixin.py:120} INFO - [2024-04-30T16:40:06.943+0000] {dag.py:3340} INFO - Setting next_dagrun for example_subdag_operator.section-1 to None, run_after=None
[2024-04-30T16:40:06.950+0000] {logging_mixin.py:120} INFO - [2024-04-30T16:40:06.950+0000] {dag.py:3340} INFO - Setting next_dagrun for example_subdag_operator.section-2 to None, run_after=None
[2024-04-30T16:40:06.985+0000] {logging_mixin.py:120} INFO - [2024-04-30T16:40:06.984+0000] {dag.py:2585} INFO - Sync 2 DAGs
[2024-04-30T16:40:07.014+0000] {logging_mixin.py:120} INFO - [2024-04-30T16:40:07.012+0000] {dag.py:3340} INFO - Setting next_dagrun for example_subdag_operator.section-1 to None, run_after=None
[2024-04-30T16:40:07.020+0000] {logging_mixin.py:120} INFO - [2024-04-30T16:40:07.018+0000] {dag.py:3340} INFO - Setting next_dagrun for example_subdag_operator.section-2 to None, run_after=None
[2024-04-30T16:40:07.063+0000] {processor.py:176} INFO - Processing /home/airflow/.local/lib/python3.7/site-packages/airflow/example_dags/example_subdag_operator.py took 1.194 seconds
