[2024-04-30T16:36:17.872+0000] {processor.py:154} INFO - Started process (PID=108) to work on /home/airflow/.local/lib/python3.7/site-packages/airflow/example_dags/example_datasets.py
[2024-04-30T16:36:17.901+0000] {processor.py:756} INFO - Processing file /home/airflow/.local/lib/python3.7/site-packages/airflow/example_dags/example_datasets.py for tasks to queue
[2024-04-30T16:36:17.907+0000] {logging_mixin.py:120} INFO - [2024-04-30T16:36:17.906+0000] {dagbag.py:537} INFO - Filling up the DagBag from /home/airflow/.local/lib/python3.7/site-packages/airflow/example_dags/example_datasets.py
[2024-04-30T16:36:18.141+0000] {processor.py:766} INFO - DAG(s) dict_keys(['dataset_consumes_unknown_never_scheduled', 'dataset_produces_1', 'dataset_consumes_1_never_scheduled', 'dataset_produces_2', 'dataset_consumes_1', 'dataset_consumes_1_and_2']) retrieved from /home/airflow/.local/lib/python3.7/site-packages/airflow/example_dags/example_datasets.py
[2024-04-30T16:36:19.554+0000] {logging_mixin.py:120} INFO - [2024-04-30T16:36:19.552+0000] {manager.py:507} INFO - Created Permission View: can read on DAG:dataset_consumes_unknown_never_scheduled
[2024-04-30T16:36:19.607+0000] {logging_mixin.py:120} INFO - [2024-04-30T16:36:19.607+0000] {manager.py:507} INFO - Created Permission View: can edit on DAG:dataset_consumes_unknown_never_scheduled
[2024-04-30T16:36:19.652+0000] {logging_mixin.py:120} INFO - [2024-04-30T16:36:19.652+0000] {manager.py:507} INFO - Created Permission View: can delete on DAG:dataset_consumes_unknown_never_scheduled
[2024-04-30T16:36:19.723+0000] {logging_mixin.py:120} INFO - [2024-04-30T16:36:19.723+0000] {manager.py:507} INFO - Created Permission View: can read on DAG:dataset_produces_1
[2024-04-30T16:36:19.750+0000] {logging_mixin.py:120} INFO - [2024-04-30T16:36:19.750+0000] {manager.py:507} INFO - Created Permission View: can edit on DAG:dataset_produces_1
[2024-04-30T16:36:19.769+0000] {logging_mixin.py:120} INFO - [2024-04-30T16:36:19.769+0000] {manager.py:507} INFO - Created Permission View: can delete on DAG:dataset_produces_1
[2024-04-30T16:36:19.802+0000] {logging_mixin.py:120} INFO - [2024-04-30T16:36:19.802+0000] {manager.py:507} INFO - Created Permission View: can read on DAG:dataset_consumes_1_never_scheduled
[2024-04-30T16:36:19.818+0000] {logging_mixin.py:120} INFO - [2024-04-30T16:36:19.818+0000] {manager.py:507} INFO - Created Permission View: can edit on DAG:dataset_consumes_1_never_scheduled
[2024-04-30T16:36:19.837+0000] {logging_mixin.py:120} INFO - [2024-04-30T16:36:19.837+0000] {manager.py:507} INFO - Created Permission View: can delete on DAG:dataset_consumes_1_never_scheduled
[2024-04-30T16:36:19.932+0000] {logging_mixin.py:120} INFO - [2024-04-30T16:36:19.932+0000] {manager.py:507} INFO - Created Permission View: can read on DAG:dataset_produces_2
[2024-04-30T16:36:19.977+0000] {logging_mixin.py:120} INFO - [2024-04-30T16:36:19.977+0000] {manager.py:507} INFO - Created Permission View: can edit on DAG:dataset_produces_2
[2024-04-30T16:36:20.128+0000] {logging_mixin.py:120} INFO - [2024-04-30T16:36:20.127+0000] {manager.py:507} INFO - Created Permission View: can delete on DAG:dataset_produces_2
[2024-04-30T16:36:20.213+0000] {logging_mixin.py:120} INFO - [2024-04-30T16:36:20.213+0000] {manager.py:507} INFO - Created Permission View: can read on DAG:dataset_consumes_1
[2024-04-30T16:36:20.230+0000] {logging_mixin.py:120} INFO - [2024-04-30T16:36:20.230+0000] {manager.py:507} INFO - Created Permission View: can edit on DAG:dataset_consumes_1
[2024-04-30T16:36:20.256+0000] {logging_mixin.py:120} INFO - [2024-04-30T16:36:20.256+0000] {manager.py:507} INFO - Created Permission View: can delete on DAG:dataset_consumes_1
[2024-04-30T16:36:20.282+0000] {logging_mixin.py:120} INFO - [2024-04-30T16:36:20.282+0000] {manager.py:507} INFO - Created Permission View: can read on DAG:dataset_consumes_1_and_2
[2024-04-30T16:36:20.345+0000] {logging_mixin.py:120} INFO - [2024-04-30T16:36:20.345+0000] {manager.py:507} INFO - Created Permission View: can edit on DAG:dataset_consumes_1_and_2
[2024-04-30T16:36:20.416+0000] {logging_mixin.py:120} INFO - [2024-04-30T16:36:20.416+0000] {manager.py:507} INFO - Created Permission View: can delete on DAG:dataset_consumes_1_and_2
[2024-04-30T16:36:20.420+0000] {logging_mixin.py:120} INFO - [2024-04-30T16:36:20.419+0000] {dag.py:2585} INFO - Sync 6 DAGs
[2024-04-30T16:36:21.012+0000] {logging_mixin.py:120} INFO - [2024-04-30T16:36:21.012+0000] {dag.py:2606} INFO - Creating ORM DAG for dataset_consumes_1_and_2
[2024-04-30T16:36:21.019+0000] {logging_mixin.py:120} INFO - [2024-04-30T16:36:21.019+0000] {dag.py:2606} INFO - Creating ORM DAG for dataset_produces_2
[2024-04-30T16:36:21.025+0000] {logging_mixin.py:120} INFO - [2024-04-30T16:36:21.025+0000] {dag.py:2606} INFO - Creating ORM DAG for dataset_consumes_unknown_never_scheduled
[2024-04-30T16:36:21.029+0000] {logging_mixin.py:120} INFO - [2024-04-30T16:36:21.029+0000] {dag.py:2606} INFO - Creating ORM DAG for dataset_consumes_1_never_scheduled
[2024-04-30T16:36:21.031+0000] {logging_mixin.py:120} INFO - [2024-04-30T16:36:21.031+0000] {dag.py:2606} INFO - Creating ORM DAG for dataset_consumes_1
[2024-04-30T16:36:21.035+0000] {logging_mixin.py:120} INFO - [2024-04-30T16:36:21.034+0000] {dag.py:2606} INFO - Creating ORM DAG for dataset_produces_1
[2024-04-30T16:36:21.351+0000] {logging_mixin.py:120} INFO - [2024-04-30T16:36:21.350+0000] {dag.py:3340} INFO - Setting next_dagrun for dataset_consumes_1 to None, run_after=None
[2024-04-30T16:36:21.398+0000] {logging_mixin.py:120} INFO - [2024-04-30T16:36:21.398+0000] {dag.py:3340} INFO - Setting next_dagrun for dataset_consumes_1_and_2 to None, run_after=None
[2024-04-30T16:36:21.403+0000] {logging_mixin.py:120} INFO - [2024-04-30T16:36:21.403+0000] {dag.py:3340} INFO - Setting next_dagrun for dataset_consumes_1_never_scheduled to None, run_after=None
[2024-04-30T16:36:21.428+0000] {logging_mixin.py:120} INFO - [2024-04-30T16:36:21.427+0000] {dag.py:3340} INFO - Setting next_dagrun for dataset_consumes_unknown_never_scheduled to None, run_after=None
[2024-04-30T16:36:21.446+0000] {logging_mixin.py:120} INFO - [2024-04-30T16:36:21.446+0000] {dag.py:3340} INFO - Setting next_dagrun for dataset_produces_1 to 2024-04-29T00:00:00+00:00, run_after=2024-04-30T00:00:00+00:00
[2024-04-30T16:36:21.455+0000] {logging_mixin.py:120} INFO - [2024-04-30T16:36:21.455+0000] {dag.py:3340} INFO - Setting next_dagrun for dataset_produces_2 to None, run_after=None
[2024-04-30T16:36:21.775+0000] {processor.py:176} INFO - Processing /home/airflow/.local/lib/python3.7/site-packages/airflow/example_dags/example_datasets.py took 3.937 seconds
[2024-04-30T16:37:28.200+0000] {processor.py:154} INFO - Started process (PID=186) to work on /home/airflow/.local/lib/python3.7/site-packages/airflow/example_dags/example_datasets.py
[2024-04-30T16:37:28.205+0000] {processor.py:756} INFO - Processing file /home/airflow/.local/lib/python3.7/site-packages/airflow/example_dags/example_datasets.py for tasks to queue
[2024-04-30T16:37:28.207+0000] {logging_mixin.py:120} INFO - [2024-04-30T16:37:28.207+0000] {dagbag.py:537} INFO - Filling up the DagBag from /home/airflow/.local/lib/python3.7/site-packages/airflow/example_dags/example_datasets.py
[2024-04-30T16:37:28.288+0000] {processor.py:766} INFO - DAG(s) dict_keys(['dataset_consumes_1_never_scheduled', 'dataset_produces_1', 'dataset_consumes_1', 'dataset_produces_2', 'dataset_consumes_unknown_never_scheduled', 'dataset_consumes_1_and_2']) retrieved from /home/airflow/.local/lib/python3.7/site-packages/airflow/example_dags/example_datasets.py
[2024-04-30T16:37:28.522+0000] {logging_mixin.py:120} INFO - [2024-04-30T16:37:28.522+0000] {dag.py:2585} INFO - Sync 6 DAGs
[2024-04-30T16:37:28.601+0000] {logging_mixin.py:120} INFO - [2024-04-30T16:37:28.601+0000] {dag.py:3340} INFO - Setting next_dagrun for dataset_consumes_1 to None, run_after=None
[2024-04-30T16:37:28.624+0000] {logging_mixin.py:120} INFO - [2024-04-30T16:37:28.623+0000] {dag.py:3340} INFO - Setting next_dagrun for dataset_consumes_1_and_2 to None, run_after=None
[2024-04-30T16:37:28.630+0000] {logging_mixin.py:120} INFO - [2024-04-30T16:37:28.629+0000] {dag.py:3340} INFO - Setting next_dagrun for dataset_consumes_1_never_scheduled to None, run_after=None
[2024-04-30T16:37:28.633+0000] {logging_mixin.py:120} INFO - [2024-04-30T16:37:28.633+0000] {dag.py:3340} INFO - Setting next_dagrun for dataset_consumes_unknown_never_scheduled to None, run_after=None
[2024-04-30T16:37:28.639+0000] {logging_mixin.py:120} INFO - [2024-04-30T16:37:28.639+0000] {dag.py:3340} INFO - Setting next_dagrun for dataset_produces_1 to 2024-04-29T00:00:00+00:00, run_after=2024-04-30T00:00:00+00:00
[2024-04-30T16:37:28.653+0000] {logging_mixin.py:120} INFO - [2024-04-30T16:37:28.652+0000] {dag.py:3340} INFO - Setting next_dagrun for dataset_produces_2 to None, run_after=None
[2024-04-30T16:37:29.088+0000] {processor.py:176} INFO - Processing /home/airflow/.local/lib/python3.7/site-packages/airflow/example_dags/example_datasets.py took 0.908 seconds
[2024-04-30T16:38:00.829+0000] {processor.py:154} INFO - Started process (PID=239) to work on /home/airflow/.local/lib/python3.7/site-packages/airflow/example_dags/example_datasets.py
[2024-04-30T16:38:00.833+0000] {processor.py:756} INFO - Processing file /home/airflow/.local/lib/python3.7/site-packages/airflow/example_dags/example_datasets.py for tasks to queue
[2024-04-30T16:38:00.835+0000] {logging_mixin.py:120} INFO - [2024-04-30T16:38:00.835+0000] {dagbag.py:537} INFO - Filling up the DagBag from /home/airflow/.local/lib/python3.7/site-packages/airflow/example_dags/example_datasets.py
[2024-04-30T16:38:00.883+0000] {processor.py:766} INFO - DAG(s) dict_keys(['dataset_consumes_1', 'dataset_consumes_1_never_scheduled', 'dataset_produces_1', 'dataset_produces_2', 'dataset_consumes_unknown_never_scheduled', 'dataset_consumes_1_and_2']) retrieved from /home/airflow/.local/lib/python3.7/site-packages/airflow/example_dags/example_datasets.py
[2024-04-30T16:38:01.042+0000] {logging_mixin.py:120} INFO - [2024-04-30T16:38:01.042+0000] {dag.py:2585} INFO - Sync 6 DAGs
[2024-04-30T16:38:01.112+0000] {logging_mixin.py:120} INFO - [2024-04-30T16:38:01.112+0000] {dag.py:3340} INFO - Setting next_dagrun for dataset_consumes_1 to None, run_after=None
[2024-04-30T16:38:01.117+0000] {logging_mixin.py:120} INFO - [2024-04-30T16:38:01.117+0000] {dag.py:3340} INFO - Setting next_dagrun for dataset_consumes_1_and_2 to None, run_after=None
[2024-04-30T16:38:01.122+0000] {logging_mixin.py:120} INFO - [2024-04-30T16:38:01.122+0000] {dag.py:3340} INFO - Setting next_dagrun for dataset_consumes_1_never_scheduled to None, run_after=None
[2024-04-30T16:38:01.124+0000] {logging_mixin.py:120} INFO - [2024-04-30T16:38:01.124+0000] {dag.py:3340} INFO - Setting next_dagrun for dataset_consumes_unknown_never_scheduled to None, run_after=None
[2024-04-30T16:38:01.128+0000] {logging_mixin.py:120} INFO - [2024-04-30T16:38:01.127+0000] {dag.py:3340} INFO - Setting next_dagrun for dataset_produces_1 to 2024-04-29T00:00:00+00:00, run_after=2024-04-30T00:00:00+00:00
[2024-04-30T16:38:01.129+0000] {logging_mixin.py:120} INFO - [2024-04-30T16:38:01.129+0000] {dag.py:3340} INFO - Setting next_dagrun for dataset_produces_2 to None, run_after=None
[2024-04-30T16:38:01.161+0000] {processor.py:176} INFO - Processing /home/airflow/.local/lib/python3.7/site-packages/airflow/example_dags/example_datasets.py took 0.342 seconds
[2024-04-30T16:38:31.242+0000] {processor.py:154} INFO - Started process (PID=303) to work on /home/airflow/.local/lib/python3.7/site-packages/airflow/example_dags/example_datasets.py
[2024-04-30T16:38:31.245+0000] {processor.py:756} INFO - Processing file /home/airflow/.local/lib/python3.7/site-packages/airflow/example_dags/example_datasets.py for tasks to queue
[2024-04-30T16:38:31.246+0000] {logging_mixin.py:120} INFO - [2024-04-30T16:38:31.246+0000] {dagbag.py:537} INFO - Filling up the DagBag from /home/airflow/.local/lib/python3.7/site-packages/airflow/example_dags/example_datasets.py
[2024-04-30T16:38:31.261+0000] {processor.py:766} INFO - DAG(s) dict_keys(['dataset_produces_1', 'dataset_consumes_1', 'dataset_consumes_1_and_2', 'dataset_consumes_unknown_never_scheduled', 'dataset_produces_2', 'dataset_consumes_1_never_scheduled']) retrieved from /home/airflow/.local/lib/python3.7/site-packages/airflow/example_dags/example_datasets.py
[2024-04-30T16:38:31.310+0000] {logging_mixin.py:120} INFO - [2024-04-30T16:38:31.310+0000] {dag.py:2585} INFO - Sync 6 DAGs
[2024-04-30T16:38:31.338+0000] {logging_mixin.py:120} INFO - [2024-04-30T16:38:31.338+0000] {dag.py:3340} INFO - Setting next_dagrun for dataset_consumes_1 to None, run_after=None
[2024-04-30T16:38:31.341+0000] {logging_mixin.py:120} INFO - [2024-04-30T16:38:31.341+0000] {dag.py:3340} INFO - Setting next_dagrun for dataset_consumes_1_and_2 to None, run_after=None
[2024-04-30T16:38:31.342+0000] {logging_mixin.py:120} INFO - [2024-04-30T16:38:31.342+0000] {dag.py:3340} INFO - Setting next_dagrun for dataset_consumes_1_never_scheduled to None, run_after=None
[2024-04-30T16:38:31.343+0000] {logging_mixin.py:120} INFO - [2024-04-30T16:38:31.343+0000] {dag.py:3340} INFO - Setting next_dagrun for dataset_consumes_unknown_never_scheduled to None, run_after=None
[2024-04-30T16:38:31.346+0000] {logging_mixin.py:120} INFO - [2024-04-30T16:38:31.346+0000] {dag.py:3340} INFO - Setting next_dagrun for dataset_produces_1 to 2024-04-29T00:00:00+00:00, run_after=2024-04-30T00:00:00+00:00
[2024-04-30T16:38:31.347+0000] {logging_mixin.py:120} INFO - [2024-04-30T16:38:31.347+0000] {dag.py:3340} INFO - Setting next_dagrun for dataset_produces_2 to None, run_after=None
[2024-04-30T16:38:31.367+0000] {processor.py:176} INFO - Processing /home/airflow/.local/lib/python3.7/site-packages/airflow/example_dags/example_datasets.py took 0.128 seconds
[2024-04-30T16:39:01.717+0000] {processor.py:154} INFO - Started process (PID=358) to work on /home/airflow/.local/lib/python3.7/site-packages/airflow/example_dags/example_datasets.py
[2024-04-30T16:39:01.719+0000] {processor.py:756} INFO - Processing file /home/airflow/.local/lib/python3.7/site-packages/airflow/example_dags/example_datasets.py for tasks to queue
[2024-04-30T16:39:01.720+0000] {logging_mixin.py:120} INFO - [2024-04-30T16:39:01.720+0000] {dagbag.py:537} INFO - Filling up the DagBag from /home/airflow/.local/lib/python3.7/site-packages/airflow/example_dags/example_datasets.py
[2024-04-30T16:39:01.737+0000] {processor.py:766} INFO - DAG(s) dict_keys(['dataset_produces_1', 'dataset_consumes_1_and_2', 'dataset_consumes_1', 'dataset_consumes_1_never_scheduled', 'dataset_produces_2', 'dataset_consumes_unknown_never_scheduled']) retrieved from /home/airflow/.local/lib/python3.7/site-packages/airflow/example_dags/example_datasets.py
[2024-04-30T16:39:01.790+0000] {logging_mixin.py:120} INFO - [2024-04-30T16:39:01.789+0000] {dag.py:2585} INFO - Sync 6 DAGs
[2024-04-30T16:39:01.810+0000] {logging_mixin.py:120} INFO - [2024-04-30T16:39:01.810+0000] {dag.py:3340} INFO - Setting next_dagrun for dataset_consumes_1 to None, run_after=None
[2024-04-30T16:39:01.812+0000] {logging_mixin.py:120} INFO - [2024-04-30T16:39:01.812+0000] {dag.py:3340} INFO - Setting next_dagrun for dataset_consumes_1_and_2 to None, run_after=None
[2024-04-30T16:39:01.815+0000] {logging_mixin.py:120} INFO - [2024-04-30T16:39:01.815+0000] {dag.py:3340} INFO - Setting next_dagrun for dataset_consumes_1_never_scheduled to None, run_after=None
[2024-04-30T16:39:01.816+0000] {logging_mixin.py:120} INFO - [2024-04-30T16:39:01.816+0000] {dag.py:3340} INFO - Setting next_dagrun for dataset_consumes_unknown_never_scheduled to None, run_after=None
[2024-04-30T16:39:01.820+0000] {logging_mixin.py:120} INFO - [2024-04-30T16:39:01.820+0000] {dag.py:3340} INFO - Setting next_dagrun for dataset_produces_1 to 2024-04-29T00:00:00+00:00, run_after=2024-04-30T00:00:00+00:00
[2024-04-30T16:39:01.821+0000] {logging_mixin.py:120} INFO - [2024-04-30T16:39:01.821+0000] {dag.py:3340} INFO - Setting next_dagrun for dataset_produces_2 to None, run_after=None
[2024-04-30T16:39:01.841+0000] {processor.py:176} INFO - Processing /home/airflow/.local/lib/python3.7/site-packages/airflow/example_dags/example_datasets.py took 0.130 seconds
[2024-04-30T16:39:32.554+0000] {processor.py:154} INFO - Started process (PID=422) to work on /home/airflow/.local/lib/python3.7/site-packages/airflow/example_dags/example_datasets.py
[2024-04-30T16:39:32.556+0000] {processor.py:756} INFO - Processing file /home/airflow/.local/lib/python3.7/site-packages/airflow/example_dags/example_datasets.py for tasks to queue
[2024-04-30T16:39:32.557+0000] {logging_mixin.py:120} INFO - [2024-04-30T16:39:32.557+0000] {dagbag.py:537} INFO - Filling up the DagBag from /home/airflow/.local/lib/python3.7/site-packages/airflow/example_dags/example_datasets.py
[2024-04-30T16:39:32.571+0000] {processor.py:766} INFO - DAG(s) dict_keys(['dataset_consumes_1_and_2', 'dataset_consumes_unknown_never_scheduled', 'dataset_consumes_1_never_scheduled', 'dataset_produces_1', 'dataset_produces_2', 'dataset_consumes_1']) retrieved from /home/airflow/.local/lib/python3.7/site-packages/airflow/example_dags/example_datasets.py
[2024-04-30T16:39:32.653+0000] {logging_mixin.py:120} INFO - [2024-04-30T16:39:32.653+0000] {dag.py:2585} INFO - Sync 6 DAGs
[2024-04-30T16:39:32.677+0000] {logging_mixin.py:120} INFO - [2024-04-30T16:39:32.676+0000] {dag.py:3340} INFO - Setting next_dagrun for dataset_consumes_1 to None, run_after=None
[2024-04-30T16:39:32.680+0000] {logging_mixin.py:120} INFO - [2024-04-30T16:39:32.680+0000] {dag.py:3340} INFO - Setting next_dagrun for dataset_consumes_1_and_2 to None, run_after=None
[2024-04-30T16:39:32.682+0000] {logging_mixin.py:120} INFO - [2024-04-30T16:39:32.682+0000] {dag.py:3340} INFO - Setting next_dagrun for dataset_consumes_1_never_scheduled to None, run_after=None
[2024-04-30T16:39:32.683+0000] {logging_mixin.py:120} INFO - [2024-04-30T16:39:32.683+0000] {dag.py:3340} INFO - Setting next_dagrun for dataset_consumes_unknown_never_scheduled to None, run_after=None
[2024-04-30T16:39:32.685+0000] {logging_mixin.py:120} INFO - [2024-04-30T16:39:32.685+0000] {dag.py:3340} INFO - Setting next_dagrun for dataset_produces_1 to 2024-04-29T00:00:00+00:00, run_after=2024-04-30T00:00:00+00:00
[2024-04-30T16:39:32.686+0000] {logging_mixin.py:120} INFO - [2024-04-30T16:39:32.686+0000] {dag.py:3340} INFO - Setting next_dagrun for dataset_produces_2 to None, run_after=None
[2024-04-30T16:39:32.718+0000] {processor.py:176} INFO - Processing /home/airflow/.local/lib/python3.7/site-packages/airflow/example_dags/example_datasets.py took 0.167 seconds
[2024-04-30T16:40:03.832+0000] {processor.py:154} INFO - Started process (PID=476) to work on /home/airflow/.local/lib/python3.7/site-packages/airflow/example_dags/example_datasets.py
[2024-04-30T16:40:03.835+0000] {processor.py:756} INFO - Processing file /home/airflow/.local/lib/python3.7/site-packages/airflow/example_dags/example_datasets.py for tasks to queue
[2024-04-30T16:40:03.836+0000] {logging_mixin.py:120} INFO - [2024-04-30T16:40:03.836+0000] {dagbag.py:537} INFO - Filling up the DagBag from /home/airflow/.local/lib/python3.7/site-packages/airflow/example_dags/example_datasets.py
[2024-04-30T16:40:03.889+0000] {processor.py:766} INFO - DAG(s) dict_keys(['dataset_consumes_unknown_never_scheduled', 'dataset_produces_1', 'dataset_consumes_1', 'dataset_consumes_1_and_2', 'dataset_consumes_1_never_scheduled', 'dataset_produces_2']) retrieved from /home/airflow/.local/lib/python3.7/site-packages/airflow/example_dags/example_datasets.py
[2024-04-30T16:40:03.981+0000] {logging_mixin.py:120} INFO - [2024-04-30T16:40:03.981+0000] {dag.py:2585} INFO - Sync 6 DAGs
[2024-04-30T16:40:04.027+0000] {logging_mixin.py:120} INFO - [2024-04-30T16:40:04.027+0000] {dag.py:3340} INFO - Setting next_dagrun for dataset_consumes_1 to None, run_after=None
[2024-04-30T16:40:04.032+0000] {logging_mixin.py:120} INFO - [2024-04-30T16:40:04.032+0000] {dag.py:3340} INFO - Setting next_dagrun for dataset_consumes_1_and_2 to None, run_after=None
[2024-04-30T16:40:04.037+0000] {logging_mixin.py:120} INFO - [2024-04-30T16:40:04.037+0000] {dag.py:3340} INFO - Setting next_dagrun for dataset_consumes_1_never_scheduled to None, run_after=None
[2024-04-30T16:40:04.039+0000] {logging_mixin.py:120} INFO - [2024-04-30T16:40:04.039+0000] {dag.py:3340} INFO - Setting next_dagrun for dataset_consumes_unknown_never_scheduled to None, run_after=None
[2024-04-30T16:40:04.045+0000] {logging_mixin.py:120} INFO - [2024-04-30T16:40:04.044+0000] {dag.py:3340} INFO - Setting next_dagrun for dataset_produces_1 to 2024-04-29T00:00:00+00:00, run_after=2024-04-30T00:00:00+00:00
[2024-04-30T16:40:04.047+0000] {logging_mixin.py:120} INFO - [2024-04-30T16:40:04.047+0000] {dag.py:3340} INFO - Setting next_dagrun for dataset_produces_2 to None, run_after=None
[2024-04-30T16:40:04.090+0000] {processor.py:176} INFO - Processing /home/airflow/.local/lib/python3.7/site-packages/airflow/example_dags/example_datasets.py took 0.265 seconds
