[2024-04-30T16:36:07.959+0000] {processor.py:154} INFO - Started process (PID=103) to work on /home/airflow/.local/lib/python3.7/site-packages/airflow/example_dags/tutorial_taskflow_api.py
[2024-04-30T16:36:07.980+0000] {processor.py:756} INFO - Processing file /home/airflow/.local/lib/python3.7/site-packages/airflow/example_dags/tutorial_taskflow_api.py for tasks to queue
[2024-04-30T16:36:08.000+0000] {logging_mixin.py:120} INFO - [2024-04-30T16:36:08.000+0000] {dagbag.py:537} INFO - Filling up the DagBag from /home/airflow/.local/lib/python3.7/site-packages/airflow/example_dags/tutorial_taskflow_api.py
[2024-04-30T16:36:08.482+0000] {processor.py:766} INFO - DAG(s) dict_keys(['tutorial_taskflow_api']) retrieved from /home/airflow/.local/lib/python3.7/site-packages/airflow/example_dags/tutorial_taskflow_api.py
[2024-04-30T16:36:11.899+0000] {logging_mixin.py:120} INFO - [2024-04-30T16:36:11.896+0000] {manager.py:507} INFO - Created Permission View: can read on DAG:tutorial_taskflow_api
[2024-04-30T16:36:11.944+0000] {logging_mixin.py:120} INFO - [2024-04-30T16:36:11.944+0000] {manager.py:507} INFO - Created Permission View: can edit on DAG:tutorial_taskflow_api
[2024-04-30T16:36:11.979+0000] {logging_mixin.py:120} INFO - [2024-04-30T16:36:11.979+0000] {manager.py:507} INFO - Created Permission View: can delete on DAG:tutorial_taskflow_api
[2024-04-30T16:36:11.984+0000] {logging_mixin.py:120} INFO - [2024-04-30T16:36:11.983+0000] {dag.py:2585} INFO - Sync 1 DAGs
[2024-04-30T16:36:12.322+0000] {logging_mixin.py:120} INFO - [2024-04-30T16:36:12.322+0000] {dag.py:2606} INFO - Creating ORM DAG for tutorial_taskflow_api
[2024-04-30T16:36:12.405+0000] {logging_mixin.py:120} INFO - [2024-04-30T16:36:12.404+0000] {dag.py:3340} INFO - Setting next_dagrun for tutorial_taskflow_api to None, run_after=None
[2024-04-30T16:36:12.527+0000] {processor.py:176} INFO - Processing /home/airflow/.local/lib/python3.7/site-packages/airflow/example_dags/tutorial_taskflow_api.py took 4.622 seconds
[2024-04-30T16:37:23.137+0000] {processor.py:154} INFO - Started process (PID=168) to work on /home/airflow/.local/lib/python3.7/site-packages/airflow/example_dags/tutorial_taskflow_api.py
[2024-04-30T16:37:23.149+0000] {processor.py:756} INFO - Processing file /home/airflow/.local/lib/python3.7/site-packages/airflow/example_dags/tutorial_taskflow_api.py for tasks to queue
[2024-04-30T16:37:23.157+0000] {logging_mixin.py:120} INFO - [2024-04-30T16:37:23.156+0000] {dagbag.py:537} INFO - Filling up the DagBag from /home/airflow/.local/lib/python3.7/site-packages/airflow/example_dags/tutorial_taskflow_api.py
[2024-04-30T16:37:23.425+0000] {processor.py:766} INFO - DAG(s) dict_keys(['tutorial_taskflow_api']) retrieved from /home/airflow/.local/lib/python3.7/site-packages/airflow/example_dags/tutorial_taskflow_api.py
[2024-04-30T16:37:23.787+0000] {logging_mixin.py:120} INFO - [2024-04-30T16:37:23.787+0000] {dag.py:2585} INFO - Sync 1 DAGs
[2024-04-30T16:37:23.895+0000] {logging_mixin.py:120} INFO - [2024-04-30T16:37:23.895+0000] {dag.py:3340} INFO - Setting next_dagrun for tutorial_taskflow_api to None, run_after=None
[2024-04-30T16:37:24.357+0000] {processor.py:176} INFO - Processing /home/airflow/.local/lib/python3.7/site-packages/airflow/example_dags/tutorial_taskflow_api.py took 1.236 seconds
[2024-04-30T16:37:54.844+0000] {processor.py:154} INFO - Started process (PID=230) to work on /home/airflow/.local/lib/python3.7/site-packages/airflow/example_dags/tutorial_taskflow_api.py
[2024-04-30T16:37:54.847+0000] {processor.py:756} INFO - Processing file /home/airflow/.local/lib/python3.7/site-packages/airflow/example_dags/tutorial_taskflow_api.py for tasks to queue
[2024-04-30T16:37:54.849+0000] {logging_mixin.py:120} INFO - [2024-04-30T16:37:54.849+0000] {dagbag.py:537} INFO - Filling up the DagBag from /home/airflow/.local/lib/python3.7/site-packages/airflow/example_dags/tutorial_taskflow_api.py
[2024-04-30T16:37:54.883+0000] {processor.py:766} INFO - DAG(s) dict_keys(['tutorial_taskflow_api']) retrieved from /home/airflow/.local/lib/python3.7/site-packages/airflow/example_dags/tutorial_taskflow_api.py
[2024-04-30T16:37:54.945+0000] {logging_mixin.py:120} INFO - [2024-04-30T16:37:54.945+0000] {dag.py:2585} INFO - Sync 1 DAGs
[2024-04-30T16:37:54.975+0000] {logging_mixin.py:120} INFO - [2024-04-30T16:37:54.975+0000] {dag.py:3340} INFO - Setting next_dagrun for tutorial_taskflow_api to None, run_after=None
[2024-04-30T16:37:55.017+0000] {processor.py:176} INFO - Processing /home/airflow/.local/lib/python3.7/site-packages/airflow/example_dags/tutorial_taskflow_api.py took 0.178 seconds
[2024-04-30T16:38:25.709+0000] {processor.py:154} INFO - Started process (PID=284) to work on /home/airflow/.local/lib/python3.7/site-packages/airflow/example_dags/tutorial_taskflow_api.py
[2024-04-30T16:38:25.714+0000] {processor.py:756} INFO - Processing file /home/airflow/.local/lib/python3.7/site-packages/airflow/example_dags/tutorial_taskflow_api.py for tasks to queue
[2024-04-30T16:38:25.719+0000] {logging_mixin.py:120} INFO - [2024-04-30T16:38:25.719+0000] {dagbag.py:537} INFO - Filling up the DagBag from /home/airflow/.local/lib/python3.7/site-packages/airflow/example_dags/tutorial_taskflow_api.py
[2024-04-30T16:38:25.760+0000] {processor.py:766} INFO - DAG(s) dict_keys(['tutorial_taskflow_api']) retrieved from /home/airflow/.local/lib/python3.7/site-packages/airflow/example_dags/tutorial_taskflow_api.py
[2024-04-30T16:38:25.817+0000] {logging_mixin.py:120} INFO - [2024-04-30T16:38:25.817+0000] {dag.py:2585} INFO - Sync 1 DAGs
[2024-04-30T16:38:25.843+0000] {logging_mixin.py:120} INFO - [2024-04-30T16:38:25.843+0000] {dag.py:3340} INFO - Setting next_dagrun for tutorial_taskflow_api to None, run_after=None
[2024-04-30T16:38:25.858+0000] {processor.py:176} INFO - Processing /home/airflow/.local/lib/python3.7/site-packages/airflow/example_dags/tutorial_taskflow_api.py took 0.155 seconds
[2024-04-30T16:38:56.561+0000] {processor.py:154} INFO - Started process (PID=349) to work on /home/airflow/.local/lib/python3.7/site-packages/airflow/example_dags/tutorial_taskflow_api.py
[2024-04-30T16:38:56.565+0000] {processor.py:756} INFO - Processing file /home/airflow/.local/lib/python3.7/site-packages/airflow/example_dags/tutorial_taskflow_api.py for tasks to queue
[2024-04-30T16:38:56.566+0000] {logging_mixin.py:120} INFO - [2024-04-30T16:38:56.566+0000] {dagbag.py:537} INFO - Filling up the DagBag from /home/airflow/.local/lib/python3.7/site-packages/airflow/example_dags/tutorial_taskflow_api.py
[2024-04-30T16:38:56.587+0000] {processor.py:766} INFO - DAG(s) dict_keys(['tutorial_taskflow_api']) retrieved from /home/airflow/.local/lib/python3.7/site-packages/airflow/example_dags/tutorial_taskflow_api.py
[2024-04-30T16:38:56.651+0000] {logging_mixin.py:120} INFO - [2024-04-30T16:38:56.651+0000] {dag.py:2585} INFO - Sync 1 DAGs
[2024-04-30T16:38:56.683+0000] {logging_mixin.py:120} INFO - [2024-04-30T16:38:56.683+0000] {dag.py:3340} INFO - Setting next_dagrun for tutorial_taskflow_api to None, run_after=None
[2024-04-30T16:38:56.730+0000] {processor.py:176} INFO - Processing /home/airflow/.local/lib/python3.7/site-packages/airflow/example_dags/tutorial_taskflow_api.py took 0.173 seconds
[2024-04-30T16:39:27.296+0000] {processor.py:154} INFO - Started process (PID=413) to work on /home/airflow/.local/lib/python3.7/site-packages/airflow/example_dags/tutorial_taskflow_api.py
[2024-04-30T16:39:27.302+0000] {processor.py:756} INFO - Processing file /home/airflow/.local/lib/python3.7/site-packages/airflow/example_dags/tutorial_taskflow_api.py for tasks to queue
[2024-04-30T16:39:27.304+0000] {logging_mixin.py:120} INFO - [2024-04-30T16:39:27.304+0000] {dagbag.py:537} INFO - Filling up the DagBag from /home/airflow/.local/lib/python3.7/site-packages/airflow/example_dags/tutorial_taskflow_api.py
[2024-04-30T16:39:27.379+0000] {processor.py:766} INFO - DAG(s) dict_keys(['tutorial_taskflow_api']) retrieved from /home/airflow/.local/lib/python3.7/site-packages/airflow/example_dags/tutorial_taskflow_api.py
[2024-04-30T16:39:27.619+0000] {logging_mixin.py:120} INFO - [2024-04-30T16:39:27.619+0000] {dag.py:2585} INFO - Sync 1 DAGs
[2024-04-30T16:39:27.654+0000] {logging_mixin.py:120} INFO - [2024-04-30T16:39:27.654+0000] {dag.py:3340} INFO - Setting next_dagrun for tutorial_taskflow_api to None, run_after=None
[2024-04-30T16:39:27.702+0000] {processor.py:176} INFO - Processing /home/airflow/.local/lib/python3.7/site-packages/airflow/example_dags/tutorial_taskflow_api.py took 0.412 seconds
[2024-04-30T16:39:58.521+0000] {processor.py:154} INFO - Started process (PID=467) to work on /home/airflow/.local/lib/python3.7/site-packages/airflow/example_dags/tutorial_taskflow_api.py
[2024-04-30T16:39:58.524+0000] {processor.py:756} INFO - Processing file /home/airflow/.local/lib/python3.7/site-packages/airflow/example_dags/tutorial_taskflow_api.py for tasks to queue
[2024-04-30T16:39:58.528+0000] {logging_mixin.py:120} INFO - [2024-04-30T16:39:58.528+0000] {dagbag.py:537} INFO - Filling up the DagBag from /home/airflow/.local/lib/python3.7/site-packages/airflow/example_dags/tutorial_taskflow_api.py
[2024-04-30T16:39:58.613+0000] {processor.py:766} INFO - DAG(s) dict_keys(['tutorial_taskflow_api']) retrieved from /home/airflow/.local/lib/python3.7/site-packages/airflow/example_dags/tutorial_taskflow_api.py
[2024-04-30T16:39:58.736+0000] {logging_mixin.py:120} INFO - [2024-04-30T16:39:58.735+0000] {dag.py:2585} INFO - Sync 1 DAGs
[2024-04-30T16:39:58.799+0000] {logging_mixin.py:120} INFO - [2024-04-30T16:39:58.798+0000] {dag.py:3340} INFO - Setting next_dagrun for tutorial_taskflow_api to None, run_after=None
[2024-04-30T16:39:58.823+0000] {processor.py:176} INFO - Processing /home/airflow/.local/lib/python3.7/site-packages/airflow/example_dags/tutorial_taskflow_api.py took 0.309 seconds
