[2024-04-30T16:34:41.443+0000] {processor.py:154} INFO - Started process (PID=42) to work on /home/airflow/.local/lib/python3.7/site-packages/airflow/example_dags/tutorial.py
[2024-04-30T16:34:41.447+0000] {processor.py:756} INFO - Processing file /home/airflow/.local/lib/python3.7/site-packages/airflow/example_dags/tutorial.py for tasks to queue
[2024-04-30T16:34:41.452+0000] {logging_mixin.py:120} INFO - [2024-04-30T16:34:41.452+0000] {dagbag.py:537} INFO - Filling up the DagBag from /home/airflow/.local/lib/python3.7/site-packages/airflow/example_dags/tutorial.py
[2024-04-30T16:34:41.555+0000] {processor.py:766} INFO - DAG(s) dict_keys(['tutorial']) retrieved from /home/airflow/.local/lib/python3.7/site-packages/airflow/example_dags/tutorial.py
[2024-04-30T16:34:41.889+0000] {logging_mixin.py:120} INFO - [2024-04-30T16:34:41.888+0000] {manager.py:507} INFO - Created Permission View: can read on DAG:tutorial
[2024-04-30T16:34:41.921+0000] {logging_mixin.py:120} INFO - [2024-04-30T16:34:41.921+0000] {manager.py:507} INFO - Created Permission View: can edit on DAG:tutorial
[2024-04-30T16:34:41.931+0000] {logging_mixin.py:120} INFO - [2024-04-30T16:34:41.930+0000] {manager.py:507} INFO - Created Permission View: can delete on DAG:tutorial
[2024-04-30T16:34:41.936+0000] {logging_mixin.py:120} INFO - [2024-04-30T16:34:41.935+0000] {dag.py:2585} INFO - Sync 1 DAGs
[2024-04-30T16:34:41.973+0000] {logging_mixin.py:120} INFO - [2024-04-30T16:34:41.972+0000] {dag.py:2606} INFO - Creating ORM DAG for tutorial
[2024-04-30T16:34:41.994+0000] {logging_mixin.py:120} INFO - [2024-04-30T16:34:41.994+0000] {dag.py:3340} INFO - Setting next_dagrun for tutorial to 2024-04-29T16:34:41.993631+00:00, run_after=2024-04-30T16:34:41.993631+00:00
[2024-04-30T16:34:42.035+0000] {processor.py:176} INFO - Processing /home/airflow/.local/lib/python3.7/site-packages/airflow/example_dags/tutorial.py took 0.597 seconds
[2024-04-30T16:36:51.458+0000] {processor.py:154} INFO - Started process (PID=141) to work on /home/airflow/.local/lib/python3.7/site-packages/airflow/example_dags/tutorial.py
[2024-04-30T16:36:51.463+0000] {processor.py:756} INFO - Processing file /home/airflow/.local/lib/python3.7/site-packages/airflow/example_dags/tutorial.py for tasks to queue
[2024-04-30T16:36:51.466+0000] {logging_mixin.py:120} INFO - [2024-04-30T16:36:51.466+0000] {dagbag.py:537} INFO - Filling up the DagBag from /home/airflow/.local/lib/python3.7/site-packages/airflow/example_dags/tutorial.py
[2024-04-30T16:36:51.558+0000] {processor.py:766} INFO - DAG(s) dict_keys(['tutorial']) retrieved from /home/airflow/.local/lib/python3.7/site-packages/airflow/example_dags/tutorial.py
[2024-04-30T16:36:51.818+0000] {logging_mixin.py:120} INFO - [2024-04-30T16:36:51.818+0000] {dag.py:2585} INFO - Sync 1 DAGs
[2024-04-30T16:36:51.974+0000] {logging_mixin.py:120} INFO - [2024-04-30T16:36:51.973+0000] {dag.py:3340} INFO - Setting next_dagrun for tutorial to 2024-04-29T16:36:51.934840+00:00, run_after=2024-04-30T16:36:51.934840+00:00
[2024-04-30T16:36:52.081+0000] {processor.py:176} INFO - Processing /home/airflow/.local/lib/python3.7/site-packages/airflow/example_dags/tutorial.py took 0.641 seconds
[2024-04-30T16:37:26.703+0000] {processor.py:154} INFO - Started process (PID=184) to work on /home/airflow/.local/lib/python3.7/site-packages/airflow/example_dags/tutorial.py
[2024-04-30T16:37:26.709+0000] {processor.py:756} INFO - Processing file /home/airflow/.local/lib/python3.7/site-packages/airflow/example_dags/tutorial.py for tasks to queue
[2024-04-30T16:37:26.714+0000] {logging_mixin.py:120} INFO - [2024-04-30T16:37:26.713+0000] {dagbag.py:537} INFO - Filling up the DagBag from /home/airflow/.local/lib/python3.7/site-packages/airflow/example_dags/tutorial.py
[2024-04-30T16:37:26.849+0000] {processor.py:766} INFO - DAG(s) dict_keys(['tutorial']) retrieved from /home/airflow/.local/lib/python3.7/site-packages/airflow/example_dags/tutorial.py
[2024-04-30T16:37:27.124+0000] {logging_mixin.py:120} INFO - [2024-04-30T16:37:27.124+0000] {dag.py:2585} INFO - Sync 1 DAGs
[2024-04-30T16:37:27.232+0000] {logging_mixin.py:120} INFO - [2024-04-30T16:37:27.229+0000] {dag.py:3340} INFO - Setting next_dagrun for tutorial to 2024-04-29T16:37:27.228524+00:00, run_after=2024-04-30T16:37:27.228524+00:00
[2024-04-30T16:37:27.331+0000] {processor.py:176} INFO - Processing /home/airflow/.local/lib/python3.7/site-packages/airflow/example_dags/tutorial.py took 0.675 seconds
[2024-04-30T16:38:00.319+0000] {processor.py:154} INFO - Started process (PID=237) to work on /home/airflow/.local/lib/python3.7/site-packages/airflow/example_dags/tutorial.py
[2024-04-30T16:38:00.323+0000] {processor.py:756} INFO - Processing file /home/airflow/.local/lib/python3.7/site-packages/airflow/example_dags/tutorial.py for tasks to queue
[2024-04-30T16:38:00.325+0000] {logging_mixin.py:120} INFO - [2024-04-30T16:38:00.325+0000] {dagbag.py:537} INFO - Filling up the DagBag from /home/airflow/.local/lib/python3.7/site-packages/airflow/example_dags/tutorial.py
[2024-04-30T16:38:00.358+0000] {processor.py:766} INFO - DAG(s) dict_keys(['tutorial']) retrieved from /home/airflow/.local/lib/python3.7/site-packages/airflow/example_dags/tutorial.py
[2024-04-30T16:38:00.421+0000] {logging_mixin.py:120} INFO - [2024-04-30T16:38:00.420+0000] {dag.py:2585} INFO - Sync 1 DAGs
[2024-04-30T16:38:00.446+0000] {logging_mixin.py:120} INFO - [2024-04-30T16:38:00.446+0000] {dag.py:3340} INFO - Setting next_dagrun for tutorial to 2024-04-29T16:38:00.445627+00:00, run_after=2024-04-30T16:38:00.445627+00:00
[2024-04-30T16:38:00.461+0000] {processor.py:176} INFO - Processing /home/airflow/.local/lib/python3.7/site-packages/airflow/example_dags/tutorial.py took 0.148 seconds
[2024-04-30T16:38:30.820+0000] {processor.py:154} INFO - Started process (PID=301) to work on /home/airflow/.local/lib/python3.7/site-packages/airflow/example_dags/tutorial.py
[2024-04-30T16:38:30.823+0000] {processor.py:756} INFO - Processing file /home/airflow/.local/lib/python3.7/site-packages/airflow/example_dags/tutorial.py for tasks to queue
[2024-04-30T16:38:30.824+0000] {logging_mixin.py:120} INFO - [2024-04-30T16:38:30.824+0000] {dagbag.py:537} INFO - Filling up the DagBag from /home/airflow/.local/lib/python3.7/site-packages/airflow/example_dags/tutorial.py
[2024-04-30T16:38:30.849+0000] {processor.py:766} INFO - DAG(s) dict_keys(['tutorial']) retrieved from /home/airflow/.local/lib/python3.7/site-packages/airflow/example_dags/tutorial.py
[2024-04-30T16:38:30.917+0000] {logging_mixin.py:120} INFO - [2024-04-30T16:38:30.917+0000] {dag.py:2585} INFO - Sync 1 DAGs
[2024-04-30T16:38:30.957+0000] {logging_mixin.py:120} INFO - [2024-04-30T16:38:30.957+0000] {dag.py:3340} INFO - Setting next_dagrun for tutorial to 2024-04-29T16:38:30.957184+00:00, run_after=2024-04-30T16:38:30.957184+00:00
[2024-04-30T16:38:30.989+0000] {processor.py:176} INFO - Processing /home/airflow/.local/lib/python3.7/site-packages/airflow/example_dags/tutorial.py took 0.175 seconds
[2024-04-30T16:39:01.429+0000] {processor.py:154} INFO - Started process (PID=356) to work on /home/airflow/.local/lib/python3.7/site-packages/airflow/example_dags/tutorial.py
[2024-04-30T16:39:01.430+0000] {processor.py:756} INFO - Processing file /home/airflow/.local/lib/python3.7/site-packages/airflow/example_dags/tutorial.py for tasks to queue
[2024-04-30T16:39:01.432+0000] {logging_mixin.py:120} INFO - [2024-04-30T16:39:01.432+0000] {dagbag.py:537} INFO - Filling up the DagBag from /home/airflow/.local/lib/python3.7/site-packages/airflow/example_dags/tutorial.py
[2024-04-30T16:39:01.452+0000] {processor.py:766} INFO - DAG(s) dict_keys(['tutorial']) retrieved from /home/airflow/.local/lib/python3.7/site-packages/airflow/example_dags/tutorial.py
[2024-04-30T16:39:01.509+0000] {logging_mixin.py:120} INFO - [2024-04-30T16:39:01.508+0000] {dag.py:2585} INFO - Sync 1 DAGs
[2024-04-30T16:39:01.534+0000] {logging_mixin.py:120} INFO - [2024-04-30T16:39:01.534+0000] {dag.py:3340} INFO - Setting next_dagrun for tutorial to 2024-04-29T16:39:01.534601+00:00, run_after=2024-04-30T16:39:01.534601+00:00
[2024-04-30T16:39:01.548+0000] {processor.py:176} INFO - Processing /home/airflow/.local/lib/python3.7/site-packages/airflow/example_dags/tutorial.py took 0.123 seconds
[2024-04-30T16:39:32.281+0000] {processor.py:154} INFO - Started process (PID=420) to work on /home/airflow/.local/lib/python3.7/site-packages/airflow/example_dags/tutorial.py
[2024-04-30T16:39:32.283+0000] {processor.py:756} INFO - Processing file /home/airflow/.local/lib/python3.7/site-packages/airflow/example_dags/tutorial.py for tasks to queue
[2024-04-30T16:39:32.283+0000] {logging_mixin.py:120} INFO - [2024-04-30T16:39:32.283+0000] {dagbag.py:537} INFO - Filling up the DagBag from /home/airflow/.local/lib/python3.7/site-packages/airflow/example_dags/tutorial.py
[2024-04-30T16:39:32.298+0000] {processor.py:766} INFO - DAG(s) dict_keys(['tutorial']) retrieved from /home/airflow/.local/lib/python3.7/site-packages/airflow/example_dags/tutorial.py
[2024-04-30T16:39:32.347+0000] {logging_mixin.py:120} INFO - [2024-04-30T16:39:32.347+0000] {dag.py:2585} INFO - Sync 1 DAGs
[2024-04-30T16:39:32.365+0000] {logging_mixin.py:120} INFO - [2024-04-30T16:39:32.365+0000] {dag.py:3340} INFO - Setting next_dagrun for tutorial to 2024-04-29T16:39:32.364856+00:00, run_after=2024-04-30T16:39:32.364856+00:00
[2024-04-30T16:39:32.378+0000] {processor.py:176} INFO - Processing /home/airflow/.local/lib/python3.7/site-packages/airflow/example_dags/tutorial.py took 0.100 seconds
[2024-04-30T16:40:02.995+0000] {processor.py:154} INFO - Started process (PID=473) to work on /home/airflow/.local/lib/python3.7/site-packages/airflow/example_dags/tutorial.py
[2024-04-30T16:40:02.998+0000] {processor.py:756} INFO - Processing file /home/airflow/.local/lib/python3.7/site-packages/airflow/example_dags/tutorial.py for tasks to queue
[2024-04-30T16:40:03.001+0000] {logging_mixin.py:120} INFO - [2024-04-30T16:40:03.000+0000] {dagbag.py:537} INFO - Filling up the DagBag from /home/airflow/.local/lib/python3.7/site-packages/airflow/example_dags/tutorial.py
[2024-04-30T16:40:03.024+0000] {processor.py:766} INFO - DAG(s) dict_keys(['tutorial']) retrieved from /home/airflow/.local/lib/python3.7/site-packages/airflow/example_dags/tutorial.py
[2024-04-30T16:40:03.086+0000] {logging_mixin.py:120} INFO - [2024-04-30T16:40:03.086+0000] {dag.py:2585} INFO - Sync 1 DAGs
[2024-04-30T16:40:03.123+0000] {logging_mixin.py:120} INFO - [2024-04-30T16:40:03.123+0000] {dag.py:3340} INFO - Setting next_dagrun for tutorial to 2024-04-29T16:40:03.123201+00:00, run_after=2024-04-30T16:40:03.123201+00:00
[2024-04-30T16:40:03.145+0000] {processor.py:176} INFO - Processing /home/airflow/.local/lib/python3.7/site-packages/airflow/example_dags/tutorial.py took 0.156 seconds
