[2024-05-13T23:29:20.286+0000] {taskinstance.py:1165} INFO - Dependencies all met for <TaskInstance: covid_analytics_dag.transform_data scheduled__2024-05-08T20:34:56.241124+00:00 [queued]>
[2024-05-13T23:29:20.455+0000] {taskinstance.py:1165} INFO - Dependencies all met for <TaskInstance: covid_analytics_dag.transform_data scheduled__2024-05-08T20:34:56.241124+00:00 [queued]>
[2024-05-13T23:29:20.456+0000] {taskinstance.py:1362} INFO - 
--------------------------------------------------------------------------------
[2024-05-13T23:29:20.456+0000] {taskinstance.py:1363} INFO - Starting attempt 1 of 2
[2024-05-13T23:29:20.470+0000] {taskinstance.py:1364} INFO - 
--------------------------------------------------------------------------------
[2024-05-13T23:29:20.605+0000] {taskinstance.py:1383} INFO - Executing <Task(PythonOperator): transform_data> on 2024-05-08 20:34:56.241124+00:00
[2024-05-13T23:29:20.680+0000] {standard_task_runner.py:55} INFO - Started process 76 to run task
[2024-05-13T23:29:20.718+0000] {standard_task_runner.py:82} INFO - Running: ['***', 'tasks', 'run', 'covid_analytics_dag', 'transform_data', 'scheduled__2024-05-08T20:34:56.241124+00:00', '--job-id', '121', '--raw', '--subdir', 'DAGS_FOLDER/covid_analytics.py', '--cfg-path', '/tmp/tmpih47f34w']
[2024-05-13T23:29:20.722+0000] {standard_task_runner.py:83} INFO - Job 121: Subtask transform_data
[2024-05-13T23:29:20.890+0000] {task_command.py:376} INFO - Running <TaskInstance: covid_analytics_dag.transform_data scheduled__2024-05-08T20:34:56.241124+00:00 [running]> on host 639acdafcb82
[2024-05-13T23:29:21.323+0000] {taskinstance.py:1592} INFO - Exporting the following env vars:
AIRFLOW_CTX_DAG_OWNER=Diego Munera
AIRFLOW_CTX_DAG_ID=covid_analytics_dag
AIRFLOW_CTX_TASK_ID=transform_data
AIRFLOW_CTX_EXECUTION_DATE=2024-05-08T20:34:56.241124+00:00
AIRFLOW_CTX_TRY_NUMBER=1
AIRFLOW_CTX_DAG_RUN_ID=scheduled__2024-05-08T20:34:56.241124+00:00
[2024-05-13T23:29:21.414+0000] {credentials.py:1180} INFO - Found credentials in environment variables.
[2024-05-13T23:29:30.887+0000] {python.py:177} INFO - Done. Returned value was: None
[2024-05-13T23:29:31.377+0000] {taskinstance.py:1406} INFO - Marking task as SUCCESS. dag_id=covid_analytics_dag, task_id=transform_data, execution_date=20240508T203456, start_date=20240513T232920, end_date=20240513T232931
[2024-05-13T23:29:32.015+0000] {local_task_job.py:164} INFO - Task exited with return code 0
[2024-05-13T23:29:32.122+0000] {local_task_job.py:273} INFO - 0 downstream tasks scheduled from follow-on schedule check
