[2024-04-30T17:08:48.308+0000] {taskinstance.py:1165} INFO - Dependencies all met for <TaskInstance: user_processing.transform_users manual__2024-04-30T17:08:40.688376+00:00 [queued]>
[2024-04-30T17:08:48.315+0000] {taskinstance.py:1165} INFO - Dependencies all met for <TaskInstance: user_processing.transform_users manual__2024-04-30T17:08:40.688376+00:00 [queued]>
[2024-04-30T17:08:48.316+0000] {taskinstance.py:1362} INFO - 
--------------------------------------------------------------------------------
[2024-04-30T17:08:48.316+0000] {taskinstance.py:1363} INFO - Starting attempt 1 of 1
[2024-04-30T17:08:48.317+0000] {taskinstance.py:1364} INFO - 
--------------------------------------------------------------------------------
[2024-04-30T17:08:48.325+0000] {taskinstance.py:1383} INFO - Executing <Task(PythonOperator): transform_users> on 2024-04-30 17:08:40.688376+00:00
[2024-04-30T17:08:48.332+0000] {standard_task_runner.py:55} INFO - Started process 1331 to run task
[2024-04-30T17:08:48.336+0000] {standard_task_runner.py:82} INFO - Running: ['***', 'tasks', 'run', 'user_processing', 'transform_users', 'manual__2024-04-30T17:08:40.688376+00:00', '--job-id', '25', '--raw', '--subdir', 'DAGS_FOLDER/user_processing.py', '--cfg-path', '/tmp/tmpk9kn8oij']
[2024-04-30T17:08:48.338+0000] {standard_task_runner.py:83} INFO - Job 25: Subtask transform_users
[2024-04-30T17:08:48.411+0000] {task_command.py:376} INFO - Running <TaskInstance: user_processing.transform_users manual__2024-04-30T17:08:40.688376+00:00 [running]> on host ec0cac6d8211
[2024-04-30T17:08:48.461+0000] {taskinstance.py:1592} INFO - Exporting the following env vars:
AIRFLOW_CTX_DAG_OWNER=***
AIRFLOW_CTX_DAG_ID=user_processing
AIRFLOW_CTX_TASK_ID=transform_users
AIRFLOW_CTX_EXECUTION_DATE=2024-04-30T17:08:40.688376+00:00
AIRFLOW_CTX_TRY_NUMBER=1
AIRFLOW_CTX_DAG_RUN_ID=manual__2024-04-30T17:08:40.688376+00:00
[2024-04-30T17:08:48.470+0000] {base.py:71} INFO - Using connection ID 'postgres' for task execution.
[2024-04-30T17:08:48.483+0000] {python.py:177} INFO - Done. Returned value was: None
[2024-04-30T17:08:48.492+0000] {taskinstance.py:1406} INFO - Marking task as SUCCESS. dag_id=user_processing, task_id=transform_users, execution_date=20240430T170840, start_date=20240430T170848, end_date=20240430T170848
[2024-04-30T17:08:48.508+0000] {local_task_job.py:164} INFO - Task exited with return code 0
[2024-04-30T17:08:48.522+0000] {local_task_job.py:273} INFO - 0 downstream tasks scheduled from follow-on schedule check
